{"/home/travis/build/kaizhu256/node-nedb-lite/test.js":{"path":"/home/travis/build/kaizhu256/node-nedb-lite/test.js","s":{"1":2,"2":2,"3":2,"4":2,"5":2,"6":2,"7":2,"8":2,"9":1,"10":2,"11":1,"12":1,"13":1,"14":1,"15":1,"16":1,"17":0,"18":0,"19":1,"20":2,"21":2,"22":14,"23":14,"24":42,"25":7,"26":2,"27":2,"28":8,"29":8,"30":8,"31":2,"32":2,"33":2,"34":2,"35":2,"36":2,"37":2,"38":2,"39":2,"40":2,"41":2,"42":2,"43":2,"44":2,"45":2,"46":2,"47":2,"48":2,"49":2,"50":2,"51":2,"52":2,"53":2,"54":2,"55":2,"56":2,"57":2,"58":2,"59":2,"60":2,"61":2,"62":2,"63":2,"64":2,"65":2,"66":2,"67":2,"68":2,"69":2,"70":6,"71":2,"72":2,"73":2,"74":2,"75":2,"76":2,"77":2,"78":2,"79":2,"80":2,"81":2,"82":2,"83":2,"84":2,"85":2,"86":2,"87":2,"88":2,"89":2,"90":2,"91":2,"92":2,"93":2,"94":2,"95":2,"96":2,"97":2,"98":2,"99":2,"100":4,"101":4,"102":12,"103":4,"104":4,"105":4,"106":4,"107":4,"108":4,"109":4,"110":4,"111":2,"112":2,"113":2,"114":10,"115":2,"116":2,"117":2,"118":2,"119":2,"120":2,"121":2,"122":2,"123":2,"124":2,"125":2,"126":2,"127":2,"128":2,"129":2,"130":42,"131":2,"132":2,"133":2,"134":2,"135":2,"136":2,"137":2,"138":2,"139":1,"140":1,"141":1,"142":1,"143":1,"144":1,"145":1,"146":1,"147":10,"148":10,"149":10,"150":10,"151":10,"152":8,"153":8,"154":8,"155":10,"156":1,"157":1,"158":1,"159":1,"160":3,"161":1,"162":1,"163":3,"164":9,"165":1,"166":1,"167":1,"168":1,"169":1,"170":1,"171":1,"172":1,"173":1,"174":1,"175":1,"176":2,"177":2,"178":2,"179":1,"180":1,"181":1,"182":1,"183":1,"184":0,"185":1,"186":6,"187":1,"188":1,"189":4,"190":1,"191":1},"b":{"1":[2,1,1,1],"2":[1,1,1,1],"3":[1,1],"4":[1,1],"5":[0,1],"6":[7,35],"7":[2,2,2],"8":[4,4,4],"9":[4,4],"10":[2,2,2,2,2],"11":[1],"12":[1,8,8],"13":[10,9],"14":[1,1,1],"15":[1,1],"16":[1,1],"17":[0,1],"18":[1,1],"19":[1,1,4]},"f":{"1":2,"2":2,"3":2,"4":14,"5":42,"6":2,"7":8,"8":2,"9":2,"10":2,"11":2,"12":2,"13":2,"14":2,"15":6,"16":2,"17":2,"18":4,"19":12,"20":2,"21":10,"22":2,"23":42,"24":2,"25":1,"26":1,"27":10,"28":10,"29":1,"30":3,"31":3,"32":9,"33":1,"34":2,"35":6},"fnMap":{"1":{"name":"(anonymous_1)","line":12,"loc":{"start":{"line":12,"column":1},"end":{"line":12,"column":13}}},"2":{"name":"(anonymous_2)","line":19,"loc":{"start":{"line":19,"column":5},"end":{"line":19,"column":17}}},"3":{"name":"(anonymous_3)","line":25,"loc":{"start":{"line":25,"column":24},"end":{"line":25,"column":36}}},"4":{"name":"(anonymous_4)","line":68,"loc":{"start":{"line":68,"column":18},"end":{"line":68,"column":33}}},"5":{"name":"(anonymous_5)","line":74,"loc":{"start":{"line":74,"column":22},"end":{"line":74,"column":38}}},"6":{"name":"(anonymous_6)","line":85,"loc":{"start":{"line":85,"column":5},"end":{"line":85,"column":17}}},"7":{"name":"(anonymous_7)","line":86,"loc":{"start":{"line":86,"column":38},"end":{"line":86,"column":67}}},"8":{"name":"(anonymous_8)","line":96,"loc":{"start":{"line":96,"column":44},"end":{"line":96,"column":72}}},"9":{"name":"(anonymous_9)","line":108,"loc":{"start":{"line":108,"column":42},"end":{"line":108,"column":70}}},"10":{"name":"(anonymous_10)","line":133,"loc":{"start":{"line":133,"column":42},"end":{"line":133,"column":70}}},"11":{"name":"(anonymous_11)","line":142,"loc":{"start":{"line":142,"column":43},"end":{"line":142,"column":71}}},"12":{"name":"(anonymous_12)","line":155,"loc":{"start":{"line":155,"column":37},"end":{"line":155,"column":49}}},"13":{"name":"(anonymous_13)","line":156,"loc":{"start":{"line":156,"column":47},"end":{"line":156,"column":59}}},"14":{"name":"(anonymous_14)","line":168,"loc":{"start":{"line":168,"column":50},"end":{"line":168,"column":78}}},"15":{"name":"(anonymous_15)","line":175,"loc":{"start":{"line":175,"column":43},"end":{"line":175,"column":66}}},"16":{"name":"(anonymous_16)","line":195,"loc":{"start":{"line":195,"column":47},"end":{"line":195,"column":75}}},"17":{"name":"(anonymous_17)","line":210,"loc":{"start":{"line":210,"column":45},"end":{"line":210,"column":73}}},"18":{"name":"(anonymous_18)","line":228,"loc":{"start":{"line":228,"column":48},"end":{"line":228,"column":76}}},"19":{"name":"(anonymous_19)","line":235,"loc":{"start":{"line":235,"column":43},"end":{"line":235,"column":66}}},"20":{"name":"(anonymous_20)","line":255,"loc":{"start":{"line":255,"column":50},"end":{"line":255,"column":78}}},"21":{"name":"(anonymous_21)","line":262,"loc":{"start":{"line":262,"column":43},"end":{"line":262,"column":66}}},"22":{"name":"(anonymous_22)","line":290,"loc":{"start":{"line":290,"column":46},"end":{"line":290,"column":74}}},"23":{"name":"(anonymous_23)","line":329,"loc":{"start":{"line":329,"column":28},"end":{"line":329,"column":47}}},"24":{"name":"(anonymous_24)","line":343,"loc":{"start":{"line":343,"column":45},"end":{"line":343,"column":73}}},"25":{"name":"(anonymous_25)","line":366,"loc":{"start":{"line":366,"column":35},"end":{"line":366,"column":63}}},"26":{"name":"(anonymous_26)","line":391,"loc":{"start":{"line":391,"column":27},"end":{"line":391,"column":43}}},"27":{"name":"(anonymous_27)","line":410,"loc":{"start":{"line":410,"column":28},"end":{"line":410,"column":47}}},"28":{"name":"(anonymous_28)","line":412,"loc":{"start":{"line":412,"column":45},"end":{"line":412,"column":67}}},"29":{"name":"(anonymous_29)","line":441,"loc":{"start":{"line":441,"column":35},"end":{"line":441,"column":63}}},"30":{"name":"(anonymous_30)","line":446,"loc":{"start":{"line":446,"column":43},"end":{"line":446,"column":60}}},"31":{"name":"(anonymous_31)","line":463,"loc":{"start":{"line":463,"column":60},"end":{"line":463,"column":75}}},"32":{"name":"(anonymous_32)","line":470,"loc":{"start":{"line":470,"column":33},"end":{"line":470,"column":49}}},"33":{"name":"(anonymous_33)","line":498,"loc":{"start":{"line":498,"column":41},"end":{"line":498,"column":69}}},"34":{"name":"(anonymous_34)","line":514,"loc":{"start":{"line":514,"column":5},"end":{"line":514,"column":17}}},"35":{"name":"(anonymous_35)","line":566,"loc":{"start":{"line":566,"column":14},"end":{"line":566,"column":29}},"skip":true}},"statementMap":{"1":{"start":{"line":12,"column":0},"end":{"line":601,"column":5}},"2":{"start":{"line":14,"column":4},"end":{"line":14,"column":14}},"3":{"start":{"line":19,"column":4},"end":{"line":80,"column":9}},"4":{"start":{"line":21,"column":8},"end":{"line":21,"column":35}},"5":{"start":{"line":23,"column":8},"end":{"line":23,"column":19}},"6":{"start":{"line":25,"column":8},"end":{"line":37,"column":13}},"7":{"start":{"line":26,"column":12},"end":{"line":36,"column":13}},"8":{"start":{"line":27,"column":16},"end":{"line":30,"column":30}},"9":{"start":{"line":32,"column":16},"end":{"line":35,"column":27}},"10":{"start":{"line":38,"column":8},"end":{"line":57,"column":9}},"11":{"start":{"line":41,"column":12},"end":{"line":41,"column":33}},"12":{"start":{"line":42,"column":12},"end":{"line":42,"column":45}},"13":{"start":{"line":43,"column":12},"end":{"line":43,"column":18}},"14":{"start":{"line":46,"column":12},"end":{"line":49,"column":15}},"15":{"start":{"line":50,"column":12},"end":{"line":50,"column":72}},"16":{"start":{"line":52,"column":12},"end":{"line":55,"column":13},"skip":true},"17":{"start":{"line":53,"column":16},"end":{"line":53,"column":31},"skip":true},"18":{"start":{"line":54,"column":16},"end":{"line":54,"column":23},"skip":true},"19":{"start":{"line":56,"column":12},"end":{"line":56,"column":18}},"20":{"start":{"line":59,"column":8},"end":{"line":59,"column":69}},"21":{"start":{"line":60,"column":8},"end":{"line":79,"column":11}},"22":{"start":{"line":69,"column":12},"end":{"line":69,"column":50}},"23":{"start":{"line":70,"column":12},"end":{"line":78,"column":15}},"24":{"start":{"line":75,"column":16},"end":{"line":77,"column":17}},"25":{"start":{"line":76,"column":20},"end":{"line":76,"column":68}},"26":{"start":{"line":85,"column":4},"end":{"line":359,"column":9}},"27":{"start":{"line":86,"column":8},"end":{"line":94,"column":10}},"28":{"start":{"line":90,"column":12},"end":{"line":90,"column":73}},"29":{"start":{"line":91,"column":12},"end":{"line":91,"column":62}},"30":{"start":{"line":93,"column":12},"end":{"line":93,"column":64}},"31":{"start":{"line":96,"column":8},"end":{"line":106,"column":10}},"32":{"start":{"line":100,"column":12},"end":{"line":100,"column":25}},"33":{"start":{"line":101,"column":12},"end":{"line":101,"column":32}},"34":{"start":{"line":102,"column":12},"end":{"line":102,"column":38}},"35":{"start":{"line":103,"column":12},"end":{"line":103,"column":32}},"36":{"start":{"line":104,"column":12},"end":{"line":104,"column":38}},"37":{"start":{"line":105,"column":12},"end":{"line":105,"column":22}},"38":{"start":{"line":108,"column":8},"end":{"line":131,"column":10}},"39":{"start":{"line":112,"column":12},"end":{"line":112,"column":27}},"40":{"start":{"line":113,"column":12},"end":{"line":113,"column":60}},"41":{"start":{"line":114,"column":12},"end":{"line":114,"column":36}},"42":{"start":{"line":115,"column":12},"end":{"line":115,"column":25}},"43":{"start":{"line":116,"column":12},"end":{"line":116,"column":55}},"44":{"start":{"line":117,"column":12},"end":{"line":117,"column":64}},"45":{"start":{"line":118,"column":12},"end":{"line":118,"column":36}},"46":{"start":{"line":119,"column":12},"end":{"line":122,"column":27}},"47":{"start":{"line":123,"column":12},"end":{"line":123,"column":49}},"48":{"start":{"line":125,"column":12},"end":{"line":129,"column":36}},"49":{"start":{"line":130,"column":12},"end":{"line":130,"column":25}},"50":{"start":{"line":133,"column":8},"end":{"line":140,"column":10}},"51":{"start":{"line":138,"column":12},"end":{"line":138,"column":40}},"52":{"start":{"line":139,"column":12},"end":{"line":139,"column":82}},"53":{"start":{"line":142,"column":8},"end":{"line":166,"column":10}},"54":{"start":{"line":146,"column":12},"end":{"line":146,"column":27}},"55":{"start":{"line":148,"column":12},"end":{"line":148,"column":40}},"56":{"start":{"line":149,"column":12},"end":{"line":149,"column":60}},"57":{"start":{"line":150,"column":12},"end":{"line":150,"column":36}},"58":{"start":{"line":151,"column":12},"end":{"line":151,"column":36}},"59":{"start":{"line":153,"column":12},"end":{"line":153,"column":39}},"60":{"start":{"line":155,"column":12},"end":{"line":161,"column":15}},"61":{"start":{"line":156,"column":16},"end":{"line":159,"column":39}},"62":{"start":{"line":158,"column":20},"end":{"line":158,"column":91}},"63":{"start":{"line":160,"column":16},"end":{"line":160,"column":29}},"64":{"start":{"line":162,"column":12},"end":{"line":162,"column":36}},"65":{"start":{"line":164,"column":12},"end":{"line":164,"column":51}},"66":{"start":{"line":165,"column":12},"end":{"line":165,"column":25}},"67":{"start":{"line":168,"column":8},"end":{"line":193,"column":10}},"68":{"start":{"line":172,"column":12},"end":{"line":174,"column":15}},"69":{"start":{"line":175,"column":12},"end":{"line":190,"column":15}},"70":{"start":{"line":176,"column":16},"end":{"line":189,"column":17}},"71":{"start":{"line":178,"column":20},"end":{"line":180,"column":39}},"72":{"start":{"line":181,"column":20},"end":{"line":181,"column":26}},"73":{"start":{"line":184,"column":20},"end":{"line":184,"column":60}},"74":{"start":{"line":185,"column":20},"end":{"line":185,"column":37}},"75":{"start":{"line":186,"column":20},"end":{"line":186,"column":26}},"76":{"start":{"line":188,"column":20},"end":{"line":188,"column":35}},"77":{"start":{"line":191,"column":12},"end":{"line":191,"column":33}},"78":{"start":{"line":192,"column":12},"end":{"line":192,"column":29}},"79":{"start":{"line":195,"column":8},"end":{"line":208,"column":10}},"80":{"start":{"line":199,"column":12},"end":{"line":199,"column":25}},"81":{"start":{"line":200,"column":12},"end":{"line":200,"column":60}},"82":{"start":{"line":201,"column":12},"end":{"line":201,"column":64}},"83":{"start":{"line":203,"column":12},"end":{"line":203,"column":64}},"84":{"start":{"line":205,"column":12},"end":{"line":205,"column":33}},"85":{"start":{"line":206,"column":12},"end":{"line":206,"column":64}},"86":{"start":{"line":207,"column":12},"end":{"line":207,"column":22}},"87":{"start":{"line":210,"column":8},"end":{"line":226,"column":10}},"88":{"start":{"line":214,"column":12},"end":{"line":214,"column":27}},"89":{"start":{"line":215,"column":12},"end":{"line":215,"column":60}},"90":{"start":{"line":216,"column":12},"end":{"line":216,"column":36}},"91":{"start":{"line":217,"column":12},"end":{"line":217,"column":25}},"92":{"start":{"line":218,"column":12},"end":{"line":218,"column":58}},"93":{"start":{"line":219,"column":12},"end":{"line":219,"column":64}},"94":{"start":{"line":220,"column":12},"end":{"line":220,"column":36}},"95":{"start":{"line":221,"column":12},"end":{"line":221,"column":52}},"96":{"start":{"line":223,"column":12},"end":{"line":223,"column":36}},"97":{"start":{"line":224,"column":12},"end":{"line":224,"column":52}},"98":{"start":{"line":225,"column":12},"end":{"line":225,"column":25}},"99":{"start":{"line":228,"column":8},"end":{"line":253,"column":10}},"100":{"start":{"line":232,"column":12},"end":{"line":234,"column":15}},"101":{"start":{"line":235,"column":12},"end":{"line":250,"column":15}},"102":{"start":{"line":236,"column":16},"end":{"line":249,"column":17}},"103":{"start":{"line":238,"column":20},"end":{"line":240,"column":39}},"104":{"start":{"line":241,"column":20},"end":{"line":241,"column":26}},"105":{"start":{"line":244,"column":20},"end":{"line":244,"column":80}},"106":{"start":{"line":245,"column":20},"end":{"line":245,"column":37}},"107":{"start":{"line":246,"column":20},"end":{"line":246,"column":26}},"108":{"start":{"line":248,"column":20},"end":{"line":248,"column":35}},"109":{"start":{"line":251,"column":12},"end":{"line":251,"column":33}},"110":{"start":{"line":252,"column":12},"end":{"line":252,"column":29}},"111":{"start":{"line":255,"column":8},"end":{"line":288,"column":10}},"112":{"start":{"line":259,"column":12},"end":{"line":261,"column":15}},"113":{"start":{"line":262,"column":12},"end":{"line":285,"column":15}},"114":{"start":{"line":263,"column":16},"end":{"line":284,"column":17}},"115":{"start":{"line":265,"column":20},"end":{"line":265,"column":83}},"116":{"start":{"line":266,"column":20},"end":{"line":266,"column":26}},"117":{"start":{"line":268,"column":20},"end":{"line":270,"column":39}},"118":{"start":{"line":271,"column":20},"end":{"line":271,"column":26}},"119":{"start":{"line":273,"column":20},"end":{"line":275,"column":39}},"120":{"start":{"line":276,"column":20},"end":{"line":276,"column":26}},"121":{"start":{"line":279,"column":20},"end":{"line":279,"column":63}},"122":{"start":{"line":280,"column":20},"end":{"line":280,"column":37}},"123":{"start":{"line":281,"column":20},"end":{"line":281,"column":26}},"124":{"start":{"line":283,"column":20},"end":{"line":283,"column":41}},"125":{"start":{"line":286,"column":12},"end":{"line":286,"column":33}},"126":{"start":{"line":287,"column":12},"end":{"line":287,"column":29}},"127":{"start":{"line":290,"column":8},"end":{"line":341,"column":10}},"128":{"start":{"line":294,"column":12},"end":{"line":328,"column":14}},"129":{"start":{"line":329,"column":12},"end":{"line":339,"column":15}},"130":{"start":{"line":330,"column":16},"end":{"line":338,"column":18}},"131":{"start":{"line":340,"column":12},"end":{"line":340,"column":22}},"132":{"start":{"line":343,"column":8},"end":{"line":358,"column":10}},"133":{"start":{"line":347,"column":12},"end":{"line":347,"column":25}},"134":{"start":{"line":348,"column":12},"end":{"line":348,"column":93}},"135":{"start":{"line":349,"column":12},"end":{"line":352,"column":14}},"136":{"start":{"line":353,"column":12},"end":{"line":356,"column":14}},"137":{"start":{"line":357,"column":12},"end":{"line":357,"column":22}},"138":{"start":{"line":360,"column":4},"end":{"line":509,"column":5}},"139":{"start":{"line":366,"column":8},"end":{"line":439,"column":10}},"140":{"start":{"line":370,"column":12},"end":{"line":370,"column":27}},"141":{"start":{"line":371,"column":12},"end":{"line":371,"column":60}},"142":{"start":{"line":372,"column":12},"end":{"line":372,"column":36}},"143":{"start":{"line":373,"column":12},"end":{"line":373,"column":25}},"144":{"start":{"line":374,"column":12},"end":{"line":409,"column":15}},"145":{"start":{"line":392,"column":20},"end":{"line":394,"column":22}},"146":{"start":{"line":410,"column":12},"end":{"line":437,"column":15}},"147":{"start":{"line":411,"column":16},"end":{"line":411,"column":40}},"148":{"start":{"line":412,"column":16},"end":{"line":436,"column":19}},"149":{"start":{"line":413,"column":20},"end":{"line":413,"column":44}},"150":{"start":{"line":415,"column":20},"end":{"line":415,"column":38}},"151":{"start":{"line":416,"column":20},"end":{"line":430,"column":21}},"152":{"start":{"line":420,"column":24},"end":{"line":423,"column":26}},"153":{"start":{"line":425,"column":24},"end":{"line":428,"column":26}},"154":{"start":{"line":429,"column":24},"end":{"line":429,"column":30}},"155":{"start":{"line":431,"column":20},"end":{"line":435,"column":22}},"156":{"start":{"line":438,"column":12},"end":{"line":438,"column":25}},"157":{"start":{"line":441,"column":8},"end":{"line":496,"column":10}},"158":{"start":{"line":445,"column":12},"end":{"line":445,"column":25}},"159":{"start":{"line":446,"column":12},"end":{"line":493,"column":15}},"160":{"start":{"line":447,"column":16},"end":{"line":492,"column":17}},"161":{"start":{"line":449,"column":20},"end":{"line":462,"column":22}},"162":{"start":{"line":463,"column":20},"end":{"line":475,"column":23}},"163":{"start":{"line":464,"column":24},"end":{"line":474,"column":40}},"164":{"start":{"line":471,"column":32},"end":{"line":473,"column":55}},"165":{"start":{"line":477,"column":20},"end":{"line":481,"column":22}},"166":{"start":{"line":482,"column":20},"end":{"line":482,"column":26}},"167":{"start":{"line":484,"column":20},"end":{"line":488,"column":39}},"168":{"start":{"line":489,"column":20},"end":{"line":489,"column":26}},"169":{"start":{"line":491,"column":20},"end":{"line":491,"column":35}},"170":{"start":{"line":494,"column":12},"end":{"line":494,"column":33}},"171":{"start":{"line":495,"column":12},"end":{"line":495,"column":29}},"172":{"start":{"line":498,"column":8},"end":{"line":507,"column":10}},"173":{"start":{"line":502,"column":12},"end":{"line":505,"column":14}},"174":{"start":{"line":506,"column":12},"end":{"line":506,"column":57}},"175":{"start":{"line":508,"column":8},"end":{"line":508,"column":14}},"176":{"start":{"line":514,"column":4},"end":{"line":532,"column":9}},"177":{"start":{"line":516,"column":8},"end":{"line":531,"column":12}},"178":{"start":{"line":533,"column":4},"end":{"line":600,"column":5}},"179":{"start":{"line":540,"column":8},"end":{"line":542,"column":10}},"180":{"start":{"line":543,"column":8},"end":{"line":543,"column":14}},"181":{"start":{"line":551,"column":8},"end":{"line":551,"column":44},"skip":true},"182":{"start":{"line":553,"column":8},"end":{"line":553,"column":35},"skip":true},"183":{"start":{"line":555,"column":8},"end":{"line":557,"column":9},"skip":true},"184":{"start":{"line":556,"column":12},"end":{"line":556,"column":18},"skip":true},"185":{"start":{"line":559,"column":8},"end":{"line":596,"column":28},"skip":true},"186":{"start":{"line":567,"column":12},"end":{"line":595,"column":13},"skip":true},"187":{"start":{"line":570,"column":0},"end":{"line":582,"column":2},"skip":true},"188":{"start":{"line":585,"column":16},"end":{"line":592,"column":22},"skip":true},"189":{"start":{"line":594,"column":16},"end":{"line":594,"column":75},"skip":true},"190":{"start":{"line":597,"column":8},"end":{"line":598,"column":91},"skip":true},"191":{"start":{"line":599,"column":8},"end":{"line":599,"column":14},"skip":true}},"branchMap":{"1":{"line":27,"type":"binary-expr","locations":[{"start":{"line":27,"column":23},"end":{"line":27,"column":62}},{"start":{"line":28,"column":20},"end":{"line":28,"column":70}},{"start":{"line":29,"column":20},"end":{"line":29,"column":71}},{"start":{"line":30,"column":20},"end":{"line":30,"column":29}}]},"2":{"line":32,"type":"binary-expr","locations":[{"start":{"line":32,"column":23},"end":{"line":32,"column":37}},{"start":{"line":33,"column":20},"end":{"line":33,"column":61}},{"start":{"line":34,"column":20},"end":{"line":34,"column":70}},{"start":{"line":35,"column":20},"end":{"line":35,"column":26}}]},"3":{"line":38,"type":"switch","locations":[{"start":{"line":40,"column":8},"end":{"line":43,"column":18}},{"start":{"line":45,"column":8},"end":{"line":56,"column":18}}]},"4":{"line":46,"type":"binary-expr","locations":[{"start":{"line":46,"column":21},"end":{"line":46,"column":36}},{"start":{"line":46,"column":40},"end":{"line":46,"column":59}}]},"5":{"line":52,"type":"if","locations":[{"start":{"line":52,"column":12},"end":{"line":52,"column":12},"skip":true},{"start":{"line":52,"column":12},"end":{"line":52,"column":12},"skip":true}]},"6":{"line":75,"type":"if","locations":[{"start":{"line":75,"column":16},"end":{"line":75,"column":16}},{"start":{"line":75,"column":16},"end":{"line":75,"column":16}}]},"7":{"line":176,"type":"switch","locations":[{"start":{"line":177,"column":16},"end":{"line":181,"column":26}},{"start":{"line":182,"column":16},"end":{"line":186,"column":26}},{"start":{"line":187,"column":16},"end":{"line":188,"column":35}}]},"8":{"line":236,"type":"switch","locations":[{"start":{"line":237,"column":16},"end":{"line":241,"column":26}},{"start":{"line":242,"column":16},"end":{"line":246,"column":26}},{"start":{"line":247,"column":16},"end":{"line":248,"column":35}}]},"9":{"line":244,"type":"binary-expr","locations":[{"start":{"line":244,"column":51},"end":{"line":244,"column":55}},{"start":{"line":244,"column":59},"end":{"line":244,"column":66}}]},"10":{"line":263,"type":"switch","locations":[{"start":{"line":264,"column":16},"end":{"line":266,"column":26}},{"start":{"line":267,"column":16},"end":{"line":271,"column":26}},{"start":{"line":272,"column":16},"end":{"line":276,"column":26}},{"start":{"line":277,"column":16},"end":{"line":281,"column":26}},{"start":{"line":282,"column":16},"end":{"line":283,"column":41}}]},"11":{"line":360,"type":"switch","locations":[{"start":{"line":365,"column":4},"end":{"line":508,"column":14}}]},"12":{"line":416,"type":"switch","locations":[{"start":{"line":417,"column":20},"end":{"line":417,"column":32}},{"start":{"line":418,"column":20},"end":{"line":418,"column":31}},{"start":{"line":419,"column":20},"end":{"line":429,"column":30}}]},"13":{"line":433,"type":"binary-expr","locations":[{"start":{"line":433,"column":25},"end":{"line":433,"column":42}},{"start":{"line":433,"column":46},"end":{"line":433,"column":65}}]},"14":{"line":447,"type":"switch","locations":[{"start":{"line":448,"column":16},"end":{"line":482,"column":26}},{"start":{"line":483,"column":16},"end":{"line":489,"column":26}},{"start":{"line":490,"column":16},"end":{"line":491,"column":35}}]},"15":{"line":533,"type":"switch","locations":[{"start":{"line":538,"column":4},"end":{"line":543,"column":14}},{"start":{"line":549,"column":4},"end":{"line":599,"column":14},"skip":true}]},"16":{"line":541,"type":"binary-expr","locations":[{"start":{"line":541,"column":12},"end":{"line":541,"column":35}},{"start":{"line":541,"column":39},"end":{"line":541,"column":88}}]},"17":{"line":555,"type":"if","locations":[{"start":{"line":555,"column":8},"end":{"line":555,"column":8},"skip":true},{"start":{"line":555,"column":8},"end":{"line":555,"column":8},"skip":true}]},"18":{"line":555,"type":"binary-expr","locations":[{"start":{"line":555,"column":12},"end":{"line":555,"column":35},"skip":true},{"start":{"line":555,"column":39},"end":{"line":555,"column":54},"skip":true}]},"19":{"line":567,"type":"switch","locations":[{"start":{"line":569,"column":0},"end":{"line":582,"column":2},"skip":true},{"start":{"line":584,"column":12},"end":{"line":592,"column":22},"skip":true},{"start":{"line":593,"column":12},"end":{"line":594,"column":75},"skip":true}]}},"code":["/* istanbul instrument in package nedb-lite */","/*jslint","    bitwise: true,","    browser: true,","    maxerr: 8,","    maxlen: 96,","    node: true,","    nomen: true,","    regexp: true,","    stupid: true","*/","(function () {","    'use strict';","    var local;","","","","    // run shared js-env code - pre-init","    (function () {","        // init Error.stackTraceLimit","        Error.stackTraceLimit = 16;","        // init local","        local = {};","        // init modeJs","        local.modeJs = (function () {","            try {","                return typeof navigator.userAgent === 'string' &&","                    typeof document.querySelector('body') === 'object' &&","                    typeof XMLHttpRequest.prototype.open === 'function' &&","                    'browser';","            } catch (errorCaughtBrowser) {","                return module.exports &&","                    typeof process.versions.node === 'string' &&","                    typeof require('http').createServer === 'function' &&","                    'node';","            }","        }());","        switch (local.modeJs) {","        // re-init local from window.local","        case 'browser':","            local = window.local;","            local.utility2 = window.utility2;","            break;","        // re-init local from example.js","        case 'node':","            local = (module.utility2 || require('utility2')).requireExampleJsFromReadme({","                __dirname: __dirname,","                module: module","            });","            local.nedb = local[local.utility2.envDict.npm_package_name];","            /* istanbul ignore next */","            if (module.isRollup) {","                local = module;","                return;","            }","            break;","        }","        // require modules","        local.utility2.nedb = local.utility2.local.nedb = local.nedb;","        [","            'assert',","            'jsonCopy',","            'jsonStringifyOrdered',","            'objectSetDefault',","            'onErrorDefault',","            'onNext',","            'onParallel'","        ].forEach(function (key) {","            local.utility2[key] = local.nedb[key];","            [","                'testCase_' + key + '_default',","                'testCase_' + key + '_error',","                'testCase_' + key + 'Xxx_default'","            ].forEach(function (key2) {","                if (local.utility2.testCaseDict[key2]) {","                    local[key2] = local.utility2.testCaseDict[key2];","                }","            });","        });","    }());","","","","    // run shared js-env code - function","    (function () {","        local.crudOptionsSetDefault = function (options, defaults) {","        /*","         * this function will set default-values for options","         */","            options = local.utility2.objectSetDefault(options, defaults);","            options.dbTable = local.nedb.dbTableDict.TestCrud;","            // shallow-copy options","            return local.utility2.objectSetDefault({}, options);","        };","","        local.testCase_consoleLog_default = function (options, onError) {","        /*","         * this function will test consoleLog's default handling-behavior","         */","            options = {};","            options.data = null;","            console.log(options.data);","            options.data = '\\n';","            console.log(options.data);","            onError();","        };","","        local.testCase_dbExport_default = function (options, onError) {","        /*","         * this function will test dbExport's default handling-behavior","         */","            var onParallel;","            onParallel = local.utility2.onParallel(onError);","            onParallel.counter += 1;","            options = {};","            options.name = 'testCase_dbExport_default';","            options.dbTable = local.nedb.dbTableCreate(options);","            onParallel.counter += 1;","            local.nedb.dbIndexCreate(options, {","                fieldName: 'id',","                unique: true","            }, onParallel);","            options.data = local.nedb.dbExport();","            // validate data","            local.utility2.assert(options.data.indexOf('\"testCase_dbExport_default\"\\n' +","                '{\"$$indexCreated\":{\"fieldName\":\"createdAt\",\"unique\":false,\"sparse\":false}}\\n' +","                '{\"$$indexCreated\":{\"fieldName\":\"updatedAt\",\"unique\":false,\"sparse\":false}}\\n' +","                '{\"$$indexCreated\":{\"fieldName\":\"id\",\"unique\":true,\"sparse\":false}}')","                >= 0, options.data);","            onParallel();","        };","","        local.testCase_dbImport_default = function (options, onError) {","        /*","         * this function will test dbImport's default handling-behavior","         */","            // jslint-hack","            local.utility2.nop(options);","            local.nedb.dbImport('\"testCase_dbImport_default\"\\n{\"id\":0}', onError);","        };","","        local.testCase_dbStorageXxx_misc = function (options, onError) {","        /*","         * this function will test dbStorageXxx's misc handling-behavior","         */","            var onParallel;","            // jslint-hack","            local.utility2.nop(options);","            onParallel = local.utility2.onParallel(onError);","            onParallel.counter += 1;","            onParallel.counter += 1;","            // test dbStorageInit's re-init handling-behavior","            local.nedb.dbStorageInit();","            // test dbStorageKey's handling-behavior","            local.nedb.dbStorageKeys(function () {","                local.utility2.tryCatchOnError(function () {","                    // test dbStorageDefer's done handling-behavior","                    local.nedb._debugDbStorageRequest.onerror(local.utility2.errorDefault);","                }, local.utility2.nop);","                onParallel();","            });","            onParallel.counter += 1;","            // test dbStorageLength's handling-behavior","            local.nedb.dbStorageLength(onParallel);","            onParallel();","        };","","        local.testCase_dbTableCountMany_default = function (options, onError) {","        /*","         * this function will test dbTableCountMany's default handling-behavior","         */","            options = local.crudOptionsSetDefault(options, {","                id: 'testCase_dbTableCountMany_default'","            });","            local.utility2.onNext(options, function (error, data) {","                switch (options.modeNext) {","                case 1:","                    options.dbTable.crudCountMany({","                        query: { id: options.id }","                    }, options.onNext);","                    break;","                case 2:","                    // validate data","                    local.utility2.assertJsonEqual(data, 1);","                    options.onNext();","                    break;","                default:","                    onError(error);","                }","            });","            options.modeNext = 0;","            options.onNext();","        };","","        local.testCase_dbTableCreate_default = function (options, onError) {","        /*","         * this function will test dbTableCreate's default handling-behavior","         */","            options = {};","            options.name = 'testCase_dbTableCreate_default';","            options.dbTable = local.nedb.dbTableCreate(options);","            // test re-create handling-behavior","            options.dbTable = local.nedb.dbTableCreate(options);","            // test reset handling-behavior","            options.reset = true;","            options.dbTable = local.nedb.dbTableCreate(options);","            onError();","        };","","        local.testCase_dbTableDrop_default = function (options, onError) {","        /*","         * this function will test dbTableDrop's default handling-behavior","         */","            var onParallel;","            onParallel = local.utility2.onParallel(onError);","            onParallel.counter += 1;","            options = {};","            options.name = 'testCase_dbTableDrop_default';","            options.dbTable = local.nedb.dbTableCreate(options);","            onParallel.counter += 1;","            options.dbTable.dbTableDrop(onParallel);","            // test multiple-drop handling-behavior","            onParallel.counter += 1;","            options.dbTable.dbTableDrop(onParallel);","            onParallel();","        };","","        local.testCase_dbTableFindOne_default = function (options, onError) {","        /*","         * this function will test dbTableFindOne's default handling-behavior","         */","            options = local.crudOptionsSetDefault(options, {","                id: 'testCase_dbTableFindOne_default'","            });","            local.utility2.onNext(options, function (error, data) {","                switch (options.modeNext) {","                case 1:","                    options.dbTable.crudFindOne({","                        query: { id: options.id }","                    }, options.onNext);","                    break;","                case 2:","                    // validate data","                    local.utility2.assertJsonEqual(data && data.id, options.id);","                    options.onNext();","                    break;","                default:","                    onError(error);","                }","            });","            options.modeNext = 0;","            options.onNext();","        };","","        local.testCase_dbTableRemoveOne_default = function (options, onError) {","        /*","         * this function will test dbTableRemoveOne's default handling-behavior","         */","            options = local.crudOptionsSetDefault(options, {","                id: 'testCase_dbTableRemoveOne_default'","            });","            local.utility2.onNext(options, function (error, data) {","                switch (options.modeNext) {","                case 1:","                    local.testCase_dbTableFindOne_default(options, options.onNext);","                    break;","                case 2:","                    options.dbTable.crudRemoveOne({","                        query: { id: options.id }","                    }, options.onNext);","                    break;","                case 3:","                    options.dbTable.crudFindOne({","                        query: { id: options.id }","                    }, options.onNext);","                    break;","                case 4:","                    // validate data was removed","                    local.utility2.assertJsonEqual(data, null);","                    options.onNext();","                    break;","                default:","                    onError(error, data);","                }","            });","            options.modeNext = 0;","            options.onNext();","        };","","        local.testCase_queryCompare_default = function (options, onError) {","        /*","         * this function will test queryCompare's default handling-behavior","         */","            options = [","                // $elemMatch","                ['$elemMatch', undefined, undefined, false],","                ['$elemMatch', [undefined], undefined, false],","                // $eq","                ['$eq', undefined, undefined, true],","                ['$eq', null, undefined, true],","                ['$eq', NaN, NaN, true],","                // $exists","                ['$exists', false, undefined, true],","                ['$exists', true, undefined, false],","                // $gt","                ['$gt', undefined, undefined, false],","                ['$gt', undefined, undefined, false],","                // $gte","                ['$gte', undefined, undefined, true],","                // $in","                ['$in', undefined, undefined, false],","                ['$in', undefined, [undefined], true],","                // $lt","                ['$lt', undefined, undefined, false],","                // $lte","                ['$lte', undefined, undefined, true],","                // $ne","                ['$ne', undefined, undefined, false],","                // $nin","                ['$nin', undefined, undefined, false],","                ['$nin', undefined, [undefined], false],","                // $regex","                ['$regex', undefined, undefined, false],","                // $size","                ['$size', undefined, undefined, false],","                ['$size', [undefined], undefined, false],","                [undefined, undefined, undefined, false]","            ];","            options.forEach(function (element) {","                local.utility2.assertJsonEqual(","                    [","                        element[0],","                        element[1],","                        element[2],","                        local.nedb.queryCompare(element[0], element[1], element[2])","                    ],","                    element","                );","            });","            onError();","        };","","        local.testCase_sortCompare_default = function (options, onError) {","        /*","         * this function will test sortCompare's default handling-behavior","         */","            options = {};","            options.data = [undefined, null, false, 0, '', true, 1, 'a', local.utility2.nop];","            local.utility2.assertJsonEqual(","                options.data.sort(local.nedb.sortCompare),","                [null, false, true, 0, 1, '', 'a', null, null]","            );","            local.utility2.assertJsonEqual(","                options.data.reverse().sort(local.nedb.sortCompare),","                [null, false, true, 0, 1, '', 'a', null, null]","            );","            onError();","        };","    }());","    switch (local.modeJs) {","","","","    // run node js-env code - function","    case 'node':","        local.testCase_build_app = function (options, onError) {","        /*","         * this function will test build's app handling-behavior","         */","            var onParallel;","            onParallel = local.utility2.onParallel(onError);","            onParallel.counter += 1;","            options = {};","            options = [{","                file: '/assets.app.js',","                url: '/assets.app.js'","            }, {","                file: '/assets.app.min.js',","                url: '/assets.app.min.js'","            }, {","                file: '/assets.example.js',","                url: '/assets.example.js'","            }, {","                file: '/assets.' + local.utility2.envDict.npm_package_name + '.css',","                url: '/assets.' + local.utility2.envDict.npm_package_name + '.css'","            }, {","                file: '/assets.' + local.utility2.envDict.npm_package_name + '.js',","                url: '/assets.' + local.utility2.envDict.npm_package_name + '.js'","            }, {","                file: '/assets.' + local.utility2.envDict.npm_package_name + '.min.js',","                transform: function (data) {","                    return local.utility2.uglifyIfProduction(","                        local.utility2.bufferToString(data)","                    );","                },","                url: '/assets.' + local.utility2.envDict.npm_package_name + '.js'","            }, {","                file: '/assets.test.js',","                url: '/assets.test.js'","            }, {","                file: '/assets.utility2.rollup.js',","                url: '/assets.utility2.rollup.js'","            }, {","                file: '/index.html',","                url: '/index.html'","            }, {","                file: '/jsonp.utility2.stateInit',","                url: '/jsonp.utility2.stateInit?callback=window.utility2.stateInit'","            }];","            options.forEach(function (options) {","                onParallel.counter += 1;","                local.utility2.ajax(options, function (error, xhr) {","                    onParallel.counter += 1;","                    // validate no error occurred","                    onParallel(error);","                    switch (local.path.extname(options.file)) {","                    case '.css':","                    case '.js':","                    case '.json':","                        local.utility2.jslintAndPrintConditional(","                            xhr.responseText,","                            options.file","                        );","                        // validate no error occurred","                        local.utility2.assert(","                            !local.utility2.jslint.errorText,","                            local.utility2.jslint.errorText","                        );","                        break;","                    }","                    local.utility2.fsWriteFileWithMkdirp(","                        local.utility2.envDict.npm_config_dir_build + '/app' + options.file,","                        (options.transform || local.utility2.echo)(xhr.response),","                        onParallel","                    );","                });","            });","            onParallel();","        };","","        local.testCase_build_doc = function (options, onError) {","        /*","         * this function will test build's doc handling-behavior","         */","            options = {};","            local.utility2.onNext(options, function (error) {","                switch (options.modeNext) {","                case 1:","                    options.moduleDict = {","                        'nedb-lite': {","                            exampleList: [],","                            exports: local.nedb","                        },","                        'nedb-lite._DbIndex.prototype': {","                            exampleList: [],","                            exports: local.nedb._DbIndex.prototype","                        },","                        'nedb-lite._DbTable.prototype': {","                            exampleList: [],","                            exports: local.nedb._DbTable.prototype","                        }","                    };","                    Object.keys(options.moduleDict).forEach(function (key) {","                        options.moduleDict[key].example = [","                            'README.md',","                            'test.js',","                            'index.js'","                        ]","                            .concat(options.moduleDict[key].exampleList)","                            .map(function (file) {","                                return '\\n\\n\\n\\n\\n\\n\\n\\n' +","                                    local.fs.readFileSync(file, 'utf8') +","                                    '\\n\\n\\n\\n\\n\\n\\n\\n';","                            }).join('');","                    });","                    // create doc.api.html","                    local.utility2.fsWriteFileWithMkdirp(","                        local.utility2.envDict.npm_config_dir_build + '/doc.api.html',","                        local.utility2.docApiCreate(options),","                        options.onNext","                    );","                    break;","                case 2:","                    local.utility2.browserTest({","                        modeBrowserTest: 'screenCapture',","                        url: 'file://' + local.utility2.envDict.npm_config_dir_build +","                            '/doc.api.html'","                    }, options.onNext);","                    break;","                default:","                    onError(error);","                }","            });","            options.modeNext = 0;","            options.onNext();","        };","","        local.testCase_webpage_default = function (options, onError) {","        /*","         * this function will test the webpage's default handling-behavior","         */","            options = {","                modeCoverageMerge: true,","                url: local.utility2.serverLocalHost + '?modeTest=1'","            };","            local.utility2.browserTest(options, onError);","        };","        break;","    }","","","","    // run shared js-env code - post-init","    (function () {","        // init dbSeedList","        local.utility2.dbSeedList = local.utility2.dbSeedList.concat([{","            dbIndexCreateList: [{","                expireAfterSeconds: 30,","                fieldName: 'field1',","                sparse: true,","                unique: true","            }],","            dbRowList: [{","                id: 'testCase_dbTableCountMany_default'","            }, {","                id: 'testCase_dbTableFindOne_default'","            }, {","                id: 'testCase_dbTableRemoveOne_default'","            }],","            name: 'TestCrud'","        }]);","    }());","    switch (local.modeJs) {","","","","    // run browser js-env code - post-init","    case 'browser':","        // run tests","        local.utility2.nop(","            local.utility2.modeTest && document.querySelector('#testRunButton1').click()","        );","        break;","","","","    /* istanbul ignore next */","    // run node js-env code - post-init","    case 'node':","        // run test-server","        local.utility2.testRunServer(local);","        // init repl debugger","        local.utility2.replStart();","        /* istanbul ignore next */","        if (module !== require.main || module.isRollup) {","            break;","        }","        // init assets","        local.utility2.assetsDict['/assets.app.js'] = [","            'header',","            '/assets.utility2.rollup.js',","            'local.utility2.stateInit',","            '/assets.nedb-lite.js',","            '/assets.example.js',","            '/assets.test.js'","        ].map(function (key) {","            switch (key) {","/* jslint-ignore-begin */","case 'header':","return '\\","/*\\n\\","assets.app.js\\n\\","\\n' + local.utility2.envDict.npm_package_description + '\\n\\","\\n\\","instruction\\n\\","    1. save this script as assets.app.js\\n\\","    2. run the shell command:\\n\\","        $ PORT=8081 node assets.app.js\\n\\","    3. open a browser to http://localhost:8081\\n\\","    4. edit or paste script in browser to eval\\n\\","*/\\n\\","';","/* jslint-ignore-end */","            case 'local.utility2.stateInit':","                return '// ' + key + '\\n' +","                    local.utility2.assetsDict['/assets.utility2.rollup.content.js']","                    .replace(","                        '/* utility2.rollup.js content */',","                        key + '(' + JSON.stringify(","                            local.utility2.middlewareJsonpStateInit({ stateInit: true })","                        ) + ');'","                    );","            default:","                return '// ' + key + '\\n' + local.utility2.assetsDict[key];","            }","        }).join('\\n\\n\\n\\n');","        local.utility2.assetsDict['/assets.app.min.js'] =","            local.utility2.uglifyIfProduction(local.utility2.assetsDict['/assets.app.js']);","        break;","    }","}());",""],"l":{"12":2,"14":2,"19":2,"21":2,"23":2,"25":2,"26":2,"27":2,"32":1,"38":2,"41":1,"42":1,"43":1,"46":1,"50":1,"52":1,"53":1,"54":1,"56":1,"59":2,"60":2,"69":14,"70":14,"75":42,"76":7,"85":2,"86":2,"90":8,"91":8,"93":8,"96":2,"100":2,"101":2,"102":2,"103":2,"104":2,"105":2,"108":2,"112":2,"113":2,"114":2,"115":2,"116":2,"117":2,"118":2,"119":2,"123":2,"125":2,"130":2,"133":2,"138":2,"139":2,"142":2,"146":2,"148":2,"149":2,"150":2,"151":2,"153":2,"155":2,"156":2,"158":2,"160":2,"162":2,"164":2,"165":2,"168":2,"172":2,"175":2,"176":6,"178":2,"181":2,"184":2,"185":2,"186":2,"188":2,"191":2,"192":2,"195":2,"199":2,"200":2,"201":2,"203":2,"205":2,"206":2,"207":2,"210":2,"214":2,"215":2,"216":2,"217":2,"218":2,"219":2,"220":2,"221":2,"223":2,"224":2,"225":2,"228":2,"232":4,"235":4,"236":12,"238":4,"241":4,"244":4,"245":4,"246":4,"248":4,"251":4,"252":4,"255":2,"259":2,"262":2,"263":10,"265":2,"266":2,"268":2,"271":2,"273":2,"276":2,"279":2,"280":2,"281":2,"283":2,"286":2,"287":2,"290":2,"294":2,"329":2,"330":42,"340":2,"343":2,"347":2,"348":2,"349":2,"353":2,"357":2,"360":2,"366":1,"370":1,"371":1,"372":1,"373":1,"374":1,"392":1,"410":1,"411":10,"412":10,"413":10,"415":10,"416":10,"420":8,"425":8,"429":8,"431":10,"438":1,"441":1,"445":1,"446":1,"447":3,"449":1,"463":1,"464":3,"471":9,"477":1,"482":1,"484":1,"489":1,"491":1,"494":1,"495":1,"498":1,"502":1,"506":1,"508":1,"514":2,"516":2,"533":2,"540":1,"543":1,"551":1,"553":1,"555":1,"556":1,"559":1,"567":6,"570":1,"585":1,"594":4,"597":1,"599":1}},"/home/travis/build/kaizhu256/node-nedb-lite/index.js":{"path":"/home/travis/build/kaizhu256/node-nedb-lite/index.js","s":{"1":2,"2":2,"3":2,"4":2,"5":2,"6":2,"7":2,"8":1,"9":2,"10":2,"11":2,"12":2,"13":2,"14":1265,"15":1265,"16":1261,"17":4,"18":4,"19":2,"20":2,"21":2,"22":2,"23":4,"24":2,"25":2,"26":2,"27":2,"28":2,"29":4,"30":4,"31":4,"32":4,"33":4,"34":2,"35":4,"36":4,"37":4,"38":2,"39":2,"40":2,"41":2,"42":2,"43":2,"44":2,"45":2,"46":2,"47":2,"48":2,"49":2,"50":2,"51":2,"52":2,"53":0,"54":0,"55":2,"56":2,"57":2,"58":2,"59":0,"60":2,"61":2,"62":2,"63":2,"64":2,"65":38,"66":38,"67":1,"68":1,"69":1,"70":37,"71":16,"72":17,"73":1,"74":16,"75":16,"76":16,"77":9,"78":9,"79":7,"80":16,"81":1,"82":1,"83":5,"84":5,"85":1,"86":1,"87":1,"88":4,"89":1,"90":1,"91":3,"92":3,"93":1,"94":1,"95":1,"96":2,"97":2,"98":6,"99":6,"100":16,"101":48,"102":16,"103":16,"104":21,"105":1,"106":1,"107":1,"108":5,"109":5,"110":5,"111":5,"112":5,"113":1,"114":1,"115":1,"116":1,"117":1,"118":1,"119":2,"120":2,"121":2,"122":2,"123":11,"124":11,"125":11,"126":11,"127":11,"128":11,"129":11,"130":21,"131":2,"132":2,"133":10,"134":10,"135":2,"136":4,"137":4,"138":4,"139":8,"140":8,"141":4,"142":8,"143":4,"144":2,"145":2,"146":2,"147":1,"148":1,"149":1,"150":1,"151":1,"152":1,"153":1,"154":0,"155":0,"156":1,"157":1,"158":1,"159":1,"160":1,"161":2,"162":4,"163":1,"164":4,"165":4,"166":4,"167":2,"168":2,"169":2,"170":2,"171":2,"172":4,"173":4,"174":2,"175":17,"176":17,"177":17,"178":2,"179":16,"180":16,"181":16,"182":68,"183":16,"184":16,"185":6,"186":6,"187":10,"188":10,"189":10,"190":10,"191":10,"192":10,"193":10,"194":16,"195":6,"196":6,"197":6,"198":10,"199":10,"200":10,"201":0,"202":10,"203":8,"204":8,"205":2,"206":2,"207":2,"208":2,"209":10,"210":10,"211":10,"212":10,"213":10,"214":0,"215":0,"216":0,"217":0,"218":0,"219":0,"220":0,"221":0,"222":0,"223":0,"224":0,"225":10,"226":0,"227":10,"228":32,"229":32,"230":10,"231":10,"232":10,"233":16,"234":16,"235":6,"236":16,"237":16,"238":16,"239":2,"240":2,"241":36,"242":2,"243":139,"244":139,"245":298,"246":72,"247":1,"248":71,"249":71,"250":60,"251":223,"252":223,"253":11,"254":24,"255":24,"256":24,"257":226,"258":139,"259":139,"260":2,"261":157,"262":2,"263":439,"264":439,"265":439,"266":1721,"267":1721,"268":1721,"269":1721,"270":5,"271":1716,"272":1051,"273":1051,"274":665,"275":2,"276":439,"277":2,"278":20,"279":1,"280":2,"281":105,"282":293,"283":293,"284":293,"285":2,"286":1,"287":1,"288":1,"289":105,"290":2,"291":31,"292":31,"293":31,"294":111,"295":111,"296":1,"297":110,"298":1,"299":1,"300":110,"301":110,"302":35,"303":31,"304":31,"305":2,"306":42,"307":42,"308":4,"309":2,"310":6,"311":4,"312":4,"313":2,"314":4,"315":2,"316":2,"317":2,"318":2,"319":4,"320":2,"321":2,"322":4,"323":2,"324":4,"325":4,"326":2,"327":172,"328":172,"329":18,"330":172,"331":20,"332":172,"333":26,"334":146,"335":16,"336":130,"337":2,"338":128,"339":128,"340":128,"341":58,"342":2,"343":56,"344":28,"345":28,"346":2,"347":26,"348":18,"349":8,"350":0,"351":8,"352":8,"353":70,"354":2,"355":25,"356":2,"357":0,"358":0,"359":0,"360":0,"361":0,"362":0,"363":0,"364":2,"365":2,"366":2,"367":24,"368":0,"369":24,"370":0,"371":24,"372":0,"373":2,"374":36,"375":0,"376":0,"377":36,"378":12,"379":24,"380":24,"381":2,"382":0,"383":0,"384":0,"385":0,"386":0,"387":0,"388":0,"389":0,"390":0,"391":0,"392":0,"393":0,"394":0,"395":0,"396":0,"397":2,"398":54,"399":2,"400":0,"401":2,"402":0,"403":2,"404":0,"405":0,"406":0,"407":0,"408":0,"409":0,"410":0,"411":0,"412":0,"413":0,"414":0,"415":0,"416":0,"417":0,"418":0,"419":0,"420":0,"421":0,"422":0,"423":0,"424":0,"425":0,"426":0,"427":0,"428":0,"429":0,"430":2,"431":0,"432":0,"433":0,"434":0,"435":0,"436":0,"437":0,"438":0,"439":0,"440":0,"441":0,"442":0,"443":0,"444":0,"445":0,"446":0,"447":0,"448":2,"449":0,"450":0,"451":0,"452":0,"453":0,"454":0,"455":0,"456":0,"457":0,"458":2,"459":0,"460":0,"461":0,"462":0,"463":0,"464":0,"465":0,"466":2,"467":0,"468":0,"469":0,"470":0,"471":0,"472":0,"473":0,"474":2,"475":0,"476":0,"477":0,"478":0,"479":2,"480":0,"481":0,"482":0,"483":0,"484":2,"485":18,"486":0,"487":0,"488":0,"489":0,"490":0,"491":0,"492":0,"493":0,"494":2,"495":18,"496":2,"497":0,"498":0,"499":0,"500":0,"501":0,"502":0,"503":0,"504":0,"505":0,"506":0,"507":0,"508":0,"509":0,"510":0,"511":0,"512":0,"513":0,"514":0,"515":0,"516":0,"517":0,"518":0,"519":0,"520":0,"521":0,"522":0,"523":2,"524":57,"525":57,"526":57,"527":0,"528":57,"529":0,"530":57,"531":57,"532":0,"533":0,"534":0,"535":0,"536":0,"537":0,"538":0,"539":0,"540":0,"541":2,"542":25,"543":25,"544":25,"545":0,"546":0,"547":0,"548":0,"549":0,"550":0,"551":0,"552":0,"553":0,"554":0,"555":0,"556":0,"557":0,"558":0,"559":2,"560":0,"561":0,"562":0,"563":0,"564":0,"565":0,"566":0,"567":2,"568":0,"569":0,"570":0,"571":0,"572":0,"573":0,"574":0,"575":2,"576":0,"577":2,"578":0,"579":0,"580":0,"581":0,"582":0,"583":0,"584":0,"585":2,"586":2,"587":25,"588":25,"589":25,"590":0,"591":0,"592":0,"593":0,"594":0,"595":0,"596":0,"597":0,"598":0,"599":0,"600":0,"601":0,"602":25,"603":0,"604":0,"605":0,"606":0,"607":0,"608":0,"609":0,"610":0,"611":0,"612":0,"613":25,"614":0,"615":25,"616":17,"617":8,"618":27,"619":0,"620":27,"621":25,"622":0,"623":0,"624":0,"625":0,"626":25,"627":17,"628":8,"629":2,"630":122,"631":122,"632":122,"633":122,"634":12,"635":122,"636":122,"637":2,"638":0,"639":2,"640":12,"641":12,"642":12,"643":2,"644":3,"645":3,"646":3,"647":3,"648":2,"649":9,"650":9,"651":9,"652":9,"653":2,"654":0,"655":0,"656":0,"657":0,"658":0,"659":0,"660":0,"661":0,"662":0,"663":0,"664":0,"665":0,"666":0,"667":0,"668":0,"669":0,"670":0,"671":0,"672":2,"673":7,"674":2,"675":5,"676":0,"677":5,"678":4,"679":1,"680":3,"681":1,"682":0,"683":1,"684":2,"685":0,"686":0,"687":0,"688":0,"689":0,"690":0,"691":0,"692":0,"693":0,"694":0,"695":0,"696":0,"697":0,"698":0,"699":0,"700":0,"701":0,"702":2,"703":0,"704":0,"705":0,"706":0,"707":0,"708":0,"709":0,"710":0,"711":0,"712":0,"713":0,"714":0,"715":0,"716":0,"717":0,"718":0,"719":0,"720":2,"721":0,"722":0,"723":0,"724":2,"725":0,"726":0,"727":0,"728":0,"729":0,"730":0,"731":0,"732":0,"733":0,"734":0,"735":0,"736":0,"737":2,"738":0,"739":0,"740":0,"741":0,"742":0,"743":0,"744":0,"745":0,"746":0,"747":0,"748":2,"749":0,"750":0,"751":0,"752":0,"753":0,"754":0,"755":0,"756":0,"757":0,"758":0,"759":0,"760":0,"761":0,"762":0,"763":0,"764":0,"765":0,"766":0,"767":0,"768":0,"769":0,"770":0,"771":0,"772":0,"773":0,"774":2,"775":0,"776":0,"777":0,"778":0,"779":0,"780":0,"781":0,"782":0,"783":0,"784":0,"785":0,"786":0,"787":0,"788":0,"789":0,"790":0,"791":0,"792":0,"793":0,"794":0,"795":0,"796":0,"797":0,"798":0,"799":0,"800":0,"801":0,"802":0,"803":0,"804":0,"805":0,"806":0,"807":0,"808":0,"809":0,"810":0,"811":0,"812":0,"813":0,"814":0,"815":0,"816":0,"817":0,"818":0,"819":0,"820":0,"821":2,"822":64,"823":11,"824":64,"825":64,"826":14,"827":2,"828":80,"829":80,"830":2,"831":1,"832":1,"833":0,"834":1,"835":1,"836":0,"837":0,"838":0,"839":0,"840":1,"841":1,"842":1,"843":1,"844":1,"845":0,"846":1,"847":1,"848":1,"849":1,"850":1,"851":1,"852":2,"853":4,"854":4,"855":0,"856":4,"857":4,"858":0,"859":0,"860":0,"861":0,"862":4,"863":4,"864":4,"865":4,"866":4,"867":0,"868":4,"869":4,"870":4,"871":4,"872":4,"873":4,"874":2,"875":1,"876":0,"877":1,"878":0,"879":1,"880":2,"881":4,"882":0,"883":4,"884":0,"885":4,"886":2,"887":18,"888":18,"889":0,"890":0,"891":18,"892":35,"893":35,"894":1,"895":1,"896":1,"897":35,"898":4,"899":4,"900":4,"901":18,"902":2,"903":18,"904":18,"905":6,"906":6,"907":6,"908":6,"909":12,"910":17,"911":0,"912":0,"913":0,"914":0,"915":0,"916":0,"917":0,"918":17,"919":17,"920":4,"921":3,"922":3,"923":1,"924":13,"925":9,"926":9,"927":4,"928":12,"929":2,"930":6,"931":6,"932":0,"933":6,"934":12,"935":6,"936":6,"937":6,"938":2,"939":2,"940":0,"941":4,"942":4,"943":0,"944":6,"945":0,"946":0,"947":0,"948":0,"949":0,"950":6,"951":6,"952":0,"953":0,"954":0,"955":0,"956":6,"957":2,"958":4,"959":6,"960":0,"961":0,"962":0,"963":0,"964":0,"965":0,"966":0,"967":0,"968":0,"969":0,"970":0,"971":0,"972":0,"973":0,"974":0,"975":0,"976":0,"977":0,"978":0,"979":0,"980":0,"981":0,"982":0,"983":0,"984":0,"985":0,"986":0,"987":0,"988":0,"989":0,"990":0,"991":2,"992":0,"993":0,"994":0,"995":0,"996":0,"997":0,"998":0,"999":0,"1000":0,"1001":0,"1002":0,"1003":2,"1004":66,"1005":66,"1006":66,"1007":66,"1008":66,"1009":2,"1010":110,"1011":110,"1012":32,"1013":2,"1014":60,"1015":60,"1016":36,"1017":36,"1018":24,"1019":24,"1020":6,"1021":18,"1022":6,"1023":6,"1024":6,"1025":6,"1026":6,"1027":18,"1028":18,"1029":0,"1030":0,"1031":0,"1032":0,"1033":0,"1034":0,"1035":0,"1036":0,"1037":0,"1038":0,"1039":0,"1040":2,"1041":36,"1042":36,"1043":0,"1044":0,"1045":0,"1046":0,"1047":0,"1048":36,"1049":0,"1050":0,"1051":0,"1052":2,"1053":8,"1054":8,"1055":0,"1056":0,"1057":0,"1058":8,"1059":8,"1060":2,"1061":6,"1062":6,"1063":0,"1064":0,"1065":2,"1066":0,"1067":0,"1068":0,"1069":0,"1070":0,"1071":0,"1072":0,"1073":0,"1074":0,"1075":0,"1076":0,"1077":0,"1078":0,"1079":0,"1080":0,"1081":2,"1082":6,"1083":6,"1084":6,"1085":0,"1086":0,"1087":0,"1088":0,"1089":0,"1090":0,"1091":2,"1092":6,"1093":6,"1094":6,"1095":0,"1096":2,"1097":6,"1098":6,"1099":2,"1100":6,"1101":6,"1102":6,"1103":0,"1104":0,"1105":0,"1106":0,"1107":0,"1108":0,"1109":0,"1110":0,"1111":0,"1112":0,"1113":0,"1114":0,"1115":0,"1116":0,"1117":0,"1118":0,"1119":0,"1120":0,"1121":0,"1122":0,"1123":0,"1124":0,"1125":0,"1126":0,"1127":0,"1128":2,"1129":6,"1130":2,"1131":6,"1132":0,"1133":6,"1134":6,"1135":6,"1136":6,"1137":0,"1138":6,"1139":6,"1140":6,"1141":0,"1142":0,"1143":0,"1144":0,"1145":0,"1146":0,"1147":0,"1148":0,"1149":0,"1150":6,"1151":0,"1152":0,"1153":0,"1154":0,"1155":0,"1156":0,"1157":0,"1158":0,"1159":0,"1160":0,"1161":0,"1162":0,"1163":0,"1164":0,"1165":6,"1166":6,"1167":0,"1168":6,"1169":2,"1170":10,"1171":2,"1172":2,"1173":2,"1174":2,"1175":2,"1176":2,"1177":8,"1178":8,"1179":2,"1180":2,"1181":2,"1182":2,"1183":2,"1184":2,"1185":6,"1186":2,"1187":2,"1188":2,"1189":2,"1190":2,"1191":2,"1192":2,"1193":39,"1194":39,"1195":39,"1196":64,"1197":42,"1198":39,"1199":2,"1200":6,"1201":6,"1202":6,"1203":6,"1204":6,"1205":18,"1206":18,"1207":6,"1208":6,"1209":6,"1210":6,"1211":0,"1212":6,"1213":6,"1214":6,"1215":6,"1216":11,"1217":7,"1218":4,"1219":4,"1220":0,"1221":4,"1222":4,"1223":4,"1224":4,"1225":6,"1226":6,"1227":0,"1228":0,"1229":0,"1230":0,"1231":0,"1232":0,"1233":0,"1234":0,"1235":0,"1236":0,"1237":0,"1238":0,"1239":0,"1240":0,"1241":0,"1242":0,"1243":0,"1244":0,"1245":0,"1246":0,"1247":0,"1248":0,"1249":0,"1250":0,"1251":0,"1252":0,"1253":0,"1254":0,"1255":0,"1256":6,"1257":6,"1258":6,"1259":2,"1260":6,"1261":6,"1262":2,"1263":2,"1264":2,"1265":2,"1266":2,"1267":2,"1268":6,"1269":6,"1270":2,"1271":2,"1272":2,"1273":2,"1274":2,"1275":2,"1276":2,"1277":2,"1278":2,"1279":8,"1280":2,"1281":2,"1282":2,"1283":2,"1284":2,"1285":2,"1286":2,"1287":2,"1288":2,"1289":2,"1290":2,"1291":2,"1292":2,"1293":4,"1294":4,"1295":4,"1296":4,"1297":12,"1298":4,"1299":2,"1300":19,"1301":19,"1302":19,"1303":19,"1304":19,"1305":8,"1306":19,"1307":65,"1308":19,"1309":46,"1310":19,"1311":2,"1312":24,"1313":24,"1314":24,"1315":14,"1316":10,"1317":5,"1318":5,"1319":10,"1320":2,"1321":16,"1322":16,"1323":16,"1324":32,"1325":32,"1326":16,"1327":16,"1328":16,"1329":16,"1330":16,"1331":16,"1332":16,"1333":0,"1334":16,"1335":16,"1336":16,"1337":0,"1338":16,"1339":0,"1340":16,"1341":0,"1342":16,"1343":16,"1344":16,"1345":0,"1346":16,"1347":0,"1348":16,"1349":0,"1350":16,"1351":16,"1352":16,"1353":16,"1354":16,"1355":16,"1356":34,"1357":34,"1358":34,"1359":0,"1360":34,"1361":34,"1362":0,"1363":0,"1364":16,"1365":16,"1366":16,"1367":2,"1368":6,"1369":6,"1370":6,"1371":6,"1372":6,"1373":6,"1374":6,"1375":6,"1376":6,"1377":24,"1378":6,"1379":6,"1380":6,"1381":6,"1382":2,"1383":6,"1384":6,"1385":6,"1386":6,"1387":6,"1388":6,"1389":6,"1390":6,"1391":0,"1392":6,"1393":6,"1394":6,"1395":0,"1396":6,"1397":0,"1398":6,"1399":6,"1400":6,"1401":6,"1402":0,"1403":0,"1404":0,"1405":6,"1406":6,"1407":6,"1408":6,"1409":0,"1410":6,"1411":6,"1412":0,"1413":0,"1414":0,"1415":0,"1416":0,"1417":0,"1418":0,"1419":0,"1420":0,"1421":0,"1422":0,"1423":0,"1424":0,"1425":0,"1426":0,"1427":0,"1428":0,"1429":0,"1430":0,"1431":0,"1432":0,"1433":0,"1434":0,"1435":0,"1436":0,"1437":6,"1438":6,"1439":2,"1440":1,"1441":1,"1442":1,"1443":1,"1444":1,"1445":1,"1446":1,"1447":1,"1448":1,"1449":1,"1450":2,"1451":2},"b":{"1":[2,1,1,1],"2":[1,1,1,1],"3":[1,1],"4":[1261,4],"5":[1,3],"6":[4,3],"7":[1,2],"8":[2,2],"9":[2,0],"10":[1,37],"11":[16,21],"12":[1,16],"13":[16,16,15],"14":[15,14],"15":[1,3,9,7],"16":[1,5,1,1,2,6],"17":[1,3],"18":[48,47],"19":[1,5,1,1,2,11],"20":[5,4],"21":[1,1],"22":[1,1],"23":[4,4],"24":[4,4],"25":[2,2],"26":[1,1],"27":[0,0],"28":[16,16,10,10,16],"29":[16,10],"30":[6,10],"31":[10,10,10],"32":[10,10],"33":[10,10],"34":[6,10],"35":[10,8],"36":[0,10],"37":[8,2],"38":[10,8],"39":[0,0],"40":[0,0],"41":[0,0],"42":[0,0],"43":[0,0],"44":[6,10],"45":[1,35],"46":[72,226],"47":[298,162,72],"48":[1,71],"49":[60,11],"50":[138,85],"51":[21,3],"52":[51,88],"53":[139,76],"54":[439,7],"55":[439,2],"56":[5,1716],"57":[1051,665],"58":[2,663],"59":[665,634,634,49,2,2,2],"60":[1,19],"61":[20,5],"62":[1,292],"63":[1,1],"64":[31,30],"65":[1,110],"66":[111,110],"67":[1,109],"68":[35,75],"69":[4,6,4,4,2,4,2,2,2,4,2,4,2],"70":[2,2],"71":[4,2],"72":[4,2],"73":[4,2],"74":[18,154],"75":[20,152],"76":[26,146],"77":[16,130],"78":[2,128],"79":[58,70],"80":[2,56],"81":[28,28],"82":[2,26],"83":[18,8],"84":[0,8],"85":[8,0],"86":[32,38],"87":[36,2],"88":[0,0],"89":[0,24],"90":[0,24],"91":[24,0,0,0,0],"92":[0,0],"93":[0,0],"94":[0,24],"95":[0,36],"96":[12,24],"97":[36,12],"98":[0,0],"99":[0,0,0,0],"100":[0,0],"101":[0,0],"102":[0,0],"103":[0,0,0],"104":[54,54,54,54,54],"105":[0,0],"106":[0,0],"107":[0,0],"108":[0,0,0,0],"109":[0,0],"110":[0,0,0],"111":[0,0],"112":[0,0,0],"113":[0,0],"114":[0,0],"115":[0,0],"116":[0,0],"117":[0,0],"118":[0,0],"119":[0,0],"120":[0,0],"121":[0,0],"122":[0,0,0],"123":[0,0],"124":[0,0],"125":[0,0],"126":[0,0],"127":[0,0],"128":[0,0],"129":[0,0],"130":[0,0],"131":[0,0],"132":[0,0],"133":[0,0],"134":[0,0],"135":[0,0],"136":[0,0],"137":[0,0],"138":[0,0],"139":[0,0],"140":[0,0],"141":[0,0],"142":[0,0],"143":[0,0],"144":[0,0],"145":[0,0],"146":[0,0],"147":[0,0],"148":[0,0],"149":[0,0],"150":[0,0],"151":[0,0],"152":[57,0],"153":[0,57],"154":[0,57],"155":[57,0],"156":[0,0],"157":[0,0],"158":[0,0],"159":[25,0],"160":[25,25,0,0,0,0,0,0],"161":[0,0],"162":[0,0,0,0,0],"163":[0,0],"164":[0,0],"165":[0,0],"166":[0,0],"167":[0,0],"168":[0,0],"169":[0,0],"170":[0,0],"171":[0,0],"172":[0,0],"173":[0,25],"174":[25,0],"175":[0,0],"176":[0,0],"177":[0,0,0],"178":[0,0],"179":[0,0],"180":[0,0],"181":[0,25],"182":[25,25,0,0],"183":[0,0],"184":[0,0],"185":[0,0],"186":[0,25],"187":[17,8],"188":[0,27],"189":[27,27],"190":[0,25],"191":[0,0],"192":[0,0],"193":[17,8],"194":[0,122],"195":[12,110],"196":[12,110],"197":[122,76],"198":[0,0],"199":[12,0],"200":[0,0],"201":[0,0],"202":[0,0],"203":[0,0],"204":[0,0],"205":[0,0],"206":[2,5],"207":[0,5],"208":[4,1],"209":[1,3],"210":[0,1],"211":[0,0],"212":[0,0],"213":[0,0],"214":[0,0],"215":[0,0],"216":[0,0],"217":[0,0],"218":[0,0],"219":[0,0],"220":[0,0],"221":[0,0],"222":[0,0],"223":[0,0],"224":[0,0],"225":[0,0],"226":[0,0],"227":[0,0],"228":[0,0],"229":[0,0],"230":[0,0],"231":[0,0],"232":[0,0],"233":[0,0],"234":[0,0],"235":[0,0],"236":[0,0],"237":[0,0],"238":[0,0],"239":[0,0],"240":[0,0],"241":[0,0],"242":[0,0],"243":[0,0],"244":[0,0],"245":[0,0],"246":[0,0],"247":[0,0],"248":[0,0],"249":[0,0],"250":[0,0],"251":[0,0],"252":[0,0],"253":[0,0],"254":[0,0],"255":[0,0],"256":[0,0],"257":[0,0],"258":[0,0],"259":[0,0],"260":[0,0],"261":[0,0],"262":[0,0],"263":[0,0],"264":[0,0],"265":[11,53],"266":[14,50],"267":[17,63],"268":[40,40],"269":[0,1],"270":[0,1],"271":[0,0],"272":[0,1],"273":[1,0],"274":[0,1],"275":[0,1],"276":[0,4],"277":[0,4],"278":[0,0],"279":[0,4],"280":[0,4],"281":[0,4],"282":[4,0],"283":[0,1],"284":[0,1],"285":[0,4],"286":[0,4],"287":[0,18],"288":[8,27],"289":[16,19],"290":[1,34],"291":[1,0],"292":[4,31],"293":[4,0],"294":[6,12],"295":[0,17],"296":[0,0],"297":[4,13],"298":[3,1],"299":[9,4],"300":[0,6],"301":[6,6],"302":[2,4],"303":[2,0],"304":[4,0],"305":[0,6],"306":[6,0],"307":[0,0],"308":[6,0],"309":[6,6],"310":[0,6],"311":[2,4],"312":[0,0],"313":[0,0],"314":[0,0],"315":[0,0],"316":[0,0],"317":[0,0],"318":[0,0],"319":[0,0],"320":[0,0],"321":[0,0],"322":[0,0],"323":[0,0],"324":[0,0],"325":[0,0],"326":[66,40],"327":[66,64],"328":[32,78],"329":[36,24],"330":[6,18],"331":[24,12],"332":[6,12],"333":[18,6,6],"334":[6,6],"335":[0,6],"336":[6,0],"337":[18,0],"338":[0,0],"339":[0,36],"340":[0,8],"341":[2,6],"342":[8,2],"343":[6,0],"344":[0,0],"345":[6,0],"346":[6,0],"347":[0,6],"348":[6,0],"349":[6,0],"350":[0,0],"351":[0,0],"352":[0,0],"353":[0,0],"354":[0,0],"355":[0,0],"356":[0,6],"357":[0,6],"358":[0,6],"359":[0,0],"360":[0,0],"361":[0,0],"362":[0,0],"363":[0,0],"364":[0,6],"365":[0,0],"366":[0,0],"367":[0,0],"368":[8,4],"369":[2,2,2,2],"370":[2,4],"371":[18,12],"372":[6,6,0,6],"373":[6,0],"374":[7,4],"375":[0,4],"376":[4,0],"377":[0,0],"378":[0,0],"379":[0,0],"380":[6,2],"381":[6,4],"382":[2,2,2],"383":[2,0],"384":[2,0],"385":[19,46],"386":[14,10],"387":[16,16],"388":[16,0],"389":[16,0,0,0],"390":[0,16],"391":[0,16],"392":[16,16],"393":[0,16],"394":[0,16],"395":[16,16,16,16,16],"396":[0,16],"397":[0,34],"398":[34,0],"399":[34,0],"400":[6,6],"401":[6,6],"402":[0,6],"403":[6,0],"404":[6,0],"405":[0,6],"406":[0,6],"407":[0,6],"408":[6,6],"409":[0,6],"410":[0,0],"411":[0,0],"412":[0,0,0],"413":[1,1]},"f":{"1":2,"2":2,"3":2,"4":2,"5":1265,"6":2,"7":4,"8":2,"9":2,"10":4,"11":2,"12":2,"13":2,"14":0,"15":2,"16":38,"17":1,"18":17,"19":4,"20":48,"21":1,"22":5,"23":1,"24":1,"25":2,"26":11,"27":10,"28":4,"29":8,"30":1,"31":0,"32":2,"33":2,"34":4,"35":17,"36":16,"37":68,"38":0,"39":0,"40":32,"41":36,"42":139,"43":298,"44":223,"45":24,"46":24,"47":157,"48":439,"49":1721,"50":20,"51":105,"52":293,"53":31,"54":111,"55":42,"56":2,"57":2,"58":2,"59":172,"60":25,"61":0,"62":0,"63":2,"64":24,"65":36,"66":0,"67":24,"68":0,"69":0,"70":0,"71":54,"72":0,"73":0,"74":0,"75":0,"76":0,"77":0,"78":0,"79":0,"80":0,"81":0,"82":0,"83":0,"84":18,"85":0,"86":18,"87":0,"88":0,"89":0,"90":0,"91":0,"92":57,"93":25,"94":0,"95":0,"96":0,"97":0,"98":27,"99":25,"100":0,"101":0,"102":0,"103":0,"104":25,"105":122,"106":0,"107":12,"108":3,"109":9,"110":0,"111":7,"112":0,"113":0,"114":0,"115":0,"116":0,"117":0,"118":0,"119":0,"120":0,"121":0,"122":0,"123":0,"124":0,"125":0,"126":0,"127":0,"128":0,"129":0,"130":0,"131":0,"132":64,"133":80,"134":1,"135":4,"136":1,"137":4,"138":18,"139":18,"140":6,"141":0,"142":0,"143":66,"144":110,"145":60,"146":36,"147":8,"148":0,"149":0,"150":0,"151":6,"152":0,"153":0,"154":0,"155":6,"156":6,"157":6,"158":0,"159":0,"160":0,"161":0,"162":0,"163":6,"164":6,"165":6,"166":6,"167":0,"168":0,"169":10,"170":2,"171":8,"172":6,"173":39,"174":64,"175":42,"176":6,"177":18,"178":0,"179":11,"180":0,"181":0,"182":0,"183":0,"184":0,"185":0,"186":0,"187":6,"188":6,"189":2,"190":6,"191":2,"192":8,"193":2,"194":4,"195":12,"196":19,"197":8,"198":65,"199":24,"200":5,"201":16,"202":32,"203":16,"204":16,"205":16,"206":0,"207":16,"208":0,"209":16,"210":34,"211":34,"212":6,"213":6,"214":24,"215":6,"216":6,"217":6,"218":6,"219":6,"220":0,"221":0,"222":0,"223":0,"224":0,"225":2},"fnMap":{"1":{"name":"(anonymous_1)","line":33,"loc":{"start":{"line":33,"column":1},"end":{"line":33,"column":13}}},"2":{"name":"(anonymous_2)","line":40,"loc":{"start":{"line":40,"column":5},"end":{"line":40,"column":17}}},"3":{"name":"(anonymous_3)","line":44,"loc":{"start":{"line":44,"column":24},"end":{"line":44,"column":36}}},"4":{"name":"(anonymous_4)","line":68,"loc":{"start":{"line":68,"column":5},"end":{"line":68,"column":17}}},"5":{"name":"(anonymous_5)","line":69,"loc":{"start":{"line":69,"column":28},"end":{"line":69,"column":55}}},"6":{"name":"(anonymous_6)","line":88,"loc":{"start":{"line":88,"column":30},"end":{"line":88,"column":42}}},"7":{"name":"(anonymous_7)","line":94,"loc":{"start":{"line":94,"column":52},"end":{"line":94,"column":67}}},"8":{"name":"(anonymous_8)","line":100,"loc":{"start":{"line":100,"column":30},"end":{"line":100,"column":62}}},"9":{"name":"(anonymous_9)","line":104,"loc":{"start":{"line":104,"column":53},"end":{"line":104,"column":72}}},"10":{"name":"(anonymous_10)","line":112,"loc":{"start":{"line":112,"column":35},"end":{"line":112,"column":72}}},"11":{"name":"(anonymous_11)","line":144,"loc":{"start":{"line":144,"column":35},"end":{"line":144,"column":72}}},"12":{"name":"(anonymous_12)","line":155,"loc":{"start":{"line":155,"column":29},"end":{"line":155,"column":48}}},"13":{"name":"(anonymous_13)","line":161,"loc":{"start":{"line":161,"column":39},"end":{"line":161,"column":56}}},"14":{"name":"(anonymous_14)","line":167,"loc":{"start":{"line":167,"column":64},"end":{"line":167,"column":79}}},"15":{"name":"(anonymous_15)","line":184,"loc":{"start":{"line":184,"column":36},"end":{"line":184,"column":55}}},"16":{"name":"(anonymous_16)","line":191,"loc":{"start":{"line":191,"column":36},"end":{"line":191,"column":64}}},"17":{"name":"(anonymous_17)","line":197,"loc":{"start":{"line":197,"column":51},"end":{"line":197,"column":63}}},"18":{"name":"(anonymous_18)","line":204,"loc":{"start":{"line":204,"column":27},"end":{"line":204,"column":39}}},"19":{"name":"(anonymous_19)","line":237,"loc":{"start":{"line":237,"column":40},"end":{"line":237,"column":52}}},"20":{"name":"(anonymous_20)","line":256,"loc":{"start":{"line":256,"column":60},"end":{"line":256,"column":79}}},"21":{"name":"(anonymous_21)","line":267,"loc":{"start":{"line":267,"column":36},"end":{"line":267,"column":48}}},"22":{"name":"(anonymous_22)","line":276,"loc":{"start":{"line":276,"column":24},"end":{"line":276,"column":47}}},"23":{"name":"(anonymous_23)","line":284,"loc":{"start":{"line":284,"column":59},"end":{"line":284,"column":82}}},"24":{"name":"(anonymous_24)","line":289,"loc":{"start":{"line":289,"column":59},"end":{"line":289,"column":82}}},"25":{"name":"(anonymous_25)","line":298,"loc":{"start":{"line":298,"column":24},"end":{"line":298,"column":36}}},"26":{"name":"(anonymous_26)","line":308,"loc":{"start":{"line":308,"column":59},"end":{"line":308,"column":76}}},"27":{"name":"(anonymous_27)","line":326,"loc":{"start":{"line":326,"column":38},"end":{"line":326,"column":62}}},"28":{"name":"(anonymous_28)","line":334,"loc":{"start":{"line":334,"column":35},"end":{"line":334,"column":47}}},"29":{"name":"(anonymous_29)","line":340,"loc":{"start":{"line":340,"column":39},"end":{"line":340,"column":56}}},"30":{"name":"(anonymous_30)","line":358,"loc":{"start":{"line":358,"column":48},"end":{"line":358,"column":60}}},"31":{"name":"(anonymous_31)","line":362,"loc":{"start":{"line":362,"column":54},"end":{"line":362,"column":66}}},"32":{"name":"(anonymous_32)","line":392,"loc":{"start":{"line":392,"column":35},"end":{"line":392,"column":54}}},"33":{"name":"(anonymous_33)","line":399,"loc":{"start":{"line":399,"column":37},"end":{"line":399,"column":56}}},"34":{"name":"(anonymous_34)","line":406,"loc":{"start":{"line":406,"column":41},"end":{"line":406,"column":65}}},"35":{"name":"(anonymous_35)","line":414,"loc":{"start":{"line":414,"column":38},"end":{"line":414,"column":69}}},"36":{"name":"(anonymous_36)","line":423,"loc":{"start":{"line":423,"column":35},"end":{"line":423,"column":63}}},"37":{"name":"(anonymous_37)","line":429,"loc":{"start":{"line":429,"column":39},"end":{"line":429,"column":62}}},"38":{"name":"(anonymous_38)","line":497,"loc":{"start":{"line":497,"column":69},"end":{"line":497,"column":86}}},"39":{"name":"(anonymous_39)","line":515,"loc":{"start":{"line":515,"column":58},"end":{"line":515,"column":71}}},"40":{"name":"(anonymous_40)","line":519,"loc":{"start":{"line":519,"column":54},"end":{"line":519,"column":69}}},"41":{"name":"(anonymous_41)","line":541,"loc":{"start":{"line":541,"column":30},"end":{"line":541,"column":45}}},"42":{"name":"(anonymous_42)","line":550,"loc":{"start":{"line":550,"column":42},"end":{"line":550,"column":78}}},"43":{"name":"(anonymous_43)","line":556,"loc":{"start":{"line":556,"column":24},"end":{"line":556,"column":43}}},"44":{"name":"(anonymous_44)","line":572,"loc":{"start":{"line":572,"column":49},"end":{"line":572,"column":68}}},"45":{"name":"(anonymous_45)","line":582,"loc":{"start":{"line":582,"column":29},"end":{"line":582,"column":44}}},"46":{"name":"(anonymous_46)","line":588,"loc":{"start":{"line":588,"column":32},"end":{"line":588,"column":51}}},"47":{"name":"(anonymous_47)","line":602,"loc":{"start":{"line":602,"column":25},"end":{"line":602,"column":37}}},"48":{"name":"(anonymous_48)","line":609,"loc":{"start":{"line":609,"column":38},"end":{"line":609,"column":70}}},"49":{"name":"(anonymous_49)","line":615,"loc":{"start":{"line":615,"column":42},"end":{"line":615,"column":57}}},"50":{"name":"(anonymous_50)","line":644,"loc":{"start":{"line":644,"column":36},"end":{"line":644,"column":53}}},"51":{"name":"(anonymous_51)","line":655,"loc":{"start":{"line":655,"column":28},"end":{"line":655,"column":56}}},"52":{"name":"(anonymous_52)","line":660,"loc":{"start":{"line":660,"column":29},"end":{"line":660,"column":58}}},"53":{"name":"(anonymous_53)","line":678,"loc":{"start":{"line":678,"column":32},"end":{"line":678,"column":60}}},"54":{"name":"(anonymous_54)","line":686,"loc":{"start":{"line":686,"column":19},"end":{"line":686,"column":36}}},"55":{"name":"(anonymous_55)","line":711,"loc":{"start":{"line":711,"column":34},"end":{"line":711,"column":62}}},"56":{"name":"(anonymous_56)","line":721,"loc":{"start":{"line":721,"column":35},"end":{"line":721,"column":54}}},"57":{"name":"(anonymous_57)","line":733,"loc":{"start":{"line":733,"column":56},"end":{"line":733,"column":70}}},"58":{"name":"(anonymous_58)","line":743,"loc":{"start":{"line":743,"column":57},"end":{"line":743,"column":71}}},"59":{"name":"(anonymous_59)","line":759,"loc":{"start":{"line":759,"column":33},"end":{"line":759,"column":51}}},"60":{"name":"(anonymous_60)","line":813,"loc":{"start":{"line":813,"column":30},"end":{"line":813,"column":45}}},"61":{"name":"(anonymous_61)","line":816,"loc":{"start":{"line":816,"column":32},"end":{"line":816,"column":48}}},"62":{"name":"(anonymous_62)","line":822,"loc":{"start":{"line":822,"column":31},"end":{"line":822,"column":50}}},"63":{"name":"(anonymous_63)","line":836,"loc":{"start":{"line":836,"column":5},"end":{"line":836,"column":17}}},"64":{"name":"checkKey","line":841,"loc":{"start":{"line":841,"column":8},"end":{"line":841,"column":32}}},"65":{"name":"(anonymous_65)","line":862,"loc":{"start":{"line":862,"column":38},"end":{"line":862,"column":53}}},"66":{"name":"(anonymous_66)","line":868,"loc":{"start":{"line":868,"column":28},"end":{"line":868,"column":41}}},"67":{"name":"(anonymous_67)","line":874,"loc":{"start":{"line":874,"column":41},"end":{"line":874,"column":54}}},"68":{"name":"(anonymous_68)","line":880,"loc":{"start":{"line":880,"column":35},"end":{"line":880,"column":62}}},"69":{"name":"(anonymous_69)","line":897,"loc":{"start":{"line":897,"column":28},"end":{"line":897,"column":41}}},"70":{"name":"(anonymous_70)","line":905,"loc":{"start":{"line":905,"column":41},"end":{"line":905,"column":54}}},"71":{"name":"(anonymous_71)","line":915,"loc":{"start":{"line":915,"column":42},"end":{"line":915,"column":57}}},"72":{"name":"(anonymous_72)","line":939,"loc":{"start":{"line":939,"column":41},"end":{"line":939,"column":70}}},"73":{"name":"(anonymous_73)","line":945,"loc":{"start":{"line":945,"column":43},"end":{"line":945,"column":65}}},"74":{"name":"(anonymous_74)","line":951,"loc":{"start":{"line":951,"column":42},"end":{"line":951,"column":71}}},"75":{"name":"(anonymous_75)","line":979,"loc":{"start":{"line":979,"column":36},"end":{"line":979,"column":49}}},"76":{"name":"(anonymous_76)","line":1004,"loc":{"start":{"line":1004,"column":46},"end":{"line":1004,"column":75}}},"77":{"name":"(anonymous_77)","line":1029,"loc":{"start":{"line":1029,"column":36},"end":{"line":1029,"column":49}}},"78":{"name":"(anonymous_78)","line":1033,"loc":{"start":{"line":1033,"column":35},"end":{"line":1033,"column":48}}},"79":{"name":"(anonymous_79)","line":1043,"loc":{"start":{"line":1043,"column":41},"end":{"line":1043,"column":70}}},"80":{"name":"(anonymous_80)","line":1063,"loc":{"start":{"line":1063,"column":42},"end":{"line":1063,"column":71}}},"81":{"name":"(anonymous_81)","line":1080,"loc":{"start":{"line":1080,"column":41},"end":{"line":1080,"column":70}}},"82":{"name":"(anonymous_82)","line":1099,"loc":{"start":{"line":1099,"column":41},"end":{"line":1099,"column":70}}},"83":{"name":"(anonymous_83)","line":1110,"loc":{"start":{"line":1110,"column":41},"end":{"line":1110,"column":70}}},"84":{"name":"createModifierFunction","line":1122,"loc":{"start":{"line":1122,"column":8},"end":{"line":1122,"column":50}}},"85":{"name":"(anonymous_85)","line":1123,"loc":{"start":{"line":1123,"column":19},"end":{"line":1123,"column":48}}},"86":{"name":"(anonymous_86)","line":1141,"loc":{"start":{"line":1141,"column":55},"end":{"line":1141,"column":75}}},"87":{"name":"(anonymous_87)","line":1144,"loc":{"start":{"line":1144,"column":33},"end":{"line":1144,"column":61}}},"88":{"name":"(anonymous_88)","line":1150,"loc":{"start":{"line":1150,"column":34},"end":{"line":1150,"column":50}}},"89":{"name":"(anonymous_89)","line":1153,"loc":{"start":{"line":1153,"column":49},"end":{"line":1153,"column":63}}},"90":{"name":"(anonymous_90)","line":1173,"loc":{"start":{"line":1173,"column":34},"end":{"line":1173,"column":47}}},"91":{"name":"(anonymous_91)","line":1185,"loc":{"start":{"line":1185,"column":56},"end":{"line":1185,"column":69}}},"92":{"name":"(anonymous_92)","line":1203,"loc":{"start":{"line":1203,"column":38},"end":{"line":1203,"column":60}}},"93":{"name":"areThingsEqual","line":1242,"loc":{"start":{"line":1242,"column":8},"end":{"line":1242,"column":40}}},"94":{"name":"(anonymous_94)","line":1285,"loc":{"start":{"line":1285,"column":31},"end":{"line":1285,"column":53}}},"95":{"name":"(anonymous_95)","line":1305,"loc":{"start":{"line":1305,"column":32},"end":{"line":1305,"column":54}}},"96":{"name":"(anonymous_96)","line":1325,"loc":{"start":{"line":1325,"column":32},"end":{"line":1325,"column":54}}},"97":{"name":"(anonymous_97)","line":1333,"loc":{"start":{"line":1333,"column":34},"end":{"line":1333,"column":53}}},"98":{"name":"(anonymous_98)","line":1352,"loc":{"start":{"line":1352,"column":32},"end":{"line":1352,"column":54}}},"99":{"name":"matchQueryPart","line":1358,"loc":{"start":{"line":1358,"column":12},"end":{"line":1358,"column":80}}},"100":{"name":"(anonymous_100)","line":1376,"loc":{"start":{"line":1376,"column":59},"end":{"line":1376,"column":74}}},"101":{"name":"(anonymous_101)","line":1403,"loc":{"start":{"line":1403,"column":42},"end":{"line":1403,"column":58}}},"102":{"name":"(anonymous_102)","line":1406,"loc":{"start":{"line":1406,"
[...]
olumn":95},"skip":true},"48":{"start":{"line":201,"column":20},"end":{"line":201,"column":42},"skip":true},"49":{"start":{"line":202,"column":20},"end":{"line":202,"column":50},"skip":true},"50":{"start":{"line":204,"column":20},"end":{"line":204,"column":84},"skip":true},"51":{"start":{"line":205,"column":20},"end":{"line":205,"column":94},"skip":true},"52":{"start":{"line":207,"column":16},"end":{"line":207,"column":22},"skip":true},"53":{"start":{"line":209,"column":16},"end":{"line":209,"column":70},"skip":true},"54":{"start":{"line":210,"column":16},"end":{"line":215,"column":17},"skip":true},"55":{"start":{"line":212,"column":20},"end":{"line":212,"column":74},"skip":true},"56":{"start":{"line":214,"column":20},"end":{"line":214,"column":89},"skip":true},"57":{"start":{"line":219,"column":8},"end":{"line":225,"column":11}},"58":{"start":{"line":220,"column":12},"end":{"line":224,"column":15}},"59":{"start":{"line":223,"column":16},"end":{"line":223,"column":63}},"60":{"start":{"line":226,"column":8},"end":{"line":226,"column":14}},"61":{"start":{"line":234,"column":8},"end":{"line":234,"column":31},"skip":true},"62":{"start":{"line":236,"column":8},"end":{"line":236,"column":33},"skip":true},"63":{"start":{"line":237,"column":8},"end":{"line":237,"column":37},"skip":true},"64":{"start":{"line":238,"column":8},"end":{"line":238,"column":37},"skip":true},"65":{"start":{"line":239,"column":8},"end":{"line":239,"column":35},"skip":true},"66":{"start":{"line":242,"column":8},"end":{"line":351,"column":2},"skip":true},"67":{"start":{"line":353,"column":8},"end":{"line":365,"column":15},"skip":true},"68":{"start":{"line":356,"column":16},"end":{"line":356,"column":31},"skip":true},"69":{"start":{"line":357,"column":16},"end":{"line":364,"column":17},"skip":true},"70":{"start":{"line":359,"column":20},"end":{"line":359,"column":44},"skip":true},"71":{"start":{"line":361,"column":20},"end":{"line":361,"column":37},"skip":true},"72":{"start":{"line":363,"column":20},"end":{"line":363,"column":35},"skip":true},"73":{"start":{"line":366,"column":8},"end":{"line":368,"column":9},"skip":true},"74":{"start":{"line":367,"column":12},"end":{"line":367,"column":18},"skip":true},"75":{"start":{"line":369,"column":8},"end":{"line":372,"column":9},"skip":true},"76":{"start":{"line":370,"column":12},"end":{"line":370,"column":84},"skip":true},"77":{"start":{"line":373,"column":8},"end":{"line":376,"column":10},"skip":true},"78":{"start":{"line":378,"column":8},"end":{"line":380,"column":9},"skip":true},"79":{"start":{"line":379,"column":12},"end":{"line":379,"column":18},"skip":true},"80":{"start":{"line":382,"column":8},"end":{"line":382,"column":67},"skip":true},"81":{"start":{"line":383,"column":8},"end":{"line":394,"column":36},"skip":true},"82":{"start":{"line":384,"column":12},"end":{"line":393,"column":13},"skip":true},"83":{"start":{"line":389,"column":16},"end":{"line":389,"column":75},"skip":true},"84":{"start":{"line":390,"column":16},"end":{"line":390,"column":22},"skip":true},"85":{"start":{"line":392,"column":16},"end":{"line":392,"column":31},"skip":true},"86":{"start":{"line":397,"column":8},"end":{"line":399,"column":9},"skip":true},"87":{"start":{"line":398,"column":12},"end":{"line":398,"column":82},"skip":true},"88":{"start":{"line":400,"column":8},"end":{"line":400,"column":14},"skip":true}},"branchMap":{"1":{"line":121,"type":"binary-expr","locations":[{"start":{"line":121,"column":23},"end":{"line":121,"column":62}},{"start":{"line":122,"column":20},"end":{"line":122,"column":70}},{"start":{"line":123,"column":20},"end":{"line":123,"column":71}},{"start":{"line":124,"column":20},"end":{"line":124,"column":29}}]},"2":{"line":126,"type":"binary-expr","locations":[{"start":{"line":126,"column":23},"end":{"line":126,"column":37}},{"start":{"line":127,"column":20},"end":{"line":127,"column":61}},{"start":{"line":128,"column":20},"end":{"line":128,"column":70}},{"start":{"line":129,"column":20},"end":{"line":129,"column":26}}]},"3":{"line":134,"type":"cond-expr","locations":[{"start":{"line":135,"column":14},"end":{"line":135,"column":36},"skip":true},{"start":{"line":136,"column":14},"end":{"line":138,"column":40},"skip":true}]},"4":{"line":136,"type":"cond-expr","locations":[{"start":{"line":137,"column":14},"end":{"line":137,"column":20},"skip":true},{"start":{"line":138,"column":14},"end":{"line":138,"column":40},"skip":true}]},"5":{"line":142,"type":"switch","locations":[{"start":{"line":147,"column":4},"end":{"line":226,"column":14}},{"start":{"line":232,"column":4},"end":{"line":400,"column":14},"skip":true}]},"6":{"line":154,"type":"cond-expr","locations":[{"start":{"line":155,"column":30},"end":{"line":155,"column":33}},{"start":{"line":156,"column":30},"end":{"line":156,"column":75}}]},"7":{"line":163,"type":"switch","locations":[{"start":{"line":164,"column":12},"end":{"line":171,"column":22},"skip":true},{"start":{"line":172,"column":12},"end":{"line":174,"column":22},"skip":true},{"start":{"line":175,"column":12},"end":{"line":189,"column":22},"skip":true},{"start":{"line":190,"column":12},"end":{"line":196,"column":22},"skip":true},{"start":{"line":197,"column":12},"end":{"line":207,"column":22},"skip":true},{"start":{"line":208,"column":12},"end":{"line":215,"column":17},"skip":true}]},"8":{"line":163,"type":"binary-expr","locations":[{"start":{"line":163,"column":20},"end":{"line":163,"column":25},"skip":true},{"start":{"line":163,"column":29},"end":{"line":163,"column":51},"skip":true}]},"9":{"line":180,"type":"if","locations":[{"start":{"line":180,"column":16},"end":{"line":180,"column":16},"skip":true},{"start":{"line":180,"column":16},"end":{"line":180,"column":16},"skip":true}]},"10":{"line":198,"type":"if","locations":[{"start":{"line":198,"column":16},"end":{"line":198,"column":16},"skip":true},{"start":{"line":198,"column":16},"end":{"line":198,"column":16},"skip":true}]},"11":{"line":357,"type":"switch","locations":[{"start":{"line":358,"column":16},"end":{"line":359,"column":44},"skip":true},{"start":{"line":360,"column":16},"end":{"line":361,"column":37},"skip":true},{"start":{"line":362,"column":16},"end":{"line":363,"column":35},"skip":true}]},"12":{"line":366,"type":"if","locations":[{"start":{"line":366,"column":8},"end":{"line":366,"column":8},"skip":true},{"start":{"line":366,"column":8},"end":{"line":366,"column":8},"skip":true}]},"13":{"line":378,"type":"if","locations":[{"start":{"line":378,"column":8},"end":{"line":378,"column":8},"skip":true},{"start":{"line":378,"column":8},"end":{"line":378,"column":8},"skip":true}]},"14":{"line":384,"type":"switch","locations":[{"start":{"line":385,"column":12},"end":{"line":385,"column":21},"skip":true},{"start":{"line":386,"column":12},"end":{"line":386,"column":38},"skip":true},{"start":{"line":387,"column":12},"end":{"line":387,"column":40},"skip":true},{"start":{"line":388,"column":12},"end":{"line":390,"column":22},"skip":true},{"start":{"line":391,"column":12},"end":{"line":392,"column":31},"skip":true}]},"15":{"line":397,"type":"if","locations":[{"start":{"line":397,"column":8},"end":{"line":397,"column":8},"skip":true},{"start":{"line":397,"column":8},"end":{"line":397,"column":8},"skip":true}]}},"code":["","","","","","","","","","","","","","","","","","","","","","","","","","","","","","","","","","","","","","","","","","","","","","","","","","","","","","","","","","","","","","","","","","","","","","","","","","","","","","","","","","","","/*","example.js","","this script will will demo the browser-version of nedb","","instruction","    1. save this script as example.js","    2. run the shell command:","        $ npm install \"kaizhu256/node-nedb-lite#alpha\" && export PORT=8081 && node example.js","    3. open a browser to http://localhost:8081","    4. edit or paste script in browser to eval","*/","","/* istanbul instrument in package nedb-lite */","/*jslint","    bitwise: true,","    browser: true,","    maxerr: 8,","    maxlen: 96,","    node: true,","    nomen: true,","    regexp: true,","    stupid: true","*/","(function () {","    'use strict';","    var local;","","","","    // run shared js-env code - pre-init","    (function () {","        // init local","        local = {};","        // init modeJs","        local.modeJs = (function () {","            try {","                return typeof navigator.userAgent === 'string' &&","                    typeof document.querySelector('body') === 'object' &&","                    typeof XMLHttpRequest.prototype.open === 'function' &&","                    'browser';","            } catch (errorCaughtBrowser) {","                return module.exports &&","                    typeof process.versions.node === 'string' &&","                    typeof require('http').createServer === 'function' &&","                    'node';","            }","        }());","        /* istanbul ignore next */","        // re-init local","        local = local.modeJs === 'browser'","            ? window.nedb_lite.local","            : module.isRollup","            ? module","            : module.moduleExports.local;","        // export local","        local.global.local = local;","    }());","    switch (local.modeJs) {","","","","    // run browser js-env code - post-init","    case 'browser':","        ['error', 'log'].forEach(function (key) {","            console['_' + key] = console[key];","            console[key] = function () {","                console['_' + key].apply(console, arguments);","                document.querySelector('#outputTextarea1').value +=","                    Array.prototype.slice.call(arguments).map(function (arg) {","                        return typeof arg === 'string'","                            ? arg","                            : local.nedb.jsonStringifyOrdered(arg, null, 4);","                    }).join(' ') + '\\n';","            };","        });","        /* istanbul ignore next */","        local.testRun = function (event) {","            var reader, tmp;","            switch (event && event.currentTarget.id) {","            case 'nedbExportButton1':","                tmp = window.URL.createObjectURL(new window.Blob([local.nedb.dbExport()]));","                document.querySelector('#nedbExportA1').href = tmp;","                document.querySelector('#nedbExportA1').click();","                setTimeout(function () {","                    window.URL.revokeObjectURL(tmp);","                }, 30000);","                break;","            case 'nedbImportButton1':","                document.querySelector('#nedbImportInput1').click();","                break;","            case 'nedbImportInput1':","                document.querySelector('#outputTextarea1').value = '';","                console.log('importing nedb-database ...');","                reader = new window.FileReader();","                tmp = document.querySelector('#nedbImportInput1').files[0];","                if (!tmp) {","                    return;","                }","                reader.addEventListener('load', function () {","                    local.nedb.dbImport(reader.result, function () {","                        console.log('... imported nedb-database');","                    });","                });","                reader.readAsText(tmp);","                break;","            case 'nedbResetButton1':","                document.querySelector('#outputTextarea1').value = '';","                console.log('resetting nedb-database ...');","                local.nedb.dbReset(function () {","                    console.log('... resetted nedb-database');","                });","                break;","            case 'testRunButton1':","                if (document.querySelector('.testReportDiv').style.display === 'none') {","                    document.querySelector('.testReportDiv').style.display = 'block';","                    document.querySelector('#testRunButton1').innerText = 'hide internal test';","                    local.modeTest = true;","                    local.utility2.testRun(local);","                } else {","                    document.querySelector('.testReportDiv').style.display = 'none';","                    document.querySelector('#testRunButton1').innerText = 'run internal test';","                }","                break;","            default:","                document.querySelector('#outputTextarea1').value = '';","                try {","                    /*jslint evil: true*/","                    eval(document.querySelector('#inputTextarea1').value);","                } catch (errorCaught) {","                    document.querySelector('#outputTextarea1').value = errorCaught.stack;","                }","            }","        };","        // init event-handling","        ['change', 'click'].forEach(function (event) {","            Array.prototype.slice.call(","                document.querySelectorAll('.on' + event)","            ).forEach(function (element) {","                element.addEventListener(event, local.testRun);","            });","        });","        break;","","","","    /* istanbul ignore next */","    // run node js-env code - post-init","    case 'node':","        // export local","        module.exports = local;","        // require modules","        local.fs = require('fs');","        local.http = require('http');","        local.path = require('path');","        local.url = require('url');","        // init assets","        /* jslint-ignore-begin */","        local.templateIndexHtml = '\\","<!doctype html>\\n\\","<html lang=\"en\">\\n\\","<head>\\n\\","<meta charset=\"UTF-8\">\\n\\","<meta name=\"viewport\" content=\"width=device-width, initial-scale=1\">\\n\\","<title>\\n\\","{{envDict.npm_package_name}} v{{envDict.npm_package_version}}\\n\\","</title>\\n\\","<style>\\n\\","/*csslint\\n\\","    box-sizing: false,\\n\\","    ids: false,\\n\\","    universal-selector: false\\n\\","*/\\n\\","* {\\n\\","    box-sizing: border-box;\\n\\","}\\n\\","body {\\n\\","    background-color: #fff;\\n\\","    font-family: Arial, Helvetica, sans-serif;\\n\\","}\\n\\","body > * {\\n\\","    margin-bottom: 1rem;\\n\\","}\\n\\","body > button {\\n\\","    width: 15rem;\\n\\","}\\n\\","textarea {\\n\\","    font-family: monospace;\\n\\","    height: 16rem;\\n\\","    width: 100%;\\n\\","}\\n\\","textarea[readonly] {\\n\\","    background-color: #ddd;\\n\\","}\\n\\",".zeroPixel {\\n\\","    border: 0;\\n\\","    height: 0;\\n\\","    margin: 0;\\n\\","    padding: 0;\\n\\","    width: 0;\\n\\","}\\n\\","</style>\\n\\","</head>\\n\\","<body>\\n\\","    <h1>\\n\\","\\n\\","        <a\\n\\","            {{#if envDict.npm_package_homepage}}\\n\\","            href=\"{{envDict.npm_package_homepage}}\"\\n\\","            {{/if envDict.npm_package_homepage}}\\n\\","            target=\"_blank\"\\n\\","        >\\n\\","\\n\\","            {{envDict.npm_package_name}} v{{envDict.npm_package_version}}\\n\\","\\n\\","        </a>\\n\\","\\n\\","    </h1>\\n\\","    <h3>{{envDict.npm_package_description}}</h3>\\n\\","\\n\\","    <h4><a download href=\"assets.app.js\">download standalone app</a></h4>\\n\\","    <button class=\"onclick\" id=\"testRunButton1\">run internal test</button><br>\\n\\","    <div class=\"testReportDiv\" style=\"display: none;\"></div>\\n\\","\\n\\","\\n\\","    <button class=\"onclick\" id=\"nedbResetButton1\">reset nedb-database</button><br>\\n\\","    <button class=\"onclick\" id=\"nedbExportButton1\">save nedb-database to file</button><br>\\n\\","    <a download=\"nedb.persistence.json\" href=\"\" id=\"nedbExportA1\"></a>\\n\\","    <button class=\"onclick\" id=\"nedbImportButton1\">load nedb-database from file</button><br>\\n\\","    <input class=\"onchange zeroPixel\" type=\"file\" id=\"nedbImportInput1\">\\n\\","    <label>edit or paste script below to\\n\\","        <a\\n\\","            href=\"https://kaizhu256.github.io/node-nedb-lite/build/doc.api.html\"\\n\\","            target=\"_blank\"\\n\\","        >eval</a>\\n\\","    </label>\\n\\","<textarea id=\"inputTextarea1\">\\n\\","window.table1 = window.nedb_lite.dbTableCreate({ name: \"table1\" });\\n\\","table1.crudInsertMany([{ field1: \"hello\", field2: \"world\"}], function () {\\n\\","    console.log();\\n\\","    console.log(table1.dbTableExport());\\n\\","});\\n\\","\\n\\","window.table2 = window.nedb_lite.dbTableCreate({ name: \"table2\" });\\n\\","table2.crudInsertMany([{ field1: \"hello\", field2: \"world\"}], function () {\\n\\","    console.log();\\n\\","    console.log(table2.dbTableExport());\\n\\","});\\n\\","</textarea>\\n\\","    <button class=\"onclick\" id=\"nedbEvalButton1\">eval script</button><br>\\n\\","    <label>stderr and stdout</label>\\n\\","    <textarea id=\"outputTextarea1\" readonly></textarea>\\n\\","\\n\\","    {{#if isRollup}}\\n\\","    <script src=\"assets.app.min.js\"></script>\\n\\","    {{#unless isRollup}}\\n\\","\\n\\","    <script src=\"assets.utility2.rollup.js\"></script>\\n\\","    <script src=\"jsonp.utility2.stateInit?callback=window.utility2.stateInit\"></script>\\n\\","    <script src=\"assets.nedb-lite.js\"></script>\\n\\","    <script src=\"assets.example.js\"></script>\\n\\","    <script src=\"assets.test.js\"></script>\\n\\","\\n\\","    {{/if isRollup}}\\n\\","\\n\\","</body>\\n\\","</html>\\n\\","';","        /* jslint-ignore-end */","        local['/'] = local.templateIndexHtml","            .replace((/\\{\\{envDict\\.(\\w+?)\\}\\}/g), function (match0, match1) {","                // jslint-hack","                String(match0);","                switch (match1) {","                case 'npm_package_description':","                    return 'example module';","                case 'npm_package_name':","                    return 'example';","                case 'npm_package_version':","                    return '0.0.1';","                }","            });","        if (module.isRollup) {","            break;","        }","        try {","            local['/assets.example.js'] = local.fs.readFileSync(__filename, 'utf8');","        } catch (ignore) {","        }","        local['/assets.nedb-lite.js'] = local.fs.readFileSync(","            local.nedb.__dirname + '/index.js',","            'utf8'","        );","        // run the cli","        if (module !== require.main) {","            break;","        }","        // start server","        console.log('server starting on port ' + process.env.PORT);","        local.http.createServer(function (request, response) {","            switch (local.url.parse(request.url).pathname) {","            case '/':","            case '/assets.example.js':","            case '/assets.nedb-lite.js':","            case '/assets.test.js':","                response.end(local[local.url.parse(request.url).pathname]);","                break;","            default:","                response.end();","            }","        }).listen(process.env.PORT);","        // if $npm_config_timeout_exit is defined,","        // then exit this process after $npm_config_timeout_exit ms","        if (Number(process.env.npm_config_timeout_exit)) {","            setTimeout(process.exit, Number(process.env.npm_config_timeout_exit));","        }","        break;","    }","}());"],"l":{"108":2,"110":2,"115":2,"117":2,"119":2,"120":2,"121":2,"126":1,"134":2,"140":2,"142":2,"148":1,"149":2,"150":2,"151":14,"152":14,"154":14,"161":1,"162":1,"163":1,"165":1,"166":1,"167":1,"168":1,"169":1,"171":1,"173":1,"174":1,"176":1,"177":1,"178":1,"179":1,"180":1,"181":1,"183":1,"184":1,"185":1,"188":1,"189":1,"191":1,"192":1,"193":1,"194":1,"196":1,"198":1,"199":1,"200":1,"201":1,"202":1,"204":1,"205":1,"207":1,"209":1,"210":1,"212":1,"214":1,"219":1,"220":2,"223":6,"226":1,"234":1,"236":1,"237":1,"238":1,"239":1,"242":1,"353":1,"356":6,"357":6,"359":1,"361":2,"363":2,"366":1,"367":1,"369":1,"370":1,"373":1,"378":1,"379":1,"382":1,"383":1,"384":1,"389":1,"390":1,"392":1,"397":1,"398":1,"400":1}}}