{"/home/travis/build/kaizhu256/node-nedb-lite/test.js":{"path":"/home/travis/build/kaizhu256/node-nedb-lite/test.js","s":{"1":2,"2":2,"3":2,"4":2,"5":2,"6":2,"7":2,"8":2,"9":1,"10":2,"11":1,"12":1,"13":1,"14":1,"15":1,"16":1,"17":0,"18":0,"19":1,"20":2,"21":2,"22":8,"23":8,"24":24,"25":4,"26":2,"27":2,"28":8,"29":8,"30":8,"31":2,"32":2,"33":2,"34":2,"35":2,"36":2,"37":2,"38":2,"39":2,"40":2,"41":2,"42":2,"43":2,"44":2,"45":2,"46":2,"47":2,"48":2,"49":2,"50":2,"51":2,"52":2,"53":2,"54":2,"55":2,"56":2,"57":2,"58":2,"59":2,"60":2,"61":2,"62":2,"63":2,"64":2,"65":2,"66":2,"67":2,"68":2,"69":2,"70":6,"71":2,"72":2,"73":2,"74":2,"75":2,"76":2,"77":2,"78":2,"79":2,"80":2,"81":2,"82":2,"83":2,"84":2,"85":2,"86":2,"87":2,"88":2,"89":2,"90":2,"91":2,"92":2,"93":2,"94":2,"95":2,"96":2,"97":2,"98":2,"99":2,"100":4,"101":4,"102":12,"103":4,"104":4,"105":4,"106":4,"107":4,"108":4,"109":4,"110":4,"111":2,"112":2,"113":2,"114":10,"115":2,"116":2,"117":2,"118":2,"119":2,"120":2,"121":2,"122":2,"123":2,"124":2,"125":2,"126":2,"127":2,"128":2,"129":2,"130":42,"131":2,"132":2,"133":2,"134":2,"135":2,"136":2,"137":2,"138":2,"139":1,"140":1,"141":1,"142":1,"143":1,"144":1,"145":1,"146":1,"147":10,"148":10,"149":10,"150":10,"151":10,"152":8,"153":8,"154":8,"155":10,"156":1,"157":1,"158":1,"159":1,"160":3,"161":1,"162":1,"163":6,"164":18,"165":1,"166":1,"167":1,"168":1,"169":1,"170":1,"171":1,"172":1,"173":1,"174":1,"175":1,"176":2,"177":2,"178":2,"179":1,"180":1,"181":1,"182":1,"183":1,"184":0,"185":1,"186":6,"187":1,"188":1,"189":4,"190":1,"191":1},"b":{"1":[2,1,1,1],"2":[1,1,1,1],"3":[1,1],"4":[1,1],"5":[0,1],"6":[4,20],"7":[2,2,2],"8":[4,4,4],"9":[4,4],"10":[2,2,2,2,2],"11":[1],"12":[1,8,8],"13":[10,9],"14":[1,1,1],"15":[1,1],"16":[1,1],"17":[0,1],"18":[1,1],"19":[1,1,4]},"f":{"1":2,"2":2,"3":2,"4":8,"5":24,"6":2,"7":8,"8":2,"9":2,"10":2,"11":2,"12":2,"13":2,"14":2,"15":6,"16":2,"17":2,"18":4,"19":12,"20":2,"21":10,"22":2,"23":42,"24":2,"25":1,"26":1,"27":10,"28":10,"29":1,"30":3,"31":6,"32":18,"33":1,"34":2,"35":6},"fnMap":{"1":{"name":"(anonymous_1)","line":12,"loc":{"start":{"line":12,"column":1},"end":{"line":12,"column":13}}},"2":{"name":"(anonymous_2)","line":19,"loc":{"start":{"line":19,"column":5},"end":{"line":19,"column":17}}},"3":{"name":"(anonymous_3)","line":25,"loc":{"start":{"line":25,"column":24},"end":{"line":25,"column":36}}},"4":{"name":"(anonymous_4)","line":65,"loc":{"start":{"line":65,"column":18},"end":{"line":65,"column":33}}},"5":{"name":"(anonymous_5)","line":71,"loc":{"start":{"line":71,"column":22},"end":{"line":71,"column":38}}},"6":{"name":"(anonymous_6)","line":82,"loc":{"start":{"line":82,"column":5},"end":{"line":82,"column":17}}},"7":{"name":"(anonymous_7)","line":83,"loc":{"start":{"line":83,"column":38},"end":{"line":83,"column":67}}},"8":{"name":"(anonymous_8)","line":93,"loc":{"start":{"line":93,"column":44},"end":{"line":93,"column":72}}},"9":{"name":"(anonymous_9)","line":105,"loc":{"start":{"line":105,"column":42},"end":{"line":105,"column":70}}},"10":{"name":"(anonymous_10)","line":130,"loc":{"start":{"line":130,"column":42},"end":{"line":130,"column":70}}},"11":{"name":"(anonymous_11)","line":139,"loc":{"start":{"line":139,"column":43},"end":{"line":139,"column":71}}},"12":{"name":"(anonymous_12)","line":152,"loc":{"start":{"line":152,"column":37},"end":{"line":152,"column":49}}},"13":{"name":"(anonymous_13)","line":153,"loc":{"start":{"line":153,"column":47},"end":{"line":153,"column":59}}},"14":{"name":"(anonymous_14)","line":165,"loc":{"start":{"line":165,"column":50},"end":{"line":165,"column":78}}},"15":{"name":"(anonymous_15)","line":172,"loc":{"start":{"line":172,"column":43},"end":{"line":172,"column":66}}},"16":{"name":"(anonymous_16)","line":190,"loc":{"start":{"line":190,"column":47},"end":{"line":190,"column":75}}},"17":{"name":"(anonymous_17)","line":205,"loc":{"start":{"line":205,"column":45},"end":{"line":205,"column":73}}},"18":{"name":"(anonymous_18)","line":223,"loc":{"start":{"line":223,"column":48},"end":{"line":223,"column":76}}},"19":{"name":"(anonymous_19)","line":230,"loc":{"start":{"line":230,"column":43},"end":{"line":230,"column":66}}},"20":{"name":"(anonymous_20)","line":250,"loc":{"start":{"line":250,"column":50},"end":{"line":250,"column":78}}},"21":{"name":"(anonymous_21)","line":257,"loc":{"start":{"line":257,"column":43},"end":{"line":257,"column":66}}},"22":{"name":"(anonymous_22)","line":285,"loc":{"start":{"line":285,"column":46},"end":{"line":285,"column":74}}},"23":{"name":"(anonymous_23)","line":324,"loc":{"start":{"line":324,"column":28},"end":{"line":324,"column":47}}},"24":{"name":"(anonymous_24)","line":338,"loc":{"start":{"line":338,"column":45},"end":{"line":338,"column":73}}},"25":{"name":"(anonymous_25)","line":361,"loc":{"start":{"line":361,"column":35},"end":{"line":361,"column":63}}},"26":{"name":"(anonymous_26)","line":386,"loc":{"start":{"line":386,"column":27},"end":{"line":386,"column":43}}},"27":{"name":"(anonymous_27)","line":405,"loc":{"start":{"line":405,"column":28},"end":{"line":405,"column":47}}},"28":{"name":"(anonymous_28)","line":407,"loc":{"start":{"line":407,"column":45},"end":{"line":407,"column":67}}},"29":{"name":"(anonymous_29)","line":436,"loc":{"start":{"line":436,"column":35},"end":{"line":436,"column":63}}},"30":{"name":"(anonymous_30)","line":441,"loc":{"start":{"line":441,"column":43},"end":{"line":441,"column":60}}},"31":{"name":"(anonymous_31)","line":470,"loc":{"start":{"line":470,"column":60},"end":{"line":470,"column":75}}},"32":{"name":"(anonymous_32)","line":477,"loc":{"start":{"line":477,"column":33},"end":{"line":477,"column":49}}},"33":{"name":"(anonymous_33)","line":505,"loc":{"start":{"line":505,"column":41},"end":{"line":505,"column":69}}},"34":{"name":"(anonymous_34)","line":521,"loc":{"start":{"line":521,"column":5},"end":{"line":521,"column":17}}},"35":{"name":"(anonymous_35)","line":573,"loc":{"start":{"line":573,"column":14},"end":{"line":573,"column":29}},"skip":true}},"statementMap":{"1":{"start":{"line":12,"column":0},"end":{"line":608,"column":5}},"2":{"start":{"line":14,"column":4},"end":{"line":14,"column":14}},"3":{"start":{"line":19,"column":4},"end":{"line":77,"column":9}},"4":{"start":{"line":21,"column":8},"end":{"line":21,"column":35}},"5":{"start":{"line":23,"column":8},"end":{"line":23,"column":19}},"6":{"start":{"line":25,"column":8},"end":{"line":37,"column":13}},"7":{"start":{"line":26,"column":12},"end":{"line":36,"column":13}},"8":{"start":{"line":27,"column":16},"end":{"line":30,"column":30}},"9":{"start":{"line":32,"column":16},"end":{"line":35,"column":27}},"10":{"start":{"line":38,"column":8},"end":{"line":57,"column":9}},"11":{"start":{"line":41,"column":12},"end":{"line":41,"column":33}},"12":{"start":{"line":42,"column":12},"end":{"line":42,"column":45}},"13":{"start":{"line":43,"column":12},"end":{"line":43,"column":18}},"14":{"start":{"line":46,"column":12},"end":{"line":49,"column":15}},"15":{"start":{"line":50,"column":12},"end":{"line":50,"column":72}},"16":{"start":{"line":52,"column":12},"end":{"line":55,"column":13},"skip":true},"17":{"start":{"line":53,"column":16},"end":{"line":53,"column":31},"skip":true},"18":{"start":{"line":54,"column":16},"end":{"line":54,"column":23},"skip":true},"19":{"start":{"line":56,"column":12},"end":{"line":56,"column":18}},"20":{"start":{"line":59,"column":8},"end":{"line":59,"column":69}},"21":{"start":{"line":60,"column":8},"end":{"line":76,"column":11}},"22":{"start":{"line":66,"column":12},"end":{"line":66,"column":50}},"23":{"start":{"line":67,"column":12},"end":{"line":75,"column":15}},"24":{"start":{"line":72,"column":16},"end":{"line":74,"column":17}},"25":{"start":{"line":73,"column":20},"end":{"line":73,"column":68}},"26":{"start":{"line":82,"column":4},"end":{"line":354,"column":9}},"27":{"start":{"line":83,"column":8},"end":{"line":91,"column":10}},"28":{"start":{"line":87,"column":12},"end":{"line":87,"column":73}},"29":{"start":{"line":88,"column":12},"end":{"line":88,"column":62}},"30":{"start":{"line":90,"column":12},"end":{"line":90,"column":64}},"31":{"start":{"line":93,"column":8},"end":{"line":103,"column":10}},"32":{"start":{"line":97,"column":12},"end":{"line":97,"column":25}},"33":{"start":{"line":98,"column":12},"end":{"line":98,"column":32}},"34":{"start":{"line":99,"column":12},"end":{"line":99,"column":38}},"35":{"start":{"line":100,"column":12},"end":{"line":100,"column":32}},"36":{"start":{"line":101,"column":12},"end":{"line":101,"column":38}},"37":{"start":{"line":102,"column":12},"end":{"line":102,"column":22}},"38":{"start":{"line":105,"column":8},"end":{"line":128,"column":10}},"39":{"start":{"line":109,"column":12},"end":{"line":109,"column":27}},"40":{"start":{"line":110,"column":12},"end":{"line":110,"column":60}},"41":{"start":{"line":111,"column":12},"end":{"line":111,"column":36}},"42":{"start":{"line":112,"column":12},"end":{"line":112,"column":25}},"43":{"start":{"line":113,"column":12},"end":{"line":113,"column":55}},"44":{"start":{"line":114,"column":12},"end":{"line":114,"column":64}},"45":{"start":{"line":115,"column":12},"end":{"line":115,"column":36}},"46":{"start":{"line":116,"column":12},"end":{"line":119,"column":27}},"47":{"start":{"line":120,"column":12},"end":{"line":120,"column":49}},"48":{"start":{"line":122,"column":12},"end":{"line":126,"column":36}},"49":{"start":{"line":127,"column":12},"end":{"line":127,"column":25}},"50":{"start":{"line":130,"column":8},"end":{"line":137,"column":10}},"51":{"start":{"line":135,"column":12},"end":{"line":135,"column":40}},"52":{"start":{"line":136,"column":12},"end":{"line":136,"column":82}},"53":{"start":{"line":139,"column":8},"end":{"line":163,"column":10}},"54":{"start":{"line":143,"column":12},"end":{"line":143,"column":27}},"55":{"start":{"line":145,"column":12},"end":{"line":145,"column":40}},"56":{"start":{"line":146,"column":12},"end":{"line":146,"column":60}},"57":{"start":{"line":147,"column":12},"end":{"line":147,"column":36}},"58":{"start":{"line":148,"column":12},"end":{"line":148,"column":36}},"59":{"start":{"line":150,"column":12},"end":{"line":150,"column":39}},"60":{"start":{"line":152,"column":12},"end":{"line":158,"column":15}},"61":{"start":{"line":153,"column":16},"end":{"line":156,"column":39}},"62":{"start":{"line":155,"column":20},"end":{"line":155,"column":91}},"63":{"start":{"line":157,"column":16},"end":{"line":157,"column":29}},"64":{"start":{"line":159,"column":12},"end":{"line":159,"column":36}},"65":{"start":{"line":161,"column":12},"end":{"line":161,"column":51}},"66":{"start":{"line":162,"column":12},"end":{"line":162,"column":25}},"67":{"start":{"line":165,"column":8},"end":{"line":188,"column":10}},"68":{"start":{"line":169,"column":12},"end":{"line":171,"column":15}},"69":{"start":{"line":172,"column":12},"end":{"line":185,"column":15}},"70":{"start":{"line":173,"column":16},"end":{"line":184,"column":17}},"71":{"start":{"line":175,"column":20},"end":{"line":175,"column":93}},"72":{"start":{"line":176,"column":20},"end":{"line":176,"column":26}},"73":{"start":{"line":179,"column":20},"end":{"line":179,"column":60}},"74":{"start":{"line":180,"column":20},"end":{"line":180,"column":37}},"75":{"start":{"line":181,"column":20},"end":{"line":181,"column":26}},"76":{"start":{"line":183,"column":20},"end":{"line":183,"column":35}},"77":{"start":{"line":186,"column":12},"end":{"line":186,"column":33}},"78":{"start":{"line":187,"column":12},"end":{"line":187,"column":29}},"79":{"start":{"line":190,"column":8},"end":{"line":203,"column":10}},"80":{"start":{"line":194,"column":12},"end":{"line":194,"column":25}},"81":{"start":{"line":195,"column":12},"end":{"line":195,"column":60}},"82":{"start":{"line":196,"column":12},"end":{"line":196,"column":64}},"83":{"start":{"line":198,"column":12},"end":{"line":198,"column":64}},"84":{"start":{"line":200,"column":12},"end":{"line":200,"column":33}},"85":{"start":{"line":201,"column":12},"end":{"line":201,"column":64}},"86":{"start":{"line":202,"column":12},"end":{"line":202,"column":22}},"87":{"start":{"line":205,"column":8},"end":{"line":221,"column":10}},"88":{"start":{"line":209,"column":12},"end":{"line":209,"column":27}},"89":{"start":{"line":210,"column":12},"end":{"line":210,"column":60}},"90":{"start":{"line":211,"column":12},"end":{"line":211,"column":36}},"91":{"start":{"line":212,"column":12},"end":{"line":212,"column":25}},"92":{"start":{"line":213,"column":12},"end":{"line":213,"column":58}},"93":{"start":{"line":214,"column":12},"end":{"line":214,"column":64}},"94":{"start":{"line":215,"column":12},"end":{"line":215,"column":36}},"95":{"start":{"line":216,"column":12},"end":{"line":216,"column":45}},"96":{"start":{"line":218,"column":12},"end":{"line":218,"column":36}},"97":{"start":{"line":219,"column":12},"end":{"line":219,"column":45}},"98":{"start":{"line":220,"column":12},"end":{"line":220,"column":25}},"99":{"start":{"line":223,"column":8},"end":{"line":248,"column":10}},"100":{"start":{"line":227,"column":12},"end":{"line":229,"column":15}},"101":{"start":{"line":230,"column":12},"end":{"line":245,"column":15}},"102":{"start":{"line":231,"column":16},"end":{"line":244,"column":17}},"103":{"start":{"line":233,"column":20},"end":{"line":235,"column":39}},"104":{"start":{"line":236,"column":20},"end":{"line":236,"column":26}},"105":{"start":{"line":239,"column":20},"end":{"line":239,"column":80}},"106":{"start":{"line":240,"column":20},"end":{"line":240,"column":37}},"107":{"start":{"line":241,"column":20},"end":{"line":241,"column":26}},"108":{"start":{"line":243,"column":20},"end":{"line":243,"column":35}},"109":{"start":{"line":246,"column":12},"end":{"line":246,"column":33}},"110":{"start":{"line":247,"column":12},"end":{"line":247,"column":29}},"111":{"start":{"line":250,"column":8},"end":{"line":283,"column":10}},"112":{"start":{"line":254,"column":12},"end":{"line":256,"column":15}},"113":{"start":{"line":257,"column":12},"end":{"line":280,"column":15}},"114":{"start":{"line":258,"column":16},"end":{"line":279,"column":17}},"115":{"start":{"line":260,"column":20},"end":{"line":260,"column":83}},"116":{"start":{"line":261,"column":20},"end":{"line":261,"column":26}},"117":{"start":{"line":263,"column":20},"end":{"line":265,"column":39}},"118":{"start":{"line":266,"column":20},"end":{"line":266,"column":26}},"119":{"start":{"line":268,"column":20},"end":{"line":270,"column":39}},"120":{"start":{"line":271,"column":20},"end":{"line":271,"column":26}},"121":{"start":{"line":274,"column":20},"end":{"line":274,"column":63}},"122":{"start":{"line":275,"column":20},"end":{"line":275,"column":37}},"123":{"start":{"line":276,"column":20},"end":{"line":276,"column":26}},"124":{"start":{"line":278,"column":20},"end":{"line":278,"column":41}},"125":{"start":{"line":281,"column":12},"end":{"line":281,"column":33}},"126":{"start":{"line":282,"column":12},"end":{"line":282,"column":29}},"127":{"start":{"line":285,"column":8},"end":{"line":336,"column":10}},"128":{"start":{"line":289,"column":12},"end":{"line":323,"column":14}},"129":{"start":{"line":324,"column":12},"end":{"line":334,"column":15}},"130":{"start":{"line":325,"column":16},"end":{"line":333,"column":18}},"131":{"start":{"line":335,"column":12},"end":{"line":335,"column":22}},"132":{"start":{"line":338,"column":8},"end":{"line":353,"column":10}},"133":{"start":{"line":342,"column":12},"end":{"line":342,"column":25}},"134":{"start":{"line":343,"column":12},"end":{"line":343,"column":93}},"135":{"start":{"line":344,"column":12},"end":{"line":347,"column":14}},"136":{"start":{"line":348,"column":12},"end":{"line":351,"column":14}},"137":{"start":{"line":352,"column":12},"end":{"line":352,"column":22}},"138":{"start":{"line":355,"column":4},"end":{"line":516,"column":5}},"139":{"start":{"line":361,"column":8},"end":{"line":434,"column":10}},"140":{"start":{"line":365,"column":12},"end":{"line":365,"column":27}},"141":{"start":{"line":366,"column":12},"end":{"line":366,"column":60}},"142":{"start":{"line":367,"column":12},"end":{"line":367,"column":36}},"143":{"start":{"line":368,"column":12},"end":{"line":368,"column":25}},"144":{"start":{"line":369,"column":12},"end":{"line":404,"column":15}},"145":{"start":{"line":387,"column":20},"end":{"line":389,"column":22}},"146":{"start":{"line":405,"column":12},"end":{"line":432,"column":15}},"147":{"start":{"line":406,"column":16},"end":{"line":406,"column":40}},"148":{"start":{"line":407,"column":16},"end":{"line":431,"column":19}},"149":{"start":{"line":408,"column":20},"end":{"line":408,"column":44}},"150":{"start":{"line":410,"column":20},"end":{"line":410,"column":38}},"151":{"start":{"line":411,"column":20},"end":{"line":425,"column":21}},"152":{"start":{"line":415,"column":24},"end":{"line":418,"column":26}},"153":{"start":{"line":420,"column":24},"end":{"line":423,"column":26}},"154":{"start":{"line":424,"column":24},"end":{"line":424,"column":30}},"155":{"start":{"line":426,"column":20},"end":{"line":430,"column":22}},"156":{"start":{"line":433,"column":12},"end":{"line":433,"column":25}},"157":{"start":{"line":436,"column":8},"end":{"line":503,"column":10}},"158":{"start":{"line":440,"column":12},"end":{"line":440,"column":25}},"159":{"start":{"line":441,"column":12},"end":{"line":500,"column":15}},"160":{"start":{"line":442,"column":16},"end":{"line":499,"column":17}},"161":{"start":{"line":444,"column":20},"end":{"line":469,"column":22}},"162":{"start":{"line":470,"column":20},"end":{"line":482,"column":23}},"163":{"start":{"line":471,"column":24},"end":{"line":481,"column":40}},"164":{"start":{"line":478,"column":32},"end":{"line":480,"column":55}},"165":{"start":{"line":484,"column":20},"end":{"line":488,"column":22}},"166":{"start":{"line":489,"column":20},"end":{"line":489,"column":26}},"167":{"start":{"line":491,"column":20},"end":{"line":495,"column":39}},"168":{"start":{"line":496,"column":20},"end":{"line":496,"column":26}},"169":{"start":{"line":498,"column":20},"end":{"line":498,"column":35}},"170":{"start":{"line":501,"column":12},"end":{"line":501,"column":33}},"171":{"start":{"line":502,"column":12},"end":{"line":502,"column":29}},"172":{"start":{"line":505,"column":8},"end":{"line":514,"column":10}},"173":{"start":{"line":509,"column":12},"end":{"line":512,"column":14}},"174":{"start":{"line":513,"column":12},"end":{"line":513,"column":57}},"175":{"start":{"line":515,"column":8},"end":{"line":515,"column":14}},"176":{"start":{"line":521,"column":4},"end":{"line":539,"column":9}},"177":{"start":{"line":523,"column":8},"end":{"line":538,"column":12}},"178":{"start":{"line":540,"column":4},"end":{"line":607,"column":5}},"179":{"start":{"line":547,"column":8},"end":{"line":549,"column":10}},"180":{"start":{"line":550,"column":8},"end":{"line":550,"column":14}},"181":{"start":{"line":558,"column":8},"end":{"line":558,"column":44},"skip":true},"182":{"start":{"line":560,"column":8},"end":{"line":560,"column":35},"skip":true},"183":{"start":{"line":562,"column":8},"end":{"line":564,"column":9},"skip":true},"184":{"start":{"line":563,"column":12},"end":{"line":563,"column":18},"skip":true},"185":{"start":{"line":566,"column":8},"end":{"line":603,"column":28},"skip":true},"186":{"start":{"line":574,"column":12},"end":{"line":602,"column":13},"skip":true},"187":{"start":{"line":577,"column":0},"end":{"line":589,"column":2},"skip":true},"188":{"start":{"line":592,"column":16},"end":{"line":599,"column":22},"skip":true},"189":{"start":{"line":601,"column":16},"end":{"line":601,"column":75},"skip":true},"190":{"start":{"line":604,"column":8},"end":{"line":605,"column":91},"skip":true},"191":{"start":{"line":606,"column":8},"end":{"line":606,"column":14},"skip":true}},"branchMap":{"1":{"line":27,"type":"binary-expr","locations":[{"start":{"line":27,"column":23},"end":{"line":27,"column":62}},{"start":{"line":28,"column":20},"end":{"line":28,"column":70}},{"start":{"line":29,"column":20},"end":{"line":29,"column":71}},{"start":{"line":30,"column":20},"end":{"line":30,"column":29}}]},"2":{"line":32,"type":"binary-expr","locations":[{"start":{"line":32,"column":23},"end":{"line":32,"column":37}},{"start":{"line":33,"column":20},"end":{"line":33,"column":61}},{"start":{"line":34,"column":20},"end":{"line":34,"column":70}},{"start":{"line":35,"column":20},"end":{"line":35,"column":26}}]},"3":{"line":38,"type":"switch","locations":[{"start":{"line":40,"column":8},"end":{"line":43,"column":18}},{"start":{"line":45,"column":8},"end":{"line":56,"column":18}}]},"4":{"line":46,"type":"binary-expr","locations":[{"start":{"line":46,"column":21},"end":{"line":46,"column":36}},{"start":{"line":46,"column":40},"end":{"line":46,"column":59}}]},"5":{"line":52,"type":"if","locations":[{"start":{"line":52,"column":12},"end":{"line":52,"column":12},"skip":true},{"start":{"line":52,"column":12},"end":{"line":52,"column":12},"skip":true}]},"6":{"line":72,"type":"if","locations":[{"start":{"line":72,"column":16},"end":{"line":72,"column":16}},{"start":{"line":72,"column":16},"end":{"line":72,"column":16}}]},"7":{"line":173,"type":"switch","locations":[{"start":{"line":174,"column":16},"end":{"line":176,"column":26}},{"start":{"line":177,"column":16},"end":{"line":181,"column":26}},{"start":{"line":182,"column":16},"end":{"line":183,"column":35}}]},"8":{"line":231,"type":"switch","locations":[{"start":{"line":232,"column":16},"end":{"line":236,"column":26}},{"start":{"line":237,"column":16},"end":{"line":241,"column":26}},{"start":{"line":242,"column":16},"end":{"line":243,"column":35}}]},"9":{"line":239,"type":"binary-expr","locations":[{"start":{"line":239,"column":51},"end":{"line":239,"column":55}},{"start":{"line":239,"column":59},"end":{"line":239,"column":66}}]},"10":{"line":258,"type":"switch","locations":[{"start":{"line":259,"column":16},"end":{"line":261,"column":26}},{"start":{"line":262,"column":16},"end":{"line":266,"column":26}},{"start":{"line":267,"column":16},"end":{"line":271,"column":26}},{"start":{"line":272,"column":16},"end":{"line":276,"column":26}},{"start":{"line":277,"column":16},"end":{"line":278,"column":41}}]},"11":{"line":355,"type":"switch","locations":[{"start":{"line":360,"column":4},"end":{"line":515,"column":14}}]},"12":{"line":411,"type":"switch","locations":[{"start":{"line":412,"column":20},"end":{"line":412,"column":32}},{"start":{"line":413,"column":20},"end":{"line":413,"column":31}},{"start":{"line":414,"column":20},"end":{"line":424,"column":30}}]},"13":{"line":428,"type":"binary-expr","locations":[{"start":{"line":428,"column":25},"end":{"line":428,"column":42}},{"start":{"line":428,"column":46},"end":{"line":428,"column":65}}]},"14":{"line":442,"type":"switch","locations":[{"start":{"line":443,"column":16},"end":{"line":489,"column":26}},{"start":{"line":490,"column":16},"end":{"line":496,"column":26}},{"start":{"line":497,"column":16},"end":{"line":498,"column":35}}]},"15":{"line":540,"type":"switch","locations":[{"start":{"line":545,"column":4},"end":{"line":550,"column":14}},{"start":{"line":556,"column":4},"end":{"line":606,"column":14},"skip":true}]},"16":{"line":548,"type":"binary-expr","locations":[{"start":{"line":548,"column":12},"end":{"line":548,"column":35}},{"start":{"line":548,"column":39},"end":{"line":548,"column":88}}]},"17":{"line":562,"type":"if","locations":[{"start":{"line":562,"column":8},"end":{"line":562,"column":8},"skip":true},{"start":{"line":562,"column":8},"end":{"line":562,"column":8},"skip":true}]},"18":{"line":562,"type":"binary-expr","locations":[{"start":{"line":562,"column":12},"end":{"line":562,"column":35},"skip":true},{"start":{"line":562,"column":39},"end":{"line":562,"column":54},"skip":true}]},"19":{"line":574,"type":"switch","locations":[{"start":{"line":576,"column":0},"end":{"line":589,"column":2},"skip":true},{"start":{"line":591,"column":12},"end":{"line":599,"column":22},"skip":true},{"start":{"line":600,"column":12},"end":{"line":601,"column":75},"skip":true}]}},"code":["/* istanbul instrument in package nedb-lite */","/*jslint","    bitwise: true,","    browser: true,","    maxerr: 8,","    maxlen: 96,","    node: true,","    nomen: true,","    regexp: true,","    stupid: true","*/","(function () {","    'use strict';","    var local;","","","","    // run shared js-env code - pre-init","    (function () {","        // init Error.stackTraceLimit","        Error.stackTraceLimit = 16;","        // init local","        local = {};","        // init modeJs","        local.modeJs = (function () {","            try {","                return typeof navigator.userAgent === 'string' &&","                    typeof document.querySelector('body') === 'object' &&","                    typeof XMLHttpRequest.prototype.open === 'function' &&","                    'browser';","            } catch (errorCaughtBrowser) {","                return module.exports &&","                    typeof process.versions.node === 'string' &&","                    typeof require('http').createServer === 'function' &&","                    'node';","            }","        }());","        switch (local.modeJs) {","        // re-init local from window.local","        case 'browser':","            local = window.local;","            local.utility2 = window.utility2;","            break;","        // re-init local from example.js","        case 'node':","            local = (module.utility2 || require('utility2')).requireExampleJsFromReadme({","                __dirname: __dirname,","                module: module","            });","            local.nedb = local[local.utility2.envDict.npm_package_name];","            /* istanbul ignore next */","            if (module.isRollup) {","                local = module;","                return;","            }","            break;","        }","        // require modules","        local.utility2.nedb = local.utility2.local.nedb = local.nedb;","        [","            'assert',","            'jsonStringifyOrdered',","            'onErrorDefault',","            'onNext'","        ].forEach(function (key) {","            local.utility2[key] = local.nedb[key];","            [","                'testCase_' + key + '_default',","                'testCase_' + key + '_error',","                'testCase_' + key + 'Xxx_default'","            ].forEach(function (key2) {","                if (local.utility2.testCaseDict[key2]) {","                    local[key2] = local.utility2.testCaseDict[key2];","                }","            });","        });","    }());","","","","    // run shared js-env code - function","    (function () {","        local.crudOptionsSetDefault = function (options, defaults) {","        /*","         * this function will set default-values for options","         */","            options = local.utility2.objectSetDefault(options, defaults);","            options.dbTable = local.nedb.dbTableDict.TestCrud;","            // shallow-copy options","            return local.utility2.objectSetDefault({}, options);","        };","","        local.testCase_consoleLog_default = function (options, onError) {","        /*","         * this function will test consoleLog's default handling-behavior","         */","            options = {};","            options.data = null;","            console.log(options.data);","            options.data = '\\n';","            console.log(options.data);","            onError();","        };","","        local.testCase_dbExport_default = function (options, onError) {","        /*","         * this function will test dbExport's default handling-behavior","         */","            var onParallel;","            onParallel = local.utility2.onParallel(onError);","            onParallel.counter += 1;","            options = {};","            options.name = 'testCase_dbExport_default';","            options.dbTable = local.nedb.dbTableCreate(options);","            onParallel.counter += 1;","            local.nedb.dbIndexCreate(options, {","                fieldName: 'id',","                unique: true","            }, onParallel);","            options.data = local.nedb.dbExport();","            // validate data","            local.utility2.assert(options.data.indexOf('\"testCase_dbExport_default\"\\n' +","                '{\"$$indexCreated\":{\"fieldName\":\"createdAt\",\"unique\":false,\"sparse\":false}}\\n' +","                '{\"$$indexCreated\":{\"fieldName\":\"updatedAt\",\"unique\":false,\"sparse\":false}}\\n' +","                '{\"$$indexCreated\":{\"fieldName\":\"id\",\"unique\":true,\"sparse\":false}}')","                >= 0, options.data);","            onParallel();","        };","","        local.testCase_dbImport_default = function (options, onError) {","        /*","         * this function will test dbImport's default handling-behavior","         */","            // jslint-hack","            local.utility2.nop(options);","            local.nedb.dbImport('\"testCase_dbImport_default\"\\n{\"id\":0}', onError);","        };","","        local.testCase_dbStorageXxx_misc = function (options, onError) {","        /*","         * this function will test dbStorageXxx's misc handling-behavior","         */","            var onParallel;","            // jslint-hack","            local.utility2.nop(options);","            onParallel = local.utility2.onParallel(onError);","            onParallel.counter += 1;","            onParallel.counter += 1;","            // test dbStorageInit's re-init handling-behavior","            local.nedb.dbStorageInit();","            // test dbStorageKey's handling-behavior","            local.nedb.dbStorageKeys(function () {","                local.utility2.tryCatchOnError(function () {","                    // test dbStorageDefer's done handling-behavior","                    local.nedb._debugDbStorageRequest.onerror(local.utility2.errorDefault);","                }, local.utility2.nop);","                onParallel();","            });","            onParallel.counter += 1;","            // test dbStorageLength's handling-behavior","            local.nedb.dbStorageLength(onParallel);","            onParallel();","        };","","        local.testCase_dbTableCountMany_default = function (options, onError) {","        /*","         * this function will test dbTableCountMany's default handling-behavior","         */","            options = local.crudOptionsSetDefault(options, {","                id: 'testCase_dbTableCountMany_default'","            });","            local.utility2.onNext(options, function (error, data) {","                switch (options.modeNext) {","                case 1:","                    options.dbTable.countMany({ query: { id: options.id } }, options.onNext);","                    break;","                case 2:","                    // validate data","                    local.utility2.assertJsonEqual(data, 1);","                    options.onNext();","                    break;","                default:","                    onError(error);","                }","            });","            options.modeNext = 0;","            options.onNext();","        };","","        local.testCase_dbTableCreate_default = function (options, onError) {","        /*","         * this function will test dbTableCreate's default handling-behavior","         */","            options = {};","            options.name = 'testCase_dbTableCreate_default';","            options.dbTable = local.nedb.dbTableCreate(options);","            // test re-create handling-behavior","            options.dbTable = local.nedb.dbTableCreate(options);","            // test reset handling-behavior","            options.reset = true;","            options.dbTable = local.nedb.dbTableCreate(options);","            onError();","        };","","        local.testCase_dbTableDrop_default = function (options, onError) {","        /*","         * this function will test dbTableDrop's default handling-behavior","         */","            var onParallel;","            onParallel = local.utility2.onParallel(onError);","            onParallel.counter += 1;","            options = {};","            options.name = 'testCase_dbTableDrop_default';","            options.dbTable = local.nedb.dbTableCreate(options);","            onParallel.counter += 1;","            options.dbTable.drop(onParallel);","            // test multiple-drop handling-behavior","            onParallel.counter += 1;","            options.dbTable.drop(onParallel);","            onParallel();","        };","","        local.testCase_dbTableFindOne_default = function (options, onError) {","        /*","         * this function will test dbTableFindOne's default handling-behavior","         */","            options = local.crudOptionsSetDefault(options, {","                id: 'testCase_dbTableFindOne_default'","            });","            local.utility2.onNext(options, function (error, data) {","                switch (options.modeNext) {","                case 1:","                    local.nedb.dbTableFindOne(options.dbTable, {","                        query: { id: options.id }","                    }, options.onNext);","                    break;","                case 2:","                    // validate data","                    local.utility2.assertJsonEqual(data && data.id, options.id);","                    options.onNext();","                    break;","                default:","                    onError(error);","                }","            });","            options.modeNext = 0;","            options.onNext();","        };","","        local.testCase_dbTableRemoveOne_default = function (options, onError) {","        /*","         * this function will test dbTableRemoveOne's default handling-behavior","         */","            options = local.crudOptionsSetDefault(options, {","                id: 'testCase_dbTableRemoveOne_default'","            });","            local.utility2.onNext(options, function (error, data) {","                switch (options.modeNext) {","                case 1:","                    local.testCase_dbTableFindOne_default(options, options.onNext);","                    break;","                case 2:","                    local.nedb.dbTableRemoveOne(options.dbTable, {","                        query: { id: options.id }","                    }, options.onNext);","                    break;","                case 3:","                    local.nedb.dbTableFindOne(options.dbTable, {","                        query: { id: options.id }","                    }, options.onNext);","                    break;","                case 4:","                    // validate data was removed","                    local.utility2.assertJsonEqual(data, null);","                    options.onNext();","                    break;","                default:","                    onError(error, data);","                }","            });","            options.modeNext = 0;","            options.onNext();","        };","","        local.testCase_queryCompare_default = function (options, onError) {","        /*","         * this function will test queryCompare's default handling-behavior","         */","            options = [","                // $elemMatch","                ['$elemMatch', undefined, undefined, false],","                ['$elemMatch', [undefined], undefined, false],","                // $eq","                ['$eq', undefined, undefined, true],","                ['$eq', null, undefined, true],","                ['$eq', NaN, NaN, true],","                // $exists","                ['$exists', false, undefined, true],","                ['$exists', true, undefined, false],","                // $gt","                ['$gt', undefined, undefined, false],","                ['$gt', undefined, undefined, false],","                // $gte","                ['$gte', undefined, undefined, true],","                // $in","                ['$in', undefined, undefined, false],","                ['$in', undefined, [undefined], true],","                // $lt","                ['$lt', undefined, undefined, false],","                // $lte","                ['$lte', undefined, undefined, true],","                // $ne","                ['$ne', undefined, undefined, false],","                // $nin","                ['$nin', undefined, undefined, false],","                ['$nin', undefined, [undefined], false],","                // $regex","                ['$regex', undefined, undefined, false],","                // $size","                ['$size', undefined, undefined, false],","                ['$size', [undefined], undefined, false],","                [undefined, undefined, undefined, false]","            ];","            options.forEach(function (element) {","                local.utility2.assertJsonEqual(","                    [","                        element[0],","                        element[1],","                        element[2],","                        local.nedb.queryCompare(element[0], element[1], element[2])","                    ],","                    element","                );","            });","            onError();","        };","","        local.testCase_sortCompare_default = function (options, onError) {","        /*","         * this function will test sortCompare's default handling-behavior","         */","            options = {};","            options.data = [undefined, null, false, 0, '', true, 1, 'a', local.utility2.nop];","            local.utility2.assertJsonEqual(","                options.data.sort(local.nedb.sortCompare),","                [null, false, true, 0, 1, '', 'a', null, null]","            );","            local.utility2.assertJsonEqual(","                options.data.reverse().sort(local.nedb.sortCompare),","                [null, false, true, 0, 1, '', 'a', null, null]","            );","            onError();","        };","    }());","    switch (local.modeJs) {","","","","    // run node js-env code - function","    case 'node':","        local.testCase_build_app = function (options, onError) {","        /*","         * this function will test build's app handling-behavior","         */","            var onParallel;","            onParallel = local.utility2.onParallel(onError);","            onParallel.counter += 1;","            options = {};","            options = [{","                file: '/assets.app.js',","                url: '/assets.app.js'","            }, {","                file: '/assets.app.min.js',","                url: '/assets.app.min.js'","            }, {","                file: '/assets.example.js',","                url: '/assets.example.js'","            }, {","                file: '/assets.' + local.utility2.envDict.npm_package_name + '.css',","                url: '/assets.' + local.utility2.envDict.npm_package_name + '.css'","            }, {","                file: '/assets.' + local.utility2.envDict.npm_package_name + '.js',","                url: '/assets.' + local.utility2.envDict.npm_package_name + '.js'","            }, {","                file: '/assets.' + local.utility2.envDict.npm_package_name + '.min.js',","                transform: function (data) {","                    return local.utility2.uglifyIfProduction(","                        local.utility2.bufferToString(data)","                    );","                },","                url: '/assets.' + local.utility2.envDict.npm_package_name + '.js'","            }, {","                file: '/assets.test.js',","                url: '/assets.test.js'","            }, {","                file: '/assets.utility2.rollup.js',","                url: '/assets.utility2.rollup.js'","            }, {","                file: '/index.html',","                url: '/index.html'","            }, {","                file: '/jsonp.utility2.stateInit',","                url: '/jsonp.utility2.stateInit?callback=window.utility2.stateInit'","            }];","            options.forEach(function (options) {","                onParallel.counter += 1;","                local.utility2.ajax(options, function (error, xhr) {","                    onParallel.counter += 1;","                    // validate no error occurred","                    onParallel(error);","                    switch (local.path.extname(options.file)) {","                    case '.css':","                    case '.js':","                    case '.json':","                        local.utility2.jslintAndPrintConditional(","                            xhr.responseText,","                            options.file","                        );","                        // validate no error occurred","                        local.utility2.assert(","                            !local.utility2.jslint.errorText,","                            local.utility2.jslint.errorText","                        );","                        break;","                    }","                    local.utility2.fsWriteFileWithMkdirp(","                        local.utility2.envDict.npm_config_dir_build + '/app' + options.file,","                        (options.transform || local.utility2.echo)(xhr.response),","                        onParallel","                    );","                });","            });","            onParallel();","        };","","        local.testCase_build_doc = function (options, onError) {","        /*","         * this function will test build's doc handling-behavior","         */","            options = {};","            local.utility2.onNext(options, function (error) {","                switch (options.modeNext) {","                case 1:","                    options.moduleDict = {","                        'nedb-lite': {","                            exampleList: [],","                            exports: local.nedb","                        },","                        'nedb-lite.Index': {","                            exampleList: [],","                            exports: local.nedb.Index","                        },","                        'nedb-lite.Index.prototype': {","                            exampleList: [],","                            exports: local.nedb.Index.prototype","                        },","                        'nedb-lite.Persistence': {","                            exampleList: [],","                            exports: local.nedb.Persistence","                        },","                        'nedb-lite.Persistence.prototype': {","                            exampleList: [],","                            exports: local.nedb.Persistence.prototype","                        },","                        'nedb-lite._Table.prototype': {","                            exampleList: [],","                            exports: local.nedb._Table.prototype","                        }","                    };","                    Object.keys(options.moduleDict).forEach(function (key) {","                        options.moduleDict[key].example = [","                            'README.md',","                            'test.js',","                            'index.js'","                        ]","                            .concat(options.moduleDict[key].exampleList)","                            .map(function (file) {","                                return '\\n\\n\\n\\n\\n\\n\\n\\n' +","                                    local.fs.readFileSync(file, 'utf8') +","                                    '\\n\\n\\n\\n\\n\\n\\n\\n';","                            }).join('');","                    });","                    // create doc.api.html","                    local.utility2.fsWriteFileWithMkdirp(","                        local.utility2.envDict.npm_config_dir_build + '/doc.api.html',","                        local.utility2.docApiCreate(options),","                        options.onNext","                    );","                    break;","                case 2:","                    local.utility2.browserTest({","                        modeBrowserTest: 'screenCapture',","                        url: 'file://' + local.utility2.envDict.npm_config_dir_build +","                            '/doc.api.html'","                    }, options.onNext);","                    break;","                default:","                    onError(error);","                }","            });","            options.modeNext = 0;","            options.onNext();","        };","","        local.testCase_webpage_default = function (options, onError) {","        /*","         * this function will test the webpage's default handling-behavior","         */","            options = {","                modeCoverageMerge: true,","                url: local.utility2.serverLocalHost + '?modeTest=1'","            };","            local.utility2.browserTest(options, onError);","        };","        break;","    }","","","","    // run shared js-env code - post-init","    (function () {","        // init dbSeedList","        local.utility2.dbSeedList = local.utility2.dbSeedList.concat([{","            dbIndexCreateList: [{","                expireAfterSeconds: 30,","                fieldName: 'field1',","                sparse: true,","                unique: true","            }],","            dbRowList: [{","                id: 'testCase_dbTableCountMany_default'","            }, {","                id: 'testCase_dbTableFindOne_default'","            }, {","                id: 'testCase_dbTableRemoveOne_default'","            }],","            name: 'TestCrud'","        }]);","    }());","    switch (local.modeJs) {","","","","    // run browser js-env code - post-init","    case 'browser':","        // run tests","        local.utility2.nop(","            local.utility2.modeTest && document.querySelector('#testRunButton1').click()","        );","        break;","","","","    /* istanbul ignore next */","    // run node js-env code - post-init","    case 'node':","        // run test-server","        local.utility2.testRunServer(local);","        // init repl debugger","        local.utility2.replStart();","        /* istanbul ignore next */","        if (module !== require.main || module.isRollup) {","            break;","        }","        // init assets","        local.utility2.assetsDict['/assets.app.js'] = [","            'header',","            '/assets.utility2.rollup.js',","            'local.utility2.stateInit',","            '/assets.nedb-lite.js',","            '/assets.example.js',","            '/assets.test.js'","        ].map(function (key) {","            switch (key) {","/* jslint-ignore-begin */","case 'header':","return '\\","/*\\n\\","assets.app.js\\n\\","\\n' + local.utility2.envDict.npm_package_description + '\\n\\","\\n\\","instruction\\n\\","    1. save this script as assets.app.js\\n\\","    2. run the shell command:\\n\\","        $ PORT=8081 node assets.app.js\\n\\","    3. open a browser to http://localhost:8081\\n\\","    4. edit or paste script in browser to eval\\n\\","*/\\n\\","';","/* jslint-ignore-end */","            case 'local.utility2.stateInit':","                return '// ' + key + '\\n' +","                    local.utility2.assetsDict['/assets.utility2.rollup.content.js']","                    .replace(","                        '/* utility2.rollup.js content */',","                        key + '(' + JSON.stringify(","                            local.utility2.middlewareJsonpStateInit({ stateInit: true })","                        ) + ');'","                    );","            default:","                return '// ' + key + '\\n' + local.utility2.assetsDict[key];","            }","        }).join('\\n\\n\\n\\n');","        local.utility2.assetsDict['/assets.app.min.js'] =","            local.utility2.uglifyIfProduction(local.utility2.assetsDict['/assets.app.js']);","        break;","    }","}());",""],"l":{"12":2,"14":2,"19":2,"21":2,"23":2,"25":2,"26":2,"27":2,"32":1,"38":2,"41":1,"42":1,"43":1,"46":1,"50":1,"52":1,"53":1,"54":1,"56":1,"59":2,"60":2,"66":8,"67":8,"72":24,"73":4,"82":2,"83":2,"87":8,"88":8,"90":8,"93":2,"97":2,"98":2,"99":2,"100":2,"101":2,"102":2,"105":2,"109":2,"110":2,"111":2,"112":2,"113":2,"114":2,"115":2,"116":2,"120":2,"122":2,"127":2,"130":2,"135":2,"136":2,"139":2,"143":2,"145":2,"146":2,"147":2,"148":2,"150":2,"152":2,"153":2,"155":2,"157":2,"159":2,"161":2,"162":2,"165":2,"169":2,"172":2,"173":6,"175":2,"176":2,"179":2,"180":2,"181":2,"183":2,"186":2,"187":2,"190":2,"194":2,"195":2,"196":2,"198":2,"200":2,"201":2,"202":2,"205":2,"209":2,"210":2,"211":2,"212":2,"213":2,"214":2,"215":2,"216":2,"218":2,"219":2,"220":2,"223":2,"227":4,"230":4,"231":12,"233":4,"236":4,"239":4,"240":4,"241":4,"243":4,"246":4,"247":4,"250":2,"254":2,"257":2,"258":10,"260":2,"261":2,"263":2,"266":2,"268":2,"271":2,"274":2,"275":2,"276":2,"278":2,"281":2,"282":2,"285":2,"289":2,"324":2,"325":42,"335":2,"338":2,"342":2,"343":2,"344":2,"348":2,"352":2,"355":2,"361":1,"365":1,"366":1,"367":1,"368":1,"369":1,"387":1,"405":1,"406":10,"407":10,"408":10,"410":10,"411":10,"415":8,"420":8,"424":8,"426":10,"433":1,"436":1,"440":1,"441":1,"442":3,"444":1,"470":1,"471":6,"478":18,"484":1,"489":1,"491":1,"496":1,"498":1,"501":1,"502":1,"505":1,"509":1,"513":1,"515":1,"521":2,"523":2,"540":2,"547":1,"550":1,"558":1,"560":1,"562":1,"563":1,"566":1,"574":6,"577":1,"592":1,"601":4,"604":1,"606":1}},"/home/travis/build/kaizhu256/node-nedb-lite/index.js":{"path":"/home/travis/build/kaizhu256/node-nedb-lite/index.js","s":{"1":2,"2":2,"3":2,"4":2,"5":2,"6":2,"7":2,"8":1,"9":2,"10":2,"11":2,"12":2,"13":2,"14":1178,"15":1178,"16":1174,"17":4,"18":4,"19":2,"20":2,"21":2,"22":2,"23":4,"24":2,"25":2,"26":2,"27":2,"28":2,"29":4,"30":4,"31":4,"32":4,"33":4,"34":2,"35":4,"36":4,"37":2,"38":2,"39":2,"40":2,"41":2,"42":2,"43":2,"44":2,"45":2,"46":2,"47":2,"48":2,"49":2,"50":2,"51":0,"52":0,"53":2,"54":2,"55":2,"56":2,"57":0,"58":2,"59":2,"60":2,"61":2,"62":2,"63":59,"64":59,"65":1,"66":1,"67":1,"68":58,"69":0,"70":0,"71":58,"72":29,"73":30,"74":1,"75":29,"76":29,"77":29,"78":15,"79":15,"80":14,"81":29,"82":1,"83":1,"84":12,"85":12,"86":1,"87":1,"88":1,"89":3,"90":1,"91":1,"92":2,"93":2,"94":1,"95":1,"96":1,"97":2,"98":2,"99":12,"100":12,"101":29,"102":87,"103":29,"104":29,"105":29,"106":1,"107":1,"108":1,"109":12,"110":12,"111":12,"112":12,"113":12,"114":1,"115":1,"116":1,"117":1,"118":1,"119":1,"120":2,"121":2,"122":2,"123":2,"124":12,"125":12,"126":12,"127":12,"128":12,"129":12,"130":12,"131":29,"132":2,"133":2,"134":24,"135":24,"136":2,"137":4,"138":4,"139":4,"140":8,"141":8,"142":4,"143":8,"144":4,"145":2,"146":2,"147":2,"148":1,"149":1,"150":1,"151":1,"152":1,"153":1,"154":1,"155":0,"156":0,"157":1,"158":1,"159":1,"160":1,"161":1,"162":2,"163":4,"164":1,"165":4,"166":4,"167":4,"168":2,"169":2,"170":2,"171":2,"172":2,"173":4,"174":4,"175":2,"176":24,"177":24,"178":24,"179":2,"180":16,"181":16,"182":16,"183":67,"184":16,"185":16,"186":6,"187":6,"188":10,"189":10,"190":10,"191":10,"192":10,"193":10,"194":10,"195":10,"196":10,"197":16,"198":6,"199":6,"200":6,"201":10,"202":10,"203":10,"204":0,"205":10,"206":8,"207":8,"208":2,"209":2,"210":2,"211":2,"212":10,"213":10,"214":10,"215":2,"216":2,"217":8,"218":8,"219":0,"220":8,"221":26,"222":8,"223":8,"224":15,"225":15,"226":6,"227":16,"228":16,"229":16,"230":2,"231":2,"232":4,"233":4,"234":4,"235":4,"236":4,"237":6,"238":4,"239":16,"240":4,"241":12,"242":4,"243":2,"244":32,"245":32,"246":32,"247":32,"248":56,"249":40,"250":32,"251":2,"252":6,"253":6,"254":6,"255":6,"256":18,"257":18,"258":6,"259":6,"260":6,"261":6,"262":6,"263":0,"264":6,"265":6,"266":6,"267":6,"268":14,"269":10,"270":4,"271":4,"272":0,"273":4,"274":4,"275":4,"276":4,"277":6,"278":6,"279":0,"280":0,"281":0,"282":0,"283":0,"284":0,"285":0,"286":0,"287":0,"288":0,"289":0,"290":0,"291":0,"292":0,"293":0,"294":0,"295":0,"296":0,"297":0,"298":0,"299":0,"300":0,"301":0,"302":0,"303":0,"304":0,"305":0,"306":0,"307":0,"308":6,"309":6,"310":6,"311":2,"312":6,"313":6,"314":2,"315":2,"316":2,"317":2,"318":2,"319":6,"320":6,"321":2,"322":2,"323":2,"324":2,"325":2,"326":2,"327":6,"328":2,"329":2,"330":2,"331":2,"332":2,"333":2,"334":2,"335":2,"336":2,"337":2,"338":2,"339":2,"340":2,"341":2,"342":2,"343":12,"344":2,"345":104,"346":104,"347":273,"348":60,"349":1,"350":59,"351":59,"352":56,"353":215,"354":215,"355":3,"356":9,"357":9,"358":9,"359":213,"360":104,"361":104,"362":2,"363":76,"364":2,"365":40,"366":40,"367":40,"368":98,"369":98,"370":40,"371":2,"372":6,"373":1,"374":2,"375":105,"376":292,"377":292,"378":292,"379":2,"380":1,"381":1,"382":1,"383":105,"384":2,"385":18,"386":18,"387":18,"388":20,"389":20,"390":0,"391":20,"392":0,"393":0,"394":20,"395":20,"396":18,"397":18,"398":18,"399":2,"400":42,"401":42,"402":4,"403":2,"404":6,"405":4,"406":4,"407":2,"408":4,"409":2,"410":2,"411":2,"412":2,"413":4,"414":2,"415":2,"416":4,"417":2,"418":4,"419":4,"420":2,"421":176,"422":176,"423":18,"424":176,"425":20,"426":176,"427":26,"428":150,"429":16,"430":134,"431":2,"432":132,"433":132,"434":132,"435":58,"436":2,"437":56,"438":28,"439":28,"440":2,"441":26,"442":18,"443":8,"444":0,"445":8,"446":8,"447":74,"448":2,"449":32,"450":2,"451":0,"452":0,"453":0,"454":0,"455":0,"456":0,"457":0,"458":2,"459":2,"460":2,"461":24,"462":0,"463":24,"464":0,"465":24,"466":0,"467":2,"468":36,"469":0,"470":0,"471":36,"472":12,"473":24,"474":24,"475":2,"476":0,"477":0,"478":0,"479":0,"480":0,"481":0,"482":0,"483":0,"484":0,"485":0,"486":0,"487":0,"488":0,"489":0,"490":0,"491":2,"492":68,"493":2,"494":0,"495":2,"496":0,"497":2,"498":0,"499":0,"500":0,"501":0,"502":0,"503":0,"504":0,"505":0,"506":0,"507":0,"508":0,"509":0,"510":0,"511":0,"512":0,"513":0,"514":0,"515":0,"516":0,"517":0,"518":0,"519":0,"520":0,"521":0,"522":0,"523":0,"524":2,"525":0,"526":0,"527":0,"528":0,"529":0,"530":0,"531":0,"532":0,"533":0,"534":0,"535":0,"536":0,"537":0,"538":0,"539":0,"540":0,"541":0,"542":2,"543":0,"544":0,"545":0,"546":0,"547":0,"548":0,"549":0,"550":0,"551":0,"552":2,"553":0,"554":0,"555":0,"556":0,"557":0,"558":0,"559":0,"560":2,"561":0,"562":0,"563":0,"564":0,"565":0,"566":0,"567":0,"568":2,"569":0,"570":0,"571":0,"572":0,"573":2,"574":0,"575":0,"576":0,"577":0,"578":2,"579":18,"580":0,"581":0,"582":0,"583":0,"584":0,"585":0,"586":0,"587":0,"588":2,"589":18,"590":2,"591":0,"592":0,"593":0,"594":0,"595":0,"596":0,"597":0,"598":0,"599":0,"600":0,"601":0,"602":0,"603":0,"604":0,"605":0,"606":0,"607":0,"608":0,"609":0,"610":0,"611":0,"612":0,"613":0,"614":0,"615":0,"616":0,"617":2,"618":64,"619":64,"620":64,"621":0,"622":64,"623":0,"624":64,"625":64,"626":0,"627":0,"628":0,"629":0,"630":0,"631":0,"632":0,"633":0,"634":0,"635":2,"636":32,"637":32,"638":32,"639":0,"640":0,"641":0,"642":0,"643":0,"644":0,"645":0,"646":0,"647":0,"648":0,"649":0,"650":0,"651":0,"652":0,"653":2,"654":0,"655":0,"656":0,"657":0,"658":0,"659":0,"660":0,"661":2,"662":0,"663":0,"664":0,"665":0,"666":0,"667":0,"668":0,"669":2,"670":0,"671":2,"672":0,"673":0,"674":0,"675":0,"676":0,"677":0,"678":0,"679":2,"680":2,"681":32,"682":32,"683":32,"684":0,"685":0,"686":0,"687":0,"688":0,"689":0,"690":0,"691":0,"692":0,"693":0,"694":0,"695":0,"696":32,"697":0,"698":0,"699":0,"700":0,"701":0,"702":0,"703":0,"704":0,"705":0,"706":0,"707":32,"708":0,"709":32,"710":24,"711":8,"712":34,"713":0,"714":34,"715":32,"716":0,"717":0,"718":0,"719":0,"720":32,"721":24,"722":8,"723":2,"724":2,"725":2,"726":2,"727":72,"728":72,"729":72,"730":72,"731":12,"732":72,"733":72,"734":2,"735":0,"736":2,"737":12,"738":12,"739":12,"740":2,"741":0,"742":0,"743":0,"744":0,"745":2,"746":12,"747":12,"748":12,"749":12,"750":2,"751":0,"752":0,"753":0,"754":0,"755":0,"756":0,"757":0,"758":0,"759":0,"760":0,"761":0,"762":0,"763":0,"764":0,"765":0,"766":0,"767":0,"768":0,"769":2,"770":8,"771":2,"772":6,"773":0,"774":6,"775":0,"776":0,"777":0,"778":6,"779":2,"780":4,"781":2,"782":0,"783":0,"784":0,"785":0,"786":0,"787":0,"788":0,"789":0,"790":0,"791":0,"792":0,"793":0,"794":0,"795":0,"796":0,"797":0,"798":0,"799":2,"800":0,"801":0,"802":0,"803":0,"804":0,"805":0,"806":0,"807":0,"808":0,"809":0,"810":0,"811":0,"812":0,"813":0,"814":0,"815":0,"816":0,"817":2,"818":0,"819":0,"820":0,"821":2,"822":0,"823":0,"824":0,"825":0,"826":0,"827":0,"828":0,"829":0,"830":0,"831":0,"832":0,"833":0,"834":2,"835":0,"836":0,"837":0,"838":0,"839":0,"840":0,"841":0,"842":0,"843":0,"844":0,"845":2,"846":0,"847":0,"848":0,"849":0,"850":0,"851":0,"852":0,"853":0,"854":0,"855":0,"856":0,"857":0,"858":0,"859":0,"860":0,"861":0,"862":0,"863":0,"864":0,"865":0,"866":0,"867":0,"868":0,"869":0,"870":0,"871":2,"872":0,"873":0,"874":0,"875":0,"876":0,"877":0,"878":0,"879":0,"880":0,"881":0,"882":0,"883":0,"884":0,"885":0,"886":0,"887":0,"888":0,"889":0,"890":0,"891":0,"892":0,"893":0,"894":0,"895":0,"896":0,"897":0,"898":0,"899":0,"900":0,"901":0,"902":0,"903":0,"904":0,"905":0,"906":0,"907":0,"908":0,"909":0,"910":0,"911":0,"912":0,"913":0,"914":0,"915":0,"916":0,"917":0,"918":2,"919":56,"920":12,"921":56,"922":56,"923":12,"924":2,"925":84,"926":84,"927":2,"928":0,"929":0,"930":0,"931":0,"932":0,"933":0,"934":0,"935":0,"936":0,"937":0,"938":0,"939":0,"940":0,"941":0,"942":0,"943":0,"944":0,"945":0,"946":0,"947":0,"948":0,"949":2,"950":6,"951":6,"952":0,"953":6,"954":6,"955":0,"956":0,"957":0,"958":0,"959":6,"960":6,"961":6,"962":6,"963":6,"964":0,"965":6,"966":6,"967":6,"968":6,"969":6,"970":6,"971":2,"972":0,"973":0,"974":0,"975":0,"976":0,"977":2,"978":6,"979":0,"980":6,"981":0,"982":6,"983":2,"984":18,"985":18,"986":0,"987":0,"988":18,"989":36,"990":36,"991":0,"992":0,"993":0,"994":36,"995":6,"996":6,"997":6,"998":18,"999":2,"1000":18,"1001":18,"1002":6,"1003":6,"1004":6,"1005":6,"1006":12,"1007":18,"1008":0,"1009":0,"1010":0,"1011":0,"1012":0,"1013":0,"1014":0,"1015":18,"1016":18,"1017":0,"1018":0,"1019":0,"1020":0,"1021":18,"1022":12,"1023":12,"1024":6,"1025":12,"1026":2,"1027":6,"1028":6,"1029":0,"1030":6,"1031":12,"1032":6,"1033":6,"1034":6,"1035":0,"1036":0,"1037":0,"1038":6,"1039":6,"1040":0,"1041":6,"1042":0,"1043":0,"1044":0,"1045":0,"1046":0,"1047":6,"1048":6,"1049":0,"1050":0,"1051":0,"1052":0,"1053":6,"1054":0,"1055":6,"1056":6,"1057":0,"1058":0,"1059":0,"1060":0,"1061":0,"1062":0,"1063":0,"1064":0,"1065":0,"1066":0,"1067":0,"1068":0,"1069":0,"1070":0,"1071":0,"1072":0,"1073":0,"1074":0,"1075":0,"1076":0,"1077":0,"1078":0,"1079":0,"1080":0,"1081":0,"1082":0,"1083":0,"1084":0,"1085":0,"1086":0,"1087":0,"1088":2,"1089":0,"1090":0,"1091":0,"1092":0,"1093":0,"1094":0,"1095":0,"1096":0,"1097":0,"1098":0,"1099":0,"1100":2,"1101":34,"1102":34,"1103":34,"1104":34,"1105":34,"1106":2,"1107":60,"1108":60,"1109":26,"1110":2,"1111":54,"1112":54,"1113":30,"1114":30,"1115":24,"1116":24,"1117":6,"1118":18,"1119":6,"1120":6,"1121":6,"1122":6,"1123":6,"1124":18,"1125":18,"1126":0,"1127":0,"1128":0,"1129":0,"1130":0,"1131":0,"1132":0,"1133":0,"1134":0,"1135":0,"1136":0,"1137":2,"1138":30,"1139":30,"1140":0,"1141":0,"1142":0,"1143":0,"1144":0,"1145":30,"1146":0,"1147":0,"1148":0,"1149":2,"1150":8,"1151":8,"1152":0,"1153":0,"1154":0,"1155":8,"1156":8,"1157":2,"1158":6,"1159":6,"1160":0,"1161":0,"1162":2,"1163":0,"1164":0,"1165":0,"1166":0,"1167":0,"1168":0,"1169":0,"1170":0,"1171":2,"1172":0,"1173":0,"1174":0,"1175":0,"1176":0,"1177":0,"1178":0,"1179":0,"1180":0,"1181":0,"1182":0,"1183":0,"1184":0,"1185":0,"1186":0,"1187":2,"1188":6,"1189":6,"1190":6,"1191":0,"1192":0,"1193":0,"1194":0,"1195":0,"1196":0,"1197":2,"1198":0,"1199":2,"1200":10,"1201":2,"1202":8,"1203":8,"1204":0,"1205":8,"1206":26,"1207":18,"1208":8,"1209":2,"1210":14,"1211":14,"1212":14,"1213":14,"1214":0,"1215":14,"1216":14,"1217":14,"1218":2,"1219":8,"1220":8,"1221":10,"1222":10,"1223":2,"1224":0,"1225":0,"1226":0,"1227":2,"1228":0,"1229":2,"1230":0,"1231":8,"1232":8,"1233":8,"1234":0,"1235":8,"1236":2,"1237":6,"1238":6,"1239":6,"1240":0,"1241":2,"1242":6,"1243":6,"1244":2,"1245":6,"1246":6,"1247":6,"1248":0,"1249":0,"1250":0,"1251":0,"1252":0,"1253":0,"1254":0,"1255":0,"1256":0,"1257":0,"1258":0,"1259":0,"1260":0,"1261":0,"1262":0,"1263":0,"1264":0,"1265":0,"1266":0,"1267":0,"1268":0,"1269":0,"1270":0,"1271":0,"1272":0,"1273":2,"1274":6,"1275":2,"1276":6,"1277":0,"1278":6,"1279":6,"1280":6,"1281":6,"1282":0,"1283":6,"1284":6,"1285":6,"1286":0,"1287":0,"1288":0,"1289":0,"1290":0,"1291":0,"1292":0,"1293":0,"1294":0,"1295":6,"1296":0,"1297":0,"1298":0,"1299":0,"1300":0,"1301":0,"1302":0,"1303":0,"1304":0,"1305":0,"1306":0,"1307":0,"1308":0,"1309":0,"1310":6,"1311":6,"1312":0,"1313":6,"1314":2,"1315":10,"1316":2,"1317":2,"1318":2,"1319":2,"1320":2,"1321":2,"1322":8,"1323":8,"1324":2,"1325":2,"1326":2,"1327":2,"1328":2,"1329":2,"1330":6,"1331":2,"1332":2,"1333":2,"1334":2,"1335":2,"1336":2,"1337":2,"1338":4,"1339":4,"1340":4,"1341":4,"1342":16,"1343":8,"1344":8,"1345":4,"1346":2,"1347":6,"1348":6,"1349":24,"1350":24,"1351":0,"1352":0,"1353":0,"1354":6,"1355":0,"1356":0,"1357":0,"1358":2,"1359":2,"1360":2,"1361":8,"1362":2,"1363":0,"1364":0,"1365":0,"1366":2,"1367":16,"1368":16,"1369":16,"1370":32,"1371":32,"1372":16,"1373":16,"1374":16,"1375":16,"1376":16,"1377":16,"1378":16,"1379":0,"1380":16,"1381":16,"1382":16,"1383":0,"1384":16,"1385":0,"1386":16,"1387":0,"1388":16,"1389":16,"1390":16,"1391":0,"1392":16,"1393":0,"1394":16,"1395":0,"1396":16,"1397":16,"1398":16,"1399":16,"1400":16,"1401":16,"1402":34,"1403":34,"1404":34,"1405":0,"1406":34,"1407":34,"1408":0,"1409":0,"1410":16,"1411":16,"1412":16,"1413":2,"1414":6,"1415":6,"1416":6,"1417":6,"1418":6,"1419":6,"1420":0,"1421":6,"1422":2,"1423":6,"1424":6,"1425":0,"1426":0,"1427":0,"1428":6,"1429":6,"1430":6,"1431":6,"1432":6,"1433":6,"1434":6,"1435":6,"1436":2,"1437":6,"1438":0,"1439":6,"1440":2,"1441":0,"1442":0,"1443":0,"1444":0,"1445":0,"1446":0,"1447":0,"1448":0,"1449":0,"1450":0,"1451":0,"1452":2,"1453":6,"1454":6,"1455":6,"1456":6,"1457":6,"1458":6,"1459":6,"1460":6,"1461":0,"1462":6,"1463":6,"1464":6,"1465":0,"1466":6,"1467":0,"1468":6,"1469":6,"1470":6,"1471":6,"1472":0,"1473":0,"1474":0,"1475":6,"1476":6,"1477":0,"1478":6,"1479":6,"1480":0,"1481":0,"1482":0,"1483":0,"1484":0,"1485":0,"1486":0,"1487":0,"1488":0,"1489":0,"1490":0,"1491":0,"1492":0,"1493":0,"1494":0,"1495":0,"1496":0,"1497":0,"1498":0,"1499":0,"1500":0,"1501":0,"1502":0,"1503":0,"1504":0,"1505":0,"1506":6,"1507":6,"1508":2,"1509":1,"1510":1,"1511":1,"1512":1,"1513":1,"1514":1,"1515":1,"1516":1,"1517":1,"1518":1,"1519":2,"1520":2},"b":{"1":[2,1,1,1],"2":[1,1,1,1],"3":[1,1],"4":[1174,4],"5":[1,3],"6":[4,3],"7":[1,2],"8":[2,2],"9":[2,0],"10":[1,58],"11":[0,58],"12":[29,29],"13":[1,29],"14":[29,29,28],"15":[28,27],"16":[1,3,15,14],"17":[1,12,1,1,2,12],"18":[1,2],"19":[87,86],"20":[1,12,1,1,2,12],"21":[12,5],"22":[1,1],"23":[1,1],"24":[4,4],"25":[4,4],"26":[2,2],"27":[1,1],"28":[0,0],"29":[16,16,10,10,15],"30":[16,10],"31":[6,10],"32":[10,10,10],"33":[10,10],"34":[10,10],"35":[6,10],"36":[10,8],"37":[0,10],"38":[8,2],"39":[2,8],"40":[8,6],"41":[6,9],"42":[4,12],"43":[18,12],"44":[6,6,0,6],"45":[6,0],"46":[10,4],"47":[0,4],"48":[4,0],"49":[0,0],"50":[0,0],"51":[0,0],"52":[6,2],"53":[6,3],"54":[2,2,2],"55":[2,4],"56":[2,0],"57":[0,12],"58":[60,213],"59":[273,137,60],"60":[1,59],"61":[56,3],"62":[130,85],"63":[6,3],"64":[49,55],"65":[104,70],"66":[40,0],"67":[40,0],"68":[98,0],"69":[98,80],"70":[1,5],"71":[6,5],"72":[1,291],"73":[1,1],"74":[18,18],"75":[0,20],"76":[20,20],"77":[0,20],"78":[18,2],"79":[4,6,4,4,2,4,2,2,2,4,2,4,2],"80":[2,2],"81":[4,2],"82":[4,2],"83":[4,2],"84":[18,158],"85":[20,156],"86":[26,150],"87":[16,134],"88":[2,132],"89":[58,74],"90":[2,56],"91":[28,28],"92":[2,26],"93":[18,8],"94":[0,8],"95":[8,0],"96":[30,44],"97":[42,2],"98":[0,0],"99":[0,24],"100":[0,24],"101":[24,0,0,0,0],"102":[0,0],"103":[0,0],"104":[0,24],"105":[0,36],"106":[12,24],"107":[36,12],"108":[0,0],"109":[0,0,0,0],"110":[0,0],"111":[0,0],"112":[0,0],"113":[0,0,0],"114":[68,68,68,68,68],"115":[0,0],"116":[0,0],"117":[0,0],"118":[0,0,0,0],"119":[0,0],"120":[0,0,0],"121":[0,0],"122":[0,0,0],"123":[0,0],"124":[0,0],"125":[0,0],"126":[0,0],"127":[0,0],"128":[0,0],"129":[0,0],"130":[0,0],"131":[0,0],"132":[0,0,0],"133":[0,0],"134":[0,0],"135":[0,0],"136":[0,0],"137":[0,0],"138":[0,0],"139":[0,0],"140":[0,0],"141":[0,0],"142":[0,0],"143":[0,0],"144":[0,0],"145":[0,0],"146":[0,0],"147":[0,0],"148":[0,0],"149":[0,0],"150":[0,0],"151":[0,0],"152":[0,0],"153":[0,0],"154":[0,0],"155":[0,0],"156":[0,0],"157":[0,0],"158":[0,0],"159":[0,0],"160":[0,0],"161":[0,0],"162":[64,0],"163":[0,64],"164":[0,64],"165":[64,0],"166":[0,0],"167":[0,0],"168":[0,0],"169":[32,0],"170":[32,32,0,0,0,0,0,0],"171":[0,0],"172":[0,0,0,0,0],"173":[0,0],"174":[0,0],"175":[0,0],"176":[0,0],"177":[0,0],"178":[0,0],"179":[0,0],"180":[0,0],"181":[0,0],"182":[0,0],"183":[0,32],"184":[32,0],"185":[0,0],"186":[0,0],"187":[0,0,0],"188":[0,0],"189":[0,0],"190":[0,0],"191":[0,32],"192":[32,32,0,0],"193":[0,0],"194":[0,0],"195":[0,0],"196":[0,32],"197":[24,8],"198":[0,34],"199":[34,34],"200":[0,32],"201":[0,0],"202":[0,0],"203":[24,8],"204":[0,72],"205":[12,60],"206":[12,60],"207":[72,44],"208":[0,0],"209":[12,0],"210":[0,0],"211":[0,0],"212":[0,0],"213":[0,0],"214":[0,0],"215":[0,0],"216":[2,6],"217":[0,6],"218":[0,6],"219":[0,0],"220":[2,4],"221":[0,0],"222":[0,0],"223":[0,0],"224":[0,0],"225":[0,0],"226":[0,0],"227":[0,0],"228":[0,0],"229":[0,0],"230":[0,0],"231":[0,0],"232":[0,0],"233":[0,0],"234":[0,0],"235":[0,0],"236":[0,0],"237":[0,0],"238":[0,0],"239":[0,0],"240":[0,0],"241":[0,0],"242":[0,0],"243":[0,0],"244":[0,0],"245":[0,0],"246":[0,0],"247":[0,0],"248":[0,0],"249":[0,0],"250":[0,0],"251":[0,0],"252":[0,0],"253":[0,0],"254":[0,0],"255":[0,0],"256":[0,0],"257":[0,0],"258":[0,0],"259":[0,0],"260":[0,0],"261":[0,0],"262":[0,0],"263":[0,0],"264":[0,0],"265":[0,0],"266":[0,0],"267":[0,0],"268":[0,0],"269":[0,0],"270":[0,0],"271":[0,0],"272":[0,0],"273":[0,0],"274":[0,0],"275":[12,44],"276":[12,44],"277":[12,72],"278":[48,36],"279":[0,0],"280":[0,0],"281":[0,0],"282":[0,0],"283":[0,0],"284":[0,0],"285":[0,0],"286":[0,6],"287":[0,6],"288":[0,0],"289":[0,6],"290":[0,6],"291":[0,6],"292":[6,0],"293":[0,0],"294":[0,0],"295":[0,6],"296":[0,6],"297":[0,18],"298":[6,30],"299":[18,18],"300":[0,36],"301":[0,0],"302":[6,30],"303":[6,0],"304":[6,12],"305":[0,18],"306":[0,0],"307":[0,18],"308":[0,0],"309":[12,6],"310":[0,6],"311":[6,6],"312":[0,6],"313":[0,0],"314":[6,0],"315":[0,6],"316":[6,0],"317":[0,0],"318":[6,0],"319":[6,6],"320":[0,6],"321":[0,6],"322":[0,0],"323":[0,0],"324":[0,0],"325":[0,0],"326":[0,0],"327":[0,0],"328":[0,0],"329":[0,0],"330":[0,0],"331":[0,0],"332":[0,0],"333":[0,0],"334":[0,0],"335":[0,0],"336":[34,20],"337":[34,32],"338":[26,34],"339":[30,24],"340":[6,18],"341":[24,12],"342":[6,12],"343":[18,6,6],"344":[6,6],"345":[0,6],"346":[6,0],"347":[18,0],"348":[0,0],"349":[0,30],"350":[0,8],"351":[2,6],"352":[8,2],"353":[6,0],"354":[0,0],"355":[0,0],"356":[6,0],"357":[18,8],"358":[0,14],"359":[14,2],"360":[0,2],"361":[0,0],"362":[0,2],"363":[2,0],"364":[0,2],"365":[6,0],"366":[0,6],"367":[6,0],"368":[6,0],"369":[0,0],"370":[0,0],"371":[0,0],"372":[0,0],"373":[0,0],"374":[0,0],"375":[0,6],"376":[0,6],"377":[0,6],"378":[0,0],"379":[0,0],"380":[0,0],"381":[0,0],"382":[0,0],"383":[0,6],"384":[0,0],"385":[0,0],"386":[0,0],"387":[8,4],"388":[2,2,2,2],"389":[2,4],"390":[4,8,8],"391":[0,6],"392":[16,16],"393":[16,0],"394":[16,0,0,0],"395":[0,16],"396":[0,16],"397":[16,16],"398":[0,16],"399":[0,16],"400":[16,16,16,16,16],"401":[0,16],"402":[0,34],"403":[34,0],"404":[34,0],"405":[0,6],"406":[0,6],"407":[0,6],"408":[6,0],"409":[6,0],"410":[0,6],"411":[0,0],"412":[0,6],"413":[6,0],"414":[6,0],"415":[0,6],"416":[0,6],"417":[0,6],"418":[0,6],"419":[0,0],"420":[0,0],"421":[0,0,0],"422":[0,0],"423":[1,1]},"f":{"1":2,"2":2,"3":2,"4":2,"5":1178,"6":2,"7":4,"8":2,"9":2,"10":4,"11":2,"12":2,"13":2,"14":0,"15":2,"16":59,"17":1,"18":30,"19":3,"20":87,"21":1,"22":12,"23":1,"24":1,"25":2,"26":12,"27":24,"28":4,"29":8,"30":1,"31":0,"32":2,"33":2,"34":4,"35":24,"36":16,"37":67,"38":0,"39":26,"40":4,"41":6,"42":16,"43":32,"44":56,"45":40,"46":6,"47":18,"48":0,"49":14,"50":0,"51":0,"52":0,"53":0,"54":0,"55":0,"56":0,"57":6,"58":6,"59":2,"60":6,"61":6,"62":2,"63":12,"64":104,"65":273,"66":215,"67":9,"68":9,"69":76,"70":40,"71":98,"72":6,"73":105,"74":292,"75":18,"76":20,"77":42,"78":2,"79":2,"80":2,"81":176,"82":32,"83":0,"84":0,"85":2,"86":24,"87":36,"88":0,"89":24,"90":0,"91":0,"92":0,"93":68,"94":0,"95":0,"96":0,"97":0,"98":0,"99":0,"100":0,"101":0,"102":0,"103":0,"104":0,"105":0,"106":18,"107":0,"108":18,"109":0,"110":0,"111":0,"112":0,"113":0,"114":64,"115":32,"116":0,"117":0,"118":0,"119":0,"120":34,"121":32,"122":0,"123":0,"124":0,"125":0,"126":32,"127":72,"128":0,"129":12,"130":0,"131":12,"132":0,"133":8,"134":0,"135":0,"136":0,"137":0,"138":0,"139":0,"140":0,"141":0,"142":0,"143":0,"144":0,"145":0,"146":0,"147":0,"148":0,"149":0,"150":0,"151":0,"152":0,"153":0,"154":56,"155":84,"156":0,"157":6,"158":0,"159":6,"160":18,"161":18,"162":6,"163":0,"164":0,"165":34,"166":60,"167":54,"168":30,"169":8,"170":0,"171":0,"172":0,"173":0,"174":6,"175":0,"176":0,"177":0,"178":0,"179":10,"180":8,"181":0,"182":26,"183":14,"184":14,"185":14,"186":8,"187":0,"188":6,"189":6,"190":6,"191":0,"192":0,"193":0,"194":0,"195":0,"196":6,"197":6,"198":6,"199":6,"200":0,"201":0,"202":10,"203":2,"204":8,"205":6,"206":4,"207":16,"208":6,"209":2,"210":8,"211":0,"212":16,"213":32,"214":16,"215":16,"216":16,"217":0,"218":16,"219":0,"220":16,"221":34,"222":34,"223":6,"224":6,"225":6,"226":0,"227":6,"228":0,"229":6,"230":6,"231":6,"232":6,"233":0,"234":0,"235":0,"236":0,"237":2},"fnMap":{"1":{"name":"(anonymous_1)","line":33,"loc":{"start":{"line":33,"column":1},"end":{"line":33,"column":13}}},"2":{"name":"(anonymous_2)","line":40,"loc":{"start":{"line":40,"column":5},"end":{"line":40,"column":17}}},"3":{"name":"(anonymous_3)","line":44,"loc":{"start":{"line":44,"column":24},"end":{"line":44,"column":36}}},"4":{"name":"(anonymous_4)","line":68,"loc":{"start":{"line":68,"column":5},"end":{"line":68,"column":17}}},"5":{"name":"(anonymous_5)","line":69,"loc":{"start":{"line":69,"column":28},"end":{"line":69,"column":55}}},"6":{"name":"(anonymous_6)","line":88,"loc":{"start":{"line":88,"column":30},"end":{"line":88,"column":42}}},"7":{"name":"(anonymous_7)","line":94,"loc":{"start":{"line":94,"column":52},"end":{"line":94,"column":67}}},"8":{"name":"(anonymous_8)","line":100,"loc":{"start":{"line":100,"column":30},"end":{"line":100,"column":62}}},"9":{"name":"(anonymous_9)","line":104,"loc":{"start":{"line":104,"column":53},"end":{"line":104,"column":72}}},"10":{"name":"(anonymous_10)","line":112,"loc":{"start":{"line":112,"column":35},"end":{"line":112,"column":72}}},"11":{"name":"(anonymous_11)","line":143,"loc":{"start":{"line":143,"column":35},"end":{"line":143,"column":72}}},"12":{"name":"(anonymous_12)","line":155,"loc":{"start":{"line":155,"column":29},"end":{"line":155,"column":48}}},"13":{"name":"(anonymous_13)","line":161,"loc":{"start":{"line":161,"column":39},"end":{"line":161,"column":56}}},"14":{"name":"(anonymous_14)","line":167,"loc":{"start":{"line":167,"column":64},"end":{"line":167,"column":79}}},"15":{"name":"(anonymous_15)","line":184,"loc":{"start":{"line":184,"column":36},"end":{"line":184,"column":55}}},"16":{"name":"(anonymous_16)","line":191,"loc":{"start":{"line":191,"column":36},"end":{"line":191,"column":64}}},"17":{"name":"(anonymous_17)","line":197,"loc":{"start":{"line":197,"column":51},"end":{"line":197,"column":63}}},"18":{"name":"(anonymous_18)","line":208,"loc":{"start":{"line":208,"column":27},"end":{"line":208,"column":39}}},"19":{"name":"(anonymous_19)","line":241,"loc":{"start":{"line":241,"column":40},"end":{"line":241,"column":52}}},"20":{"name":"(anonymous_20)","line":260,"loc":{"start":{"line":260,"column":60},"end":{"line":260,"column":79}}},"21":{"name":"(anonymous_21)","line":271,"loc":{"start":{"line":271,"column":36},"end":{"line":271,"column":48}}},"22":{"name":"(anonymous_22)","line":280,"loc":{"start":{"line":280,"column":24},"end":{"line":280,"column":47}}},"23":{"name":"(anonymous_23)","line":288,"loc":{"start":{"line":288,"column":59},"end":{"line":288,"column":82}}},"24":{"name":"(anonymous_24)","line":293,"loc":{"start":{"line":293,"column":59},"end":{"line":293,"column":82}}},"25":{"name":"(anonymous_25)","line":302,"loc":{"start":{"line":302,"column":24},"end":{"line":302,"column":36}}},"26":{"name":"(anonymous_26)","line":312,"loc":{"start":{"line":312,"column":59},"end":{"line":312,"column":76}}},"27":{"name":"(anonymous_27)","line":330,"loc":{"start":{"line":330,"column":38},"end":{"line":330,"column":62}}},"28":{"name":"(anonymous_28)","line":338,"loc":{"start":{"line":338,"column":35},"end":{"line":338,"column":47}}},"29":{"name":"(anonymous_29)","line":344,"loc":{"start":{"line":344,"column":39},"end":{"line":344,"column":56}}},"30":{"name":"(anonymous_30)","line":362,"loc":{"start":{"line":362,"column":48},"end":{"line":362,"column":60}}},"31":{"name":"(anonymous_31)","line":366,"loc":{"start":{"line":366,"column":54},"end":{"line":366,"column":66}}},"32":{"name":"(anonymous_32)","line":396,"loc":{"start":{"line":396,"column":35},"end":{"line":396,"column":54}}},"33":{"name":"(anonymous_33)","line":403,"loc":{"start":{"line":403,"column":37},"end":{"line":403,"column":56}}},"34":{"name":"(anonymous_34)","line":410,"loc":{"start":{"line":410,"column":41},"end":{"line":410,"column":65}}},"35":{"name":"(anonymous_35)","line":418,"loc":{"start":{"line":418,"column":38},"end":{"line":418,"column":69}}},"36":{"name":"(anonymous_36)","line":427,"loc":{"start":{"line":427,"column":35},"end":{"line":427,"column":63}}},"37":{"name":"(anonymous_37)","line":433,"loc":{"start":{"line":433,"column":39},"end":{"line":433,"column":62}}},"38":{"name":"(anonymous_38)","line":504,"loc":{"start":{"line":504,"column":54},"end":{"line":504,"column":69}}},"39":{"name":"(anonymous_39)","line":509,"loc":{"start":{"line":509,"column":54},"end":{"line":509,"column":69}}},"40":{"name":"(anonymous_40)","line":529,"loc":{"start":{"line":529,"column":35},"end":{"line":529,"column":54}}},"41":{"name":"(anonymous_41)","line":537,"loc":{"start":{"line":537,"column":52},"end":{"line":537,"column":69}}},"42":{"name":"(anonymous_42)","line":540,"loc":{"start":{"line":540,"column":46},"end":{"line":540,"column":67}}},"43":{"name":"(anonymous_43)","line":553,"loc":{"start":{"line":553,"column":36},"end":{"line":553,"column":55}}},"44":{"name":"(anonymous_44)","line":560,"loc":{"start":{"line":560,"column":53},"end":{"line":560,"column":69}}},"45":{"name":"(anonymous_45)","line":561,"loc":{"start":{"line":561,"column":34},"end":{"line":561,"column":51}}},"46":{"name":"(anonymous_46)","line":568,"loc":{"start":{"line":568,"column":37},"end":{"line":568,"column":74}}},"47":{"name":"(anonymous_47)","line":581,"loc":{"start":{"line":581,"column":39},"end":{"line":581,"column":62}}},"48":{"name":"(anonymous_48)","line":590,"loc":{"start":{"line":590,"column":57},"end":{"line":590,"column":72}}},"49":{"name":"(anonymous_49)","line":600,"loc":{"start":{"line":600,"column":34},"end":{"line":600,"column":51}}},"50":{"name":"(anonymous_50)","line":619,"loc":{"start":{"line":619,"column":43},"end":{"line":619,"column":60}}},"51":{"name":"(anonymous_51)","line":622,"loc":{"start":{"line":622,"column":41},"end":{"line":622,"column":59}}},"52":{"name":"(anonymous_52)","line":623,"loc":{"start":{"line":623,"column":34},"end":{"line":623,"column":53}}},"53":{"name":"(anonymous_53)","line":645,"loc":{"start":{"line":645,"column":44},"end":{"line":645,"column":61}}},"54":{"name":"(anonymous_54)","line":647,"loc":{"start":{"line":647,"column":47},"end":{"line":647,"column":62}}},"55":{"name":"(anonymous_55)","line":654,"loc":{"start":{"line":654,"column":44},"end":{"line":654,"column":61}}},"56":{"name":"(anonymous_56)","line":656,"loc":{"start":{"line":656,"column":55},"end":{"line":656,"column":70}}},"57":{"name":"(anonymous_57)","line":674,"loc":{"start":{"line":674,"column":36},"end":{"line":674,"column":73}}},"58":{"name":"(anonymous_58)","line":681,"loc":{"start":{"line":681,"column":15},"end":{"line":681,"column":38}}},"59":{"name":"(anonymous_59)","line":686,"loc":{"start":{"line":686,"column":39},"end":{"line":686,"column":76}}},"60":{"name":"(anonymous_60)","line":693,"loc":{"start":{"line":693,"column":39},"end":{"line":693,"column":62}}},"61":{"name":"(anonymous_61)","line":703,"loc":{"start":{"line":703,"column":30},"end":{"line":703,"column":47}}},"62":{"name":"(anonymous_62)","line":726,"loc":{"start":{"line":726,"column":38},"end":{"line":726,"column":75}}},"63":{"name":"(anonymous_63)","line":735,"loc":{"start":{"line":735,"column":30},"end":{"line":735,"column":45}}},"64":{"name":"(anonymous_64)","line":744,"loc":{"start":{"line":744,"column":42},"end":{"line":744,"column":78}}},"65":{"name":"(anonymous_65)","line":750,"loc":{"start":{"line":750,"column":24},"end":{"line":750,"column":43}}},"66":{"name":"(anonymous_66)","line":766,"loc":{"start":{"line":766,"column":49},"end":{"line":766,"column":68}}},"67":{"name":"(anonymous_67)","line":776,"loc":{"start":{"line":776,"column":29},"end":{"line":776,"column":44}}},"68":{"name":"(anonymous_68)","line":782,"loc":{"start":{"line":782,"column":32},"end":{"line":782,"column":51}}},"69":{"name":"(anonymous_69)","line":796,"loc":{"start":{"line":796,"column":25},"end":{"line":796,"column":37}}},"70":{"name":"(anonymous_70)","line":803,"loc":{"start":{"line":803,"column":38},"end":{"line":803,"column":63}}},"71":{"name":"(anonymous_71)","line":809,"loc":{"start":{"line":809,"column":42},"end":{"line":809,"column":57}}},"72":{"name":"(anonymous_72)","line":817,"loc":{"start":{"line":817,"column":36},"end":{"line":817,"column":53}}},"73":{"name":"(anonymous_73)","line":828,"loc":{"start":{"line":828,"column":28},"end":{"line":828,"column":56}}},"74":{"name":"(anonymous_74)","line":833,"loc":{"start":{"line":833,"column":29},"end":{"line":833,"column":58}}},"75":{"name":"(anonymous_75)","line":851,"loc":{"start":{"line":851,"column":32},"end":{"line":851,"column":60}}},"76":{"name":"(anonymous_76)","line":859,"loc":{"start":{"line":859,"column":19},"end":{"line":859,"column":36}}},"77":{"name":"(anonymous_77)","line":884,"loc":{"start":{"line":884,"column":34},"end":{"line":884,"column":62}}},"78":{"name":"(anonymous_78)","line":894,"loc":{"start":{"line":894,"column":35},"end":{"line":894,"column":54}}},"79":{"name":"(anonymous_79)","line":906,"loc":{"start":{"line":906,"column":56},"end":{"line":906,"column":70}}},"80":{"name":"(anonymous_80)","line":916,"loc":{"start":{"line":916,"column":57},"end":{"line":916,"column":71}}},"81":{"name":"(anonymous_81)","line":932,"loc":{"start":{"line":932,"column":33},"end":{"line":932,"column":51}}},"82":{"name":"(anonymous_82)","line":986,"loc":{"start":{"line":986,"column":30},"end":{"line":986,"column":45}}},"83":{"name":"(anonymous_83)","line":989,"loc":{"start":{"line":989,"column":32},"end":{"line":989,"column":48}}},"84":{"name":"(anonymous_84)","line":995,"loc":{"start":{"line":995,"column":31},"end":{"line":995,"column":50}}},"85":{"name":"(anonymous_85)","line":1009,"loc":{"start":{"line":1009,"column":5},"end":{"line":1009,"column":17}}},"86":{"name":"checkKey","line":1014,"loc":{"start":{"line":1014,"column":8},"end":{"line":1014,"column":32}}},"87":{"name":"checkObject","line":1035,"loc":{"start":{"line":1035,"column":8},"end":{"line":1035,"column":34}}},"88":{"name":"(anonymous_88)","line":1041,"loc":{"start":{"line":1041,"column":28},"end":{"line":1041,"column":41}}},"89":{"name":"(anonymous_89)","line":1047,"loc":{"start":{"line":1047,"column":41},"end":{"line":1047,"column":54}}},"90":{"name":"(anonymous_90)","line":1053,"loc":{"start":{"line":1053,"column":35},"end":{"line":1053,"column":62}}},"91":{"name":"(anonymous_91)","line":1070,"loc":{"start":{"line":1070,"column":28},"end":{"line":1070,"column":41}}},"92":{"name":"(anonymous_92)","line":1078,"loc":{"start":{"lin
[...]
p":true},"48":{"start":{"line":202,"column":20},"end":{"line":202,"column":42},"skip":true},"49":{"start":{"line":203,"column":20},"end":{"line":203,"column":50},"skip":true},"50":{"start":{"line":205,"column":20},"end":{"line":205,"column":84},"skip":true},"51":{"start":{"line":206,"column":20},"end":{"line":206,"column":94},"skip":true},"52":{"start":{"line":208,"column":16},"end":{"line":208,"column":22},"skip":true},"53":{"start":{"line":210,"column":16},"end":{"line":210,"column":70},"skip":true},"54":{"start":{"line":211,"column":16},"end":{"line":216,"column":17},"skip":true},"55":{"start":{"line":213,"column":20},"end":{"line":213,"column":74},"skip":true},"56":{"start":{"line":215,"column":20},"end":{"line":215,"column":89},"skip":true},"57":{"start":{"line":220,"column":8},"end":{"line":226,"column":11}},"58":{"start":{"line":221,"column":12},"end":{"line":225,"column":15}},"59":{"start":{"line":224,"column":16},"end":{"line":224,"column":63}},"60":{"start":{"line":227,"column":8},"end":{"line":227,"column":14}},"61":{"start":{"line":235,"column":8},"end":{"line":235,"column":31},"skip":true},"62":{"start":{"line":237,"column":8},"end":{"line":237,"column":33},"skip":true},"63":{"start":{"line":238,"column":8},"end":{"line":238,"column":37},"skip":true},"64":{"start":{"line":239,"column":8},"end":{"line":239,"column":37},"skip":true},"65":{"start":{"line":240,"column":8},"end":{"line":240,"column":35},"skip":true},"66":{"start":{"line":243,"column":8},"end":{"line":352,"column":2},"skip":true},"67":{"start":{"line":354,"column":8},"end":{"line":366,"column":15},"skip":true},"68":{"start":{"line":357,"column":16},"end":{"line":357,"column":31},"skip":true},"69":{"start":{"line":358,"column":16},"end":{"line":365,"column":17},"skip":true},"70":{"start":{"line":360,"column":20},"end":{"line":360,"column":44},"skip":true},"71":{"start":{"line":362,"column":20},"end":{"line":362,"column":37},"skip":true},"72":{"start":{"line":364,"column":20},"end":{"line":364,"column":35},"skip":true},"73":{"start":{"line":367,"column":8},"end":{"line":369,"column":9},"skip":true},"74":{"start":{"line":368,"column":12},"end":{"line":368,"column":18},"skip":true},"75":{"start":{"line":370,"column":8},"end":{"line":373,"column":9},"skip":true},"76":{"start":{"line":371,"column":12},"end":{"line":371,"column":84},"skip":true},"77":{"start":{"line":374,"column":8},"end":{"line":377,"column":10},"skip":true},"78":{"start":{"line":379,"column":8},"end":{"line":381,"column":9},"skip":true},"79":{"start":{"line":380,"column":12},"end":{"line":380,"column":18},"skip":true},"80":{"start":{"line":383,"column":8},"end":{"line":383,"column":67},"skip":true},"81":{"start":{"line":384,"column":8},"end":{"line":395,"column":36},"skip":true},"82":{"start":{"line":385,"column":12},"end":{"line":394,"column":13},"skip":true},"83":{"start":{"line":390,"column":16},"end":{"line":390,"column":75},"skip":true},"84":{"start":{"line":391,"column":16},"end":{"line":391,"column":22},"skip":true},"85":{"start":{"line":393,"column":16},"end":{"line":393,"column":31},"skip":true},"86":{"start":{"line":398,"column":8},"end":{"line":400,"column":9},"skip":true},"87":{"start":{"line":399,"column":12},"end":{"line":399,"column":82},"skip":true},"88":{"start":{"line":401,"column":8},"end":{"line":401,"column":14},"skip":true}},"branchMap":{"1":{"line":122,"type":"binary-expr","locations":[{"start":{"line":122,"column":23},"end":{"line":122,"column":62}},{"start":{"line":123,"column":20},"end":{"line":123,"column":70}},{"start":{"line":124,"column":20},"end":{"line":124,"column":71}},{"start":{"line":125,"column":20},"end":{"line":125,"column":29}}]},"2":{"line":127,"type":"binary-expr","locations":[{"start":{"line":127,"column":23},"end":{"line":127,"column":37}},{"start":{"line":128,"column":20},"end":{"line":128,"column":61}},{"start":{"line":129,"column":20},"end":{"line":129,"column":70}},{"start":{"line":130,"column":20},"end":{"line":130,"column":26}}]},"3":{"line":135,"type":"cond-expr","locations":[{"start":{"line":136,"column":14},"end":{"line":136,"column":36},"skip":true},{"start":{"line":137,"column":14},"end":{"line":139,"column":40},"skip":true}]},"4":{"line":137,"type":"cond-expr","locations":[{"start":{"line":138,"column":14},"end":{"line":138,"column":20},"skip":true},{"start":{"line":139,"column":14},"end":{"line":139,"column":40},"skip":true}]},"5":{"line":143,"type":"switch","locations":[{"start":{"line":148,"column":4},"end":{"line":227,"column":14}},{"start":{"line":233,"column":4},"end":{"line":401,"column":14},"skip":true}]},"6":{"line":155,"type":"cond-expr","locations":[{"start":{"line":156,"column":30},"end":{"line":156,"column":33}},{"start":{"line":157,"column":30},"end":{"line":157,"column":75}}]},"7":{"line":164,"type":"switch","locations":[{"start":{"line":165,"column":12},"end":{"line":172,"column":22},"skip":true},{"start":{"line":173,"column":12},"end":{"line":175,"column":22},"skip":true},{"start":{"line":176,"column":12},"end":{"line":190,"column":22},"skip":true},{"start":{"line":191,"column":12},"end":{"line":197,"column":22},"skip":true},{"start":{"line":198,"column":12},"end":{"line":208,"column":22},"skip":true},{"start":{"line":209,"column":12},"end":{"line":216,"column":17},"skip":true}]},"8":{"line":164,"type":"binary-expr","locations":[{"start":{"line":164,"column":20},"end":{"line":164,"column":25},"skip":true},{"start":{"line":164,"column":29},"end":{"line":164,"column":51},"skip":true}]},"9":{"line":181,"type":"if","locations":[{"start":{"line":181,"column":16},"end":{"line":181,"column":16},"skip":true},{"start":{"line":181,"column":16},"end":{"line":181,"column":16},"skip":true}]},"10":{"line":199,"type":"if","locations":[{"start":{"line":199,"column":16},"end":{"line":199,"column":16},"skip":true},{"start":{"line":199,"column":16},"end":{"line":199,"column":16},"skip":true}]},"11":{"line":358,"type":"switch","locations":[{"start":{"line":359,"column":16},"end":{"line":360,"column":44},"skip":true},{"start":{"line":361,"column":16},"end":{"line":362,"column":37},"skip":true},{"start":{"line":363,"column":16},"end":{"line":364,"column":35},"skip":true}]},"12":{"line":367,"type":"if","locations":[{"start":{"line":367,"column":8},"end":{"line":367,"column":8},"skip":true},{"start":{"line":367,"column":8},"end":{"line":367,"column":8},"skip":true}]},"13":{"line":379,"type":"if","locations":[{"start":{"line":379,"column":8},"end":{"line":379,"column":8},"skip":true},{"start":{"line":379,"column":8},"end":{"line":379,"column":8},"skip":true}]},"14":{"line":385,"type":"switch","locations":[{"start":{"line":386,"column":12},"end":{"line":386,"column":21},"skip":true},{"start":{"line":387,"column":12},"end":{"line":387,"column":38},"skip":true},{"start":{"line":388,"column":12},"end":{"line":388,"column":40},"skip":true},{"start":{"line":389,"column":12},"end":{"line":391,"column":22},"skip":true},{"start":{"line":392,"column":12},"end":{"line":393,"column":31},"skip":true}]},"15":{"line":398,"type":"if","locations":[{"start":{"line":398,"column":8},"end":{"line":398,"column":8},"skip":true},{"start":{"line":398,"column":8},"end":{"line":398,"column":8},"skip":true}]}},"code":["","","","","","","","","","","","","","","","","","","","","","","","","","","","","","","","","","","","","","","","","","","","","","","","","","","","","","","","","","","","","","","","","","","","","","","","","","","","","","","","","","","","","/*","example.js","","this script will will demo the browser-version of nedb","","instruction","    1. save this script as example.js","    2. run the shell command:","        $ npm install \"kaizhu256/node-nedb-lite#alpha\" && export PORT=8081 && node example.js","    3. open a browser to http://localhost:8081","    4. edit or paste script in browser to eval","*/","","/* istanbul instrument in package nedb-lite */","/*jslint","    bitwise: true,","    browser: true,","    maxerr: 8,","    maxlen: 96,","    node: true,","    nomen: true,","    regexp: true,","    stupid: true","*/","(function () {","    'use strict';","    var local;","","","","    // run shared js-env code - pre-init","    (function () {","        // init local","        local = {};","        // init modeJs","        local.modeJs = (function () {","            try {","                return typeof navigator.userAgent === 'string' &&","                    typeof document.querySelector('body') === 'object' &&","                    typeof XMLHttpRequest.prototype.open === 'function' &&","                    'browser';","            } catch (errorCaughtBrowser) {","                return module.exports &&","                    typeof process.versions.node === 'string' &&","                    typeof require('http').createServer === 'function' &&","                    'node';","            }","        }());","        /* istanbul ignore next */","        // re-init local","        local = local.modeJs === 'browser'","            ? window.nedb_lite.local","            : module.isRollup","            ? module","            : module.moduleExports.local;","        // export local","        local.global.local = local;","    }());","    switch (local.modeJs) {","","","","    // run browser js-env code - post-init","    case 'browser':","        ['error', 'log'].forEach(function (key) {","            console['_' + key] = console[key];","            console[key] = function () {","                console['_' + key].apply(console, arguments);","                document.querySelector('#outputTextarea1').value +=","                    Array.prototype.slice.call(arguments).map(function (arg) {","                        return typeof arg === 'string'","                            ? arg","                            : local.nedb.jsonStringifyOrdered(arg, null, 4);","                    }).join(' ') + '\\n';","            };","        });","        /* istanbul ignore next */","        local.testRun = function (event) {","            var reader, tmp;","            switch (event && event.currentTarget.id) {","            case 'nedbExportButton1':","                tmp = window.URL.createObjectURL(new window.Blob([local.nedb.dbExport()]));","                document.querySelector('#nedbExportA1').href = tmp;","                document.querySelector('#nedbExportA1').click();","                setTimeout(function () {","                    window.URL.revokeObjectURL(tmp);","                }, 30000);","                break;","            case 'nedbImportButton1':","                document.querySelector('#nedbImportInput1').click();","                break;","            case 'nedbImportInput1':","                document.querySelector('#outputTextarea1').value = '';","                console.log('importing nedb-database ...');","                reader = new window.FileReader();","                tmp = document.querySelector('#nedbImportInput1').files[0];","                if (!tmp) {","                    return;","                }","                reader.addEventListener('load', function () {","                    local.nedb.dbImport(reader.result, function () {","                        console.log('... imported nedb-database');","                    });","                });","                reader.readAsText(tmp);","                break;","            case 'nedbResetButton1':","                document.querySelector('#outputTextarea1').value = '';","                console.log('resetting nedb-database ...');","                local.nedb.dbReset(function () {","                    console.log('... resetted nedb-database');","                });","                break;","            case 'testRunButton1':","                if (document.querySelector('.testReportDiv').style.display === 'none') {","                    document.querySelector('.testReportDiv').style.display = 'block';","                    document.querySelector('#testRunButton1').innerText = 'hide internal test';","                    local.modeTest = true;","                    local.utility2.testRun(local);","                } else {","                    document.querySelector('.testReportDiv').style.display = 'none';","                    document.querySelector('#testRunButton1').innerText = 'run internal test';","                }","                break;","            default:","                document.querySelector('#outputTextarea1').value = '';","                try {","                    /*jslint evil: true*/","                    eval(document.querySelector('#inputTextarea1').value);","                } catch (errorCaught) {","                    document.querySelector('#outputTextarea1').value = errorCaught.stack;","                }","            }","        };","        // init event-handling","        ['change', 'click'].forEach(function (event) {","            Array.prototype.slice.call(","                document.querySelectorAll('.on' + event)","            ).forEach(function (element) {","                element.addEventListener(event, local.testRun);","            });","        });","        break;","","","","    /* istanbul ignore next */","    // run node js-env code - post-init","    case 'node':","        // export local","        module.exports = local;","        // require modules","        local.fs = require('fs');","        local.http = require('http');","        local.path = require('path');","        local.url = require('url');","        // init assets","        /* jslint-ignore-begin */","        local.templateIndexHtml = '\\","<!doctype html>\\n\\","<html lang=\"en\">\\n\\","<head>\\n\\","<meta charset=\"UTF-8\">\\n\\","<meta name=\"viewport\" content=\"width=device-width, initial-scale=1\">\\n\\","<title>\\n\\","{{envDict.npm_package_name}} v{{envDict.npm_package_version}}\\n\\","</title>\\n\\","<style>\\n\\","/*csslint\\n\\","    box-sizing: false,\\n\\","    ids: false,\\n\\","    universal-selector: false\\n\\","*/\\n\\","* {\\n\\","    box-sizing: border-box;\\n\\","}\\n\\","body {\\n\\","    background-color: #fff;\\n\\","    font-family: Arial, Helvetica, sans-serif;\\n\\","}\\n\\","body > * {\\n\\","    margin-bottom: 1rem;\\n\\","}\\n\\","body > button {\\n\\","    width: 15rem;\\n\\","}\\n\\","textarea {\\n\\","    font-family: monospace;\\n\\","    height: 16rem;\\n\\","    width: 100%;\\n\\","}\\n\\","textarea[readonly] {\\n\\","    background-color: #ddd;\\n\\","}\\n\\",".zeroPixel {\\n\\","    border: 0;\\n\\","    height: 0;\\n\\","    margin: 0;\\n\\","    padding: 0;\\n\\","    width: 0;\\n\\","}\\n\\","</style>\\n\\","</head>\\n\\","<body>\\n\\","    <h1>\\n\\","\\n\\","        <a\\n\\","            {{#if envDict.npm_package_homepage}}\\n\\","            href=\"{{envDict.npm_package_homepage}}\"\\n\\","            {{/if envDict.npm_package_homepage}}\\n\\","            target=\"_blank\"\\n\\","        >\\n\\","\\n\\","            {{envDict.npm_package_name}} v{{envDict.npm_package_version}}\\n\\","\\n\\","        </a>\\n\\","\\n\\","    </h1>\\n\\","    <h3>{{envDict.npm_package_description}}</h3>\\n\\","\\n\\","    <h4><a download href=\"assets.app.js\">download standalone app</a></h4>\\n\\","    <button class=\"onclick\" id=\"testRunButton1\">run internal test</button><br>\\n\\","    <div class=\"testReportDiv\" style=\"display: none;\"></div>\\n\\","\\n\\","\\n\\","    <button class=\"onclick\" id=\"nedbResetButton1\">reset nedb-database</button><br>\\n\\","    <button class=\"onclick\" id=\"nedbExportButton1\">save nedb-database to file</button><br>\\n\\","    <a download=\"nedb.persistence.json\" href=\"\" id=\"nedbExportA1\"></a>\\n\\","    <button class=\"onclick\" id=\"nedbImportButton1\">load nedb-database from file</button><br>\\n\\","    <input class=\"onchange zeroPixel\" type=\"file\" id=\"nedbImportInput1\">\\n\\","    <label>edit or paste script below to\\n\\","        <a\\n\\","            href=\"https://kaizhu256.github.io/node-nedb-lite/build/doc.api.html\"\\n\\","            target=\"_blank\"\\n\\","        >eval</a>\\n\\","    </label>\\n\\","<textarea id=\"inputTextarea1\">\\n\\","window.table1 = window.nedb_lite.dbTableCreate({ name: \"table1\" });\\n\\","table1.insert({ field1: \"hello\", field2: \"world\"}, function () {\\n\\","    console.log();\\n\\","    console.log(window.nedb_lite.dbTableExport(table1));\\n\\","});\\n\\","\\n\\","window.table2 = window.nedb_lite.dbTableCreate({ name: \"table2\" });\\n\\","table2.insert({ field1: \"hello\", field2: \"world\"}, function () {\\n\\","    console.log();\\n\\","    console.log(window.nedb_lite.dbTableExport(table2));\\n\\","});\\n\\","</textarea>\\n\\","    <button class=\"onclick\" id=\"nedbEvalButton1\">eval script</button><br>\\n\\","    <label>stderr and stdout</label>\\n\\","    <textarea id=\"outputTextarea1\" readonly></textarea>\\n\\","\\n\\","    {{#if isRollup}}\\n\\","    <script src=\"assets.app.min.js\"></script>\\n\\","    {{#unless isRollup}}\\n\\","\\n\\","    <script src=\"assets.utility2.rollup.js\"></script>\\n\\","    <script src=\"jsonp.utility2.stateInit?callback=window.utility2.stateInit\"></script>\\n\\","    <script src=\"assets.nedb-lite.js\"></script>\\n\\","    <script src=\"assets.example.js\"></script>\\n\\","    <script src=\"assets.test.js\"></script>\\n\\","\\n\\","    {{/if isRollup}}\\n\\","\\n\\","</body>\\n\\","</html>\\n\\","';","        /* jslint-ignore-end */","        local['/'] = local.templateIndexHtml","            .replace((/\\{\\{envDict\\.(\\w+?)\\}\\}/g), function (match0, match1) {","                // jslint-hack","                String(match0);","                switch (match1) {","                case 'npm_package_description':","                    return 'example module';","                case 'npm_package_name':","                    return 'example';","                case 'npm_package_version':","                    return '0.0.1';","                }","            });","        if (module.isRollup) {","            break;","        }","        try {","            local['/assets.example.js'] = local.fs.readFileSync(__filename, 'utf8');","        } catch (ignore) {","        }","        local['/assets.nedb-lite.js'] = local.fs.readFileSync(","            local.nedb.__dirname + '/index.js',","            'utf8'","        );","        // run the cli","        if (module !== require.main) {","            break;","        }","        // start server","        console.log('server starting on port ' + process.env.PORT);","        local.http.createServer(function (request, response) {","            switch (local.url.parse(request.url).pathname) {","            case '/':","            case '/assets.example.js':","            case '/assets.nedb-lite.js':","            case '/assets.test.js':","                response.end(local[local.url.parse(request.url).pathname]);","                break;","            default:","                response.end();","            }","        }).listen(process.env.PORT);","        // if $npm_config_timeout_exit is defined,","        // then exit this process after $npm_config_timeout_exit ms","        if (Number(process.env.npm_config_timeout_exit)) {","            setTimeout(process.exit, Number(process.env.npm_config_timeout_exit));","        }","        break;","    }","}());"],"l":{"109":2,"111":2,"116":2,"118":2,"120":2,"121":2,"122":2,"127":1,"135":2,"141":2,"143":2,"149":1,"150":2,"151":2,"152":14,"153":14,"155":14,"162":1,"163":1,"164":1,"166":1,"167":1,"168":1,"169":1,"170":1,"172":1,"174":1,"175":1,"177":1,"178":1,"179":1,"180":1,"181":1,"182":1,"184":1,"185":1,"186":1,"189":1,"190":1,"192":1,"193":1,"194":1,"195":1,"197":1,"199":1,"200":1,"201":1,"202":1,"203":1,"205":1,"206":1,"208":1,"210":1,"211":1,"213":1,"215":1,"220":1,"221":2,"224":6,"227":1,"235":1,"237":1,"238":1,"239":1,"240":1,"243":1,"354":1,"357":6,"358":6,"360":1,"362":2,"364":2,"367":1,"368":1,"370":1,"371":1,"374":1,"379":1,"380":1,"383":1,"384":1,"385":1,"390":1,"391":1,"393":1,"398":1,"399":1,"401":1}}}