{"/home/travis/build/kaizhu256/node-nedb-lite/test.js":{"path":"/home/travis/build/kaizhu256/node-nedb-lite/test.js","s":{"1":2,"2":2,"3":2,"4":2,"5":2,"6":2,"7":2,"8":2,"9":1,"10":2,"11":1,"12":1,"13":1,"14":1,"15":1,"16":1,"17":0,"18":0,"19":1,"20":2,"21":2,"22":8,"23":8,"24":24,"25":4,"26":2,"27":2,"28":8,"29":8,"30":8,"31":2,"32":2,"33":2,"34":2,"35":2,"36":2,"37":2,"38":2,"39":2,"40":2,"41":2,"42":2,"43":2,"44":2,"45":2,"46":2,"47":2,"48":2,"49":2,"50":2,"51":2,"52":2,"53":2,"54":2,"55":2,"56":2,"57":2,"58":2,"59":2,"60":2,"61":2,"62":2,"63":2,"64":2,"65":2,"66":2,"67":2,"68":2,"69":2,"70":6,"71":2,"72":2,"73":2,"74":2,"75":2,"76":2,"77":2,"78":2,"79":2,"80":2,"81":2,"82":2,"83":2,"84":2,"85":2,"86":2,"87":2,"88":2,"89":2,"90":2,"91":2,"92":2,"93":2,"94":4,"95":4,"96":12,"97":4,"98":4,"99":4,"100":4,"101":4,"102":4,"103":4,"104":4,"105":2,"106":2,"107":2,"108":10,"109":2,"110":2,"111":2,"112":2,"113":2,"114":2,"115":2,"116":2,"117":2,"118":2,"119":2,"120":2,"121":2,"122":2,"123":2,"124":42,"125":2,"126":2,"127":2,"128":2,"129":2,"130":2,"131":2,"132":2,"133":1,"134":1,"135":1,"136":1,"137":1,"138":1,"139":1,"140":1,"141":10,"142":10,"143":10,"144":10,"145":10,"146":8,"147":8,"148":8,"149":10,"150":1,"151":1,"152":1,"153":1,"154":3,"155":1,"156":1,"157":6,"158":18,"159":1,"160":1,"161":1,"162":1,"163":1,"164":1,"165":1,"166":1,"167":1,"168":1,"169":1,"170":2,"171":2,"172":2,"173":1,"174":1,"175":1,"176":1,"177":1,"178":0,"179":1,"180":6,"181":1,"182":1,"183":4,"184":1,"185":1},"b":{"1":[2,1,1,1],"2":[1,1,1,1],"3":[1,1],"4":[1,1],"5":[0,1],"6":[4,20],"7":[2,2,2],"8":[4,4,4],"9":[4,4],"10":[2,2,2,2,2],"11":[1],"12":[1,8,8],"13":[10,9],"14":[1,1,1],"15":[1,1],"16":[1,1],"17":[0,1],"18":[1,1],"19":[1,1,4]},"f":{"1":2,"2":2,"3":2,"4":8,"5":24,"6":2,"7":8,"8":2,"9":2,"10":2,"11":2,"12":2,"13":2,"14":2,"15":6,"16":2,"17":2,"18":4,"19":12,"20":2,"21":10,"22":2,"23":42,"24":2,"25":1,"26":1,"27":10,"28":10,"29":1,"30":3,"31":6,"32":18,"33":1,"34":2,"35":6},"fnMap":{"1":{"name":"(anonymous_1)","line":12,"loc":{"start":{"line":12,"column":1},"end":{"line":12,"column":13}}},"2":{"name":"(anonymous_2)","line":19,"loc":{"start":{"line":19,"column":5},"end":{"line":19,"column":17}}},"3":{"name":"(anonymous_3)","line":25,"loc":{"start":{"line":25,"column":24},"end":{"line":25,"column":36}}},"4":{"name":"(anonymous_4)","line":65,"loc":{"start":{"line":65,"column":18},"end":{"line":65,"column":33}}},"5":{"name":"(anonymous_5)","line":71,"loc":{"start":{"line":71,"column":22},"end":{"line":71,"column":38}}},"6":{"name":"(anonymous_6)","line":82,"loc":{"start":{"line":82,"column":5},"end":{"line":82,"column":17}}},"7":{"name":"(anonymous_7)","line":83,"loc":{"start":{"line":83,"column":38},"end":{"line":83,"column":67}}},"8":{"name":"(anonymous_8)","line":93,"loc":{"start":{"line":93,"column":44},"end":{"line":93,"column":72}}},"9":{"name":"(anonymous_9)","line":105,"loc":{"start":{"line":105,"column":42},"end":{"line":105,"column":70}}},"10":{"name":"(anonymous_10)","line":130,"loc":{"start":{"line":130,"column":42},"end":{"line":130,"column":70}}},"11":{"name":"(anonymous_11)","line":139,"loc":{"start":{"line":139,"column":43},"end":{"line":139,"column":71}}},"12":{"name":"(anonymous_12)","line":152,"loc":{"start":{"line":152,"column":37},"end":{"line":152,"column":49}}},"13":{"name":"(anonymous_13)","line":153,"loc":{"start":{"line":153,"column":47},"end":{"line":153,"column":59}}},"14":{"name":"(anonymous_14)","line":165,"loc":{"start":{"line":165,"column":50},"end":{"line":165,"column":78}}},"15":{"name":"(anonymous_15)","line":172,"loc":{"start":{"line":172,"column":43},"end":{"line":172,"column":66}}},"16":{"name":"(anonymous_16)","line":192,"loc":{"start":{"line":192,"column":47},"end":{"line":192,"column":75}}},"17":{"name":"(anonymous_17)","line":207,"loc":{"start":{"line":207,"column":45},"end":{"line":207,"column":73}}},"18":{"name":"(anonymous_18)","line":219,"loc":{"start":{"line":219,"column":48},"end":{"line":219,"column":76}}},"19":{"name":"(anonymous_19)","line":226,"loc":{"start":{"line":226,"column":43},"end":{"line":226,"column":66}}},"20":{"name":"(anonymous_20)","line":246,"loc":{"start":{"line":246,"column":50},"end":{"line":246,"column":78}}},"21":{"name":"(anonymous_21)","line":253,"loc":{"start":{"line":253,"column":43},"end":{"line":253,"column":66}}},"22":{"name":"(anonymous_22)","line":281,"loc":{"start":{"line":281,"column":46},"end":{"line":281,"column":74}}},"23":{"name":"(anonymous_23)","line":320,"loc":{"start":{"line":320,"column":28},"end":{"line":320,"column":47}}},"24":{"name":"(anonymous_24)","line":334,"loc":{"start":{"line":334,"column":45},"end":{"line":334,"column":73}}},"25":{"name":"(anonymous_25)","line":357,"loc":{"start":{"line":357,"column":35},"end":{"line":357,"column":63}}},"26":{"name":"(anonymous_26)","line":382,"loc":{"start":{"line":382,"column":27},"end":{"line":382,"column":43}}},"27":{"name":"(anonymous_27)","line":401,"loc":{"start":{"line":401,"column":28},"end":{"line":401,"column":47}}},"28":{"name":"(anonymous_28)","line":403,"loc":{"start":{"line":403,"column":45},"end":{"line":403,"column":67}}},"29":{"name":"(anonymous_29)","line":432,"loc":{"start":{"line":432,"column":35},"end":{"line":432,"column":63}}},"30":{"name":"(anonymous_30)","line":437,"loc":{"start":{"line":437,"column":43},"end":{"line":437,"column":60}}},"31":{"name":"(anonymous_31)","line":466,"loc":{"start":{"line":466,"column":60},"end":{"line":466,"column":75}}},"32":{"name":"(anonymous_32)","line":473,"loc":{"start":{"line":473,"column":33},"end":{"line":473,"column":49}}},"33":{"name":"(anonymous_33)","line":501,"loc":{"start":{"line":501,"column":41},"end":{"line":501,"column":69}}},"34":{"name":"(anonymous_34)","line":517,"loc":{"start":{"line":517,"column":5},"end":{"line":517,"column":17}}},"35":{"name":"(anonymous_35)","line":569,"loc":{"start":{"line":569,"column":14},"end":{"line":569,"column":29}},"skip":true}},"statementMap":{"1":{"start":{"line":12,"column":0},"end":{"line":604,"column":5}},"2":{"start":{"line":14,"column":4},"end":{"line":14,"column":14}},"3":{"start":{"line":19,"column":4},"end":{"line":77,"column":9}},"4":{"start":{"line":21,"column":8},"end":{"line":21,"column":35}},"5":{"start":{"line":23,"column":8},"end":{"line":23,"column":19}},"6":{"start":{"line":25,"column":8},"end":{"line":37,"column":13}},"7":{"start":{"line":26,"column":12},"end":{"line":36,"column":13}},"8":{"start":{"line":27,"column":16},"end":{"line":30,"column":30}},"9":{"start":{"line":32,"column":16},"end":{"line":35,"column":27}},"10":{"start":{"line":38,"column":8},"end":{"line":57,"column":9}},"11":{"start":{"line":41,"column":12},"end":{"line":41,"column":33}},"12":{"start":{"line":42,"column":12},"end":{"line":42,"column":45}},"13":{"start":{"line":43,"column":12},"end":{"line":43,"column":18}},"14":{"start":{"line":46,"column":12},"end":{"line":49,"column":15}},"15":{"start":{"line":50,"column":12},"end":{"line":50,"column":72}},"16":{"start":{"line":52,"column":12},"end":{"line":55,"column":13},"skip":true},"17":{"start":{"line":53,"column":16},"end":{"line":53,"column":31},"skip":true},"18":{"start":{"line":54,"column":16},"end":{"line":54,"column":23},"skip":true},"19":{"start":{"line":56,"column":12},"end":{"line":56,"column":18}},"20":{"start":{"line":59,"column":8},"end":{"line":59,"column":69}},"21":{"start":{"line":60,"column":8},"end":{"line":76,"column":11}},"22":{"start":{"line":66,"column":12},"end":{"line":66,"column":50}},"23":{"start":{"line":67,"column":12},"end":{"line":75,"column":15}},"24":{"start":{"line":72,"column":16},"end":{"line":74,"column":17}},"25":{"start":{"line":73,"column":20},"end":{"line":73,"column":68}},"26":{"start":{"line":82,"column":4},"end":{"line":350,"column":9}},"27":{"start":{"line":83,"column":8},"end":{"line":91,"column":10}},"28":{"start":{"line":87,"column":12},"end":{"line":87,"column":73}},"29":{"start":{"line":88,"column":12},"end":{"line":88,"column":62}},"30":{"start":{"line":90,"column":12},"end":{"line":90,"column":64}},"31":{"start":{"line":93,"column":8},"end":{"line":103,"column":10}},"32":{"start":{"line":97,"column":12},"end":{"line":97,"column":25}},"33":{"start":{"line":98,"column":12},"end":{"line":98,"column":32}},"34":{"start":{"line":99,"column":12},"end":{"line":99,"column":38}},"35":{"start":{"line":100,"column":12},"end":{"line":100,"column":32}},"36":{"start":{"line":101,"column":12},"end":{"line":101,"column":38}},"37":{"start":{"line":102,"column":12},"end":{"line":102,"column":22}},"38":{"start":{"line":105,"column":8},"end":{"line":128,"column":10}},"39":{"start":{"line":109,"column":12},"end":{"line":109,"column":27}},"40":{"start":{"line":110,"column":12},"end":{"line":110,"column":60}},"41":{"start":{"line":111,"column":12},"end":{"line":111,"column":36}},"42":{"start":{"line":112,"column":12},"end":{"line":112,"column":25}},"43":{"start":{"line":113,"column":12},"end":{"line":113,"column":55}},"44":{"start":{"line":114,"column":12},"end":{"line":114,"column":64}},"45":{"start":{"line":115,"column":12},"end":{"line":115,"column":36}},"46":{"start":{"line":116,"column":12},"end":{"line":119,"column":27}},"47":{"start":{"line":120,"column":12},"end":{"line":120,"column":49}},"48":{"start":{"line":122,"column":12},"end":{"line":126,"column":36}},"49":{"start":{"line":127,"column":12},"end":{"line":127,"column":25}},"50":{"start":{"line":130,"column":8},"end":{"line":137,"column":10}},"51":{"start":{"line":135,"column":12},"end":{"line":135,"column":40}},"52":{"start":{"line":136,"column":12},"end":{"line":136,"column":82}},"53":{"start":{"line":139,"column":8},"end":{"line":163,"column":10}},"54":{"start":{"line":143,"column":12},"end":{"line":143,"column":27}},"55":{"start":{"line":145,"column":12},"end":{"line":145,"column":40}},"56":{"start":{"line":146,"column":12},"end":{"line":146,"column":60}},"57":{"start":{"line":147,"column":12},"end":{"line":147,"column":36}},"58":{"start":{"line":148,"column":12},"end":{"line":148,"column":36}},"59":{"start":{"line":150,"column":12},"end":{"line":150,"column":39}},"60":{"start":{"line":152,"column":12},"end":{"line":158,"column":15}},"61":{"start":{"line":153,"column":16},"end":{"line":156,"column":39}},"62":{"start":{"line":155,"column":20},"end":{"line":155,"column":91}},"63":{"start":{"line":157,"column":16},"end":{"line":157,"column":29}},"64":{"start":{"line":159,"column":12},"end":{"line":159,"column":36}},"65":{"start":{"line":161,"column":12},"end":{"line":161,"column":51}},"66":{"start":{"line":162,"column":12},"end":{"line":162,"column":25}},"67":{"start":{"line":165,"column":8},"end":{"line":190,"column":10}},"68":{"start":{"line":169,"column":12},"end":{"line":171,"column":15}},"69":{"start":{"line":172,"column":12},"end":{"line":187,"column":15}},"70":{"start":{"line":173,"column":16},"end":{"line":186,"column":17}},"71":{"start":{"line":175,"column":20},"end":{"line":177,"column":39}},"72":{"start":{"line":178,"column":20},"end":{"line":178,"column":26}},"73":{"start":{"line":181,"column":20},"end":{"line":181,"column":60}},"74":{"start":{"line":182,"column":20},"end":{"line":182,"column":37}},"75":{"start":{"line":183,"column":20},"end":{"line":183,"column":26}},"76":{"start":{"line":185,"column":20},"end":{"line":185,"column":35}},"77":{"start":{"line":188,"column":12},"end":{"line":188,"column":33}},"78":{"start":{"line":189,"column":12},"end":{"line":189,"column":29}},"79":{"start":{"line":192,"column":8},"end":{"line":205,"column":10}},"80":{"start":{"line":196,"column":12},"end":{"line":196,"column":25}},"81":{"start":{"line":197,"column":12},"end":{"line":197,"column":60}},"82":{"start":{"line":198,"column":12},"end":{"line":198,"column":64}},"83":{"start":{"line":200,"column":12},"end":{"line":200,"column":64}},"84":{"start":{"line":202,"column":12},"end":{"line":202,"column":33}},"85":{"start":{"line":203,"column":12},"end":{"line":203,"column":64}},"86":{"start":{"line":204,"column":12},"end":{"line":204,"column":22}},"87":{"start":{"line":207,"column":8},"end":{"line":217,"column":10}},"88":{"start":{"line":211,"column":12},"end":{"line":211,"column":25}},"89":{"start":{"line":212,"column":12},"end":{"line":212,"column":58}},"90":{"start":{"line":213,"column":12},"end":{"line":213,"column":64}},"91":{"start":{"line":214,"column":12},"end":{"line":214,"column":61}},"92":{"start":{"line":216,"column":12},"end":{"line":216,"column":83}},"93":{"start":{"line":219,"column":8},"end":{"line":244,"column":10}},"94":{"start":{"line":223,"column":12},"end":{"line":225,"column":15}},"95":{"start":{"line":226,"column":12},"end":{"line":241,"column":15}},"96":{"start":{"line":227,"column":16},"end":{"line":240,"column":17}},"97":{"start":{"line":229,"column":20},"end":{"line":231,"column":39}},"98":{"start":{"line":232,"column":20},"end":{"line":232,"column":26}},"99":{"start":{"line":235,"column":20},"end":{"line":235,"column":80}},"100":{"start":{"line":236,"column":20},"end":{"line":236,"column":37}},"101":{"start":{"line":237,"column":20},"end":{"line":237,"column":26}},"102":{"start":{"line":239,"column":20},"end":{"line":239,"column":35}},"103":{"start":{"line":242,"column":12},"end":{"line":242,"column":33}},"104":{"start":{"line":243,"column":12},"end":{"line":243,"column":29}},"105":{"start":{"line":246,"column":8},"end":{"line":279,"column":10}},"106":{"start":{"line":250,"column":12},"end":{"line":252,"column":15}},"107":{"start":{"line":253,"column":12},"end":{"line":276,"column":15}},"108":{"start":{"line":254,"column":16},"end":{"line":275,"column":17}},"109":{"start":{"line":256,"column":20},"end":{"line":256,"column":83}},"110":{"start":{"line":257,"column":20},"end":{"line":257,"column":26}},"111":{"start":{"line":259,"column":20},"end":{"line":261,"column":39}},"112":{"start":{"line":262,"column":20},"end":{"line":262,"column":26}},"113":{"start":{"line":264,"column":20},"end":{"line":266,"column":39}},"114":{"start":{"line":267,"column":20},"end":{"line":267,"column":26}},"115":{"start":{"line":270,"column":20},"end":{"line":270,"column":63}},"116":{"start":{"line":271,"column":20},"end":{"line":271,"column":37}},"117":{"start":{"line":272,"column":20},"end":{"line":272,"column":26}},"118":{"start":{"line":274,"column":20},"end":{"line":274,"column":41}},"119":{"start":{"line":277,"column":12},"end":{"line":277,"column":33}},"120":{"start":{"line":278,"column":12},"end":{"line":278,"column":29}},"121":{"start":{"line":281,"column":8},"end":{"line":332,"column":10}},"122":{"start":{"line":285,"column":12},"end":{"line":319,"column":14}},"123":{"start":{"line":320,"column":12},"end":{"line":330,"column":15}},"124":{"start":{"line":321,"column":16},"end":{"line":329,"column":18}},"125":{"start":{"line":331,"column":12},"end":{"line":331,"column":22}},"126":{"start":{"line":334,"column":8},"end":{"line":349,"column":10}},"127":{"start":{"line":338,"column":12},"end":{"line":338,"column":25}},"128":{"start":{"line":339,"column":12},"end":{"line":339,"column":93}},"129":{"start":{"line":340,"column":12},"end":{"line":343,"column":14}},"130":{"start":{"line":344,"column":12},"end":{"line":347,"column":14}},"131":{"start":{"line":348,"column":12},"end":{"line":348,"column":22}},"132":{"start":{"line":351,"column":4},"end":{"line":512,"column":5}},"133":{"start":{"line":357,"column":8},"end":{"line":430,"column":10}},"134":{"start":{"line":361,"column":12},"end":{"line":361,"column":27}},"135":{"start":{"line":362,"column":12},"end":{"line":362,"column":60}},"136":{"start":{"line":363,"column":12},"end":{"line":363,"column":36}},"137":{"start":{"line":364,"column":12},"end":{"line":364,"column":25}},"138":{"start":{"line":365,"column":12},"end":{"line":400,"column":15}},"139":{"start":{"line":383,"column":20},"end":{"line":385,"column":22}},"140":{"start":{"line":401,"column":12},"end":{"line":428,"column":15}},"141":{"start":{"line":402,"column":16},"end":{"line":402,"column":40}},"142":{"start":{"line":403,"column":16},"end":{"line":427,"column":19}},"143":{"start":{"line":404,"column":20},"end":{"line":404,"column":44}},"144":{"start":{"line":406,"column":20},"end":{"line":406,"column":38}},"145":{"start":{"line":407,"column":20},"end":{"line":421,"column":21}},"146":{"start":{"line":411,"column":24},"end":{"line":414,"column":26}},"147":{"start":{"line":416,"column":24},"end":{"line":419,"column":26}},"148":{"start":{"line":420,"column":24},"end":{"line":420,"column":30}},"149":{"start":{"line":422,"column":20},"end":{"line":426,"column":22}},"150":{"start":{"line":429,"column":12},"end":{"line":429,"column":25}},"151":{"start":{"line":432,"column":8},"end":{"line":499,"column":10}},"152":{"start":{"line":436,"column":12},"end":{"line":436,"column":25}},"153":{"start":{"line":437,"column":12},"end":{"line":496,"column":15}},"154":{"start":{"line":438,"column":16},"end":{"line":495,"column":17}},"155":{"start":{"line":440,"column":20},"end":{"line":465,"column":22}},"156":{"start":{"line":466,"column":20},"end":{"line":478,"column":23}},"157":{"start":{"line":467,"column":24},"end":{"line":477,"column":40}},"158":{"start":{"line":474,"column":32},"end":{"line":476,"column":55}},"159":{"start":{"line":480,"column":20},"end":{"line":484,"column":22}},"160":{"start":{"line":485,"column":20},"end":{"line":485,"column":26}},"161":{"start":{"line":487,"column":20},"end":{"line":491,"column":39}},"162":{"start":{"line":492,"column":20},"end":{"line":492,"column":26}},"163":{"start":{"line":494,"column":20},"end":{"line":494,"column":35}},"164":{"start":{"line":497,"column":12},"end":{"line":497,"column":33}},"165":{"start":{"line":498,"column":12},"end":{"line":498,"column":29}},"166":{"start":{"line":501,"column":8},"end":{"line":510,"column":10}},"167":{"start":{"line":505,"column":12},"end":{"line":508,"column":14}},"168":{"start":{"line":509,"column":12},"end":{"line":509,"column":57}},"169":{"start":{"line":511,"column":8},"end":{"line":511,"column":14}},"170":{"start":{"line":517,"column":4},"end":{"line":535,"column":9}},"171":{"start":{"line":519,"column":8},"end":{"line":534,"column":12}},"172":{"start":{"line":536,"column":4},"end":{"line":603,"column":5}},"173":{"start":{"line":543,"column":8},"end":{"line":545,"column":10}},"174":{"start":{"line":546,"column":8},"end":{"line":546,"column":14}},"175":{"start":{"line":554,"column":8},"end":{"line":554,"column":44},"skip":true},"176":{"start":{"line":556,"column":8},"end":{"line":556,"column":35},"skip":true},"177":{"start":{"line":558,"column":8},"end":{"line":560,"column":9},"skip":true},"178":{"start":{"line":559,"column":12},"end":{"line":559,"column":18},"skip":true},"179":{"start":{"line":562,"column":8},"end":{"line":599,"column":28},"skip":true},"180":{"start":{"line":570,"column":12},"end":{"line":598,"column":13},"skip":true},"181":{"start":{"line":573,"column":0},"end":{"line":585,"column":2},"skip":true},"182":{"start":{"line":588,"column":16},"end":{"line":595,"column":22},"skip":true},"183":{"start":{"line":597,"column":16},"end":{"line":597,"column":75},"skip":true},"184":{"start":{"line":600,"column":8},"end":{"line":601,"column":91},"skip":true},"185":{"start":{"line":602,"column":8},"end":{"line":602,"column":14},"skip":true}},"branchMap":{"1":{"line":27,"type":"binary-expr","locations":[{"start":{"line":27,"column":23},"end":{"line":27,"column":62}},{"start":{"line":28,"column":20},"end":{"line":28,"column":70}},{"start":{"line":29,"column":20},"end":{"line":29,"column":71}},{"start":{"line":30,"column":20},"end":{"line":30,"column":29}}]},"2":{"line":32,"type":"binary-expr","locations":[{"start":{"line":32,"column":23},"end":{"line":32,"column":37}},{"start":{"line":33,"column":20},"end":{"line":33,"column":61}},{"start":{"line":34,"column":20},"end":{"line":34,"column":70}},{"start":{"line":35,"column":20},"end":{"line":35,"column":26}}]},"3":{"line":38,"type":"switch","locations":[{"start":{"line":40,"column":8},"end":{"line":43,"column":18}},{"start":{"line":45,"column":8},"end":{"line":56,"column":18}}]},"4":{"line":46,"type":"binary-expr","locations":[{"start":{"line":46,"column":21},"end":{"line":46,"column":36}},{"start":{"line":46,"column":40},"end":{"line":46,"column":59}}]},"5":{"line":52,"type":"if","locations":[{"start":{"line":52,"column":12},"end":{"line":52,"column":12},"skip":true},{"start":{"line":52,"column":12},"end":{"line":52,"column":12},"skip":true}]},"6":{"line":72,"type":"if","locations":[{"start":{"line":72,"column":16},"end":{"line":72,"column":16}},{"start":{"line":72,"column":16},"end":{"line":72,"column":16}}]},"7":{"line":173,"type":"switch","locations":[{"start":{"line":174,"column":16},"end":{"line":178,"column":26}},{"start":{"line":179,"column":16},"end":{"line":183,"column":26}},{"start":{"line":184,"column":16},"end":{"line":185,"column":35}}]},"8":{"line":227,"type":"switch","locations":[{"start":{"line":228,"column":16},"end":{"line":232,"column":26}},{"start":{"line":233,"column":16},"end":{"line":237,"column":26}},{"start":{"line":238,"column":16},"end":{"line":239,"column":35}}]},"9":{"line":235,"type":"binary-expr","locations":[{"start":{"line":235,"column":51},"end":{"line":235,"column":55}},{"start":{"line":235,"column":59},"end":{"line":235,"column":66}}]},"10":{"line":254,"type":"switch","locations":[{"start":{"line":255,"column":16},"end":{"line":257,"column":26}},{"start":{"line":258,"column":16},"end":{"line":262,"column":26}},{"start":{"line":263,"column":16},"end":{"line":267,"column":26}},{"start":{"line":268,"column":16},"end":{"line":272,"column":26}},{"start":{"line":273,"column":16},"end":{"line":274,"column":41}}]},"11":{"line":351,"type":"switch","locations":[{"start":{"line":356,"column":4},"end":{"line":511,"column":14}}]},"12":{"line":407,"type":"switch","locations":[{"start":{"line":408,"column":20},"end":{"line":408,"column":32}},{"start":{"line":409,"column":20},"end":{"line":409,"column":31}},{"start":{"line":410,"column":20},"end":{"line":420,"column":30}}]},"13":{"line":424,"type":"binary-expr","locations":[{"start":{"line":424,"column":25},"end":{"line":424,"column":42}},{"start":{"line":424,"column":46},"end":{"line":424,"column":65}}]},"14":{"line":438,"type":"switch","locations":[{"start":{"line":439,"column":16},"end":{"line":485,"column":26}},{"start":{"line":486,"column":16},"end":{"line":492,"column":26}},{"start":{"line":493,"column":16},"end":{"line":494,"column":35}}]},"15":{"line":536,"type":"switch","locations":[{"start":{"line":541,"column":4},"end":{"line":546,"column":14}},{"start":{"line":552,"column":4},"end":{"line":602,"column":14},"skip":true}]},"16":{"line":544,"type":"binary-expr","locations":[{"start":{"line":544,"column":12},"end":{"line":544,"column":35}},{"start":{"line":544,"column":39},"end":{"line":544,"column":88}}]},"17":{"line":558,"type":"if","locations":[{"start":{"line":558,"column":8},"end":{"line":558,"column":8},"skip":true},{"start":{"line":558,"column":8},"end":{"line":558,"column":8},"skip":true}]},"18":{"line":558,"type":"binary-expr","locations":[{"start":{"line":558,"column":12},"end":{"line":558,"column":35},"skip":true},{"start":{"line":558,"column":39},"end":{"line":558,"column":54},"skip":true}]},"19":{"line":570,"type":"switch","locations":[{"start":{"line":572,"column":0},"end":{"line":585,"column":2},"skip":true},{"start":{"line":587,"column":12},"end":{"line":595,"column":22},"skip":true},{"start":{"line":596,"column":12},"end":{"line":597,"column":75},"skip":true}]}},"code":["/* istanbul instrument in package nedb-lite */","/*jslint","    bitwise: true,","    browser: true,","    maxerr: 8,","    maxlen: 96,","    node: true,","    nomen: true,","    regexp: true,","    stupid: true","*/","(function () {","    'use strict';","    var local;","","","","    // run shared js-env code - pre-init","    (function () {","        // init Error.stackTraceLimit","        Error.stackTraceLimit = 16;","        // init local","        local = {};","        // init modeJs","        local.modeJs = (function () {","            try {","                return typeof navigator.userAgent === 'string' &&","                    typeof document.querySelector('body') === 'object' &&","                    typeof XMLHttpRequest.prototype.open === 'function' &&","                    'browser';","            } catch (errorCaughtBrowser) {","                return module.exports &&","                    typeof process.versions.node === 'string' &&","                    typeof require('http').createServer === 'function' &&","                    'node';","            }","        }());","        switch (local.modeJs) {","        // re-init local from window.local","        case 'browser':","            local = window.local;","            local.utility2 = window.utility2;","            break;","        // re-init local from example.js","        case 'node':","            local = (module.utility2 || require('utility2')).requireExampleJsFromReadme({","                __dirname: __dirname,","                module: module","            });","            local.nedb = local[local.utility2.envDict.npm_package_name];","            /* istanbul ignore next */","            if (module.isRollup) {","                local = module;","                return;","            }","            break;","        }","        // require modules","        local.utility2.nedb = local.utility2.local.nedb = local.nedb;","        [","            'assert',","            'jsonStringifyOrdered',","            'onErrorDefault',","            'onNext'","        ].forEach(function (key) {","            local.utility2[key] = local.nedb[key];","            [","                'testCase_' + key + '_default',","                'testCase_' + key + '_error',","                'testCase_' + key + 'Xxx_default'","            ].forEach(function (key2) {","                if (local.utility2.testCaseDict[key2]) {","                    local[key2] = local.utility2.testCaseDict[key2];","                }","            });","        });","    }());","","","","    // run shared js-env code - function","    (function () {","        local.crudOptionsSetDefault = function (options, defaults) {","        /*","         * this function will set default-values for options","         */","            options = local.utility2.objectSetDefault(options, defaults);","            options.dbTable = local.nedb.dbTableDict.TestCrud;","            // shallow-copy options","            return local.utility2.objectSetDefault({}, options);","        };","","        local.testCase_consoleLog_default = function (options, onError) {","        /*","         * this function will test consoleLog's default handling-behavior","         */","            options = {};","            options.data = null;","            console.log(options.data);","            options.data = '\\n';","            console.log(options.data);","            onError();","        };","","        local.testCase_dbExport_default = function (options, onError) {","        /*","         * this function will test dbExport's default handling-behavior","         */","            var onParallel;","            onParallel = local.utility2.onParallel(onError);","            onParallel.counter += 1;","            options = {};","            options.name = 'testCase_dbExport_default';","            options.dbTable = local.nedb.dbTableCreate(options);","            onParallel.counter += 1;","            local.nedb.dbIndexCreate(options, {","                fieldName: 'id',","                unique: true","            }, onParallel);","            options.data = local.nedb.dbExport();","            // validate data","            local.utility2.assert(options.data.indexOf('\"testCase_dbExport_default\"\\n' +","                '{\"$$indexCreated\":{\"fieldName\":\"createdAt\",\"unique\":false,\"sparse\":false}}\\n' +","                '{\"$$indexCreated\":{\"fieldName\":\"updatedAt\",\"unique\":false,\"sparse\":false}}\\n' +","                '{\"$$indexCreated\":{\"fieldName\":\"id\",\"unique\":true,\"sparse\":false}}')","                >= 0, options.data);","            onParallel();","        };","","        local.testCase_dbImport_default = function (options, onError) {","        /*","         * this function will test dbImport's default handling-behavior","         */","            // jslint-hack","            local.utility2.nop(options);","            local.nedb.dbImport('\"testCase_dbImport_default\"\\n{\"id\":0}', onError);","        };","","        local.testCase_dbStorageXxx_misc = function (options, onError) {","        /*","         * this function will test dbStorageXxx's misc handling-behavior","         */","            var onParallel;","            // jslint-hack","            local.utility2.nop(options);","            onParallel = local.utility2.onParallel(onError);","            onParallel.counter += 1;","            onParallel.counter += 1;","            // test dbStorageInit's re-init handling-behavior","            local.nedb.dbStorageInit();","            // test dbStorageKey's handling-behavior","            local.nedb.dbStorageKeys(function () {","                local.utility2.tryCatchOnError(function () {","                    // test dbStorageDefer's done handling-behavior","                    local.nedb._debugDbStorageRequest.onerror(local.utility2.errorDefault);","                }, local.utility2.nop);","                onParallel();","            });","            onParallel.counter += 1;","            // test dbStorageLength's handling-behavior","            local.nedb.dbStorageLength(onParallel);","            onParallel();","        };","","        local.testCase_dbTableCountMany_default = function (options, onError) {","        /*","         * this function will test dbTableCountMany's default handling-behavior","         */","            options = local.crudOptionsSetDefault(options, {","                id: 'testCase_dbTableCountMany_default'","            });","            local.utility2.onNext(options, function (error, data) {","                switch (options.modeNext) {","                case 1:","                    local.nedb.dbTableCountMany(options.dbTable, {","                        query: { id: options.id }","                    }, options.onNext);","                    break;","                case 2:","                    // validate data","                    local.utility2.assertJsonEqual(data, 1);","                    options.onNext();","                    break;","                default:","                    onError(error);","                }","            });","            options.modeNext = 0;","            options.onNext();","        };","","        local.testCase_dbTableCreate_default = function (options, onError) {","        /*","         * this function will test dbTableCreate's default handling-behavior","         */","            options = {};","            options.name = 'testCase_dbTableCreate_default';","            options.dbTable = local.nedb.dbTableCreate(options);","            // test re-create handling-behavior","            options.dbTable = local.nedb.dbTableCreate(options);","            // test reset handling-behavior","            options.reset = true;","            options.dbTable = local.nedb.dbTableCreate(options);","            onError();","        };","","        local.testCase_dbTableDrop_default = function (options, onError) {","        /*","         * this function will test dbTableDrop's default handling-behavior","         */","            options = {};","            options.name = 'testCase_dbTableDrop_default';","            options.dbTable = local.nedb.dbTableCreate(options);","            local.nedb.dbTableDrop(options.dbTable, onError);","            // test undefined-dbTable handling-behavior","            local.nedb.dbTableDrop(options.dbTable, local.utility2.onErrorDefault);","        };","","        local.testCase_dbTableFindOne_default = function (options, onError) {","        /*","         * this function will test dbTableFindOne's default handling-behavior","         */","            options = local.crudOptionsSetDefault(options, {","                id: 'testCase_dbTableFindOne_default'","            });","            local.utility2.onNext(options, function (error, data) {","                switch (options.modeNext) {","                case 1:","                    local.nedb.dbTableFindOne(options.dbTable, {","                        query: { id: options.id }","                    }, options.onNext);","                    break;","                case 2:","                    // validate data","                    local.utility2.assertJsonEqual(data && data.id, options.id);","                    options.onNext();","                    break;","                default:","                    onError(error);","                }","            });","            options.modeNext = 0;","            options.onNext();","        };","","        local.testCase_dbTableRemoveOne_default = function (options, onError) {","        /*","         * this function will test dbTableRemoveOne's default handling-behavior","         */","            options = local.crudOptionsSetDefault(options, {","                id: 'testCase_dbTableRemoveOne_default'","            });","            local.utility2.onNext(options, function (error, data) {","                switch (options.modeNext) {","                case 1:","                    local.testCase_dbTableFindOne_default(options, options.onNext);","                    break;","                case 2:","                    local.nedb.dbTableRemoveOne(options.dbTable, {","                        query: { id: options.id }","                    }, options.onNext);","                    break;","                case 3:","                    local.nedb.dbTableFindOne(options.dbTable, {","                        query: { id: options.id }","                    }, options.onNext);","                    break;","                case 4:","                    // validate data was removed","                    local.utility2.assertJsonEqual(data, null);","                    options.onNext();","                    break;","                default:","                    onError(error, data);","                }","            });","            options.modeNext = 0;","            options.onNext();","        };","","        local.testCase_queryCompare_default = function (options, onError) {","        /*","         * this function will test queryCompare's default handling-behavior","         */","            options = [","                // $elemMatch","                ['$elemMatch', undefined, undefined, false],","                ['$elemMatch', [undefined], undefined, false],","                // $eq","                ['$eq', undefined, undefined, true],","                ['$eq', null, undefined, true],","                ['$eq', NaN, NaN, true],","                // $exists","                ['$exists', false, undefined, true],","                ['$exists', true, undefined, false],","                // $gt","                ['$gt', undefined, undefined, false],","                ['$gt', undefined, undefined, false],","                // $gte","                ['$gte', undefined, undefined, true],","                // $in","                ['$in', undefined, undefined, false],","                ['$in', undefined, [undefined], true],","                // $lt","                ['$lt', undefined, undefined, false],","                // $lte","                ['$lte', undefined, undefined, true],","                // $ne","                ['$ne', undefined, undefined, false],","                // $nin","                ['$nin', undefined, undefined, false],","                ['$nin', undefined, [undefined], false],","                // $regex","                ['$regex', undefined, undefined, false],","                // $size","                ['$size', undefined, undefined, false],","                ['$size', [undefined], undefined, false],","                [undefined, undefined, undefined, false]","            ];","            options.forEach(function (element) {","                local.utility2.assertJsonEqual(","                    [","                        element[0],","                        element[1],","                        element[2],","                        local.nedb.queryCompare(element[0], element[1], element[2])","                    ],","                    element","                );","            });","            onError();","        };","","        local.testCase_sortCompare_default = function (options, onError) {","        /*","         * this function will test sortCompare's default handling-behavior","         */","            options = {};","            options.data = [undefined, null, false, 0, '', true, 1, 'a', local.utility2.nop];","            local.utility2.assertJsonEqual(","                options.data.sort(local.nedb.sortCompare),","                [null, false, true, 0, 1, '', 'a', null, null]","            );","            local.utility2.assertJsonEqual(","                options.data.reverse().sort(local.nedb.sortCompare),","                [null, false, true, 0, 1, '', 'a', null, null]","            );","            onError();","        };","    }());","    switch (local.modeJs) {","","","","    // run node js-env code - function","    case 'node':","        local.testCase_build_app = function (options, onError) {","        /*","         * this function will test build's app handling-behavior","         */","            var onParallel;","            onParallel = local.utility2.onParallel(onError);","            onParallel.counter += 1;","            options = {};","            options = [{","                file: '/assets.app.js',","                url: '/assets.app.js'","            }, {","                file: '/assets.app.min.js',","                url: '/assets.app.min.js'","            }, {","                file: '/assets.example.js',","                url: '/assets.example.js'","            }, {","                file: '/assets.' + local.utility2.envDict.npm_package_name + '.css',","                url: '/assets.' + local.utility2.envDict.npm_package_name + '.css'","            }, {","                file: '/assets.' + local.utility2.envDict.npm_package_name + '.js',","                url: '/assets.' + local.utility2.envDict.npm_package_name + '.js'","            }, {","                file: '/assets.' + local.utility2.envDict.npm_package_name + '.min.js',","                transform: function (data) {","                    return local.utility2.uglifyIfProduction(","                        local.utility2.bufferToString(data)","                    );","                },","                url: '/assets.' + local.utility2.envDict.npm_package_name + '.js'","            }, {","                file: '/assets.test.js',","                url: '/assets.test.js'","            }, {","                file: '/assets.utility2.rollup.js',","                url: '/assets.utility2.rollup.js'","            }, {","                file: '/index.html',","                url: '/index.html'","            }, {","                file: '/jsonp.utility2.stateInit',","                url: '/jsonp.utility2.stateInit?callback=window.utility2.stateInit'","            }];","            options.forEach(function (options) {","                onParallel.counter += 1;","                local.utility2.ajax(options, function (error, xhr) {","                    onParallel.counter += 1;","                    // validate no error occurred","                    onParallel(error);","                    switch (local.path.extname(options.file)) {","                    case '.css':","                    case '.js':","                    case '.json':","                        local.utility2.jslintAndPrintConditional(","                            xhr.responseText,","                            options.file","                        );","                        // validate no error occurred","                        local.utility2.assert(","                            !local.utility2.jslint.errorText,","                            local.utility2.jslint.errorText","                        );","                        break;","                    }","                    local.utility2.fsWriteFileWithMkdirp(","                        local.utility2.envDict.npm_config_dir_build + '/app' + options.file,","                        (options.transform || local.utility2.echo)(xhr.response),","                        onParallel","                    );","                });","            });","            onParallel();","        };","","        local.testCase_build_doc = function (options, onError) {","        /*","         * this function will test build's doc handling-behavior","         */","            options = {};","            local.utility2.onNext(options, function (error) {","                switch (options.modeNext) {","                case 1:","                    options.moduleDict = {","                        'nedb-lite': {","                            exampleList: [],","                            exports: local.nedb","                        },","                        'nedb-lite.Index': {","                            exampleList: [],","                            exports: local.nedb.Index","                        },","                        'nedb-lite.Index.prototype': {","                            exampleList: [],","                            exports: local.nedb.Index.prototype","                        },","                        'nedb-lite.Persistence': {","                            exampleList: [],","                            exports: local.nedb.Persistence","                        },","                        'nedb-lite.Persistence.prototype': {","                            exampleList: [],","                            exports: local.nedb.Persistence.prototype","                        },","                        'nedb-lite._Table.prototype': {","                            exampleList: [],","                            exports: local.nedb._Table.prototype","                        }","                    };","                    Object.keys(options.moduleDict).forEach(function (key) {","                        options.moduleDict[key].example = [","                            'README.md',","                            'test.js',","                            'index.js'","                        ]","                            .concat(options.moduleDict[key].exampleList)","                            .map(function (file) {","                                return '\\n\\n\\n\\n\\n\\n\\n\\n' +","                                    local.fs.readFileSync(file, 'utf8') +","                                    '\\n\\n\\n\\n\\n\\n\\n\\n';","                            }).join('');","                    });","                    // create doc.api.html","                    local.utility2.fsWriteFileWithMkdirp(","                        local.utility2.envDict.npm_config_dir_build + '/doc.api.html',","                        local.utility2.docApiCreate(options),","                        options.onNext","                    );","                    break;","                case 2:","                    local.utility2.browserTest({","                        modeBrowserTest: 'screenCapture',","                        url: 'file://' + local.utility2.envDict.npm_config_dir_build +","                            '/doc.api.html'","                    }, options.onNext);","                    break;","                default:","                    onError(error);","                }","            });","            options.modeNext = 0;","            options.onNext();","        };","","        local.testCase_webpage_default = function (options, onError) {","        /*","         * this function will test the webpage's default handling-behavior","         */","            options = {","                modeCoverageMerge: true,","                url: local.utility2.serverLocalHost + '?modeTest=1'","            };","            local.utility2.browserTest(options, onError);","        };","        break;","    }","","","","    // run shared js-env code - post-init","    (function () {","        // init dbSeedList","        local.utility2.dbSeedList = local.utility2.dbSeedList.concat([{","            dbIndexCreateList: [{","                expireAfterSeconds: 30,","                fieldName: 'field1',","                sparse: true,","                unique: true","            }],","            dbRowList: [{","                id: 'testCase_dbTableCountMany_default'","            }, {","                id: 'testCase_dbTableFindOne_default'","            }, {","                id: 'testCase_dbTableRemoveOne_default'","            }],","            name: 'TestCrud'","        }]);","    }());","    switch (local.modeJs) {","","","","    // run browser js-env code - post-init","    case 'browser':","        // run tests","        local.utility2.nop(","            local.utility2.modeTest && document.querySelector('#testRunButton1').click()","        );","        break;","","","","    /* istanbul ignore next */","    // run node js-env code - post-init","    case 'node':","        // run test-server","        local.utility2.testRunServer(local);","        // init repl debugger","        local.utility2.replStart();","        /* istanbul ignore next */","        if (module !== require.main || module.isRollup) {","            break;","        }","        // init assets","        local.utility2.assetsDict['/assets.app.js'] = [","            'header',","            '/assets.utility2.rollup.js',","            'local.utility2.stateInit',","            '/assets.nedb-lite.js',","            '/assets.example.js',","            '/assets.test.js'","        ].map(function (key) {","            switch (key) {","/* jslint-ignore-begin */","case 'header':","return '\\","/*\\n\\","assets.app.js\\n\\","\\n' + local.utility2.envDict.npm_package_description + '\\n\\","\\n\\","instruction\\n\\","    1. save this script as assets.app.js\\n\\","    2. run the shell command:\\n\\","        $ PORT=8081 node assets.app.js\\n\\","    3. open a browser to http://localhost:8081\\n\\","    4. edit or paste script in browser to eval\\n\\","*/\\n\\","';","/* jslint-ignore-end */","            case 'local.utility2.stateInit':","                return '// ' + key + '\\n' +","                    local.utility2.assetsDict['/assets.utility2.rollup.content.js']","                    .replace(","                        '/* utility2.rollup.js content */',","                        key + '(' + JSON.stringify(","                            local.utility2.middlewareJsonpStateInit({ stateInit: true })","                        ) + ');'","                    );","            default:","                return '// ' + key + '\\n' + local.utility2.assetsDict[key];","            }","        }).join('\\n\\n\\n\\n');","        local.utility2.assetsDict['/assets.app.min.js'] =","            local.utility2.uglifyIfProduction(local.utility2.assetsDict['/assets.app.js']);","        break;","    }","}());",""],"l":{"12":2,"14":2,"19":2,"21":2,"23":2,"25":2,"26":2,"27":2,"32":1,"38":2,"41":1,"42":1,"43":1,"46":1,"50":1,"52":1,"53":1,"54":1,"56":1,"59":2,"60":2,"66":8,"67":8,"72":24,"73":4,"82":2,"83":2,"87":8,"88":8,"90":8,"93":2,"97":2,"98":2,"99":2,"100":2,"101":2,"102":2,"105":2,"109":2,"110":2,"111":2,"112":2,"113":2,"114":2,"115":2,"116":2,"120":2,"122":2,"127":2,"130":2,"135":2,"136":2,"139":2,"143":2,"145":2,"146":2,"147":2,"148":2,"150":2,"152":2,"153":2,"155":2,"157":2,"159":2,"161":2,"162":2,"165":2,"169":2,"172":2,"173":6,"175":2,"178":2,"181":2,"182":2,"183":2,"185":2,"188":2,"189":2,"192":2,"196":2,"197":2,"198":2,"200":2,"202":2,"203":2,"204":2,"207":2,"211":2,"212":2,"213":2,"214":2,"216":2,"219":2,"223":4,"226":4,"227":12,"229":4,"232":4,"235":4,"236":4,"237":4,"239":4,"242":4,"243":4,"246":2,"250":2,"253":2,"254":10,"256":2,"257":2,"259":2,"262":2,"264":2,"267":2,"270":2,"271":2,"272":2,"274":2,"277":2,"278":2,"281":2,"285":2,"320":2,"321":42,"331":2,"334":2,"338":2,"339":2,"340":2,"344":2,"348":2,"351":2,"357":1,"361":1,"362":1,"363":1,"364":1,"365":1,"383":1,"401":1,"402":10,"403":10,"404":10,"406":10,"407":10,"411":8,"416":8,"420":8,"422":10,"429":1,"432":1,"436":1,"437":1,"438":3,"440":1,"466":1,"467":6,"474":18,"480":1,"485":1,"487":1,"492":1,"494":1,"497":1,"498":1,"501":1,"505":1,"509":1,"511":1,"517":2,"519":2,"536":2,"543":1,"546":1,"554":1,"556":1,"558":1,"559":1,"562":1,"570":6,"573":1,"588":1,"597":4,"600":1,"602":1}},"/home/travis/build/kaizhu256/node-nedb-lite/index.js":{"path":"/home/travis/build/kaizhu256/node-nedb-lite/index.js","s":{"1":2,"2":2,"3":2,"4":2,"5":2,"6":2,"7":2,"8":1,"9":2,"10":2,"11":2,"12":2,"13":2,"14":1126,"15":1126,"16":1122,"17":4,"18":4,"19":2,"20":2,"21":2,"22":2,"23":4,"24":2,"25":2,"26":2,"27":2,"28":2,"29":4,"30":4,"31":4,"32":4,"33":4,"34":2,"35":4,"36":4,"37":2,"38":2,"39":2,"40":2,"41":2,"42":2,"43":2,"44":2,"45":2,"46":2,"47":2,"48":2,"49":2,"50":2,"51":0,"52":0,"53":0,"54":2,"55":2,"56":2,"57":2,"58":0,"59":0,"60":0,"61":2,"62":2,"63":2,"64":2,"65":2,"66":2,"67":2,"68":6,"69":6,"70":2,"71":2,"72":2,"73":2,"74":2,"75":6,"76":2,"77":2,"78":2,"79":2,"80":2,"81":2,"82":2,"83":2,"84":2,"85":62,"86":62,"87":1,"88":1,"89":1,"90":61,"91":0,"92":0,"93":61,"94":30,"95":31,"96":1,"97":30,"98":30,"99":30,"100":15,"101":15,"102":15,"103":30,"104":1,"105":1,"106":13,"107":13,"108":1,"109":1,"110":1,"111":3,"112":1,"113":1,"114":2,"115":2,"116":1,"117":1,"118":1,"119":1,"120":1,"121":13,"122":13,"123":30,"124":90,"125":30,"126":30,"127":31,"128":1,"129":1,"130":1,"131":13,"132":13,"133":13,"134":13,"135":13,"136":1,"137":1,"138":1,"139":1,"140":1,"141":1,"142":1,"143":1,"144":1,"145":1,"146":14,"147":14,"148":14,"149":14,"150":14,"151":14,"152":14,"153":31,"154":2,"155":2,"156":26,"157":26,"158":2,"159":4,"160":4,"161":4,"162":8,"163":8,"164":4,"165":8,"166":4,"167":2,"168":2,"169":2,"170":1,"171":1,"172":1,"173":1,"174":1,"175":1,"176":1,"177":0,"178":0,"179":1,"180":1,"181":1,"182":1,"183":1,"184":2,"185":4,"186":1,"187":4,"188":4,"189":4,"190":2,"191":2,"192":2,"193":2,"194":2,"195":2,"196":2,"197":2,"198":27,"199":27,"200":27,"201":2,"202":14,"203":14,"204":14,"205":52,"206":14,"207":14,"208":14,"209":14,"210":2,"211":14,"212":10,"213":10,"214":4,"215":4,"216":4,"217":4,"218":4,"219":14,"220":2,"221":2,"222":2,"223":12,"224":12,"225":12,"226":11,"227":2,"228":2,"229":9,"230":9,"231":2,"232":9,"233":29,"234":9,"235":9,"236":13,"237":13,"238":4,"239":13,"240":14,"241":14,"242":14,"243":2,"244":28,"245":28,"246":28,"247":0,"248":0,"249":28,"250":2,"251":2,"252":14,"253":14,"254":14,"255":12,"256":12,"257":2,"258":2,"259":2,"260":2,"261":16,"262":8,"263":8,"264":2,"265":2,"266":2,"267":2,"268":4,"269":4,"270":4,"271":4,"272":4,"273":6,"274":4,"275":16,"276":4,"277":12,"278":4,"279":2,"280":33,"281":33,"282":33,"283":33,"284":57,"285":40,"286":33,"287":2,"288":6,"289":6,"290":6,"291":6,"292":18,"293":18,"294":6,"295":6,"296":6,"297":6,"298":6,"299":0,"300":6,"301":6,"302":6,"303":6,"304":13,"305":9,"306":4,"307":4,"308":0,"309":4,"310":4,"311":4,"312":4,"313":6,"314":6,"315":0,"316":0,"317":0,"318":0,"319":0,"320":0,"321":0,"322":0,"323":0,"324":0,"325":0,"326":0,"327":0,"328":0,"329":0,"330":0,"331":0,"332":0,"333":0,"334":0,"335":0,"336":0,"337":0,"338":0,"339":0,"340":0,"341":0,"342":0,"343":0,"344":6,"345":6,"346":6,"347":2,"348":6,"349":6,"350":2,"351":2,"352":2,"353":2,"354":2,"355":6,"356":6,"357":2,"358":2,"359":2,"360":2,"361":2,"362":2,"363":3,"364":2,"365":2,"366":2,"367":2,"368":2,"369":2,"370":2,"371":2,"372":2,"373":2,"374":2,"375":2,"376":2,"377":2,"378":2,"379":12,"380":2,"381":104,"382":104,"383":273,"384":60,"385":1,"386":59,"387":59,"388":56,"389":215,"390":215,"391":3,"392":9,"393":9,"394":9,"395":213,"396":104,"397":104,"398":2,"399":120,"400":2,"401":38,"402":38,"403":38,"404":86,"405":86,"406":38,"407":2,"408":8,"409":1,"410":2,"411":103,"412":297,"413":297,"414":297,"415":2,"416":1,"417":1,"418":1,"419":103,"420":2,"421":28,"422":28,"423":28,"424":35,"425":35,"426":0,"427":35,"428":0,"429":0,"430":35,"431":35,"432":27,"433":28,"434":28,"435":2,"436":42,"437":42,"438":4,"439":2,"440":6,"441":4,"442":4,"443":2,"444":4,"445":2,"446":2,"447":2,"448":2,"449":4,"450":2,"451":2,"452":4,"453":2,"454":4,"455":4,"456":2,"457":170,"458":170,"459":18,"460":170,"461":20,"462":170,"463":26,"464":144,"465":16,"466":128,"467":2,"468":126,"469":126,"470":126,"471":58,"472":2,"473":56,"474":28,"475":28,"476":2,"477":26,"478":18,"479":8,"480":0,"481":8,"482":8,"483":68,"484":2,"485":28,"486":2,"487":0,"488":0,"489":0,"490":0,"491":0,"492":0,"493":0,"494":2,"495":2,"496":2,"497":24,"498":0,"499":24,"500":0,"501":24,"502":0,"503":2,"504":36,"505":0,"506":0,"507":36,"508":12,"509":24,"510":24,"511":2,"512":0,"513":0,"514":0,"515":0,"516":0,"517":0,"518":0,"519":0,"520":0,"521":0,"522":0,"523":0,"524":0,"525":0,"526":0,"527":2,"528":60,"529":2,"530":0,"531":2,"532":0,"533":2,"534":0,"535":0,"536":0,"537":0,"538":0,"539":0,"540":0,"541":0,"542":0,"543":0,"544":0,"545":0,"546":0,"547":0,"548":0,"549":0,"550":0,"551":0,"552":0,"553":0,"554":0,"555":0,"556":0,"557":0,"558":0,"559":0,"560":2,"561":0,"562":0,"563":0,"564":0,"565":0,"566":0,"567":0,"568":0,"569":0,"570":0,"571":0,"572":0,"573":0,"574":0,"575":0,"576":0,"577":0,"578":2,"579":0,"580":0,"581":0,"582":0,"583":0,"584":0,"585":0,"586":0,"587":0,"588":2,"589":0,"590":0,"591":0,"592":0,"593":0,"594":0,"595":0,"596":2,"597":0,"598":0,"599":0,"600":0,"601":0,"602":0,"603":0,"604":2,"605":0,"606":0,"607":0,"608":0,"609":2,"610":0,"611":0,"612":0,"613":0,"614":2,"615":18,"616":0,"617":0,"618":0,"619":0,"620":0,"621":0,"622":0,"623":0,"624":2,"625":18,"626":2,"627":0,"628":0,"629":0,"630":0,"631":0,"632":0,"633":0,"634":0,"635":0,"636":0,"637":0,"638":0,"639":0,"640":0,"641":0,"642":0,"643":0,"644":0,"645":0,"646":0,"647":0,"648":0,"649":0,"650":0,"651":0,"652":0,"653":2,"654":60,"655":60,"656":60,"657":0,"658":60,"659":0,"660":60,"661":60,"662":0,"663":0,"664":0,"665":0,"666":0,"667":0,"668":0,"669":0,"670":0,"671":2,"672":28,"673":28,"674":28,"675":0,"676":0,"677":0,"678":0,"679":0,"680":0,"681":0,"682":0,"683":0,"684":0,"685":0,"686":0,"687":0,"688":0,"689":2,"690":0,"691":0,"692":0,"693":0,"694":0,"695":0,"696":0,"697":2,"698":0,"699":0,"700":0,"701":0,"702":0,"703":0,"704":0,"705":2,"706":0,"707":2,"708":0,"709":0,"710":0,"711":0,"712":0,"713":0,"714":0,"715":2,"716":2,"717":28,"718":28,"719":28,"720":0,"721":0,"722":0,"723":0,"724":0,"725":0,"726":0,"727":0,"728":0,"729":0,"730":0,"731":0,"732":28,"733":0,"734":0,"735":0,"736":0,"737":0,"738":0,"739":0,"740":0,"741":0,"742":0,"743":28,"744":0,"745":28,"746":20,"747":8,"748":30,"749":0,"750":30,"751":28,"752":0,"753":0,"754":0,"755":0,"756":28,"757":20,"758":8,"759":2,"760":2,"761":2,"762":2,"763":77,"764":77,"765":77,"766":77,"767":12,"768":77,"769":77,"770":2,"771":0,"772":2,"773":12,"774":12,"775":12,"776":2,"777":2,"778":2,"779":2,"780":2,"781":2,"782":10,"783":10,"784":10,"785":10,"786":2,"787":0,"788":0,"789":0,"790":0,"791":0,"792":0,"793":0,"794":0,"795":0,"796":0,"797":0,"798":0,"799":0,"800":0,"801":0,"802":0,"803":0,"804":0,"805":2,"806":7,"807":2,"808":5,"809":0,"810":5,"811":2,"812":0,"813":2,"814":3,"815":1,"816":2,"817":2,"818":0,"819":0,"820":0,"821":0,"822":0,"823":0,"824":0,"825":0,"826":0,"827":0,"828":0,"829":0,"830":0,"831":0,"832":0,"833":0,"834":0,"835":2,"836":0,"837":0,"838":0,"839":0,"840":0,"841":0,"842":0,"843":0,"844":0,"845":0,"846":0,"847":0,"848":0,"849":0,"850":0,"851":0,"852":0,"853":2,"854":0,"855":0,"856":0,"857":2,"858":0,"859":0,"860":0,"861":0,"862":0,"863":0,"864":0,"865":0,"866":0,"867":0,"868":0,"869":0,"870":2,"871":0,"872":0,"873":0,"874":0,"875":0,"876":0,"877":0,"878":0,"879":0,"880":0,"881":2,"882":0,"883":0,"884":0,"885":0,"886":0,"887":0,"888":0,"889":0,"890":0,"891":0,"892":0,"893":0,"894":0,"895":0,"896":0,"897":0,"898":0,"899":0,"900":0,"901":0,"902":0,"903":0,"904":0,"905":0,"906":0,"907":2,"908":0,"909":0,"910":0,"911":0,"912":0,"913":0,"914":0,"915":0,"916":0,"917":0,"918":0,"919":0,"920":0,"921":0,"922":0,"923":0,"924":0,"925":0,"926":0,"927":0,"928":0,"929":0,"930":0,"931":0,"932":0,"933":0,"934":0,"935":0,"936":0,"937":0,"938":0,"939":0,"940":0,"941":0,"942":0,"943":0,"944":0,"945":0,"946":0,"947":0,"948":0,"949":0,"950":0,"951":0,"952":0,"953":0,"954":2,"955":57,"956":10,"957":57,"958":57,"959":14,"960":2,"961":80,"962":80,"963":2,"964":1,"965":1,"966":0,"967":1,"968":1,"969":1,"970":1,"971":0,"972":1,"973":0,"974":1,"975":1,"976":1,"977":1,"978":0,"979":1,"980":1,"981":1,"982":1,"983":1,"984":1,"985":2,"986":5,"987":5,"988":0,"989":5,"990":5,"991":0,"992":0,"993":0,"994":0,"995":5,"996":5,"997":5,"998":5,"999":5,"1000":0,"1001":5,"1002":5,"1003":5,"1004":5,"1005":5,"1006":5,"1007":2,"1008":0,"1009":0,"1010":0,"1011":0,"1012":0,"1013":2,"1014":5,"1015":0,"1016":5,"1017":1,"1018":5,"1019":2,"1020":18,"1021":18,"1022":0,"1023":0,"1024":18,"1025":35,"1026":35,"1027":0,"1028":0,"1029":0,"1030":35,"1031":5,"1032":5,"1033":5,"1034":18,"1035":2,"1036":18,"1037":18,"1038":6,"1039":6,"1040":6,"1041":6,"1042":12,"1043":17,"1044":0,"1045":0,"1046":0,"1047":0,"1048":0,"1049":0,"1050":0,"1051":17,"1052":17,"1053":2,"1054":2,"1055":2,"1056":0,"1057":15,"1058":10,"1059":10,"1060":5,"1061":12,"1062":2,"1063":6,"1064":6,"1065":0,"1066":6,"1067":11,"1068":6,"1069":5,"1070":5,"1071":1,"1072":1,"1073":0,"1074":4,"1075":4,"1076":0,"1077":6,"1078":0,"1079":0,"1080":0,"1081":0,"1082":0,"1083":6,"1084":5,"1085":0,"1086":0,"1087":0,"1088":0,"1089":5,"1090":1,"1091":4,"1092":5,"1093":1,"1094":0,"1095":0,"1096":0,"1097":0,"1098":0,"1099":0,"1100":0,"1101":0,"1102":0,"1103":0,"1104":1,"1105":1,"1106":1,"1107":1,"1108":1,"1109":1,"1110":1,"1111":0,"1112":1,"1113":0,"1114":0,"1115":0,"1116":0,"1117":0,"1118":0,"1119":0,"1120":0,"1121":0,"1122":0,"1123":0,"1124":2,"1125":0,"1126":0,"1127":0,"1128":0,"1129":0,"1130":0,"1131":0,"1132":0,"1133":0,"1134":0,"1135":0,"1136":2,"1137":36,"1138":36,"1139":36,"1140":36,"1141":36,"1142":2,"1143":65,"1144":65,"1145":29,"1146":2,"1147":57,"1148":57,"1149":33,"1150":33,"1151":24,"1152":24,"1153":6,"1154":18,"1155":6,"1156":6,"1157":6,"1158":6,"1159":6,"1160":18,"1161":18,"1162":0,"1163":0,"1164":0,"1165":0,"1166":0,"1167":0,"1168":0,"1169":0,"1170":0,"1171":0,"1172":0,"1173":2,"1174":33,"1175":33,"1176":0,"1177":0,"1178":0,"1179":0,"1180":0,"1181":33,"1182":0,"1183":0,"1184":0,"1185":2,"1186":8,"1187":8,"1188":0,"1189":0,"1190":0,"1191":8,"1192":8,"1193":2,"1194":6,"1195":6,"1196":0,"1197":0,"1198":2,"1199":0,"1200":0,"1201":0,"1202":0,"1203":0,"1204":0,"1205":0,"1206":0,"1207":2,"1208":0,"1209":0,"1210":0,"1211":0,"1212":0,"1213":0,"1214":0,"1215":0,"1216":0,"1217":0,"1218":0,"1219":0,"1220":0,"1221":0,"1222":0,"1223":2,"1224":6,"1225":6,"1226":6,"1227":0,"1228":0,"1229":0,"1230":0,"1231":0,"1232":0,"1233":2,"1234":0,"1235":2,"1236":10,"1237":2,"1238":9,"1239":9,"1240":0,"1241":9,"1242":29,"1243":20,"1244":9,"1245":2,"1246":14,"1247":14,"1248":14,"1249":14,"1250":0,"1251":14,"1252":14,"1253":14,"1254":2,"1255":9,"1256":9,"1257":13,"1258":13,"1259":4,"1260":0,"1261":0,"1262":0,"1263":4,"1264":2,"1265":2,"1266":0,"1267":9,"1268":9,"1269":9,"1270":0,"1271":9,"1272":2,"1273":6,"1274":6,"1275":6,"1276":0,"1277":2,"1278":6,"1279":6,"1280":2,"1281":6,"1282":6,"1283":6,"1284":0,"1285":0,"1286":0,"1287":0,"1288":0,"1289":0,"1290":0,"1291":0,"1292":0,"1293":0,"1294":0,"1295":0,"1296":0,"1297":0,"1298":0,"1299":0,"1300":0,"1301":0,"1302":0,"1303":0,"1304":0,"1305":0,"1306":0,"1307":0,"1308":0,"1309":2,"1310":6,"1311":2,"1312":6,"1313":0,"1314":6,"1315":6,"1316":6,"1317":6,"1318":0,"1319":6,"1320":6,"1321":6,"1322":0,"1323":0,"1324":0,"1325":0,"1326":0,"1327":0,"1328":0,"1329":0,"1330":0,"1331":6,"1332":0,"1333":0,"1334":0,"1335":0,"1336":0,"1337":0,"1338":0,"1339":0,"1340":0,"1341":0,"1342":0,"1343":0,"1344":0,"1345":0,"1346":6,"1347":6,"1348":0,"1349":6,"1350":2,"1351":10,"1352":10,"1353":10,"1354":0,"1355":10,"1356":10,"1357":10,"1358":10,"1359":10,"1360":10,"1361":10,"1362":10,"1363":9,"1364":9,"1365":0,"1366":2,"1367":6,"1368":6,"1369":24,"1370":24,"1371":0,"1372":0,"1373":0,"1374":6,"1375":0,"1376":0,"1377":0,"1378":2,"1379":2,"1380":2,"1381":8,"1382":2,"1383":0,"1384":0,"1385":0,"1386":2,"1387":16,"1388":16,"1389":16,"1390":48,"1391":48,"1392":16,"1393":16,"1394":16,"1395":16,"1396":16,"1397":16,"1398":16,"1399":16,"1400":16,"1401":0,"1402":16,"1403":16,"1404":16,"1405":0,"1406":16,"1407":0,"1408":16,"1409":0,"1410":16,"1411":16,"1412":16,"1413":0,"1414":16,"1415":0,"1416":16,"1417":0,"1418":16,"1419":16,"1420":16,"1421":16,"1422":16,"1423":16,"1424":34,"1425":34,"1426":34,"1427":0,"1428":34,"1429":34,"1430":0,"1431":0,"1432":16,"1433":16,"1434":16,"1435":2,"1436":6,"1437":6,"1438":6,"1439":6,"1440":6,"1441":6,"1442":0,"1443":6,"1444":6,"1445":0,"1446":6,"1447":2,"1448":6,"1449":6,"1450":0,"1451":0,"1452":0,"1453":6,"1454":6,"1455":6,"1456":6,"1457":6,"1458":6,"1459":6,"1460":6,"1461":2,"1462":6,"1463":0,"1464":6,"1465":2,"1466":0,"1467":0,"1468":0,"1469":0,"1470":0,"1471":0,"1472":0,"1473":0,"1474":0,"1475":0,"1476":0,"1477":2,"1478":6,"1479":6,"1480":6,"1481":6,"1482":6,"1483":12,"1484":12,"1485":6,"1486":6,"1487":6,"1488":0,"1489":6,"1490":6,"1491":6,"1492":0,"1493":6,"1494":0,"1495":6,"1496":6,"1497":6,"1498":6,"1499":0,"1500":0,"1501":0,"1502":6,"1503":6,"1504":0,"1505":6,"1506":6,"1507":0,"1508":0,"1509":0,"1510":0,"1511":0,"1512":0,"1513":0,"1514":0,"1515":0,"1516":0,"1517":0,"1518":0,"1519":0,"1520":0,"1521":0,"1522":0,"1523":0,"1524":0,"1525":0,"1526":0,"1527":0,"1528":0,"1529":0,"1530":0,"1531":0,"1532":0,"1533":6,"1534":6,"1535":2,"1536":1,"1537":1,"1538":1,"1539":1,"1540":1,"1541":1,"1542":1,"1543":1,"1544":1,"1545":1,"1546":2,"1547":2},"b":{"1":[2,1,1,1],"2":[1,1,1,1],"3":[1,1],"4":[1122,4],"5":[1,3],"6":[4,3],"7":[1,2],"8":[2,2],"9":[2,0],"10":[6,4],"11":[2,2,2],"12":[2,4],"13":[1,61],"14":[0,61],"15":[30,31],"16":[1,30],"17":[30,30,29],"18":[29,28],"19":[1,2,15,15],"20":[1,13,1,1,1,13],"21":[1,2],"22":[90,89],"23":[1,13,1,1,1,14],"24":[13,5],"25":[1,1],"26":[1,1],"27":[4,4],"28":[4,4],"29":[2,2],"30":[1,1],"31":[0,0],"32":[14,14,11,13],"33":[14,10],"34":[14,12],"35":[2,12],"36":[10,4],"37":[2,12],"38":[2,9],"39":[9,6],"40":[4,9],"41":[0,28],"42":[12,2],"43":[2,4,6,8,8],"44":[4,12],"45":[18,12],"46":[6,6,0,6],"47":[6,0],"48":[9,4],"49":[0,4],"50":[4,0],"51":[0,0],"52":[0,0],"53":[0,0],"54":[6,2],"55":[6,3],"56":[2,2,2],"57":[2,1],"58":[2,0],"59":[0,12],"60":[60,213],"61":[273,137,60],"62":[1,59],"63":[56,3],"64":[130,85],"65":[6,3],"66":[49,55],"67":[104,70],"68":[38,0],"69":[38,0],"70":[86,0],"71":[86,68],"72":[1,7],"73":[8,5],"74":[1,296],"75":[1,1],"76":[28,28],"77":[0,35],"78":[35,35],"79":[0,35],"80":[27,8],"81":[4,6,4,4,2,4,2,2,2,4,2,4,2],"82":[2,2],"83":[4,2],"84":[4,2],"85":[4,2],"86":[18,152],"87":[20,150],"88":[26,144],"89":[16,128],"90":[2,126],"91":[58,68],"92":[2,56],"93":[28,28],"94":[2,26],"95":[18,8],"96":[0,8],"97":[8,0],"98":[30,38],"99":[36,2],"100":[0,0],"101":[0,24],"102":[0,24],"103":[24,0,0,0,0],"104":[0,0],"105":[0,0],"106":[0,24],"107":[0,36],"108":[12,24],"109":[36,12],"110":[0,0],"111":[0,0,0,0],"112":[0,0],"113":[0,0],"114":[0,0],"115":[0,0,0],"116":[60,60,60,60,60],"117":[0,0],"118":[0,0],"119":[0,0],"120":[0,0,0,0],"121":[0,0],"122":[0,0,0],"123":[0,0],"124":[0,0,0],"125":[0,0],"126":[0,0],"127":[0,0],"128":[0,0],"129":[0,0],"130":[0,0],"131":[0,0],"132":[0,0],"133":[0,0],"134":[0,0,0],"135":[0,0],"136":[0,0],"137":[0,0],"138":[0,0],"139":[0,0],"140":[0,0],"141":[0,0],"142":[0,0],"143":[0,0],"144":[0,0],"145":[0,0],"146":[0,0],"147":[0,0],"148":[0,0],"149":[0,0],"150":[0,0],"151":[0,0],"152":[0,0],"153":[0,0],"154":[0,0],"155":[0,0],"156":[0,0],"157":[0,0],"158":[0,0],"159":[0,0],"160":[0,0],"161":[0,0],"162":[0,0],"163":[0,0],"164":[60,0],"165":[0,60],"166":[0,60],"167":[60,0],"168":[0,0],"169":[0,0],"170":[0,0],"171":[28,0],"172":[28,28,0,0,0,0,0,0],"173":[0,0],"174":[0,0,0,0,0],"175":[0,0],"176":[0,0],"177":[0,0],"178":[0,0],"179":[0,0],"180":[0,0],"181":[0,0],"182":[0,0],"183":[0,0],"184":[0,0],"185":[0,28],"186":[28,0],"187":[0,0],"188":[0,0],"189":[0,0,0],"190":[0,0],"191":[0,0],"192":[0,0],"193":[0,28],"194":[28,28,0,0],"195":[0,0],"196":[0,0],"197":[0,0],"198":[0,28],"199":[20,8],"200":[0,30],"201":[30,30],"202":[0,28],"203":[0,0],"204":[0,0],"205":[20,8],"206":[0,77],"207":[12,65],"208":[12,65],"209":[77,48],"210":[0,0],"211":[12,0],"212":[0,0],"213":[0,0],"214":[0,0],"215":[0,0],"216":[0,0],"217":[0,0],"218":[2,5],"219":[0,5],"220":[2,3],"221":[0,2],"222":[1,2],"223":[0,0],"224":[0,0],"225":[0,0],"226":[0,0],"227":[0,0],"228":[0,0],"229":[0,0],"230":[0,0],"231":[0,0],"232":[0,0],"233":[0,0],"234":[0,0],"235":[0,0],"236":[0,0],"237":[0,0],"238":[0,0],"239":[0,0],"240":[0,0],"241":[0,0],"242":[0,0],"243":[0,0],"244":[0,0],"245":[0,0],"246":[0,0],"247":[0,0],"248":[0,0],"249":[0,0],"250":[0,0],"251":[0,0],"252":[0,0],"253":[0,0],"254":[0,0],"255":[0,0],"256":[0,0],"257":[0,0],"258":[0,0],"259":[0,0],"260":[0,0],"261":[0,0],"262":[0,0],"263":[0,0],"264":[0,0],"265":[0,0],"266":[0,0],"267":[0,0],"268":[0,0],"269":[0,0],"270":[0,0],"271":[0,0],"272":[0,0],"273":[0,0],"274":[0,0],"275":[0,0],"276":[0,0],"277":[10,47],"278":[14,43],"279":[13,67],"280":[45,35],"281":[0,1],"282":[1,0],"283":[0,1],"284":[0,1],"285":[0,1],"286":[0,1],"287":[0,1],"288":[0,5],"289":[0,5],"290":[0,0],"291":[0,5],"292":[0,5],"293":[0,5],"294":[5,0],"295":[0,0],"296":[0,0],"297":[0,5],"298":[1,4],"299":[0,18],"300":[6,29],"301":[18,17],"302":[0,35],"303":[0,0],"304":[5,30],"305":[5,0],"306":[6,12],"307":[0,17],"308":[0,0],"309":[2,15],"310":[2,0],"311":[10,5],"312":[0,6],"313":[6,5],"314":[1,4],"315":[1,0],"316":[4,0],"317":[0,6],"318":[6,0],"319":[0,0],"320":[5,1],"321":[6,5],"322":[0,5],"323":[1,4],"324":[0,1],"325":[1,1],"326":[0,0],"327":[0,0],"328":[0,0],"329":[1,0],"330":[0,1],"331":[0,0],"332":[0,0],"333":[0,0],"334":[0,0],"335":[0,0],"336":[0,0],"337":[0,0],"338":[36,22],"339":[36,34],"340":[29,36],"341":[33,24],"342":[6,18],"343":[24,12],"344":[6,12],"345":[18,6,6],"346":[6,6],"347":[0,6],"348":[6,0],"349":[18,0],"350":[0,0],"351":[0,33],"352":[0,8],"353":[2,6],"354":[8,2],"355":[6,0],"356":[0,0],"357":[0,0],"358":[6,0],"359":[20,9],"360":[0,14],"361":[14,2],"362":[0,4],"363":[0,0],"364":[2,2],"365":[4,2],"366":[0,2],"367":[6,0],"368":[0,6],"369":[6,0],"370":[6,0],"371":[0,0],"372":[0,0],"373":[0,0],"374":[0,0],"375":[0,0],"376":[0,0],"377":[0,6],"378":[0,6],"379":[0,6],"380":[0,0],"381":[0,0],"382":[0,0],"383":[0,0],"384":[0,0],"385":[0,6],"386":[0,0],"387":[0,0],"388":[0,0],"389":[0,10],"390":[10,10,10],"391":[0,6],"392":[16,16,16],"393":[16,0],"394":[16,0,0,0],"395":[0,16],"396":[0,16],"397":[16,16],"398":[0,16],"399":[0,16],"400":[16,16,16,16,16],"401":[0,16],"402":[0,34],"403":[34,0],"404":[34,0],"405":[0,6],"406":[0,6],"407":[0,6],"408":[6,0],"409":[6,0],"410":[0,6],"411":[0,0],"412":[0,6],"413":[6,0],"414":[6,6,0],"415":[0,6],"416":[0,6],"417":[0,6],"418":[0,6],"419":[0,0],"420":[0,0],"421":[0,0,0],"422":[0,0],"423":[1,1]},"f":{"1":2,"2":2,"3":2,"4":2,"5":1126,"6":2,"7":4,"8":2,"9":2,"10":4,"11":2,"12":2,"13":2,"14":0,"15":0,"16":2,"17":6,"18":6,"19":2,"20":62,"21":1,"22":31,"23":3,"24":90,"25":1,"26":13,"27":1,"28":1,"29":1,"30":14,"31":26,"32":4,"33":8,"34":1,"35":0,"36":2,"37":2,"38":2,"39":27,"40":14,"41":52,"42":2,"43":29,"44":28,"45":14,"46":16,"47":2,"48":4,"49":6,"50":16,"51":33,"52":57,"53":40,"54":6,"55":18,"56":0,"57":13,"58":0,"59":0,"60":0,"61":0,"62":0,"63":0,"64":0,"65":6,"66":6,"67":2,"68":6,"69":3,"70":2,"71":12,"72":104,"73":273,"74":215,"75":9,"76":9,"77":120,"78":38,"79":86,"80":8,"81":103,"82":297,"83":28,"84":35,"85":42,"86":2,"87":2,"88":2,"89":170,"90":28,"91":0,"92":0,"93":2,"94":24,"95":36,"96":0,"97":24,"98":0,"99":0,"100":0,"101":60,"102":0,"103":0,"104":0,"105":0,"106":0,"107":0,"108":0,"109":0,"110":0,"111":0,"112":0,"113":0,"114":18,"115":0,"116":18,"117":0,"118":0,"119":0,"120":0,"121":0,"122":60,"123":28,"124":0,"125":0,"126":0,"127":0,"128":30,"129":28,"130":0,"131":0,"132":0,"133":0,"134":28,"135":77,"136":0,"137":12,"138":2,"139":10,"140":0,"141":7,"142":0,"143":0,"144":0,"145":0,"146":0,"147":0,"148":0,"149":0,"150":0,"151":0,"152":0,"153":0,"154":0,"155":0,"156":0,"157":0,"158":0,"159":0,"160":0,"161":0,"162":57,"163":80,"164":1,"165":5,"166":0,"167":5,"168":18,"169":18,"170":6,"171":0,"172":0,"173":36,"174":65,"175":57,"176":33,"177":8,"178":0,"179":0,"180":0,"181":0,"182":6,"183":0,"184":0,"185":0,"186":0,"187":10,"188":9,"189":0,"190":29,"191":14,"192":14,"193":14,"194":9,"195":0,"196":6,"197":6,"198":6,"199":0,"200":0,"201":0,"202":0,"203":0,"204":6,"205":6,"206":6,"207":6,"208":0,"209":0,"210":10,"211":9,"212":6,"213":2,"214":8,"215":0,"216":16,"217":48,"218":16,"219":16,"220":16,"221":0,"222":16,"223":0,"224":16,"225":34,"226":34,"227":6,"228":6,"229":6,"230":6,"231":0,"232":6,"233":0,"234":6,"235":12,"236":6,"237":6,"238":0,"239":0,"240":0,"241":0,"242":2},"fnMap":{"1":{"name":"(anonymous_1)","line":33,"loc":{"start":{"line":33,"column":1},"end":{"line":33,"column":13}}},"2":{"name":"(anonymous_2)","line":40,"loc":{"start":{"line":40,"column":5},"end":{"line":40,"column":17}}},"3":{"name":"(anonymous_3)","line":44,"loc":{"start":{"line":44,"column":24},"end":{"line":44,"column":36}}},"4":{"name":"(anonymous_4)","line":68,"loc":{"start":{"line":68,"column":5},"end":{"line":68,"column":17}}},"5":{"name":"(anonymous_5)","line":69,"loc":{"start":{"line":69,"column":28},"end":{"line":69,"column":55}}},"6":{"name":"(anonymous_6)","line":88,"loc":{"start":{"line":88,"column":30},"end":{"line":88,"column":42}}},"7":{"name":"(anonymous_7)","line":94,"loc":{"start":{"line":94,"column":52},"end":{"line":94,"column":67}}},"8":{"name":"(anonymous_8)","line":100,"loc":{"start":{"line":100,"column":30},"end":{"line":100,"column":62}}},"9":{"name":"(anonymous_9)","line":104,"loc":{"start":{"line":104,"column":53},"end":{"line":104,"column":72}}},"10":{"name":"(anonymous_10)","line":112,"loc":{"start":{"line":112,"column":35},"end":{"line":112,"column":72}}},"11":{"name":"(anonymous_11)","line":143,"loc":{"start":{"line":143,"column":35},"end":{"line":143,"column":72}}},"12":{"name":"(anonymous_12)","line":155,"loc":{"start":{"line":155,"column":29},"end":{"line":155,"column":48}}},"13":{"name":"(anonymous_13)","line":161,"loc":{"start":{"line":161,"column":39},"end":{"line":161,"column":56}}},"14":{"name":"(anonymous_14)","line":167,"loc":{"start":{"line":167,"column":64},"end":{"line":167,"column":79}}},"15":{"name":"(anonymous_15)","line":179,"loc":{"start":{"line":179,"column":64},"end":{"line":179,"column":79}}},"16":{"name":"(anonymous_16)","line":190,"loc":{"start":{"line":190,"column":38},"end":{"line":190,"column":75}}},"17":{"name":"(anonymous_17)","line":197,"loc":{"start":{"line":197,"column":39},"end":{"line":197,"column":62}}},"18":{"name":"(anonymous_18)","line":206,"loc":{"start":{"line":206,"column":33},"end":{"line":206,"column":50}}},"19":{"name":"(anonymous_19)","line":221,"loc":{"start":{"line":221,"column":36},"end":{"line":221,"column":55}}},"20":{"name":"(anonymous_20)","line":228,"loc":{"start":{"line":228,"column":36},"end":{"line":228,"column":64}}},"21":{"name":"(anonymous_21)","line":234,"loc":{"start":{"line":234,"column":51},"end":{"line":234,"column":63}}},"22":{"name":"(anonymous_22)","line":245,"loc":{"start":{"line":245,"column":27},"end":{"line":245,"column":39}}},"23":{"name":"(anonymous_23)","line":278,"loc":{"start":{"line":278,"column":40},"end":{"line":278,"column":52}}},"24":{"name":"(anonymous_24)","line":297,"loc":{"start":{"line":297,"column":60},"end":{"line":297,"column":79}}},"25":{"name":"(anonymous_25)","line":308,"loc":{"start":{"line":308,"column":36},"end":{"line":308,"column":48}}},"26":{"name":"(anonymous_26)","line":317,"loc":{"start":{"line":317,"column":24},"end":{"line":317,"column":47}}},"27":{"name":"(anonymous_27)","line":325,"loc":{"start":{"line":325,"column":59},"end":{"line":325,"column":82}}},"28":{"name":"(anonymous_28)","line":330,"loc":{"start":{"line":330,"column":59},"end":{"line":330,"column":82}}},"29":{"name":"(anonymous_29)","line":339,"loc":{"start":{"line":339,"column":24},"end":{"line":339,"column":36}}},"30":{"name":"(anonymous_30)","line":349,"loc":{"start":{"line":349,"column":59},"end":{"line":349,"column":76}}},"31":{"name":"(anonymous_31)","line":367,"loc":{"start":{"line":367,"column":38},"end":{"line":367,"column":62}}},"32":{"name":"(anonymous_32)","line":375,"loc":{"start":{"line":375,"column":35},"end":{"line":375,"column":47}}},"33":{"name":"(anonymous_33)","line":381,"loc":{"start":{"line":381,"column":39},"end":{"line":381,"column":56}}},"34":{"name":"(anonymous_34)","line":399,"loc":{"start":{"line":399,"column":48},"end":{"line":399,"column":60}}},"35":{"name":"(anonymous_35)","line":403,"loc":{"start":{"line":403,"column":54},"end":{"line":403,"column":66}}},"36":{"name":"(anonymous_36)","line":433,"loc":{"start":{"line":433,"column":35},"end":{"line":433,"column":54}}},"37":{"name":"(anonymous_37)","line":440,"loc":{"start":{"line":440,"column":37},"end":{"line":440,"column":56}}},"38":{"name":"(anonymous_38)","line":447,"loc":{"start":{"line":447,"column":41},"end":{"line":447,"column":65}}},"39":{"name":"(anonymous_39)","line":455,"loc":{"start":{"line":455,"column":38},"end":{"line":455,"column":69}}},"40":{"name":"(anonymous_40)","line":464,"loc":{"start":{"line":464,"column":35},"end":{"line":464,"column":63}}},"41":{"name":"(anonymous_41)","line":470,"loc":{"start":{"line":470,"column":39},"end":{"line":470,"column":62}}},"42":{"name":"(anonymous_42)","line":515,"loc":{"start":{"line":515,"column":54},"end":{"line":515,"column":69}}},"43":{"name":"(anonymous_43)","line":520,"loc":{"start":{"line":520,"column":54},"end":{"line":520,"column":69}}},"44":{"name":"(anonymous_44)","line":539,"loc":{"start":{"line":539,"column":34},"end":{"line":539,"column":59}}},"45":{"name":"(anonymous_45)","line":554,"loc":{"start":{"line":554,"column":33},"end":{"line":554,"column":61}}},"46":{"name":"(anonymous_46)","line":567,"loc":{"start":{"line":567,"column":38},"end":{"line":567,"column":53}}},"47":{"name":"(anonymous_47)","line":578,"loc":{"start":{"line":578,"column":54},"end":{"line":578,"column":71}}},"48":{"name":"(anonymous_48)","line":584,"loc":{"start":{"line":584,"column":35},"end":{"line":584,"column":54}}},"49":{"name":"(anonymous_49)","line":592,"loc":{"start":{"line":592,"column":52},"end":{"line":592,"column":69}}},"50":{"name":"(anonymous_50)","line":595,"loc":{"start":{"line":595,"column":46},"end":{"line":595,"column":67}}},"51":{"name":"(anonymous_51)","line":608,"loc":{"start":{"line":608,"column":36},"end":{"line":608,"column":55}}},"52":{"name":"(anonymous_52)","line":615,"loc":{"start":{"line":615,"column":53},"end":{"line":615,"column":69}}},"53":{"name":"(anonymous_53)","line":616,"loc":{"start":{"line":616,"column":34},"end":{"line":616,"column":51}}},"54":{"name":"(anonymous_54)","line":623,"loc":{"start":{"line":623,"column":37},"end":{"line":623,"column":74}}},"55":{"name":"(anonymous_55)","line":636,"loc":{"start":{"line":636,"column":39},"end":{"line":636,"column":62}}},"56":{"name":"(anonymous_56)","line":645,"loc":{"start":{"line":645,"column":57},"end":{"line":645,"column":72}}},"57":{"name":"(anonymous_57)","line":655,"loc":{"start":{"line":655,"column":34},"end":{"line":655,"column":51}}},"58":{"name":"(anonymous_58)","line":674,"loc":{"start":{"line":674,"column":43},"end":{"line":674,"column":60}}},"59":{"name":"(anonymous_59)","line":677,"loc":{"start":{"line":677,"column":41},"end":{"line":677,"column":59}}},"60":{"name":"(anonymous_60)","line":678,"loc":{"start":{"line":678,"column":34},"end":{"line":678,"column":53}}},"61":{"name":"(anonymous_61)","line":700,"loc":{"start":{"line":700,"column":44},"end":{"line":700,"column":61}}},"62":{"name":"(anonymous_62)","line":702,"loc":{"start":{"line":702,"column":47},"end":{"line":702,"column":62}}},"63":{"name":"(anonymous_63)","line":709,"loc":{"start":{"line":709,"column":44},"end":{"line":709,"column":61}}},"64":{"name":"(anonymous_64)","line":711,"loc":{"start":{"line":711,"column":55},"end":{"line":711,"column":70}}},"65":{"name":"(anonymous_65)","line":729,"loc":{"start":{"line":729,"column":36},"end":{"line":729,"column":73}}},"66":{"name":"(anonymous_66)","line":736,"loc":{"start":{"line":736,"column":15},"end":{"line":736,"column":38}}},"67":{"name":"(anonymous_67)","line":741,"loc":{"start":{"line":741,"column":39},"end":{"line":741,"column":76}}},"68":{"name":"(anonymous_68)","line":748,"loc":{"start":{"line":748,"column":39},"end":{"line":748,"column":62}}},"69":{"name":"(anonymous_69)","line":758,"loc":{"start":{"line":758,"column":30},"end":{"line":758,"column":47}}},"70":{"name":"(anonymous_70)","line":781,"loc":{"start":{"line":781,"column":38},"end":{"line":781,"column":75}}},"71":{"name":"(anonymous_71)","line":790,"loc":{"start":{"line":790,"column":30},"end":{"line":790,"column":45}}},"72":{"name":"(anonymous_72)","line":799,"loc":{"start":{"line":799,"column":42},"end":{"line":799,"column":78}}},"73":{"name":"(anonymous_73)","line":805,"loc":{"start":{"line":805,"column":24},"end":{"line":805,"column":43}}},"74":{"name":"(anonymous_74)","line":821,"loc":{"start":{"line":821,"column":49},"end":{"line":821,"column":68}}},"75":{"name":"(anonymous_75)","line":831,"loc":{"start":{"line":831,"column":29},"end":{"line":831,"column":44}}},"76":{"name":"(anonymous_76)","line":837,"loc":{"start":{"line":837,"column":32},"end":{"line":837,"column":51}}},"77":{"name":"(anonymous_77)","line":851,"loc":{"start":{"line":851,"column":25},"end":{"line":851,"column":37}}},"78":{"name":"(anonymous_78)","line":858,"loc":{"start":{"line":858,"column":38},"end":{"line":858,"column":63}}},"79":{"name":"(anonymous_79)","line":864,"loc":{"start":{"line":864,"column":42},"end":{"line":864,"column":57}}},"80":{"name":"(anonymous_80)","line":872,"loc":{"start":{"line":872,"column":36},"end":{"line":872,"column":53}}},"81":{"name":"(anonymous_81)","line":883,"loc":{"start":{"line":883,"column":28},"end":{"line":883,"column":56}}},"82":{"name":"(anonymous_82)","line":888,"loc":{"start":{"line":888,"column":29},"end":{"line":888,"column":58}}},"83":{"name":"(anonymous_83)","line":906,"loc":{"start":{"line":906,"column":32},"end":{"line":906,"column":60}}},"84":{"name":"(anonymous_84)","line":914,"loc":{"start":{"line":914,"column":19},"end":{"line":914,"column":36}}},"85":{"name":"(anonymous_85)","line":939,"loc":{"start":{"line":939,"column":34},"end":{"line":939,"column":62}}},"86":{"name":"(anonymous_86)","line":949,"loc":{"start":{"line":949,"column":35},"end":{"line":949,"column":54}}},"87":{"name":"(anonymous_87)","line":961,"loc":{"start":{"line":961,"column":56},"end":{"line":961,"column":70}}},"88":{"name":"(anonymous_88)","line":971,"loc":{"start":{"line":971,"column":57},"end":{"line":971,"column":71}}},"89":{"name":"(anonymous_89)","line":987,"loc":{"start":{"line":987,"column":33},"end":{"line":987,"column":51}}},"90":{"name":"(anonymous_90)","line":1041,"loc":{"start":{"line":1041,"column":30},"end":{"line":1041,"column":45}}},"91":{"name":"(anonymous_91)","line":1044,"loc":{"start":{"line":1044,"column":32},"end":{"line":1044,"column":48}}},"92":{"name":"(anonymous_92)","line":1050,"loc":{"start":{"line":1050,"column":31},"end":{"line":1050,"column":50}}},"93":{"name":"(anonymous_93)","line":1064,"loc":{"start":{"line":1064,"column":5},"end":{"line":1064,"column":17}}},"94":{"name":"checkKey","line":1069,"loc":{"start":{"line":1069,"column":8},"end":{"line":1069,"column":32}}},"95":{"name":"checkObject","line":1090,"loc":{"start":{"
[...]
skip":true},"48":{"start":{"line":201,"column":20},"end":{"line":201,"column":42},"skip":true},"49":{"start":{"line":202,"column":20},"end":{"line":202,"column":50},"skip":true},"50":{"start":{"line":204,"column":20},"end":{"line":204,"column":84},"skip":true},"51":{"start":{"line":205,"column":20},"end":{"line":205,"column":94},"skip":true},"52":{"start":{"line":207,"column":16},"end":{"line":207,"column":22},"skip":true},"53":{"start":{"line":209,"column":16},"end":{"line":209,"column":70},"skip":true},"54":{"start":{"line":210,"column":16},"end":{"line":215,"column":17},"skip":true},"55":{"start":{"line":212,"column":20},"end":{"line":212,"column":74},"skip":true},"56":{"start":{"line":214,"column":20},"end":{"line":214,"column":89},"skip":true},"57":{"start":{"line":219,"column":8},"end":{"line":225,"column":11}},"58":{"start":{"line":220,"column":12},"end":{"line":224,"column":15}},"59":{"start":{"line":223,"column":16},"end":{"line":223,"column":63}},"60":{"start":{"line":226,"column":8},"end":{"line":226,"column":14}},"61":{"start":{"line":234,"column":8},"end":{"line":234,"column":31},"skip":true},"62":{"start":{"line":236,"column":8},"end":{"line":236,"column":33},"skip":true},"63":{"start":{"line":237,"column":8},"end":{"line":237,"column":37},"skip":true},"64":{"start":{"line":238,"column":8},"end":{"line":238,"column":37},"skip":true},"65":{"start":{"line":239,"column":8},"end":{"line":239,"column":35},"skip":true},"66":{"start":{"line":242,"column":8},"end":{"line":351,"column":2},"skip":true},"67":{"start":{"line":353,"column":8},"end":{"line":365,"column":15},"skip":true},"68":{"start":{"line":356,"column":16},"end":{"line":356,"column":31},"skip":true},"69":{"start":{"line":357,"column":16},"end":{"line":364,"column":17},"skip":true},"70":{"start":{"line":359,"column":20},"end":{"line":359,"column":44},"skip":true},"71":{"start":{"line":361,"column":20},"end":{"line":361,"column":37},"skip":true},"72":{"start":{"line":363,"column":20},"end":{"line":363,"column":35},"skip":true},"73":{"start":{"line":366,"column":8},"end":{"line":368,"column":9},"skip":true},"74":{"start":{"line":367,"column":12},"end":{"line":367,"column":18},"skip":true},"75":{"start":{"line":369,"column":8},"end":{"line":372,"column":9},"skip":true},"76":{"start":{"line":370,"column":12},"end":{"line":370,"column":84},"skip":true},"77":{"start":{"line":373,"column":8},"end":{"line":376,"column":10},"skip":true},"78":{"start":{"line":378,"column":8},"end":{"line":380,"column":9},"skip":true},"79":{"start":{"line":379,"column":12},"end":{"line":379,"column":18},"skip":true},"80":{"start":{"line":382,"column":8},"end":{"line":382,"column":67},"skip":true},"81":{"start":{"line":383,"column":8},"end":{"line":394,"column":36},"skip":true},"82":{"start":{"line":384,"column":12},"end":{"line":393,"column":13},"skip":true},"83":{"start":{"line":389,"column":16},"end":{"line":389,"column":75},"skip":true},"84":{"start":{"line":390,"column":16},"end":{"line":390,"column":22},"skip":true},"85":{"start":{"line":392,"column":16},"end":{"line":392,"column":31},"skip":true},"86":{"start":{"line":397,"column":8},"end":{"line":399,"column":9},"skip":true},"87":{"start":{"line":398,"column":12},"end":{"line":398,"column":82},"skip":true},"88":{"start":{"line":400,"column":8},"end":{"line":400,"column":14},"skip":true}},"branchMap":{"1":{"line":121,"type":"binary-expr","locations":[{"start":{"line":121,"column":23},"end":{"line":121,"column":62}},{"start":{"line":122,"column":20},"end":{"line":122,"column":70}},{"start":{"line":123,"column":20},"end":{"line":123,"column":71}},{"start":{"line":124,"column":20},"end":{"line":124,"column":29}}]},"2":{"line":126,"type":"binary-expr","locations":[{"start":{"line":126,"column":23},"end":{"line":126,"column":37}},{"start":{"line":127,"column":20},"end":{"line":127,"column":61}},{"start":{"line":128,"column":20},"end":{"line":128,"column":70}},{"start":{"line":129,"column":20},"end":{"line":129,"column":26}}]},"3":{"line":134,"type":"cond-expr","locations":[{"start":{"line":135,"column":14},"end":{"line":135,"column":36},"skip":true},{"start":{"line":136,"column":14},"end":{"line":138,"column":40},"skip":true}]},"4":{"line":136,"type":"cond-expr","locations":[{"start":{"line":137,"column":14},"end":{"line":137,"column":20},"skip":true},{"start":{"line":138,"column":14},"end":{"line":138,"column":40},"skip":true}]},"5":{"line":142,"type":"switch","locations":[{"start":{"line":147,"column":4},"end":{"line":226,"column":14}},{"start":{"line":232,"column":4},"end":{"line":400,"column":14},"skip":true}]},"6":{"line":154,"type":"cond-expr","locations":[{"start":{"line":155,"column":30},"end":{"line":155,"column":33}},{"start":{"line":156,"column":30},"end":{"line":156,"column":75}}]},"7":{"line":163,"type":"switch","locations":[{"start":{"line":164,"column":12},"end":{"line":171,"column":22},"skip":true},{"start":{"line":172,"column":12},"end":{"line":174,"column":22},"skip":true},{"start":{"line":175,"column":12},"end":{"line":189,"column":22},"skip":true},{"start":{"line":190,"column":12},"end":{"line":196,"column":22},"skip":true},{"start":{"line":197,"column":12},"end":{"line":207,"column":22},"skip":true},{"start":{"line":208,"column":12},"end":{"line":215,"column":17},"skip":true}]},"8":{"line":163,"type":"binary-expr","locations":[{"start":{"line":163,"column":20},"end":{"line":163,"column":25},"skip":true},{"start":{"line":163,"column":29},"end":{"line":163,"column":51},"skip":true}]},"9":{"line":180,"type":"if","locations":[{"start":{"line":180,"column":16},"end":{"line":180,"column":16},"skip":true},{"start":{"line":180,"column":16},"end":{"line":180,"column":16},"skip":true}]},"10":{"line":198,"type":"if","locations":[{"start":{"line":198,"column":16},"end":{"line":198,"column":16},"skip":true},{"start":{"line":198,"column":16},"end":{"line":198,"column":16},"skip":true}]},"11":{"line":357,"type":"switch","locations":[{"start":{"line":358,"column":16},"end":{"line":359,"column":44},"skip":true},{"start":{"line":360,"column":16},"end":{"line":361,"column":37},"skip":true},{"start":{"line":362,"column":16},"end":{"line":363,"column":35},"skip":true}]},"12":{"line":366,"type":"if","locations":[{"start":{"line":366,"column":8},"end":{"line":366,"column":8},"skip":true},{"start":{"line":366,"column":8},"end":{"line":366,"column":8},"skip":true}]},"13":{"line":378,"type":"if","locations":[{"start":{"line":378,"column":8},"end":{"line":378,"column":8},"skip":true},{"start":{"line":378,"column":8},"end":{"line":378,"column":8},"skip":true}]},"14":{"line":384,"type":"switch","locations":[{"start":{"line":385,"column":12},"end":{"line":385,"column":21},"skip":true},{"start":{"line":386,"column":12},"end":{"line":386,"column":38},"skip":true},{"start":{"line":387,"column":12},"end":{"line":387,"column":40},"skip":true},{"start":{"line":388,"column":12},"end":{"line":390,"column":22},"skip":true},{"start":{"line":391,"column":12},"end":{"line":392,"column":31},"skip":true}]},"15":{"line":397,"type":"if","locations":[{"start":{"line":397,"column":8},"end":{"line":397,"column":8},"skip":true},{"start":{"line":397,"column":8},"end":{"line":397,"column":8},"skip":true}]}},"code":["","","","","","","","","","","","","","","","","","","","","","","","","","","","","","","","","","","","","","","","","","","","","","","","","","","","","","","","","","","","","","","","","","","","","","","","","","","","","","","","","","","","/*","example.js","","this script will will demo the browser-version of nedb","","instruction","    1. save this script as example.js","    2. run the shell command:","        $ npm install \"kaizhu256/node-nedb-lite#alpha\" && export PORT=8081 && node example.js","    3. open a browser to http://localhost:8081","    4. edit or paste script in browser to eval","*/","","/* istanbul instrument in package nedb-lite */","/*jslint","    bitwise: true,","    browser: true,","    maxerr: 8,","    maxlen: 96,","    node: true,","    nomen: true,","    regexp: true,","    stupid: true","*/","(function () {","    'use strict';","    var local;","","","","    // run shared js-env code - pre-init","    (function () {","        // init local","        local = {};","        // init modeJs","        local.modeJs = (function () {","            try {","                return typeof navigator.userAgent === 'string' &&","                    typeof document.querySelector('body') === 'object' &&","                    typeof XMLHttpRequest.prototype.open === 'function' &&","                    'browser';","            } catch (errorCaughtBrowser) {","                return module.exports &&","                    typeof process.versions.node === 'string' &&","                    typeof require('http').createServer === 'function' &&","                    'node';","            }","        }());","        /* istanbul ignore next */","        // re-init local","        local = local.modeJs === 'browser'","            ? window.nedb_lite.local","            : module.isRollup","            ? module","            : module.moduleExports.local;","        // export local","        local.global.local = local;","    }());","    switch (local.modeJs) {","","","","    // run browser js-env code - post-init","    case 'browser':","        ['error', 'log'].forEach(function (key) {","            console['_' + key] = console[key];","            console[key] = function () {","                console['_' + key].apply(console, arguments);","                document.querySelector('#outputTextarea1').value +=","                    Array.prototype.slice.call(arguments).map(function (arg) {","                        return typeof arg === 'string'","                            ? arg","                            : local.nedb.jsonStringifyOrdered(arg, null, 4);","                    }).join(' ') + '\\n';","            };","        });","        /* istanbul ignore next */","        local.testRun = function (event) {","            var reader, tmp;","            switch (event && event.currentTarget.id) {","            case 'nedbExportButton1':","                tmp = window.URL.createObjectURL(new window.Blob([local.nedb.dbExport()]));","                document.querySelector('#nedbExportA1').href = tmp;","                document.querySelector('#nedbExportA1').click();","                setTimeout(function () {","                    window.URL.revokeObjectURL(tmp);","                }, 30000);","                break;","            case 'nedbImportButton1':","                document.querySelector('#nedbImportInput1').click();","                break;","            case 'nedbImportInput1':","                document.querySelector('#outputTextarea1').value = '';","                console.log('importing nedb-database ...');","                reader = new window.FileReader();","                tmp = document.querySelector('#nedbImportInput1').files[0];","                if (!tmp) {","                    return;","                }","                reader.addEventListener('load', function () {","                    local.nedb.dbImport(reader.result, function () {","                        console.log('... imported nedb-database');","                    });","                });","                reader.readAsText(tmp);","                break;","            case 'nedbResetButton1':","                document.querySelector('#outputTextarea1').value = '';","                console.log('resetting nedb-database ...');","                local.nedb.dbReset(function () {","                    console.log('... resetted nedb-database');","                });","                break;","            case 'testRunButton1':","                if (document.querySelector('.testReportDiv').style.display === 'none') {","                    document.querySelector('.testReportDiv').style.display = 'block';","                    document.querySelector('#testRunButton1').innerText = 'hide internal test';","                    local.modeTest = true;","                    local.utility2.testRun(local);","                } else {","                    document.querySelector('.testReportDiv').style.display = 'none';","                    document.querySelector('#testRunButton1').innerText = 'run internal test';","                }","                break;","            default:","                document.querySelector('#outputTextarea1').value = '';","                try {","                    /*jslint evil: true*/","                    eval(document.querySelector('#inputTextarea1').value);","                } catch (errorCaught) {","                    document.querySelector('#outputTextarea1').value = errorCaught.stack;","                }","            }","        };","        // init event-handling","        ['change', 'click'].forEach(function (event) {","            Array.prototype.slice.call(","                document.querySelectorAll('.on' + event)","            ).forEach(function (element) {","                element.addEventListener(event, local.testRun);","            });","        });","        break;","","","","    /* istanbul ignore next */","    // run node js-env code - post-init","    case 'node':","        // export local","        module.exports = local;","        // require modules","        local.fs = require('fs');","        local.http = require('http');","        local.path = require('path');","        local.url = require('url');","        // init assets","        /* jslint-ignore-begin */","        local.templateIndexHtml = '\\","<!doctype html>\\n\\","<html lang=\"en\">\\n\\","<head>\\n\\","<meta charset=\"UTF-8\">\\n\\","<meta name=\"viewport\" content=\"width=device-width, initial-scale=1\">\\n\\","<title>\\n\\","{{envDict.npm_package_name}} v{{envDict.npm_package_version}}\\n\\","</title>\\n\\","<style>\\n\\","/*csslint\\n\\","    box-sizing: false,\\n\\","    ids: false,\\n\\","    universal-selector: false\\n\\","*/\\n\\","* {\\n\\","    box-sizing: border-box;\\n\\","}\\n\\","body {\\n\\","    background-color: #fff;\\n\\","    font-family: Arial, Helvetica, sans-serif;\\n\\","}\\n\\","body > * {\\n\\","    margin-bottom: 1rem;\\n\\","}\\n\\","body > button {\\n\\","    width: 15rem;\\n\\","}\\n\\","textarea {\\n\\","    font-family: monospace;\\n\\","    height: 16rem;\\n\\","    width: 100%;\\n\\","}\\n\\","textarea[readonly] {\\n\\","    background-color: #ddd;\\n\\","}\\n\\",".zeroPixel {\\n\\","    border: 0;\\n\\","    height: 0;\\n\\","    margin: 0;\\n\\","    padding: 0;\\n\\","    width: 0;\\n\\","}\\n\\","</style>\\n\\","</head>\\n\\","<body>\\n\\","    <h1>\\n\\","\\n\\","        <a\\n\\","            {{#if envDict.npm_package_homepage}}\\n\\","            href=\"{{envDict.npm_package_homepage}}\"\\n\\","            {{/if envDict.npm_package_homepage}}\\n\\","            target=\"_blank\"\\n\\","        >\\n\\","\\n\\","            {{envDict.npm_package_name}} v{{envDict.npm_package_version}}\\n\\","\\n\\","        </a>\\n\\","\\n\\","    </h1>\\n\\","    <h3>{{envDict.npm_package_description}}</h3>\\n\\","\\n\\","    <h4><a download href=\"assets.app.js\">download standalone app</a></h4>\\n\\","    <button class=\"onclick\" id=\"testRunButton1\">run internal test</button><br>\\n\\","    <div class=\"testReportDiv\" style=\"display: none;\"></div>\\n\\","\\n\\","\\n\\","    <button class=\"onclick\" id=\"nedbResetButton1\">reset nedb-database</button><br>\\n\\","    <button class=\"onclick\" id=\"nedbExportButton1\">save nedb-database to file</button><br>\\n\\","    <a download=\"nedb.persistence.json\" href=\"\" id=\"nedbExportA1\"></a>\\n\\","    <button class=\"onclick\" id=\"nedbImportButton1\">load nedb-database from file</button><br>\\n\\","    <input class=\"onchange zeroPixel\" type=\"file\" id=\"nedbImportInput1\">\\n\\","    <label>edit or paste script below to\\n\\","        <a\\n\\","            href=\"https://kaizhu256.github.io/node-nedb-lite/build/doc.api.html\"\\n\\","            target=\"_blank\"\\n\\","        >eval</a>\\n\\","    </label>\\n\\","<textarea id=\"inputTextarea1\">\\n\\","window.table1 = window.nedb_lite.dbTableCreate({ name: \"table1\" });\\n\\","table1.insert({ field1: \"hello\", field2: \"world\"}, function () {\\n\\","    console.log();\\n\\","    console.log(window.nedb_lite.dbTableExport(table1));\\n\\","});\\n\\","\\n\\","window.table2 = window.nedb_lite.dbTableCreate({ name: \"table2\" });\\n\\","table2.insert({ field1: \"hello\", field2: \"world\"}, function () {\\n\\","    console.log();\\n\\","    console.log(window.nedb_lite.dbTableExport(table2));\\n\\","});\\n\\","</textarea>\\n\\","    <button class=\"onclick\" id=\"nedbEvalButton1\">eval script</button><br>\\n\\","    <label>stderr and stdout</label>\\n\\","    <textarea id=\"outputTextarea1\" readonly></textarea>\\n\\","\\n\\","    {{#if isRollup}}\\n\\","    <script src=\"assets.app.min.js\"></script>\\n\\","    {{#unless isRollup}}\\n\\","\\n\\","    <script src=\"assets.utility2.rollup.js\"></script>\\n\\","    <script src=\"jsonp.utility2.stateInit?callback=window.utility2.stateInit\"></script>\\n\\","    <script src=\"assets.nedb-lite.js\"></script>\\n\\","    <script src=\"assets.example.js\"></script>\\n\\","    <script src=\"assets.test.js\"></script>\\n\\","\\n\\","    {{/if isRollup}}\\n\\","\\n\\","</body>\\n\\","</html>\\n\\","';","        /* jslint-ignore-end */","        local['/'] = local.templateIndexHtml","            .replace((/\\{\\{envDict\\.(\\w+?)\\}\\}/g), function (match0, match1) {","                // jslint-hack","                String(match0);","                switch (match1) {","                case 'npm_package_description':","                    return 'example module';","                case 'npm_package_name':","                    return 'example';","                case 'npm_package_version':","                    return '0.0.1';","                }","            });","        if (module.isRollup) {","            break;","        }","        try {","            local['/assets.example.js'] = local.fs.readFileSync(__filename, 'utf8');","        } catch (ignore) {","        }","        local['/assets.nedb-lite.js'] = local.fs.readFileSync(","            local.nedb.__dirname + '/index.js',","            'utf8'","        );","        // run the cli","        if (module !== require.main) {","            break;","        }","        // start server","        console.log('server starting on port ' + process.env.PORT);","        local.http.createServer(function (request, response) {","            switch (local.url.parse(request.url).pathname) {","            case '/':","            case '/assets.example.js':","            case '/assets.nedb-lite.js':","            case '/assets.test.js':","                response.end(local[local.url.parse(request.url).pathname]);","                break;","            default:","                response.end();","            }","        }).listen(process.env.PORT);","        // if $npm_config_timeout_exit is defined,","        // then exit this process after $npm_config_timeout_exit ms","        if (Number(process.env.npm_config_timeout_exit)) {","            setTimeout(process.exit, Number(process.env.npm_config_timeout_exit));","        }","        break;","    }","}());"],"l":{"108":2,"110":2,"115":2,"117":2,"119":2,"120":2,"121":2,"126":1,"134":2,"140":2,"142":2,"148":1,"149":2,"150":2,"151":14,"152":14,"154":14,"161":1,"162":1,"163":1,"165":1,"166":1,"167":1,"168":1,"169":1,"171":1,"173":1,"174":1,"176":1,"177":1,"178":1,"179":1,"180":1,"181":1,"183":1,"184":1,"185":1,"188":1,"189":1,"191":1,"192":1,"193":1,"194":1,"196":1,"198":1,"199":1,"200":1,"201":1,"202":1,"204":1,"205":1,"207":1,"209":1,"210":1,"212":1,"214":1,"219":1,"220":2,"223":6,"226":1,"234":1,"236":1,"237":1,"238":1,"239":1,"242":1,"353":1,"356":6,"357":6,"359":1,"361":2,"363":2,"366":1,"367":1,"369":1,"370":1,"373":1,"378":1,"379":1,"382":1,"383":1,"384":1,"389":1,"390":1,"392":1,"397":1,"398":1,"400":1}}}