{"/home/travis/build/kaizhu256/node-nedb-lite/test.js":{"path":"/home/travis/build/kaizhu256/node-nedb-lite/test.js","s":{"1":2,"2":2,"3":2,"4":2,"5":2,"6":2,"7":2,"8":2,"9":1,"10":2,"11":1,"12":1,"13":1,"14":1,"15":1,"16":1,"17":0,"18":0,"19":1,"20":2,"21":2,"22":8,"23":8,"24":24,"25":4,"26":2,"27":2,"28":8,"29":8,"30":8,"31":2,"32":2,"33":2,"34":2,"35":2,"36":2,"37":2,"38":2,"39":2,"40":2,"41":2,"42":2,"43":2,"44":2,"45":2,"46":2,"47":2,"48":2,"49":2,"50":2,"51":2,"52":2,"53":2,"54":2,"55":2,"56":2,"57":2,"58":2,"59":2,"60":2,"61":2,"62":2,"63":2,"64":2,"65":2,"66":2,"67":2,"68":2,"69":2,"70":6,"71":2,"72":2,"73":2,"74":2,"75":2,"76":2,"77":2,"78":2,"79":2,"80":2,"81":2,"82":2,"83":2,"84":2,"85":2,"86":2,"87":2,"88":2,"89":2,"90":2,"91":2,"92":2,"93":2,"94":4,"95":4,"96":12,"97":4,"98":4,"99":4,"100":4,"101":4,"102":4,"103":4,"104":4,"105":2,"106":2,"107":2,"108":10,"109":2,"110":2,"111":2,"112":2,"113":2,"114":2,"115":2,"116":2,"117":2,"118":2,"119":2,"120":2,"121":2,"122":2,"123":2,"124":42,"125":2,"126":2,"127":2,"128":2,"129":2,"130":2,"131":2,"132":2,"133":1,"134":1,"135":1,"136":1,"137":1,"138":1,"139":1,"140":1,"141":10,"142":10,"143":10,"144":10,"145":10,"146":8,"147":8,"148":8,"149":10,"150":1,"151":1,"152":1,"153":1,"154":3,"155":1,"156":1,"157":6,"158":18,"159":1,"160":1,"161":1,"162":1,"163":1,"164":1,"165":1,"166":1,"167":1,"168":1,"169":1,"170":2,"171":2,"172":2,"173":1,"174":1,"175":1,"176":1,"177":1,"178":0,"179":1,"180":6,"181":1,"182":1,"183":4,"184":1,"185":1},"b":{"1":[2,1,1,1],"2":[1,1,1,1],"3":[1,1],"4":[1,1],"5":[0,1],"6":[4,20],"7":[2,2,2],"8":[4,4,4],"9":[4,4],"10":[2,2,2,2,2],"11":[1],"12":[1,8,8],"13":[10,9],"14":[1,1,1],"15":[1,1],"16":[1,1],"17":[0,1],"18":[1,1],"19":[1,1,4]},"f":{"1":2,"2":2,"3":2,"4":8,"5":24,"6":2,"7":8,"8":2,"9":2,"10":2,"11":2,"12":2,"13":2,"14":2,"15":6,"16":2,"17":2,"18":4,"19":12,"20":2,"21":10,"22":2,"23":42,"24":2,"25":1,"26":1,"27":10,"28":10,"29":1,"30":3,"31":6,"32":18,"33":1,"34":2,"35":6},"fnMap":{"1":{"name":"(anonymous_1)","line":12,"loc":{"start":{"line":12,"column":1},"end":{"line":12,"column":13}}},"2":{"name":"(anonymous_2)","line":19,"loc":{"start":{"line":19,"column":5},"end":{"line":19,"column":17}}},"3":{"name":"(anonymous_3)","line":25,"loc":{"start":{"line":25,"column":24},"end":{"line":25,"column":36}}},"4":{"name":"(anonymous_4)","line":65,"loc":{"start":{"line":65,"column":18},"end":{"line":65,"column":33}}},"5":{"name":"(anonymous_5)","line":71,"loc":{"start":{"line":71,"column":22},"end":{"line":71,"column":38}}},"6":{"name":"(anonymous_6)","line":82,"loc":{"start":{"line":82,"column":5},"end":{"line":82,"column":17}}},"7":{"name":"(anonymous_7)","line":83,"loc":{"start":{"line":83,"column":38},"end":{"line":83,"column":67}}},"8":{"name":"(anonymous_8)","line":93,"loc":{"start":{"line":93,"column":44},"end":{"line":93,"column":72}}},"9":{"name":"(anonymous_9)","line":105,"loc":{"start":{"line":105,"column":42},"end":{"line":105,"column":70}}},"10":{"name":"(anonymous_10)","line":130,"loc":{"start":{"line":130,"column":42},"end":{"line":130,"column":70}}},"11":{"name":"(anonymous_11)","line":139,"loc":{"start":{"line":139,"column":43},"end":{"line":139,"column":71}}},"12":{"name":"(anonymous_12)","line":152,"loc":{"start":{"line":152,"column":37},"end":{"line":152,"column":49}}},"13":{"name":"(anonymous_13)","line":153,"loc":{"start":{"line":153,"column":47},"end":{"line":153,"column":59}}},"14":{"name":"(anonymous_14)","line":165,"loc":{"start":{"line":165,"column":50},"end":{"line":165,"column":78}}},"15":{"name":"(anonymous_15)","line":172,"loc":{"start":{"line":172,"column":43},"end":{"line":172,"column":66}}},"16":{"name":"(anonymous_16)","line":192,"loc":{"start":{"line":192,"column":47},"end":{"line":192,"column":75}}},"17":{"name":"(anonymous_17)","line":207,"loc":{"start":{"line":207,"column":45},"end":{"line":207,"column":73}}},"18":{"name":"(anonymous_18)","line":219,"loc":{"start":{"line":219,"column":48},"end":{"line":219,"column":76}}},"19":{"name":"(anonymous_19)","line":226,"loc":{"start":{"line":226,"column":43},"end":{"line":226,"column":66}}},"20":{"name":"(anonymous_20)","line":246,"loc":{"start":{"line":246,"column":50},"end":{"line":246,"column":78}}},"21":{"name":"(anonymous_21)","line":253,"loc":{"start":{"line":253,"column":43},"end":{"line":253,"column":66}}},"22":{"name":"(anonymous_22)","line":281,"loc":{"start":{"line":281,"column":46},"end":{"line":281,"column":74}}},"23":{"name":"(anonymous_23)","line":320,"loc":{"start":{"line":320,"column":28},"end":{"line":320,"column":47}}},"24":{"name":"(anonymous_24)","line":334,"loc":{"start":{"line":334,"column":45},"end":{"line":334,"column":73}}},"25":{"name":"(anonymous_25)","line":357,"loc":{"start":{"line":357,"column":35},"end":{"line":357,"column":63}}},"26":{"name":"(anonymous_26)","line":382,"loc":{"start":{"line":382,"column":27},"end":{"line":382,"column":43}}},"27":{"name":"(anonymous_27)","line":401,"loc":{"start":{"line":401,"column":28},"end":{"line":401,"column":47}}},"28":{"name":"(anonymous_28)","line":403,"loc":{"start":{"line":403,"column":45},"end":{"line":403,"column":67}}},"29":{"name":"(anonymous_29)","line":432,"loc":{"start":{"line":432,"column":35},"end":{"line":432,"column":63}}},"30":{"name":"(anonymous_30)","line":437,"loc":{"start":{"line":437,"column":43},"end":{"line":437,"column":60}}},"31":{"name":"(anonymous_31)","line":466,"loc":{"start":{"line":466,"column":60},"end":{"line":466,"column":75}}},"32":{"name":"(anonymous_32)","line":473,"loc":{"start":{"line":473,"column":33},"end":{"line":473,"column":49}}},"33":{"name":"(anonymous_33)","line":501,"loc":{"start":{"line":501,"column":41},"end":{"line":501,"column":69}}},"34":{"name":"(anonymous_34)","line":517,"loc":{"start":{"line":517,"column":5},"end":{"line":517,"column":17}}},"35":{"name":"(anonymous_35)","line":569,"loc":{"start":{"line":569,"column":14},"end":{"line":569,"column":29}},"skip":true}},"statementMap":{"1":{"start":{"line":12,"column":0},"end":{"line":604,"column":5}},"2":{"start":{"line":14,"column":4},"end":{"line":14,"column":14}},"3":{"start":{"line":19,"column":4},"end":{"line":77,"column":9}},"4":{"start":{"line":21,"column":8},"end":{"line":21,"column":35}},"5":{"start":{"line":23,"column":8},"end":{"line":23,"column":19}},"6":{"start":{"line":25,"column":8},"end":{"line":37,"column":13}},"7":{"start":{"line":26,"column":12},"end":{"line":36,"column":13}},"8":{"start":{"line":27,"column":16},"end":{"line":30,"column":30}},"9":{"start":{"line":32,"column":16},"end":{"line":35,"column":27}},"10":{"start":{"line":38,"column":8},"end":{"line":57,"column":9}},"11":{"start":{"line":41,"column":12},"end":{"line":41,"column":33}},"12":{"start":{"line":42,"column":12},"end":{"line":42,"column":45}},"13":{"start":{"line":43,"column":12},"end":{"line":43,"column":18}},"14":{"start":{"line":46,"column":12},"end":{"line":49,"column":15}},"15":{"start":{"line":50,"column":12},"end":{"line":50,"column":72}},"16":{"start":{"line":52,"column":12},"end":{"line":55,"column":13},"skip":true},"17":{"start":{"line":53,"column":16},"end":{"line":53,"column":31},"skip":true},"18":{"start":{"line":54,"column":16},"end":{"line":54,"column":23},"skip":true},"19":{"start":{"line":56,"column":12},"end":{"line":56,"column":18}},"20":{"start":{"line":59,"column":8},"end":{"line":59,"column":69}},"21":{"start":{"line":60,"column":8},"end":{"line":76,"column":11}},"22":{"start":{"line":66,"column":12},"end":{"line":66,"column":50}},"23":{"start":{"line":67,"column":12},"end":{"line":75,"column":15}},"24":{"start":{"line":72,"column":16},"end":{"line":74,"column":17}},"25":{"start":{"line":73,"column":20},"end":{"line":73,"column":68}},"26":{"start":{"line":82,"column":4},"end":{"line":350,"column":9}},"27":{"start":{"line":83,"column":8},"end":{"line":91,"column":10}},"28":{"start":{"line":87,"column":12},"end":{"line":87,"column":73}},"29":{"start":{"line":88,"column":12},"end":{"line":88,"column":62}},"30":{"start":{"line":90,"column":12},"end":{"line":90,"column":64}},"31":{"start":{"line":93,"column":8},"end":{"line":103,"column":10}},"32":{"start":{"line":97,"column":12},"end":{"line":97,"column":25}},"33":{"start":{"line":98,"column":12},"end":{"line":98,"column":32}},"34":{"start":{"line":99,"column":12},"end":{"line":99,"column":38}},"35":{"start":{"line":100,"column":12},"end":{"line":100,"column":32}},"36":{"start":{"line":101,"column":12},"end":{"line":101,"column":38}},"37":{"start":{"line":102,"column":12},"end":{"line":102,"column":22}},"38":{"start":{"line":105,"column":8},"end":{"line":128,"column":10}},"39":{"start":{"line":109,"column":12},"end":{"line":109,"column":27}},"40":{"start":{"line":110,"column":12},"end":{"line":110,"column":60}},"41":{"start":{"line":111,"column":12},"end":{"line":111,"column":36}},"42":{"start":{"line":112,"column":12},"end":{"line":112,"column":25}},"43":{"start":{"line":113,"column":12},"end":{"line":113,"column":55}},"44":{"start":{"line":114,"column":12},"end":{"line":114,"column":64}},"45":{"start":{"line":115,"column":12},"end":{"line":115,"column":36}},"46":{"start":{"line":116,"column":12},"end":{"line":119,"column":27}},"47":{"start":{"line":120,"column":12},"end":{"line":120,"column":49}},"48":{"start":{"line":122,"column":12},"end":{"line":126,"column":36}},"49":{"start":{"line":127,"column":12},"end":{"line":127,"column":25}},"50":{"start":{"line":130,"column":8},"end":{"line":137,"column":10}},"51":{"start":{"line":135,"column":12},"end":{"line":135,"column":40}},"52":{"start":{"line":136,"column":12},"end":{"line":136,"column":82}},"53":{"start":{"line":139,"column":8},"end":{"line":163,"column":10}},"54":{"start":{"line":143,"column":12},"end":{"line":143,"column":27}},"55":{"start":{"line":145,"column":12},"end":{"line":145,"column":40}},"56":{"start":{"line":146,"column":12},"end":{"line":146,"column":60}},"57":{"start":{"line":147,"column":12},"end":{"line":147,"column":36}},"58":{"start":{"line":148,"column":12},"end":{"line":148,"column":36}},"59":{"start":{"line":150,"column":12},"end":{"line":150,"column":39}},"60":{"start":{"line":152,"column":12},"end":{"line":158,"column":15}},"61":{"start":{"line":153,"column":16},"end":{"line":156,"column":39}},"62":{"start":{"line":155,"column":20},"end":{"line":155,"column":91}},"63":{"start":{"line":157,"column":16},"end":{"line":157,"column":29}},"64":{"start":{"line":159,"column":12},"end":{"line":159,"column":36}},"65":{"start":{"line":161,"column":12},"end":{"line":161,"column":51}},"66":{"start":{"line":162,"column":12},"end":{"line":162,"column":25}},"67":{"start":{"line":165,"column":8},"end":{"line":190,"column":10}},"68":{"start":{"line":169,"column":12},"end":{"line":171,"column":15}},"69":{"start":{"line":172,"column":12},"end":{"line":187,"column":15}},"70":{"start":{"line":173,"column":16},"end":{"line":186,"column":17}},"71":{"start":{"line":175,"column":20},"end":{"line":177,"column":39}},"72":{"start":{"line":178,"column":20},"end":{"line":178,"column":26}},"73":{"start":{"line":181,"column":20},"end":{"line":181,"column":60}},"74":{"start":{"line":182,"column":20},"end":{"line":182,"column":37}},"75":{"start":{"line":183,"column":20},"end":{"line":183,"column":26}},"76":{"start":{"line":185,"column":20},"end":{"line":185,"column":35}},"77":{"start":{"line":188,"column":12},"end":{"line":188,"column":33}},"78":{"start":{"line":189,"column":12},"end":{"line":189,"column":29}},"79":{"start":{"line":192,"column":8},"end":{"line":205,"column":10}},"80":{"start":{"line":196,"column":12},"end":{"line":196,"column":25}},"81":{"start":{"line":197,"column":12},"end":{"line":197,"column":60}},"82":{"start":{"line":198,"column":12},"end":{"line":198,"column":64}},"83":{"start":{"line":200,"column":12},"end":{"line":200,"column":64}},"84":{"start":{"line":202,"column":12},"end":{"line":202,"column":33}},"85":{"start":{"line":203,"column":12},"end":{"line":203,"column":64}},"86":{"start":{"line":204,"column":12},"end":{"line":204,"column":22}},"87":{"start":{"line":207,"column":8},"end":{"line":217,"column":10}},"88":{"start":{"line":211,"column":12},"end":{"line":211,"column":25}},"89":{"start":{"line":212,"column":12},"end":{"line":212,"column":58}},"90":{"start":{"line":213,"column":12},"end":{"line":213,"column":64}},"91":{"start":{"line":214,"column":12},"end":{"line":214,"column":61}},"92":{"start":{"line":216,"column":12},"end":{"line":216,"column":83}},"93":{"start":{"line":219,"column":8},"end":{"line":244,"column":10}},"94":{"start":{"line":223,"column":12},"end":{"line":225,"column":15}},"95":{"start":{"line":226,"column":12},"end":{"line":241,"column":15}},"96":{"start":{"line":227,"column":16},"end":{"line":240,"column":17}},"97":{"start":{"line":229,"column":20},"end":{"line":231,"column":39}},"98":{"start":{"line":232,"column":20},"end":{"line":232,"column":26}},"99":{"start":{"line":235,"column":20},"end":{"line":235,"column":80}},"100":{"start":{"line":236,"column":20},"end":{"line":236,"column":37}},"101":{"start":{"line":237,"column":20},"end":{"line":237,"column":26}},"102":{"start":{"line":239,"column":20},"end":{"line":239,"column":35}},"103":{"start":{"line":242,"column":12},"end":{"line":242,"column":33}},"104":{"start":{"line":243,"column":12},"end":{"line":243,"column":29}},"105":{"start":{"line":246,"column":8},"end":{"line":279,"column":10}},"106":{"start":{"line":250,"column":12},"end":{"line":252,"column":15}},"107":{"start":{"line":253,"column":12},"end":{"line":276,"column":15}},"108":{"start":{"line":254,"column":16},"end":{"line":275,"column":17}},"109":{"start":{"line":256,"column":20},"end":{"line":256,"column":83}},"110":{"start":{"line":257,"column":20},"end":{"line":257,"column":26}},"111":{"start":{"line":259,"column":20},"end":{"line":261,"column":39}},"112":{"start":{"line":262,"column":20},"end":{"line":262,"column":26}},"113":{"start":{"line":264,"column":20},"end":{"line":266,"column":39}},"114":{"start":{"line":267,"column":20},"end":{"line":267,"column":26}},"115":{"start":{"line":270,"column":20},"end":{"line":270,"column":63}},"116":{"start":{"line":271,"column":20},"end":{"line":271,"column":37}},"117":{"start":{"line":272,"column":20},"end":{"line":272,"column":26}},"118":{"start":{"line":274,"column":20},"end":{"line":274,"column":41}},"119":{"start":{"line":277,"column":12},"end":{"line":277,"column":33}},"120":{"start":{"line":278,"column":12},"end":{"line":278,"column":29}},"121":{"start":{"line":281,"column":8},"end":{"line":332,"column":10}},"122":{"start":{"line":285,"column":12},"end":{"line":319,"column":14}},"123":{"start":{"line":320,"column":12},"end":{"line":330,"column":15}},"124":{"start":{"line":321,"column":16},"end":{"line":329,"column":18}},"125":{"start":{"line":331,"column":12},"end":{"line":331,"column":22}},"126":{"start":{"line":334,"column":8},"end":{"line":349,"column":10}},"127":{"start":{"line":338,"column":12},"end":{"line":338,"column":25}},"128":{"start":{"line":339,"column":12},"end":{"line":339,"column":93}},"129":{"start":{"line":340,"column":12},"end":{"line":343,"column":14}},"130":{"start":{"line":344,"column":12},"end":{"line":347,"column":14}},"131":{"start":{"line":348,"column":12},"end":{"line":348,"column":22}},"132":{"start":{"line":351,"column":4},"end":{"line":512,"column":5}},"133":{"start":{"line":357,"column":8},"end":{"line":430,"column":10}},"134":{"start":{"line":361,"column":12},"end":{"line":361,"column":27}},"135":{"start":{"line":362,"column":12},"end":{"line":362,"column":60}},"136":{"start":{"line":363,"column":12},"end":{"line":363,"column":36}},"137":{"start":{"line":364,"column":12},"end":{"line":364,"column":25}},"138":{"start":{"line":365,"column":12},"end":{"line":400,"column":15}},"139":{"start":{"line":383,"column":20},"end":{"line":385,"column":22}},"140":{"start":{"line":401,"column":12},"end":{"line":428,"column":15}},"141":{"start":{"line":402,"column":16},"end":{"line":402,"column":40}},"142":{"start":{"line":403,"column":16},"end":{"line":427,"column":19}},"143":{"start":{"line":404,"column":20},"end":{"line":404,"column":44}},"144":{"start":{"line":406,"column":20},"end":{"line":406,"column":38}},"145":{"start":{"line":407,"column":20},"end":{"line":421,"column":21}},"146":{"start":{"line":411,"column":24},"end":{"line":414,"column":26}},"147":{"start":{"line":416,"column":24},"end":{"line":419,"column":26}},"148":{"start":{"line":420,"column":24},"end":{"line":420,"column":30}},"149":{"start":{"line":422,"column":20},"end":{"line":426,"column":22}},"150":{"start":{"line":429,"column":12},"end":{"line":429,"column":25}},"151":{"start":{"line":432,"column":8},"end":{"line":499,"column":10}},"152":{"start":{"line":436,"column":12},"end":{"line":436,"column":25}},"153":{"start":{"line":437,"column":12},"end":{"line":496,"column":15}},"154":{"start":{"line":438,"column":16},"end":{"line":495,"column":17}},"155":{"start":{"line":440,"column":20},"end":{"line":465,"column":22}},"156":{"start":{"line":466,"column":20},"end":{"line":478,"column":23}},"157":{"start":{"line":467,"column":24},"end":{"line":477,"column":40}},"158":{"start":{"line":474,"column":32},"end":{"line":476,"column":55}},"159":{"start":{"line":480,"column":20},"end":{"line":484,"column":22}},"160":{"start":{"line":485,"column":20},"end":{"line":485,"column":26}},"161":{"start":{"line":487,"column":20},"end":{"line":491,"column":39}},"162":{"start":{"line":492,"column":20},"end":{"line":492,"column":26}},"163":{"start":{"line":494,"column":20},"end":{"line":494,"column":35}},"164":{"start":{"line":497,"column":12},"end":{"line":497,"column":33}},"165":{"start":{"line":498,"column":12},"end":{"line":498,"column":29}},"166":{"start":{"line":501,"column":8},"end":{"line":510,"column":10}},"167":{"start":{"line":505,"column":12},"end":{"line":508,"column":14}},"168":{"start":{"line":509,"column":12},"end":{"line":509,"column":57}},"169":{"start":{"line":511,"column":8},"end":{"line":511,"column":14}},"170":{"start":{"line":517,"column":4},"end":{"line":535,"column":9}},"171":{"start":{"line":519,"column":8},"end":{"line":534,"column":12}},"172":{"start":{"line":536,"column":4},"end":{"line":603,"column":5}},"173":{"start":{"line":543,"column":8},"end":{"line":545,"column":10}},"174":{"start":{"line":546,"column":8},"end":{"line":546,"column":14}},"175":{"start":{"line":554,"column":8},"end":{"line":554,"column":44},"skip":true},"176":{"start":{"line":556,"column":8},"end":{"line":556,"column":35},"skip":true},"177":{"start":{"line":558,"column":8},"end":{"line":560,"column":9},"skip":true},"178":{"start":{"line":559,"column":12},"end":{"line":559,"column":18},"skip":true},"179":{"start":{"line":562,"column":8},"end":{"line":599,"column":28},"skip":true},"180":{"start":{"line":570,"column":12},"end":{"line":598,"column":13},"skip":true},"181":{"start":{"line":573,"column":0},"end":{"line":585,"column":2},"skip":true},"182":{"start":{"line":588,"column":16},"end":{"line":595,"column":22},"skip":true},"183":{"start":{"line":597,"column":16},"end":{"line":597,"column":75},"skip":true},"184":{"start":{"line":600,"column":8},"end":{"line":601,"column":91},"skip":true},"185":{"start":{"line":602,"column":8},"end":{"line":602,"column":14},"skip":true}},"branchMap":{"1":{"line":27,"type":"binary-expr","locations":[{"start":{"line":27,"column":23},"end":{"line":27,"column":62}},{"start":{"line":28,"column":20},"end":{"line":28,"column":70}},{"start":{"line":29,"column":20},"end":{"line":29,"column":71}},{"start":{"line":30,"column":20},"end":{"line":30,"column":29}}]},"2":{"line":32,"type":"binary-expr","locations":[{"start":{"line":32,"column":23},"end":{"line":32,"column":37}},{"start":{"line":33,"column":20},"end":{"line":33,"column":61}},{"start":{"line":34,"column":20},"end":{"line":34,"column":70}},{"start":{"line":35,"column":20},"end":{"line":35,"column":26}}]},"3":{"line":38,"type":"switch","locations":[{"start":{"line":40,"column":8},"end":{"line":43,"column":18}},{"start":{"line":45,"column":8},"end":{"line":56,"column":18}}]},"4":{"line":46,"type":"binary-expr","locations":[{"start":{"line":46,"column":21},"end":{"line":46,"column":36}},{"start":{"line":46,"column":40},"end":{"line":46,"column":59}}]},"5":{"line":52,"type":"if","locations":[{"start":{"line":52,"column":12},"end":{"line":52,"column":12},"skip":true},{"start":{"line":52,"column":12},"end":{"line":52,"column":12},"skip":true}]},"6":{"line":72,"type":"if","locations":[{"start":{"line":72,"column":16},"end":{"line":72,"column":16}},{"start":{"line":72,"column":16},"end":{"line":72,"column":16}}]},"7":{"line":173,"type":"switch","locations":[{"start":{"line":174,"column":16},"end":{"line":178,"column":26}},{"start":{"line":179,"column":16},"end":{"line":183,"column":26}},{"start":{"line":184,"column":16},"end":{"line":185,"column":35}}]},"8":{"line":227,"type":"switch","locations":[{"start":{"line":228,"column":16},"end":{"line":232,"column":26}},{"start":{"line":233,"column":16},"end":{"line":237,"column":26}},{"start":{"line":238,"column":16},"end":{"line":239,"column":35}}]},"9":{"line":235,"type":"binary-expr","locations":[{"start":{"line":235,"column":51},"end":{"line":235,"column":55}},{"start":{"line":235,"column":59},"end":{"line":235,"column":66}}]},"10":{"line":254,"type":"switch","locations":[{"start":{"line":255,"column":16},"end":{"line":257,"column":26}},{"start":{"line":258,"column":16},"end":{"line":262,"column":26}},{"start":{"line":263,"column":16},"end":{"line":267,"column":26}},{"start":{"line":268,"column":16},"end":{"line":272,"column":26}},{"start":{"line":273,"column":16},"end":{"line":274,"column":41}}]},"11":{"line":351,"type":"switch","locations":[{"start":{"line":356,"column":4},"end":{"line":511,"column":14}}]},"12":{"line":407,"type":"switch","locations":[{"start":{"line":408,"column":20},"end":{"line":408,"column":32}},{"start":{"line":409,"column":20},"end":{"line":409,"column":31}},{"start":{"line":410,"column":20},"end":{"line":420,"column":30}}]},"13":{"line":424,"type":"binary-expr","locations":[{"start":{"line":424,"column":25},"end":{"line":424,"column":42}},{"start":{"line":424,"column":46},"end":{"line":424,"column":65}}]},"14":{"line":438,"type":"switch","locations":[{"start":{"line":439,"column":16},"end":{"line":485,"column":26}},{"start":{"line":486,"column":16},"end":{"line":492,"column":26}},{"start":{"line":493,"column":16},"end":{"line":494,"column":35}}]},"15":{"line":536,"type":"switch","locations":[{"start":{"line":541,"column":4},"end":{"line":546,"column":14}},{"start":{"line":552,"column":4},"end":{"line":602,"column":14},"skip":true}]},"16":{"line":544,"type":"binary-expr","locations":[{"start":{"line":544,"column":12},"end":{"line":544,"column":35}},{"start":{"line":544,"column":39},"end":{"line":544,"column":88}}]},"17":{"line":558,"type":"if","locations":[{"start":{"line":558,"column":8},"end":{"line":558,"column":8},"skip":true},{"start":{"line":558,"column":8},"end":{"line":558,"column":8},"skip":true}]},"18":{"line":558,"type":"binary-expr","locations":[{"start":{"line":558,"column":12},"end":{"line":558,"column":35},"skip":true},{"start":{"line":558,"column":39},"end":{"line":558,"column":54},"skip":true}]},"19":{"line":570,"type":"switch","locations":[{"start":{"line":572,"column":0},"end":{"line":585,"column":2},"skip":true},{"start":{"line":587,"column":12},"end":{"line":595,"column":22},"skip":true},{"start":{"line":596,"column":12},"end":{"line":597,"column":75},"skip":true}]}},"code":["/* istanbul instrument in package nedb-lite */","/*jslint","    bitwise: true,","    browser: true,","    maxerr: 8,","    maxlen: 96,","    node: true,","    nomen: true,","    regexp: true,","    stupid: true","*/","(function () {","    'use strict';","    var local;","","","","    // run shared js-env code - pre-init","    (function () {","        // init Error.stackTraceLimit","        Error.stackTraceLimit = 16;","        // init local","        local = {};","        // init modeJs","        local.modeJs = (function () {","            try {","                return typeof navigator.userAgent === 'string' &&","                    typeof document.querySelector('body') === 'object' &&","                    typeof XMLHttpRequest.prototype.open === 'function' &&","                    'browser';","            } catch (errorCaughtBrowser) {","                return module.exports &&","                    typeof process.versions.node === 'string' &&","                    typeof require('http').createServer === 'function' &&","                    'node';","            }","        }());","        switch (local.modeJs) {","        // re-init local from window.local","        case 'browser':","            local = window.local;","            local.utility2 = window.utility2;","            break;","        // re-init local from example.js","        case 'node':","            local = (module.utility2 || require('utility2')).requireExampleJsFromReadme({","                __dirname: __dirname,","                module: module","            });","            local.nedb = local[local.utility2.envDict.npm_package_name];","            /* istanbul ignore next */","            if (module.isRollup) {","                local = module;","                return;","            }","            break;","        }","        // require modules","        local.utility2.nedb = local.utility2.local.nedb = local.nedb;","        [","            'assert',","            'jsonStringifyOrdered',","            'onErrorDefault',","            'onNext'","        ].forEach(function (key) {","            local.utility2[key] = local.nedb[key];","            [","                'testCase_' + key + '_default',","                'testCase_' + key + '_error',","                'testCase_' + key + 'Xxx_default'","            ].forEach(function (key2) {","                if (local.utility2.testCaseDict[key2]) {","                    local[key2] = local.utility2.testCaseDict[key2];","                }","            });","        });","    }());","","","","    // run shared js-env code - function","    (function () {","        local.crudOptionsSetDefault = function (options, defaults) {","        /*","         * this function will set default-values for options","         */","            options = local.utility2.objectSetDefault(options, defaults);","            options.dbTable = local.nedb.dbTableDict.TestCrud;","            // shallow-copy options","            return local.utility2.objectSetDefault({}, options);","        };","","        local.testCase_consoleLog_default = function (options, onError) {","        /*","         * this function will test consoleLog's default handling-behavior","         */","            options = {};","            options.data = null;","            console.log(options.data);","            options.data = '\\n';","            console.log(options.data);","            onError();","        };","","        local.testCase_dbExport_default = function (options, onError) {","        /*","         * this function will test dbExport's default handling-behavior","         */","            var onParallel;","            onParallel = local.utility2.onParallel(onError);","            onParallel.counter += 1;","            options = {};","            options.name = 'testCase_dbExport_default';","            options.dbTable = local.nedb.dbTableCreate(options);","            onParallel.counter += 1;","            local.nedb.dbIndexCreate(options, {","                fieldName: 'id',","                unique: true","            }, onParallel);","            options.data = local.nedb.dbExport();","            // validate data","            local.utility2.assert(options.data.indexOf('\"testCase_dbExport_default\"\\n' +","                '{\"$$indexCreated\":{\"fieldName\":\"createdAt\",\"unique\":false,\"sparse\":false}}\\n' +","                '{\"$$indexCreated\":{\"fieldName\":\"updatedAt\",\"unique\":false,\"sparse\":false}}\\n' +","                '{\"$$indexCreated\":{\"fieldName\":\"id\",\"unique\":true,\"sparse\":false}}')","                >= 0, options.data);","            onParallel();","        };","","        local.testCase_dbImport_default = function (options, onError) {","        /*","         * this function will test dbImport's default handling-behavior","         */","            // jslint-hack","            local.utility2.nop(options);","            local.nedb.dbImport('\"testCase_dbImport_default\"\\n{\"id\":0}', onError);","        };","","        local.testCase_dbStorageXxx_misc = function (options, onError) {","        /*","         * this function will test dbStorageXxx's misc handling-behavior","         */","            var onParallel;","            // jslint-hack","            local.utility2.nop(options);","            onParallel = local.utility2.onParallel(onError);","            onParallel.counter += 1;","            onParallel.counter += 1;","            // test dbStorageInit's re-init handling-behavior","            local.nedb.dbStorageInit();","            // test dbStorageKey's handling-behavior","            local.nedb.dbStorageKeys(function () {","                local.utility2.tryCatchOnError(function () {","                    // test dbStorageDefer's done handling-behavior","                    local.nedb._debugDbStorageRequest.onerror(local.utility2.errorDefault);","                }, local.utility2.nop);","                onParallel();","            });","            onParallel.counter += 1;","            // test dbStorageLength's handling-behavior","            local.nedb.dbStorageLength(onParallel);","            onParallel();","        };","","        local.testCase_dbTableCountMany_default = function (options, onError) {","        /*","         * this function will test dbTableCountMany's default handling-behavior","         */","            options = local.crudOptionsSetDefault(options, {","                id: 'testCase_dbTableCountMany_default'","            });","            local.utility2.onNext(options, function (error, data) {","                switch (options.modeNext) {","                case 1:","                    local.nedb.dbTableCountMany(options.dbTable, {","                        query: { id: options.id }","                    }, options.onNext);","                    break;","                case 2:","                    // validate data","                    local.utility2.assertJsonEqual(data, 1);","                    options.onNext();","                    break;","                default:","                    onError(error);","                }","            });","            options.modeNext = 0;","            options.onNext();","        };","","        local.testCase_dbTableCreate_default = function (options, onError) {","        /*","         * this function will test dbTableCreate's default handling-behavior","         */","            options = {};","            options.name = 'testCase_dbTableCreate_default';","            options.dbTable = local.nedb.dbTableCreate(options);","            // test re-create handling-behavior","            options.dbTable = local.nedb.dbTableCreate(options);","            // test reset handling-behavior","            options.reset = true;","            options.dbTable = local.nedb.dbTableCreate(options);","            onError();","        };","","        local.testCase_dbTableDrop_default = function (options, onError) {","        /*","         * this function will test dbTableDrop's default handling-behavior","         */","            options = {};","            options.name = 'testCase_dbTableDrop_default';","            options.dbTable = local.nedb.dbTableCreate(options);","            local.nedb.dbTableDrop(options.dbTable, onError);","            // test undefined-dbTable handling-behavior","            local.nedb.dbTableDrop(options.dbTable, local.utility2.onErrorDefault);","        };","","        local.testCase_dbTableFindOne_default = function (options, onError) {","        /*","         * this function will test dbTableFindOne's default handling-behavior","         */","            options = local.crudOptionsSetDefault(options, {","                id: 'testCase_dbTableFindOne_default'","            });","            local.utility2.onNext(options, function (error, data) {","                switch (options.modeNext) {","                case 1:","                    local.nedb.dbTableFindOne(options.dbTable, {","                        query: { id: options.id }","                    }, options.onNext);","                    break;","                case 2:","                    // validate data","                    local.utility2.assertJsonEqual(data && data.id, options.id);","                    options.onNext();","                    break;","                default:","                    onError(error);","                }","            });","            options.modeNext = 0;","            options.onNext();","        };","","        local.testCase_dbTableRemoveOne_default = function (options, onError) {","        /*","         * this function will test dbTableRemoveOne's default handling-behavior","         */","            options = local.crudOptionsSetDefault(options, {","                id: 'testCase_dbTableRemoveOne_default'","            });","            local.utility2.onNext(options, function (error, data) {","                switch (options.modeNext) {","                case 1:","                    local.testCase_dbTableFindOne_default(options, options.onNext);","                    break;","                case 2:","                    local.nedb.dbTableRemoveOne(options.dbTable, {","                        query: { id: options.id }","                    }, options.onNext);","                    break;","                case 3:","                    local.nedb.dbTableFindOne(options.dbTable, {","                        query: { id: options.id }","                    }, options.onNext);","                    break;","                case 4:","                    // validate data was removed","                    local.utility2.assertJsonEqual(data, null);","                    options.onNext();","                    break;","                default:","                    onError(error, data);","                }","            });","            options.modeNext = 0;","            options.onNext();","        };","","        local.testCase_queryCompare_default = function (options, onError) {","        /*","         * this function will test queryCompare's default handling-behavior","         */","            options = [","                // $elemMatch","                ['$elemMatch', undefined, undefined, false],","                ['$elemMatch', [undefined], undefined, false],","                // $eq","                ['$eq', undefined, undefined, true],","                ['$eq', null, undefined, true],","                ['$eq', NaN, NaN, true],","                // $exists","                ['$exists', false, undefined, true],","                ['$exists', true, undefined, false],","                // $gt","                ['$gt', undefined, undefined, false],","                ['$gt', undefined, undefined, false],","                // $gte","                ['$gte', undefined, undefined, true],","                // $in","                ['$in', undefined, undefined, false],","                ['$in', undefined, [undefined], true],","                // $lt","                ['$lt', undefined, undefined, false],","                // $lte","                ['$lte', undefined, undefined, true],","                // $ne","                ['$ne', undefined, undefined, false],","                // $nin","                ['$nin', undefined, undefined, false],","                ['$nin', undefined, [undefined], false],","                // $regex","                ['$regex', undefined, undefined, false],","                // $size","                ['$size', undefined, undefined, false],","                ['$size', [undefined], undefined, false],","                [undefined, undefined, undefined, false]","            ];","            options.forEach(function (element) {","                local.utility2.assertJsonEqual(","                    [","                        element[0],","                        element[1],","                        element[2],","                        local.nedb.queryCompare(element[0], element[1], element[2])","                    ],","                    element","                );","            });","            onError();","        };","","        local.testCase_sortCompare_default = function (options, onError) {","        /*","         * this function will test sortCompare's default handling-behavior","         */","            options = {};","            options.data = [undefined, null, false, 0, '', true, 1, 'a', local.utility2.nop];","            local.utility2.assertJsonEqual(","                options.data.sort(local.nedb.sortCompare),","                [null, false, true, 0, 1, '', 'a', null, null]","            );","            local.utility2.assertJsonEqual(","                options.data.reverse().sort(local.nedb.sortCompare),","                [null, false, true, 0, 1, '', 'a', null, null]","            );","            onError();","        };","    }());","    switch (local.modeJs) {","","","","    // run node js-env code - function","    case 'node':","        local.testCase_build_app = function (options, onError) {","        /*","         * this function will test build's app handling-behavior","         */","            var onParallel;","            onParallel = local.utility2.onParallel(onError);","            onParallel.counter += 1;","            options = {};","            options = [{","                file: '/assets.app.js',","                url: '/assets.app.js'","            }, {","                file: '/assets.app.min.js',","                url: '/assets.app.min.js'","            }, {","                file: '/assets.example.js',","                url: '/assets.example.js'","            }, {","                file: '/assets.' + local.utility2.envDict.npm_package_name + '.css',","                url: '/assets.' + local.utility2.envDict.npm_package_name + '.css'","            }, {","                file: '/assets.' + local.utility2.envDict.npm_package_name + '.js',","                url: '/assets.' + local.utility2.envDict.npm_package_name + '.js'","            }, {","                file: '/assets.' + local.utility2.envDict.npm_package_name + '.min.js',","                transform: function (data) {","                    return local.utility2.uglifyIfProduction(","                        local.utility2.bufferToString(data)","                    );","                },","                url: '/assets.' + local.utility2.envDict.npm_package_name + '.js'","            }, {","                file: '/assets.test.js',","                url: '/assets.test.js'","            }, {","                file: '/assets.utility2.rollup.js',","                url: '/assets.utility2.rollup.js'","            }, {","                file: '/index.html',","                url: '/index.html'","            }, {","                file: '/jsonp.utility2.stateInit',","                url: '/jsonp.utility2.stateInit?callback=window.utility2.stateInit'","            }];","            options.forEach(function (options) {","                onParallel.counter += 1;","                local.utility2.ajax(options, function (error, xhr) {","                    onParallel.counter += 1;","                    // validate no error occurred","                    onParallel(error);","                    switch (local.path.extname(options.file)) {","                    case '.css':","                    case '.js':","                    case '.json':","                        local.utility2.jslintAndPrintConditional(","                            xhr.responseText,","                            options.file","                        );","                        // validate no error occurred","                        local.utility2.assert(","                            !local.utility2.jslint.errorText,","                            local.utility2.jslint.errorText","                        );","                        break;","                    }","                    local.utility2.fsWriteFileWithMkdirp(","                        local.utility2.envDict.npm_config_dir_build + '/app' + options.file,","                        (options.transform || local.utility2.echo)(xhr.response),","                        onParallel","                    );","                });","            });","            onParallel();","        };","","        local.testCase_build_doc = function (options, onError) {","        /*","         * this function will test build's doc handling-behavior","         */","            options = {};","            local.utility2.onNext(options, function (error) {","                switch (options.modeNext) {","                case 1:","                    options.moduleDict = {","                        'nedb-lite': {","                            exampleList: [],","                            exports: local.nedb","                        },","                        'nedb-lite.Index': {","                            exampleList: [],","                            exports: local.nedb.Index","                        },","                        'nedb-lite.Index.prototype': {","                            exampleList: [],","                            exports: local.nedb.Index.prototype","                        },","                        'nedb-lite.Persistence': {","                            exampleList: [],","                            exports: local.nedb.Persistence","                        },","                        'nedb-lite.Persistence.prototype': {","                            exampleList: [],","                            exports: local.nedb.Persistence.prototype","                        },","                        'nedb-lite._Table.prototype': {","                            exampleList: [],","                            exports: local.nedb._Table.prototype","                        }","                    };","                    Object.keys(options.moduleDict).forEach(function (key) {","                        options.moduleDict[key].example = [","                            'README.md',","                            'test.js',","                            'index.js'","                        ]","                            .concat(options.moduleDict[key].exampleList)","                            .map(function (file) {","                                return '\\n\\n\\n\\n\\n\\n\\n\\n' +","                                    local.fs.readFileSync(file, 'utf8') +","                                    '\\n\\n\\n\\n\\n\\n\\n\\n';","                            }).join('');","                    });","                    // create doc.api.html","                    local.utility2.fsWriteFileWithMkdirp(","                        local.utility2.envDict.npm_config_dir_build + '/doc.api.html',","                        local.utility2.docApiCreate(options),","                        options.onNext","                    );","                    break;","                case 2:","                    local.utility2.browserTest({","                        modeBrowserTest: 'screenCapture',","                        url: 'file://' + local.utility2.envDict.npm_config_dir_build +","                            '/doc.api.html'","                    }, options.onNext);","                    break;","                default:","                    onError(error);","                }","            });","            options.modeNext = 0;","            options.onNext();","        };","","        local.testCase_webpage_default = function (options, onError) {","        /*","         * this function will test the webpage's default handling-behavior","         */","            options = {","                modeCoverageMerge: true,","                url: local.utility2.serverLocalHost + '?modeTest=1'","            };","            local.utility2.browserTest(options, onError);","        };","        break;","    }","","","","    // run shared js-env code - post-init","    (function () {","        // init dbSeedList","        local.utility2.dbSeedList = local.utility2.dbSeedList.concat([{","            dbIndexCreateList: [{","                expireAfterSeconds: 30,","                fieldName: 'field1',","                sparse: true,","                unique: true","            }],","            dbRowList: [{","                id: 'testCase_dbTableCountMany_default'","            }, {","                id: 'testCase_dbTableFindOne_default'","            }, {","                id: 'testCase_dbTableRemoveOne_default'","            }],","            name: 'TestCrud'","        }]);","    }());","    switch (local.modeJs) {","","","","    // run browser js-env code - post-init","    case 'browser':","        // run tests","        local.utility2.nop(","            local.utility2.modeTest && document.querySelector('#testRunButton1').click()","        );","        break;","","","","    /* istanbul ignore next */","    // run node js-env code - post-init","    case 'node':","        // run test-server","        local.utility2.testRunServer(local);","        // init repl debugger","        local.utility2.replStart();","        /* istanbul ignore next */","        if (module !== require.main || module.isRollup) {","            break;","        }","        // init assets","        local.utility2.assetsDict['/assets.app.js'] = [","            'header',","            '/assets.utility2.rollup.js',","            'local.utility2.stateInit',","            '/assets.nedb-lite.js',","            '/assets.example.js',","            '/assets.test.js'","        ].map(function (key) {","            switch (key) {","/* jslint-ignore-begin */","case 'header':","return '\\","/*\\n\\","assets.app.js\\n\\","\\n' + local.utility2.envDict.npm_package_description + '\\n\\","\\n\\","instruction\\n\\","    1. save this script as assets.app.js\\n\\","    2. run the shell command:\\n\\","        $ PORT=8081 node assets.app.js\\n\\","    3. open a browser to http://localhost:8081\\n\\","    4. edit or paste script in browser to eval\\n\\","*/\\n\\","';","/* jslint-ignore-end */","            case 'local.utility2.stateInit':","                return '// ' + key + '\\n' +","                    local.utility2.assetsDict['/assets.utility2.rollup.content.js']","                    .replace(","                        '/* utility2.rollup.js content */',","                        key + '(' + JSON.stringify(","                            local.utility2.middlewareJsonpStateInit({ stateInit: true })","                        ) + ');'","                    );","            default:","                return '// ' + key + '\\n' + local.utility2.assetsDict[key];","            }","        }).join('\\n\\n\\n\\n');","        local.utility2.assetsDict['/assets.app.min.js'] =","            local.utility2.uglifyIfProduction(local.utility2.assetsDict['/assets.app.js']);","        break;","    }","}());",""],"l":{"12":2,"14":2,"19":2,"21":2,"23":2,"25":2,"26":2,"27":2,"32":1,"38":2,"41":1,"42":1,"43":1,"46":1,"50":1,"52":1,"53":1,"54":1,"56":1,"59":2,"60":2,"66":8,"67":8,"72":24,"73":4,"82":2,"83":2,"87":8,"88":8,"90":8,"93":2,"97":2,"98":2,"99":2,"100":2,"101":2,"102":2,"105":2,"109":2,"110":2,"111":2,"112":2,"113":2,"114":2,"115":2,"116":2,"120":2,"122":2,"127":2,"130":2,"135":2,"136":2,"139":2,"143":2,"145":2,"146":2,"147":2,"148":2,"150":2,"152":2,"153":2,"155":2,"157":2,"159":2,"161":2,"162":2,"165":2,"169":2,"172":2,"173":6,"175":2,"178":2,"181":2,"182":2,"183":2,"185":2,"188":2,"189":2,"192":2,"196":2,"197":2,"198":2,"200":2,"202":2,"203":2,"204":2,"207":2,"211":2,"212":2,"213":2,"214":2,"216":2,"219":2,"223":4,"226":4,"227":12,"229":4,"232":4,"235":4,"236":4,"237":4,"239":4,"242":4,"243":4,"246":2,"250":2,"253":2,"254":10,"256":2,"257":2,"259":2,"262":2,"264":2,"267":2,"270":2,"271":2,"272":2,"274":2,"277":2,"278":2,"281":2,"285":2,"320":2,"321":42,"331":2,"334":2,"338":2,"339":2,"340":2,"344":2,"348":2,"351":2,"357":1,"361":1,"362":1,"363":1,"364":1,"365":1,"383":1,"401":1,"402":10,"403":10,"404":10,"406":10,"407":10,"411":8,"416":8,"420":8,"422":10,"429":1,"432":1,"436":1,"437":1,"438":3,"440":1,"466":1,"467":6,"474":18,"480":1,"485":1,"487":1,"492":1,"494":1,"497":1,"498":1,"501":1,"505":1,"509":1,"511":1,"517":2,"519":2,"536":2,"543":1,"546":1,"554":1,"556":1,"558":1,"559":1,"562":1,"570":6,"573":1,"588":1,"597":4,"600":1,"602":1}},"/home/travis/build/kaizhu256/node-nedb-lite/index.js":{"path":"/home/travis/build/kaizhu256/node-nedb-lite/index.js","s":{"1":2,"2":2,"3":2,"4":2,"5":2,"6":2,"7":2,"8":1,"9":2,"10":2,"11":2,"12":2,"13":2,"14":1296,"15":1296,"16":1292,"17":4,"18":4,"19":2,"20":2,"21":2,"22":2,"23":4,"24":2,"25":2,"26":2,"27":2,"28":2,"29":4,"30":4,"31":4,"32":4,"33":4,"34":2,"35":4,"36":4,"37":2,"38":2,"39":2,"40":2,"41":2,"42":2,"43":2,"44":2,"45":2,"46":2,"47":2,"48":2,"49":2,"50":2,"51":0,"52":0,"53":2,"54":2,"55":2,"56":2,"57":0,"58":2,"59":2,"60":2,"61":2,"62":2,"63":2,"64":2,"65":6,"66":6,"67":2,"68":2,"69":2,"70":2,"71":2,"72":6,"73":2,"74":2,"75":2,"76":2,"77":2,"78":2,"79":2,"80":2,"81":2,"82":59,"83":59,"84":1,"85":1,"86":1,"87":58,"88":0,"89":0,"90":58,"91":29,"92":30,"93":1,"94":29,"95":29,"96":29,"97":15,"98":15,"99":14,"100":29,"101":1,"102":1,"103":12,"104":12,"105":1,"106":1,"107":1,"108":3,"109":1,"110":1,"111":2,"112":2,"113":1,"114":1,"115":1,"116":2,"117":2,"118":12,"119":12,"120":29,"121":87,"122":29,"123":29,"124":29,"125":1,"126":1,"127":1,"128":12,"129":12,"130":12,"131":12,"132":12,"133":1,"134":1,"135":1,"136":1,"137":1,"138":1,"139":2,"140":2,"141":2,"142":2,"143":12,"144":12,"145":12,"146":12,"147":12,"148":12,"149":12,"150":29,"151":2,"152":2,"153":24,"154":24,"155":2,"156":4,"157":4,"158":4,"159":8,"160":8,"161":4,"162":8,"163":4,"164":2,"165":2,"166":2,"167":1,"168":1,"169":1,"170":1,"171":1,"172":1,"173":1,"174":0,"175":0,"176":1,"177":1,"178":1,"179":1,"180":1,"181":2,"182":4,"183":1,"184":4,"185":4,"186":4,"187":2,"188":2,"189":2,"190":2,"191":2,"192":4,"193":4,"194":2,"195":24,"196":24,"197":24,"198":2,"199":14,"200":14,"201":14,"202":61,"203":14,"204":14,"205":4,"206":4,"207":10,"208":10,"209":10,"210":10,"211":10,"212":10,"213":10,"214":10,"215":10,"216":10,"217":14,"218":4,"219":4,"220":4,"221":10,"222":10,"223":10,"224":0,"225":10,"226":8,"227":8,"228":2,"229":2,"230":2,"231":2,"232":10,"233":10,"234":10,"235":2,"236":2,"237":8,"238":8,"239":0,"240":8,"241":26,"242":8,"243":8,"244":13,"245":13,"246":4,"247":14,"248":14,"249":14,"250":2,"251":2,"252":4,"253":4,"254":4,"255":0,"256":0,"257":4,"258":4,"259":20,"260":12,"261":8,"262":4,"263":2,"264":4,"265":4,"266":4,"267":4,"268":4,"269":6,"270":4,"271":16,"272":4,"273":12,"274":4,"275":2,"276":32,"277":32,"278":32,"279":32,"280":56,"281":40,"282":32,"283":2,"284":6,"285":6,"286":6,"287":6,"288":18,"289":18,"290":6,"291":6,"292":6,"293":6,"294":6,"295":0,"296":6,"297":6,"298":6,"299":6,"300":13,"301":9,"302":4,"303":4,"304":0,"305":4,"306":4,"307":4,"308":4,"309":6,"310":6,"311":0,"312":0,"313":0,"314":0,"315":0,"316":0,"317":0,"318":0,"319":0,"320":0,"321":0,"322":0,"323":0,"324":0,"325":0,"326":0,"327":0,"328":0,"329":0,"330":0,"331":0,"332":0,"333":0,"334":0,"335":0,"336":0,"337":0,"338":0,"339":0,"340":6,"341":6,"342":6,"343":2,"344":6,"345":6,"346":2,"347":2,"348":2,"349":2,"350":2,"351":6,"352":6,"353":2,"354":2,"355":2,"356":2,"357":2,"358":2,"359":5,"360":2,"361":2,"362":2,"363":2,"364":2,"365":2,"366":2,"367":2,"368":2,"369":2,"370":2,"371":2,"372":2,"373":2,"374":2,"375":12,"376":2,"377":104,"378":104,"379":273,"380":60,"381":1,"382":59,"383":59,"384":56,"385":215,"386":215,"387":3,"388":9,"389":9,"390":9,"391":213,"392":104,"393":104,"394":2,"395":76,"396":2,"397":38,"398":38,"399":38,"400":86,"401":86,"402":38,"403":2,"404":8,"405":1,"406":2,"407":103,"408":284,"409":284,"410":284,"411":2,"412":1,"413":1,"414":1,"415":103,"416":2,"417":18,"418":18,"419":18,"420":20,"421":20,"422":0,"423":20,"424":0,"425":0,"426":20,"427":20,"428":18,"429":18,"430":18,"431":2,"432":42,"433":42,"434":4,"435":2,"436":6,"437":4,"438":4,"439":2,"440":4,"441":2,"442":2,"443":2,"444":2,"445":4,"446":2,"447":2,"448":4,"449":2,"450":4,"451":4,"452":2,"453":170,"454":170,"455":18,"456":170,"457":20,"458":170,"459":26,"460":144,"461":16,"462":128,"463":2,"464":126,"465":126,"466":126,"467":58,"468":2,"469":56,"470":28,"471":28,"472":2,"473":26,"474":18,"475":8,"476":0,"477":8,"478":8,"479":68,"480":2,"481":30,"482":2,"483":0,"484":0,"485":0,"486":0,"487":0,"488":0,"489":0,"490":2,"491":2,"492":2,"493":24,"494":0,"495":24,"496":0,"497":24,"498":0,"499":2,"500":36,"501":0,"502":0,"503":36,"504":12,"505":24,"506":24,"507":2,"508":0,"509":0,"510":0,"511":0,"512":0,"513":0,"514":0,"515":0,"516":0,"517":0,"518":0,"519":0,"520":0,"521":0,"522":0,"523":2,"524":64,"525":2,"526":0,"527":2,"528":0,"529":2,"530":0,"531":0,"532":0,"533":0,"534":0,"535":0,"536":0,"537":0,"538":0,"539":0,"540":0,"541":0,"542":0,"543":0,"544":0,"545":0,"546":0,"547":0,"548":0,"549":0,"550":0,"551":0,"552":0,"553":0,"554":0,"555":0,"556":2,"557":0,"558":0,"559":0,"560":0,"561":0,"562":0,"563":0,"564":0,"565":0,"566":0,"567":0,"568":0,"569":0,"570":0,"571":0,"572":0,"573":0,"574":2,"575":0,"576":0,"577":0,"578":0,"579":0,"580":0,"581":0,"582":0,"583":0,"584":2,"585":0,"586":0,"587":0,"588":0,"589":0,"590":0,"591":0,"592":2,"593":0,"594":0,"595":0,"596":0,"597":0,"598":0,"599":0,"600":2,"601":0,"602":0,"603":0,"604":0,"605":2,"606":0,"607":0,"608":0,"609":0,"610":2,"611":18,"612":0,"613":0,"614":0,"615":0,"616":0,"617":0,"618":0,"619":0,"620":2,"621":18,"622":2,"623":0,"624":0,"625":0,"626":0,"627":0,"628":0,"629":0,"630":0,"631":0,"632":0,"633":0,"634":0,"635":0,"636":0,"637":0,"638":0,"639":0,"640":0,"641":0,"642":0,"643":0,"644":0,"645":0,"646":0,"647":0,"648":0,"649":2,"650":62,"651":62,"652":62,"653":0,"654":62,"655":0,"656":62,"657":62,"658":0,"659":0,"660":0,"661":0,"662":0,"663":0,"664":0,"665":0,"666":0,"667":2,"668":30,"669":30,"670":30,"671":0,"672":0,"673":0,"674":0,"675":0,"676":0,"677":0,"678":0,"679":0,"680":0,"681":0,"682":0,"683":0,"684":0,"685":2,"686":0,"687":0,"688":0,"689":0,"690":0,"691":0,"692":0,"693":2,"694":0,"695":0,"696":0,"697":0,"698":0,"699":0,"700":0,"701":2,"702":0,"703":2,"704":0,"705":0,"706":0,"707":0,"708":0,"709":0,"710":0,"711":2,"712":2,"713":30,"714":30,"715":30,"716":0,"717":0,"718":0,"719":0,"720":0,"721":0,"722":0,"723":0,"724":0,"725":0,"726":0,"727":0,"728":30,"729":0,"730":0,"731":0,"732":0,"733":0,"734":0,"735":0,"736":0,"737":0,"738":0,"739":30,"740":0,"741":30,"742":22,"743":8,"744":32,"745":0,"746":32,"747":30,"748":0,"749":0,"750":0,"751":0,"752":30,"753":22,"754":8,"755":2,"756":2,"757":2,"758":2,"759":72,"760":72,"761":72,"762":72,"763":12,"764":72,"765":72,"766":2,"767":0,"768":2,"769":12,"770":12,"771":12,"772":2,"773":2,"774":2,"775":2,"776":2,"777":2,"778":10,"779":10,"780":10,"781":10,"782":2,"783":0,"784":0,"785":0,"786":0,"787":0,"788":0,"789":0,"790":0,"791":0,"792":0,"793":0,"794":0,"795":0,"796":0,"797":0,"798":0,"799":0,"800":0,"801":2,"802":7,"803":2,"804":5,"805":0,"806":5,"807":2,"808":0,"809":2,"810":3,"811":1,"812":2,"813":2,"814":0,"815":0,"816":0,"817":0,"818":0,"819":0,"820":0,"821":0,"822":0,"823":0,"824":0,"825":0,"826":0,"827":0,"828":0,"829":0,"830":0,"831":2,"832":0,"833":0,"834":0,"835":0,"836":0,"837":0,"838":0,"839":0,"840":0,"841":0,"842":0,"843":0,"844":0,"845":0,"846":0,"847":0,"848":0,"849":2,"850":0,"851":0,"852":0,"853":2,"854":0,"855":0,"856":0,"857":0,"858":0,"859":0,"860":0,"861":0,"862":0,"863":0,"864":0,"865":0,"866":2,"867":0,"868":0,"869":0,"870":0,"871":0,"872":0,"873":0,"874":0,"875":0,"876":0,"877":2,"878":0,"879":0,"880":0,"881":0,"882":0,"883":0,"884":0,"885":0,"886":0,"887":0,"888":0,"889":0,"890":0,"891":0,"892":0,"893":0,"894":0,"895":0,"896":0,"897":0,"898":0,"899":0,"900":0,"901":0,"902":0,"903":2,"904":0,"905":0,"906":0,"907":0,"908":0,"909":0,"910":0,"911":0,"912":0,"913":0,"914":0,"915":0,"916":0,"917":0,"918":0,"919":0,"920":0,"921":0,"922":0,"923":0,"924":0,"925":0,"926":0,"927":0,"928":0,"929":0,"930":0,"931":0,"932":0,"933":0,"934":0,"935":0,"936":0,"937":0,"938":0,"939":0,"940":0,"941":0,"942":0,"943":0,"944":0,"945":0,"946":0,"947":0,"948":0,"949":0,"950":2,"951":56,"952":12,"953":56,"954":56,"955":12,"956":2,"957":80,"958":80,"959":2,"960":1,"961":1,"962":0,"963":1,"964":1,"965":1,"966":1,"967":0,"968":1,"969":0,"970":1,"971":1,"972":1,"973":1,"974":0,"975":1,"976":1,"977":1,"978":1,"979":1,"980":1,"981":2,"982":5,"983":5,"984":0,"985":5,"986":5,"987":0,"988":0,"989":0,"990":0,"991":5,"992":5,"993":5,"994":5,"995":5,"996":0,"997":5,"998":5,"999":5,"1000":5,"1001":5,"1002":5,"1003":2,"1004":0,"1005":0,"1006":0,"1007":0,"1008":0,"1009":2,"1010":5,"1011":0,"1012":5,"1013":1,"1014":5,"1015":2,"1016":18,"1017":18,"1018":0,"1019":0,"1020":18,"1021":35,"1022":35,"1023":0,"1024":0,"1025":0,"1026":35,"1027":5,"1028":5,"1029":5,"1030":18,"1031":2,"1032":18,"1033":18,"1034":6,"1035":6,"1036":6,"1037":6,"1038":12,"1039":17,"1040":0,"1041":0,"1042":0,"1043":0,"1044":0,"1045":0,"1046":0,"1047":17,"1048":17,"1049":2,"1050":2,"1051":2,"1052":0,"1053":15,"1054":10,"1055":10,"1056":5,"1057":12,"1058":2,"1059":6,"1060":6,"1061":0,"1062":6,"1063":11,"1064":6,"1065":5,"1066":5,"1067":0,"1068":0,"1069":0,"1070":5,"1071":5,"1072":0,"1073":6,"1074":0,"1075":0,"1076":0,"1077":0,"1078":0,"1079":6,"1080":5,"1081":0,"1082":0,"1083":0,"1084":0,"1085":5,"1086":0,"1087":5,"1088":5,"1089":1,"1090":0,"1091":0,"1092":0,"1093":0,"1094":0,"1095":0,"1096":0,"1097":0,"1098":0,"1099":0,"1100":1,"1101":1,"1102":1,"1103":1,"1104":1,"1105":1,"1106":1,"1107":0,"1108":1,"1109":0,"1110":0,"1111":0,"1112":0,"1113":0,"1114":0,"1115":0,"1116":0,"1117":0,"1118":0,"1119":0,"1120":2,"1121":0,"1122":0,"1123":0,"1124":0,"1125":0,"1126":0,"1127":0,"1128":0,"1129":0,"1130":0,"1131":0,"1132":2,"1133":34,"1134":34,"1135":34,"1136":34,"1137":34,"1138":2,"1139":60,"1140":60,"1141":26,"1142":2,"1143":54,"1144":54,"1145":30,"1146":30,"1147":24,"1148":24,"1149":6,"1150":18,"1151":6,"1152":6,"1153":6,"1154":6,"1155":6,"1156":18,"1157":18,"1158":0,"1159":0,"1160":0,"1161":0,"1162":0,"1163":0,"1164":0,"1165":0,"1166":0,"1167":0,"1168":0,"1169":2,"1170":30,"1171":30,"1172":0,"1173":0,"1174":0,"1175":0,"1176":0,"1177":30,"1178":0,"1179":0,"1180":0,"1181":2,"1182":8,"1183":8,"1184":0,"1185":0,"1186":0,"1187":8,"1188":8,"1189":2,"1190":6,"1191":6,"1192":0,"1193":0,"1194":2,"1195":0,"1196":0,"1197":0,"1198":0,"1199":0,"1200":0,"1201":0,"1202":0,"1203":2,"1204":0,"1205":0,"1206":0,"1207":0,"1208":0,"1209":0,"1210":0,"1211":0,"1212":0,"1213":0,"1214":0,"1215":0,"1216":0,"1217":0,"1218":0,"1219":2,"1220":6,"1221":6,"1222":6,"1223":0,"1224":0,"1225":0,"1226":0,"1227":0,"1228":0,"1229":2,"1230":0,"1231":2,"1232":10,"1233":2,"1234":8,"1235":8,"1236":0,"1237":8,"1238":26,"1239":18,"1240":8,"1241":2,"1242":14,"1243":14,"1244":14,"1245":14,"1246":0,"1247":14,"1248":14,"1249":14,"1250":2,"1251":8,"1252":8,"1253":10,"1254":10,"1255":2,"1256":0,"1257":0,"1258":0,"1259":2,"1260":0,"1261":2,"1262":0,"1263":8,"1264":8,"1265":8,"1266":0,"1267":8,"1268":2,"1269":6,"1270":6,"1271":6,"1272":0,"1273":2,"1274":6,"1275":6,"1276":2,"1277":6,"1278":6,"1279":6,"1280":0,"1281":0,"1282":0,"1283":0,"1284":0,"1285":0,"1286":0,"1287":0,"1288":0,"1289":0,"1290":0,"1291":0,"1292":0,"1293":0,"1294":0,"1295":0,"1296":0,"1297":0,"1298":0,"1299":0,"1300":0,"1301":0,"1302":0,"1303":0,"1304":0,"1305":2,"1306":6,"1307":2,"1308":6,"1309":0,"1310":6,"1311":6,"1312":6,"1313":6,"1314":0,"1315":6,"1316":6,"1317":6,"1318":0,"1319":0,"1320":0,"1321":0,"1322":0,"1323":0,"1324":0,"1325":0,"1326":0,"1327":6,"1328":0,"1329":0,"1330":0,"1331":0,"1332":0,"1333":0,"1334":0,"1335":0,"1336":0,"1337":0,"1338":0,"1339":0,"1340":0,"1341":0,"1342":6,"1343":6,"1344":0,"1345":6,"1346":2,"1347":10,"1348":2,"1349":6,"1350":6,"1351":24,"1352":24,"1353":0,"1354":0,"1355":0,"1356":6,"1357":0,"1358":0,"1359":0,"1360":2,"1361":2,"1362":2,"1363":8,"1364":2,"1365":0,"1366":0,"1367":0,"1368":2,"1369":16,"1370":16,"1371":16,"1372":32,"1373":32,"1374":16,"1375":16,"1376":16,"1377":16,"1378":16,"1379":16,"1380":16,"1381":0,"1382":16,"1383":16,"1384":16,"1385":0,"1386":16,"1387":0,"1388":16,"1389":0,"1390":16,"1391":16,"1392":16,"1393":0,"1394":16,"1395":0,"1396":16,"1397":0,"1398":16,"1399":16,"1400":16,"1401":16,"1402":16,"1403":16,"1404":34,"1405":34,"1406":34,"1407":0,"1408":34,"1409":34,"1410":0,"1411":0,"1412":16,"1413":16,"1414":16,"1415":2,"1416":6,"1417":6,"1418":6,"1419":6,"1420":6,"1421":6,"1422":0,"1423":6,"1424":2,"1425":6,"1426":6,"1427":0,"1428":0,"1429":0,"1430":6,"1431":6,"1432":6,"1433":6,"1434":6,"1435":6,"1436":6,"1437":6,"1438":2,"1439":6,"1440":0,"1441":6,"1442":2,"1443":0,"1444":0,"1445":0,"1446":0,"1447":0,"1448":0,"1449":0,"1450":0,"1451":0,"1452":0,"1453":0,"1454":2,"1455":6,"1456":6,"1457":6,"1458":6,"1459":6,"1460":6,"1461":6,"1462":6,"1463":0,"1464":6,"1465":6,"1466":6,"1467":0,"1468":6,"1469":0,"1470":6,"1471":6,"1472":6,"1473":6,"1474":0,"1475":0,"1476":0,"1477":6,"1478":6,"1479":0,"1480":6,"1481":6,"1482":0,"1483":0,"1484":0,"1485":0,"1486":0,"1487":0,"1488":0,"1489":0,"1490":0,"1491":0,"1492":0,"1493":0,"1494":0,"1495":0,"1496":0,"1497":0,"1498":0,"1499":0,"1500":0,"1501":0,"1502":0,"1503":0,"1504":0,"1505":0,"1506":0,"1507":0,"1508":6,"1509":6,"1510":2,"1511":1,"1512":1,"1513":1,"1514":1,"1515":1,"1516":1,"1517":1,"1518":1,"1519":1,"1520":1,"1521":2,"1522":2},"b":{"1":[2,1,1,1],"2":[1,1,1,1],"3":[1,1],"4":[1292,4],"5":[1,3],"6":[4,3],"7":[1,2],"8":[2,2],"9":[2,0],"10":[6,4],"11":[2,2,2],"12":[2,4],"13":[1,58],"14":[0,58],"15":[29,29],"16":[1,29],"17":[29,29,28],"18":[28,27],"19":[1,3,15,14],"20":[1,12,1,1,2,12],"21":[1,2],"22":[87,86],"23":[1,12,1,1,2,12],"24":[12,5],"25":[1,1],"26":[1,1],"27":[4,4],"28":[4,4],"29":[2,2],"30":[1,1],"31":[0,0],"32":[14,14,10,10,13],"33":[14,10],"34":[4,10],"35":[10,10,10],"36":[10,10],"37":[10,10],"38":[4,10],"39":[10,8],"40":[0,10],"41":[8,2],"42":[2,8],"43":[8,6],"44":[4,9],"45":[0,4],"46":[4,8,12,8],"47":[4,12],"48":[18,12],"49":[6,6,0,6],"50":[6,0],"51":[9,4],"52":[0,4],"53":[4,0],"54":[0,0],"55":[0,0],"56":[0,0],"57":[6,2],"58":[6,3],"59":[2,2,2],"60":[2,3],"61":[2,0],"62":[0,12],"63":[60,213],"64":[273,137,60],"65":[1,59],"66":[56,3],"67":[130,85],"68":[6,3],"69":[49,55],"70":[104,70],"71":[38,0],"72":[38,0],"73":[86,0],"74":[86,68],"75":[1,7],"76":[8,5],"77":[1,283],"78":[1,1],"79":[18,18],"80":[0,20],"81":[20,20],"82":[0,20],"83":[18,2],"84":[4,6,4,4,2,4,2,2,2,4,2,4,2],"85":[2,2],"86":[4,2],"87":[4,2],"88":[4,2],"89":[18,152],"90":[20,150],"91":[26,144],"92":[16,128],"93":[2,126],"94":[58,68],"95":[2,56],"96":[28,28],"97":[2,26],"98":[18,8],"99":[0,8],"100":[8,0],"101":[28,40],"102":[38,2],"103":[0,0],"104":[0,24],"105":[0,24],"106":[24,0,0,0,0],"107":[0,0],"108":[0,0],"109":[0,24],"110":[0,36],"111":[12,24],"112":[36,12],"113":[0,0],"114":[0,0,0,0],"115":[0,0],"116":[0,0],"117":[0,0],"118":[0,0,0],"119":[64,64,64,64,64],"120":[0,0],"121":[0,0],"122":[0,0],"123":[0,0,0,0],"124":[0,0],"125":[0,0,0],"126":[0,0],"127":[0,0,0],"128":[0,0],"129":[0,0],"130":[0,0],"131":[0,0],"132":[0,0],"133":[0,0],"134":[0,0],"135":[0,0],"136":[0,0],"137":[0,0,0],"138":[0,0],"139":[0,0],"140":[0,0],"141":[0,0],"142":[0,0],"143":[0,0],"144":[0,0],"145":[0,0],"146":[0,0],"147":[0,0],"148":[0,0],"149":[0,0],"150":[0,0],"151":[0,0],"152":[0,0],"153":[0,0],"154":[0,0],"155":[0,0],"156":[0,0],"157":[0,0],"158":[0,0],"159":[0,0],"160":[0,0],"161":[0,0],"162":[0,0],"163":[0,0],"164":[0,0],"165":[0,0],"166":[0,0],"167":[62,0],"168":[0,62],"169":[0,62],"170":[62,0],"171":[0,0],"172":[0,0],"173":[0,0],"174":[30,0],"175":[30,30,0,0,0,0,0,0],"176":[0,0],"177":[0,0,0,0,0],"178":[0,0],"179":[0,0],"180":[0,0],"181":[0,0],"182":[0,0],"183":[0,0],"184":[0,0],"185":[0,0],"186":[0,0],"187":[0,0],"188":[0,30],"189":[30,0],"190":[0,0],"191":[0,0],"192":[0,0,0],"193":[0,0],"194":[0,0],"195":[0,0],"196":[0,30],"197":[30,30,0,0],"198":[0,0],"199":[0,0],"200":[0,0],"201":[0,30],"202":[22,8],"203":[0,32],"204":[32,32],"205":[0,30],"206":[0,0],"207":[0,0],"208":[22,8],"209":[0,72],"210":[12,60],"211":[12,60],"212":[72,44],"213":[0,0],"214":[12,0],"215":[0,0],"216":[0,0],"217":[0,0],"218":[0,0],"219":[0,0],"220":[0,0],"221":[2,5],"222":[0,5],"223":[2,3],"224":[0,2],"225":[1,2],"226":[0,0],"227":[0,0],"228":[0,0],"229":[0,0],"230":[0,0],"231":[0,0],"232":[0,0],"233":[0,0],"234":[0,0],"235":[0,0],"236":[0,0],"237":[0,0],"238":[0,0],"239":[0,0],"240":[0,0],"241":[0,0],"242":[0,0],"243":[0,0],"244":[0,0],"245":[0,0],"246":[0,0],"247":[0,0],"248":[0,0],"249":[0,0],"250":[0,0],"251":[0,0],"252":[0,0],"253":[0,0],"254":[0,0],"255":[0,0],"256":[0,0],"257":[0,0],"258":[0,0],"259":[0,0],"260":[0,0],"261":[0,0],"262":[0,0],"263":[0,0],"264":[0,0],"265":[0,0],"266":[0,0],"267":[0,0],"268":[0,0],"269":[0,0],"270":[0,0],"271":[0,0],"272":[0,0],"273":[0,0],"274":[0,0],"275":[0,0],"276":[0,0],"277":[0,0],"278":[0,0],"279":[0,0],"280":[12,44],"281":[12,44],"282":[17,63],"283":[41,39],"284":[0,1],"285":[1,0],"286":[0,1],"287":[0,1],"288":[0,1],"289":[0,1],"290":[0,1],"291":[0,5],"292":[0,5],"293":[0,0],"294":[0,5],"295":[0,5],"296":[0,5],"297":[5,0],"298":[0,0],"299":[0,0],"300":[0,5],"301":[1,4],"302":[0,18],"303":[8,27],"304":[16,19],"305":[0,35],"306":[0,0],"307":[5,30],"308":[5,0],"309":[6,12],"310":[0,17],"311":[0,0],"312":[2,15],"313":[2,0],"314":[10,5],"315":[0,6],"316":[6,5],"317":[0,5],"318":[0,0],"319":[5,0],"320":[0,6],"321":[6,0],"322":[0,0],"323":[5,1],"324":[6,5],"325":[0,5],"326":[0,5],"327":[0,1],"328":[1,1],"329":[0,0],"330":[0,0],"331":[0,0],"332":[1,0],"333":[0,1],"334":[0,0],"335":[0,0],"336":[0,0],"337":[0,0],"338":[0,0],"339":[0,0],"340":[0,0],"341":[34,20],"342":[34,32],"343":[26,34],"344":[30,24],"345":[6,18],"346":[24,12],"347":[6,12],"348":[18,6,6],"349":[6,6],"350":[0,6],"351":[6,0],"352":[18,0],"353":[0,0],"354":[0,30],"355":[0,8],"356":[2,6],"357":[8,2],"358":[6,0],"359":[0,0],"360":[0,0],"361":[6,0],"362":[18,8],"363":[0,14],"364":[14,2],"365":[0,2],"366":[0,0],"367":[0,2],"368":[2,0],"369":[0,2],"370":[6,0],"371":[0,6],"372":[6,0],"373":[6,0],"374":[0,0],"375":[0,0],"376":[0,0],"377":[0,0],"378":[0,0],"379":[0,0],"380":[0,6],"381":[0,6],"382":[0,6],"383":[0,0],"384":[0,0],"385":[0,0],"386":[0,0],"387":[0,0],"388":[0,6],"389":[0,0],"390":[0,0],"391":[0,0],"392":[0,6],"393":[16,16],"394":[16,0],"395":[16,0,0,0],"396":[0,16],"397":[0,16],"398":[16,16],"399":[0,16],"400":[0,16],"401":[16,16,16,16,16],"402":[0,16],"403":[0,34],"404":[34,0],"405":[34,0],"406":[0,6],"407":[0,6],"408":[0,6],"409":[6,0],"410":[6,0],"411":[0,6],"412":[0,0],"413":[0,6],"414":[6,0],"415":[6,0],"416":[0,6],"417":[0,6],"418":[0,6],"419":[0,6],"420":[0,0],"421":[0,0],"422":[0,0,0],"423":[0,0],"424":[1,1]},"f":{"1":2,"2":2,"3":2,"4":2,"5":1296,"6":2,"7":4,"8":2,"9":2,"10":4,"11":2,"12":2,"13":2,"14":0,"15":2,"16":6,"17":6,"18":2,"19":59,"20":1,"21":30,"22":3,"23":87,"24":1,"25":12,"26":1,"27":1,"28":2,"29":12,"30":24,"31":4,"32":8,"33":1,"34":0,"35":2,"36":2,"37":4,"38":24,"39":14,"40":61,"41":0,"42":26,"43":4,"44":20,"45":4,"46":6,"47":16,"48":32,"49":56,"50":40,"51":6,"52":18,"53":0,"54":13,"55":0,"56":0,"57":0,"58":0,"59":0,"60":0,"61":0,"62":6,"63":6,"64":2,"65":6,"66":5,"67":2,"68":12,"69":104,"70":273,"71":215,"72":9,"73":9,"74":76,"75":38,"76":86,"77":8,"78":103,"79":284,"80":18,"81":20,"82":42,"83":2,"84":2,"85":2,"86":170,"87":30,"88":0,"89":0,"90":2,"91":24,"92":36,"93":0,"94":24,"95":0,"96":0,"97":0,"98":64,"99":0,"100":0,"101":0,"102":0,"103":0,"104":0,"105":0,"106":0,"107":0,"108":0,"109":0,"110":0,"111":18,"112":0,"113":18,"114":0,"115":0,"116":0,"117":0,"118":0,"119":62,"120":30,"121":0,"122":0,"123":0,"124":0,"125":32,"126":30,"127":0,"128":0,"129":0,"130":0,"131":30,"132":72,"133":0,"134":12,"135":2,"136":10,"137":0,"138":7,"139":0,"140":0,"141":0,"142":0,"143":0,"144":0,"145":0,"146":0,"147":0,"148":0,"149":0,"150":0,"151":0,"152":0,"153":0,"154":0,"155":0,"156":0,"157":0,"158":0,"159":56,"160":80,"161":1,"162":5,"163":0,"164":5,"165":18,"166":18,"167":6,"168":0,"169":0,"170":34,"171":60,"172":54,"173":30,"174":8,"175":0,"176":0,"177":0,"178":0,"179":6,"180":0,"181":0,"182":0,"183":0,"184":10,"185":8,"186":0,"187":26,"188":14,"189":14,"190":14,"191":8,"192":0,"193":6,"194":6,"195":6,"196":0,"197":0,"198":0,"199":0,"200":0,"201":6,"202":6,"203":6,"204":6,"205":0,"206":0,"207":10,"208":6,"209":2,"210":8,"211":0,"212":16,"213":32,"214":16,"215":16,"216":16,"217":0,"218":16,"219":0,"220":16,"221":34,"222":34,"223":6,"224":6,"225":6,"226":0,"227":6,"228":0,"229":6,"230":6,"231":6,"232":6,"233":0,"234":0,"235":0,"236":0,"237":2},"fnMap":{"1":{"name":"(anonymous_1)","line":33,"loc":{"start":{"line":33,"column":1},"end":{"line":33,"column":13}}},"2":{"name":"(anonymous_2)","line":40,"loc":{"start":{"line":40,"column":5},"end":{"line":40,"column":17}}},"3":{"name":"(anonymous_3)","line":44,"loc":{"start":{"line":44,"column":24},"end":{"line":44,"column":36}}},"4":{"name":"(anonymous_4)","line":68,"loc":{"start":{"line":68,"column":5},"end":{"line":68,"column":17}}},"5":{"name":"(anonymous_5)","line":69,"loc":{"start":{"line":69,"column":28},"end":{"line":69,"column":55}}},"6":{"name":"(anonymous_6)","line":88,"loc":{"start":{"line":88,"column":30},"end":{"line":88,"column":42}}},"7":{"name":"(anonymous_7)","line":94,"loc":{"start":{"line":94,"column":52},"end":{"line":94,"column":67}}},"8":{"name":"(anonymous_8)","line":100,"loc":{"start":{"line":100,"column":30},"end":{"line":100,"column":62}}},"9":{"name":"(anonymous_9)","line":104,"loc":{"start":{"line":104,"column":53},"end":{"line":104,"column":72}}},"10":{"name":"(anonymous_10)","line":112,"loc":{"start":{"line":112,"column":35},"end":{"line":112,"column":72}}},"11":{"name":"(anonymous_11)","line":143,"loc":{"start":{"line":143,"column":35},"end":{"line":143,"column":72}}},"12":{"name":"(anonymous_12)","line":155,"loc":{"start":{"line":155,"column":29},"end":{"line":155,"column":48}}},"13":{"name":"(anonymous_13)","line":161,"loc":{"start":{"line":161,"column":39},"end":{"line":161,"column":56}}},"14":{"name":"(anonymous_14)","line":167,"loc":{"start":{"line":167,"column":64},"end":{"line":167,"column":79}}},"15":{"name":"(anonymous_15)","line":184,"loc":{"start":{"line":184,"column":38},"end":{"line":184,"column":75}}},"16":{"name":"(anonymous_16)","line":191,"loc":{"start":{"line":191,"column":39},"end":{"line":191,"column":62}}},"17":{"name":"(anonymous_17)","line":200,"loc":{"start":{"line":200,"column":33},"end":{"line":200,"column":50}}},"18":{"name":"(anonymous_18)","line":215,"loc":{"start":{"line":215,"column":36},"end":{"line":215,"column":55}}},"19":{"name":"(anonymous_19)","line":222,"loc":{"start":{"line":222,"column":36},"end":{"line":222,"column":64}}},"20":{"name":"(anonymous_20)","line":228,"loc":{"start":{"line":228,"column":51},"end":{"line":228,"column":63}}},"21":{"name":"(anonymous_21)","line":239,"loc":{"start":{"line":239,"column":27},"end":{"line":239,"column":39}}},"22":{"name":"(anonymous_22)","line":272,"loc":{"start":{"line":272,"column":40},"end":{"line":272,"column":52}}},"23":{"name":"(anonymous_23)","line":291,"loc":{"start":{"line":291,"column":60},"end":{"line":291,"column":79}}},"24":{"name":"(anonymous_24)","line":302,"loc":{"start":{"line":302,"column":36},"end":{"line":302,"column":48}}},"25":{"name":"(anonymous_25)","line":311,"loc":{"start":{"line":311,"column":24},"end":{"line":311,"column":47}}},"26":{"name":"(anonymous_26)","line":319,"loc":{"start":{"line":319,"column":59},"end":{"line":319,"column":82}}},"27":{"name":"(anonymous_27)","line":324,"loc":{"start":{"line":324,"column":59},"end":{"line":324,"column":82}}},"28":{"name":"(anonymous_28)","line":333,"loc":{"start":{"line":333,"column":24},"end":{"line":333,"column":36}}},"29":{"name":"(anonymous_29)","line":343,"loc":{"start":{"line":343,"column":59},"end":{"line":343,"column":76}}},"30":{"name":"(anonymous_30)","line":361,"loc":{"start":{"line":361,"column":38},"end":{"line":361,"column":62}}},"31":{"name":"(anonymous_31)","line":369,"loc":{"start":{"line":369,"column":35},"end":{"line":369,"column":47}}},"32":{"name":"(anonymous_32)","line":375,"loc":{"start":{"line":375,"column":39},"end":{"line":375,"column":56}}},"33":{"name":"(anonymous_33)","line":393,"loc":{"start":{"line":393,"column":48},"end":{"line":393,"column":60}}},"34":{"name":"(anonymous_34)","line":397,"loc":{"start":{"line":397,"column":54},"end":{"line":397,"column":66}}},"35":{"name":"(anonymous_35)","line":427,"loc":{"start":{"line":427,"column":35},"end":{"line":427,"column":54}}},"36":{"name":"(anonymous_36)","line":434,"loc":{"start":{"line":434,"column":37},"end":{"line":434,"column":56}}},"37":{"name":"(anonymous_37)","line":441,"loc":{"start":{"line":441,"column":41},"end":{"line":441,"column":65}}},"38":{"name":"(anonymous_38)","line":449,"loc":{"start":{"line":449,"column":38},"end":{"line":449,"column":69}}},"39":{"name":"(anonymous_39)","line":458,"loc":{"start":{"line":458,"column":35},"end":{"line":458,"column":63}}},"40":{"name":"(anonymous_40)","line":464,"loc":{"start":{"line":464,"column":39},"end":{"line":464,"column":62}}},"41":{"name":"(anonymous_41)","line":537,"loc":{"start":{"line":537,"column":54},"end":{"line":537,"column":69}}},"42":{"name":"(anonymous_42)","line":542,"loc":{"start":{"line":542,"column":54},"end":{"line":542,"column":69}}},"43":{"name":"(anonymous_43)","line":562,"loc":{"start":{"line":562,"column":33},"end":{"line":562,"column":61}}},"44":{"name":"(anonymous_44)","line":573,"loc":{"start":{"line":573,"column":38},"end":{"line":573,"column":53}}},"45":{"name":"(anonymous_45)","line":586,"loc":{"start":{"line":586,"column":35},"end":{"line":586,"column":54}}},"46":{"name":"(anonymous_46)","line":594,"loc":{"start":{"line":594,"column":52},"end":{"line":594,"column":69}}},"47":{"name":"(anonymous_47)","line":597,"loc":{"start":{"line":597,"column":46},"end":{"line":597,"column":67}}},"48":{"name":"(anonymous_48)","line":610,"loc":{"start":{"line":610,"column":36},"end":{"line":610,"column":55}}},"49":{"name":"(anonymous_49)","line":617,"loc":{"start":{"line":617,"column":53},"end":{"line":617,"column":69}}},"50":{"name":"(anonymous_50)","line":618,"loc":{"start":{"line":618,"column":34},"end":{"line":618,"column":51}}},"51":{"name":"(anonymous_51)","line":625,"loc":{"start":{"line":625,"column":37},"end":{"line":625,"column":74}}},"52":{"name":"(anonymous_52)","line":638,"loc":{"start":{"line":638,"column":39},"end":{"line":638,"column":62}}},"53":{"name":"(anonymous_53)","line":647,"loc":{"start":{"line":647,"column":57},"end":{"line":647,"column":72}}},"54":{"name":"(anonymous_54)","line":657,"loc":{"start":{"line":657,"column":34},"end":{"line":657,"column":51}}},"55":{"name":"(anonymous_55)","line":676,"loc":{"start":{"line":676,"column":43},"end":{"line":676,"column":60}}},"56":{"name":"(anonymous_56)","line":679,"loc":{"start":{"line":679,"column":41},"end":{"line":679,"column":59}}},"57":{"name":"(anonymous_57)","line":680,"loc":{"start":{"line":680,"column":34},"end":{"line":680,"column":53}}},"58":{"name":"(anonymous_58)","line":702,"loc":{"start":{"line":702,"column":44},"end":{"line":702,"column":61}}},"59":{"name":"(anonymous_59)","line":704,"loc":{"start":{"line":704,"column":47},"end":{"line":704,"column":62}}},"60":{"name":"(anonymous_60)","line":711,"loc":{"start":{"line":711,"column":44},"end":{"line":711,"column":61}}},"61":{"name":"(anonymous_61)","line":713,"loc":{"start":{"line":713,"column":55},"end":{"line":713,"column":70}}},"62":{"name":"(anonymous_62)","line":731,"loc":{"start":{"line":731,"column":36},"end":{"line":731,"column":73}}},"63":{"name":"(anonymous_63)","line":738,"loc":{"start":{"line":738,"column":15},"end":{"line":738,"column":38}}},"64":{"name":"(anonymous_64)","line":743,"loc":{"start":{"line":743,"column":39},"end":{"line":743,"column":76}}},"65":{"name":"(anonymous_65)","line":750,"loc":{"start":{"line":750,"column":39},"end":{"line":750,"column":62}}},"66":{"name":"(anonymous_66)","line":760,"loc":{"start":{"line":760,"column":30},"end":{"line":760,"column":47}}},"67":{"name":"(anonymous_67)","line":783,"loc":{"start":{"line":783,"column":38},"end":{"line":783,"column":75}}},"68":{"name":"(anonymous_68)","line":792,"loc":{"start":{"line":792,"column":30},"end":{"line":792,"column":45}}},"69":{"name":"(anonymous_69)","line":801,"loc":{"start":{"line":801,"column":42},"end":{"line":801,"column":78}}},"70":{"name":"(anonymous_70)","line":807,"loc":{"start":{"line":807,"column":24},"end":{"line":807,"column":43}}},"71":{"name":"(anonymous_71)","line":823,"loc":{"start":{"line":823,"column":49},"end":{"line":823,"column":68}}},"72":{"name":"(anonymous_72)","line":833,"loc":{"start":{"line":833,"column":29},"end":{"line":833,"column":44}}},"73":{"name":"(anonymous_73)","line":839,"loc":{"start":{"line":839,"column":32},"end":{"line":839,"column":51}}},"74":{"name":"(anonymous_74)","line":853,"loc":{"start":{"line":853,"column":25},"end":{"line":853,"column":37}}},"75":{"name":"(anonymous_75)","line":860,"loc":{"start":{"line":860,"column":38},"end":{"line":860,"column":63}}},"76":{"name":"(anonymous_76)","line":866,"loc":{"start":{"line":866,"column":42},"end":{"line":866,"column":57}}},"77":{"name":"(anonymous_77)","line":874,"loc":{"start":{"line":874,"column":36},"end":{"line":874,"column":53}}},"78":{"name":"(anonymous_78)","line":885,"loc":{"start":{"line":885,"column":28},"end":{"line":885,"column":56}}},"79":{"name":"(anonymous_79)","line":890,"loc":{"start":{"line":890,"column":29},"end":{"line":890,"column":58}}},"80":{"name":"(anonymous_80)","line":908,"loc":{"start":{"line":908,"column":32},"end":{"line":908,"column":60}}},"81":{"name":"(anonymous_81)","line":916,"loc":{"start":{"line":916,"column":19},"end":{"line":916,"column":36}}},"82":{"name":"(anonymous_82)","line":941,"loc":{"start":{"line":941,"column":34},"end":{"line":941,"column":62}}},"83":{"name":"(anonymous_83)","line":951,"loc":{"start":{"line":951,"column":35},"end":{"line":951,"column":54}}},"84":{"name":"(anonymous_84)","line":963,"loc":{"start":{"line":963,"column":56},"end":{"line":963,"column":70}}},"85":{"name":"(anonymous_85)","line":973,"loc":{"start":{"line":973,"column":57},"end":{"line":973,"column":71}}},"86":{"name":"(anonymous_86)","line":989,"loc":{"start":{"line":989,"column":33},"end":{"line":989,"column":51}}},"87":{"name":"(anonymous_87)","line":1043,"loc":{"start":{"line":1043,"column":30},"end":{"line":1043,"column":45}}},"88":{"name":"(anonymous_88)","line":1046,"loc":{"start":{"line":1046,"column":32},"end":{"line":1046,"column":48}}},"89":{"name":"(anonymous_89)","line":1052,"loc":{"start":{"line":1052,"column":31},"end":{"line":1052,"column":50}}},"90":{"name":"(anonymous_90)","line":1066,"loc":{"start":{"line":1066,"column":5},"end":{"line":1066,"column":17}}},"91":{"name":"checkKey","line":1071,"loc":{"start":{"line":1071,"column":8},"end":{"line":1071,"column":32}}},"92":{"name":"checkObject","line":1092,"loc":{"start":{"line":1092,"column":8},"end":{"line":1092,"column":34}}},"93":{"name":"(anonymous_93)","line":1098,"loc":{"start":{"line":1098,"column":28},"end":{"line":1098,"column":41}}},"94":{"name":"(anonymous_94)","line":1104,"loc":{"start":{"line":1104,"column":41},"end":{"line":1104,"column":54}}},"95":{"name":"(anonymous_95)","line":1110,"loc":{"start":{"line":1110,"column":35},"end":{"line":1110,"column":62}}},"96":{"name":"(anonymous_96)","line":1127,"loc":{"start":{"line":1127,"column":28},"end":{"line":1127,"column":41}}},"97":{"name":"(anonymous_97)","line":1135,"loc":{"start":{"line":1135,"column":41},"end":{"li
[...]
p":true},"48":{"start":{"line":202,"column":20},"end":{"line":202,"column":42},"skip":true},"49":{"start":{"line":203,"column":20},"end":{"line":203,"column":50},"skip":true},"50":{"start":{"line":205,"column":20},"end":{"line":205,"column":84},"skip":true},"51":{"start":{"line":206,"column":20},"end":{"line":206,"column":94},"skip":true},"52":{"start":{"line":208,"column":16},"end":{"line":208,"column":22},"skip":true},"53":{"start":{"line":210,"column":16},"end":{"line":210,"column":70},"skip":true},"54":{"start":{"line":211,"column":16},"end":{"line":216,"column":17},"skip":true},"55":{"start":{"line":213,"column":20},"end":{"line":213,"column":74},"skip":true},"56":{"start":{"line":215,"column":20},"end":{"line":215,"column":89},"skip":true},"57":{"start":{"line":220,"column":8},"end":{"line":226,"column":11}},"58":{"start":{"line":221,"column":12},"end":{"line":225,"column":15}},"59":{"start":{"line":224,"column":16},"end":{"line":224,"column":63}},"60":{"start":{"line":227,"column":8},"end":{"line":227,"column":14}},"61":{"start":{"line":235,"column":8},"end":{"line":235,"column":31},"skip":true},"62":{"start":{"line":237,"column":8},"end":{"line":237,"column":33},"skip":true},"63":{"start":{"line":238,"column":8},"end":{"line":238,"column":37},"skip":true},"64":{"start":{"line":239,"column":8},"end":{"line":239,"column":37},"skip":true},"65":{"start":{"line":240,"column":8},"end":{"line":240,"column":35},"skip":true},"66":{"start":{"line":243,"column":8},"end":{"line":352,"column":2},"skip":true},"67":{"start":{"line":354,"column":8},"end":{"line":366,"column":15},"skip":true},"68":{"start":{"line":357,"column":16},"end":{"line":357,"column":31},"skip":true},"69":{"start":{"line":358,"column":16},"end":{"line":365,"column":17},"skip":true},"70":{"start":{"line":360,"column":20},"end":{"line":360,"column":44},"skip":true},"71":{"start":{"line":362,"column":20},"end":{"line":362,"column":37},"skip":true},"72":{"start":{"line":364,"column":20},"end":{"line":364,"column":35},"skip":true},"73":{"start":{"line":367,"column":8},"end":{"line":369,"column":9},"skip":true},"74":{"start":{"line":368,"column":12},"end":{"line":368,"column":18},"skip":true},"75":{"start":{"line":370,"column":8},"end":{"line":373,"column":9},"skip":true},"76":{"start":{"line":371,"column":12},"end":{"line":371,"column":84},"skip":true},"77":{"start":{"line":374,"column":8},"end":{"line":377,"column":10},"skip":true},"78":{"start":{"line":379,"column":8},"end":{"line":381,"column":9},"skip":true},"79":{"start":{"line":380,"column":12},"end":{"line":380,"column":18},"skip":true},"80":{"start":{"line":383,"column":8},"end":{"line":383,"column":67},"skip":true},"81":{"start":{"line":384,"column":8},"end":{"line":395,"column":36},"skip":true},"82":{"start":{"line":385,"column":12},"end":{"line":394,"column":13},"skip":true},"83":{"start":{"line":390,"column":16},"end":{"line":390,"column":75},"skip":true},"84":{"start":{"line":391,"column":16},"end":{"line":391,"column":22},"skip":true},"85":{"start":{"line":393,"column":16},"end":{"line":393,"column":31},"skip":true},"86":{"start":{"line":398,"column":8},"end":{"line":400,"column":9},"skip":true},"87":{"start":{"line":399,"column":12},"end":{"line":399,"column":82},"skip":true},"88":{"start":{"line":401,"column":8},"end":{"line":401,"column":14},"skip":true}},"branchMap":{"1":{"line":122,"type":"binary-expr","locations":[{"start":{"line":122,"column":23},"end":{"line":122,"column":62}},{"start":{"line":123,"column":20},"end":{"line":123,"column":70}},{"start":{"line":124,"column":20},"end":{"line":124,"column":71}},{"start":{"line":125,"column":20},"end":{"line":125,"column":29}}]},"2":{"line":127,"type":"binary-expr","locations":[{"start":{"line":127,"column":23},"end":{"line":127,"column":37}},{"start":{"line":128,"column":20},"end":{"line":128,"column":61}},{"start":{"line":129,"column":20},"end":{"line":129,"column":70}},{"start":{"line":130,"column":20},"end":{"line":130,"column":26}}]},"3":{"line":135,"type":"cond-expr","locations":[{"start":{"line":136,"column":14},"end":{"line":136,"column":36},"skip":true},{"start":{"line":137,"column":14},"end":{"line":139,"column":40},"skip":true}]},"4":{"line":137,"type":"cond-expr","locations":[{"start":{"line":138,"column":14},"end":{"line":138,"column":20},"skip":true},{"start":{"line":139,"column":14},"end":{"line":139,"column":40},"skip":true}]},"5":{"line":143,"type":"switch","locations":[{"start":{"line":148,"column":4},"end":{"line":227,"column":14}},{"start":{"line":233,"column":4},"end":{"line":401,"column":14},"skip":true}]},"6":{"line":155,"type":"cond-expr","locations":[{"start":{"line":156,"column":30},"end":{"line":156,"column":33}},{"start":{"line":157,"column":30},"end":{"line":157,"column":75}}]},"7":{"line":164,"type":"switch","locations":[{"start":{"line":165,"column":12},"end":{"line":172,"column":22},"skip":true},{"start":{"line":173,"column":12},"end":{"line":175,"column":22},"skip":true},{"start":{"line":176,"column":12},"end":{"line":190,"column":22},"skip":true},{"start":{"line":191,"column":12},"end":{"line":197,"column":22},"skip":true},{"start":{"line":198,"column":12},"end":{"line":208,"column":22},"skip":true},{"start":{"line":209,"column":12},"end":{"line":216,"column":17},"skip":true}]},"8":{"line":164,"type":"binary-expr","locations":[{"start":{"line":164,"column":20},"end":{"line":164,"column":25},"skip":true},{"start":{"line":164,"column":29},"end":{"line":164,"column":51},"skip":true}]},"9":{"line":181,"type":"if","locations":[{"start":{"line":181,"column":16},"end":{"line":181,"column":16},"skip":true},{"start":{"line":181,"column":16},"end":{"line":181,"column":16},"skip":true}]},"10":{"line":199,"type":"if","locations":[{"start":{"line":199,"column":16},"end":{"line":199,"column":16},"skip":true},{"start":{"line":199,"column":16},"end":{"line":199,"column":16},"skip":true}]},"11":{"line":358,"type":"switch","locations":[{"start":{"line":359,"column":16},"end":{"line":360,"column":44},"skip":true},{"start":{"line":361,"column":16},"end":{"line":362,"column":37},"skip":true},{"start":{"line":363,"column":16},"end":{"line":364,"column":35},"skip":true}]},"12":{"line":367,"type":"if","locations":[{"start":{"line":367,"column":8},"end":{"line":367,"column":8},"skip":true},{"start":{"line":367,"column":8},"end":{"line":367,"column":8},"skip":true}]},"13":{"line":379,"type":"if","locations":[{"start":{"line":379,"column":8},"end":{"line":379,"column":8},"skip":true},{"start":{"line":379,"column":8},"end":{"line":379,"column":8},"skip":true}]},"14":{"line":385,"type":"switch","locations":[{"start":{"line":386,"column":12},"end":{"line":386,"column":21},"skip":true},{"start":{"line":387,"column":12},"end":{"line":387,"column":38},"skip":true},{"start":{"line":388,"column":12},"end":{"line":388,"column":40},"skip":true},{"start":{"line":389,"column":12},"end":{"line":391,"column":22},"skip":true},{"start":{"line":392,"column":12},"end":{"line":393,"column":31},"skip":true}]},"15":{"line":398,"type":"if","locations":[{"start":{"line":398,"column":8},"end":{"line":398,"column":8},"skip":true},{"start":{"line":398,"column":8},"end":{"line":398,"column":8},"skip":true}]}},"code":["","","","","","","","","","","","","","","","","","","","","","","","","","","","","","","","","","","","","","","","","","","","","","","","","","","","","","","","","","","","","","","","","","","","","","","","","","","","","","","","","","","","","/*","example.js","","this script will will demo the browser-version of nedb","","instruction","    1. save this script as example.js","    2. run the shell command:","        $ npm install \"kaizhu256/node-nedb-lite#alpha\" && export PORT=8081 && node example.js","    3. open a browser to http://localhost:8081","    4. edit or paste script in browser to eval","*/","","/* istanbul instrument in package nedb-lite */","/*jslint","    bitwise: true,","    browser: true,","    maxerr: 8,","    maxlen: 96,","    node: true,","    nomen: true,","    regexp: true,","    stupid: true","*/","(function () {","    'use strict';","    var local;","","","","    // run shared js-env code - pre-init","    (function () {","        // init local","        local = {};","        // init modeJs","        local.modeJs = (function () {","            try {","                return typeof navigator.userAgent === 'string' &&","                    typeof document.querySelector('body') === 'object' &&","                    typeof XMLHttpRequest.prototype.open === 'function' &&","                    'browser';","            } catch (errorCaughtBrowser) {","                return module.exports &&","                    typeof process.versions.node === 'string' &&","                    typeof require('http').createServer === 'function' &&","                    'node';","            }","        }());","        /* istanbul ignore next */","        // re-init local","        local = local.modeJs === 'browser'","            ? window.nedb_lite.local","            : module.isRollup","            ? module","            : module.moduleExports.local;","        // export local","        local.global.local = local;","    }());","    switch (local.modeJs) {","","","","    // run browser js-env code - post-init","    case 'browser':","        ['error', 'log'].forEach(function (key) {","            console['_' + key] = console[key];","            console[key] = function () {","                console['_' + key].apply(console, arguments);","                document.querySelector('#outputTextarea1').value +=","                    Array.prototype.slice.call(arguments).map(function (arg) {","                        return typeof arg === 'string'","                            ? arg","                            : local.nedb.jsonStringifyOrdered(arg, null, 4);","                    }).join(' ') + '\\n';","            };","        });","        /* istanbul ignore next */","        local.testRun = function (event) {","            var reader, tmp;","            switch (event && event.currentTarget.id) {","            case 'nedbExportButton1':","                tmp = window.URL.createObjectURL(new window.Blob([local.nedb.dbExport()]));","                document.querySelector('#nedbExportA1').href = tmp;","                document.querySelector('#nedbExportA1').click();","                setTimeout(function () {","                    window.URL.revokeObjectURL(tmp);","                }, 30000);","                break;","            case 'nedbImportButton1':","                document.querySelector('#nedbImportInput1').click();","                break;","            case 'nedbImportInput1':","                document.querySelector('#outputTextarea1').value = '';","                console.log('importing nedb-database ...');","                reader = new window.FileReader();","                tmp = document.querySelector('#nedbImportInput1').files[0];","                if (!tmp) {","                    return;","                }","                reader.addEventListener('load', function () {","                    local.nedb.dbImport(reader.result, function () {","                        console.log('... imported nedb-database');","                    });","                });","                reader.readAsText(tmp);","                break;","            case 'nedbResetButton1':","                document.querySelector('#outputTextarea1').value = '';","                console.log('resetting nedb-database ...');","                local.nedb.dbReset(function () {","                    console.log('... resetted nedb-database');","                });","                break;","            case 'testRunButton1':","                if (document.querySelector('.testReportDiv').style.display === 'none') {","                    document.querySelector('.testReportDiv').style.display = 'block';","                    document.querySelector('#testRunButton1').innerText = 'hide internal test';","                    local.modeTest = true;","                    local.utility2.testRun(local);","                } else {","                    document.querySelector('.testReportDiv').style.display = 'none';","                    document.querySelector('#testRunButton1').innerText = 'run internal test';","                }","                break;","            default:","                document.querySelector('#outputTextarea1').value = '';","                try {","                    /*jslint evil: true*/","                    eval(document.querySelector('#inputTextarea1').value);","                } catch (errorCaught) {","                    document.querySelector('#outputTextarea1').value = errorCaught.stack;","                }","            }","        };","        // init event-handling","        ['change', 'click'].forEach(function (event) {","            Array.prototype.slice.call(","                document.querySelectorAll('.on' + event)","            ).forEach(function (element) {","                element.addEventListener(event, local.testRun);","            });","        });","        break;","","","","    /* istanbul ignore next */","    // run node js-env code - post-init","    case 'node':","        // export local","        module.exports = local;","        // require modules","        local.fs = require('fs');","        local.http = require('http');","        local.path = require('path');","        local.url = require('url');","        // init assets","        /* jslint-ignore-begin */","        local.templateIndexHtml = '\\","<!doctype html>\\n\\","<html lang=\"en\">\\n\\","<head>\\n\\","<meta charset=\"UTF-8\">\\n\\","<meta name=\"viewport\" content=\"width=device-width, initial-scale=1\">\\n\\","<title>\\n\\","{{envDict.npm_package_name}} v{{envDict.npm_package_version}}\\n\\","</title>\\n\\","<style>\\n\\","/*csslint\\n\\","    box-sizing: false,\\n\\","    ids: false,\\n\\","    universal-selector: false\\n\\","*/\\n\\","* {\\n\\","    box-sizing: border-box;\\n\\","}\\n\\","body {\\n\\","    background-color: #fff;\\n\\","    font-family: Arial, Helvetica, sans-serif;\\n\\","}\\n\\","body > * {\\n\\","    margin-bottom: 1rem;\\n\\","}\\n\\","body > button {\\n\\","    width: 15rem;\\n\\","}\\n\\","textarea {\\n\\","    font-family: monospace;\\n\\","    height: 16rem;\\n\\","    width: 100%;\\n\\","}\\n\\","textarea[readonly] {\\n\\","    background-color: #ddd;\\n\\","}\\n\\",".zeroPixel {\\n\\","    border: 0;\\n\\","    height: 0;\\n\\","    margin: 0;\\n\\","    padding: 0;\\n\\","    width: 0;\\n\\","}\\n\\","</style>\\n\\","</head>\\n\\","<body>\\n\\","    <h1>\\n\\","\\n\\","        <a\\n\\","            {{#if envDict.npm_package_homepage}}\\n\\","            href=\"{{envDict.npm_package_homepage}}\"\\n\\","            {{/if envDict.npm_package_homepage}}\\n\\","            target=\"_blank\"\\n\\","        >\\n\\","\\n\\","            {{envDict.npm_package_name}} v{{envDict.npm_package_version}}\\n\\","\\n\\","        </a>\\n\\","\\n\\","    </h1>\\n\\","    <h3>{{envDict.npm_package_description}}</h3>\\n\\","\\n\\","    <h4><a download href=\"assets.app.js\">download standalone app</a></h4>\\n\\","    <button class=\"onclick\" id=\"testRunButton1\">run internal test</button><br>\\n\\","    <div class=\"testReportDiv\" style=\"display: none;\"></div>\\n\\","\\n\\","\\n\\","    <button class=\"onclick\" id=\"nedbResetButton1\">reset nedb-database</button><br>\\n\\","    <button class=\"onclick\" id=\"nedbExportButton1\">save nedb-database to file</button><br>\\n\\","    <a download=\"nedb.persistence.json\" href=\"\" id=\"nedbExportA1\"></a>\\n\\","    <button class=\"onclick\" id=\"nedbImportButton1\">load nedb-database from file</button><br>\\n\\","    <input class=\"onchange zeroPixel\" type=\"file\" id=\"nedbImportInput1\">\\n\\","    <label>edit or paste script below to\\n\\","        <a\\n\\","            href=\"https://kaizhu256.github.io/node-nedb-lite/build/doc.api.html\"\\n\\","            target=\"_blank\"\\n\\","        >eval</a>\\n\\","    </label>\\n\\","<textarea id=\"inputTextarea1\">\\n\\","window.table1 = window.nedb_lite.dbTableCreate({ name: \"table1\" });\\n\\","table1.insert({ field1: \"hello\", field2: \"world\"}, function () {\\n\\","    console.log();\\n\\","    console.log(window.nedb_lite.dbTableExport(table1));\\n\\","});\\n\\","\\n\\","window.table2 = window.nedb_lite.dbTableCreate({ name: \"table2\" });\\n\\","table2.insert({ field1: \"hello\", field2: \"world\"}, function () {\\n\\","    console.log();\\n\\","    console.log(window.nedb_lite.dbTableExport(table2));\\n\\","});\\n\\","</textarea>\\n\\","    <button class=\"onclick\" id=\"nedbEvalButton1\">eval script</button><br>\\n\\","    <label>stderr and stdout</label>\\n\\","    <textarea id=\"outputTextarea1\" readonly></textarea>\\n\\","\\n\\","    {{#if isRollup}}\\n\\","    <script src=\"assets.app.min.js\"></script>\\n\\","    {{#unless isRollup}}\\n\\","\\n\\","    <script src=\"assets.utility2.rollup.js\"></script>\\n\\","    <script src=\"jsonp.utility2.stateInit?callback=window.utility2.stateInit\"></script>\\n\\","    <script src=\"assets.nedb-lite.js\"></script>\\n\\","    <script src=\"assets.example.js\"></script>\\n\\","    <script src=\"assets.test.js\"></script>\\n\\","\\n\\","    {{/if isRollup}}\\n\\","\\n\\","</body>\\n\\","</html>\\n\\","';","        /* jslint-ignore-end */","        local['/'] = local.templateIndexHtml","            .replace((/\\{\\{envDict\\.(\\w+?)\\}\\}/g), function (match0, match1) {","                // jslint-hack","                String(match0);","                switch (match1) {","                case 'npm_package_description':","                    return 'example module';","                case 'npm_package_name':","                    return 'example';","                case 'npm_package_version':","                    return '0.0.1';","                }","            });","        if (module.isRollup) {","            break;","        }","        try {","            local['/assets.example.js'] = local.fs.readFileSync(__filename, 'utf8');","        } catch (ignore) {","        }","        local['/assets.nedb-lite.js'] = local.fs.readFileSync(","            local.nedb.__dirname + '/index.js',","            'utf8'","        );","        // run the cli","        if (module !== require.main) {","            break;","        }","        // start server","        console.log('server starting on port ' + process.env.PORT);","        local.http.createServer(function (request, response) {","            switch (local.url.parse(request.url).pathname) {","            case '/':","            case '/assets.example.js':","            case '/assets.nedb-lite.js':","            case '/assets.test.js':","                response.end(local[local.url.parse(request.url).pathname]);","                break;","            default:","                response.end();","            }","        }).listen(process.env.PORT);","        // if $npm_config_timeout_exit is defined,","        // then exit this process after $npm_config_timeout_exit ms","        if (Number(process.env.npm_config_timeout_exit)) {","            setTimeout(process.exit, Number(process.env.npm_config_timeout_exit));","        }","        break;","    }","}());"],"l":{"109":2,"111":2,"116":2,"118":2,"120":2,"121":2,"122":2,"127":1,"135":2,"141":2,"143":2,"149":1,"150":2,"151":2,"152":14,"153":14,"155":14,"162":1,"163":1,"164":1,"166":1,"167":1,"168":1,"169":1,"170":1,"172":1,"174":1,"175":1,"177":1,"178":1,"179":1,"180":1,"181":1,"182":1,"184":1,"185":1,"186":1,"189":1,"190":1,"192":1,"193":1,"194":1,"195":1,"197":1,"199":1,"200":1,"201":1,"202":1,"203":1,"205":1,"206":1,"208":1,"210":1,"211":1,"213":1,"215":1,"220":1,"221":2,"224":6,"227":1,"235":1,"237":1,"238":1,"239":1,"240":1,"243":1,"354":1,"357":6,"358":6,"360":1,"362":2,"364":2,"367":1,"368":1,"370":1,"371":1,"374":1,"379":1,"380":1,"383":1,"384":1,"385":1,"390":1,"391":1,"393":1,"398":1,"399":1,"401":1}}}